#
# There is insufficient memory for the Java Runtime Environment to continue.
# Native memory allocation (malloc) failed to allocate 488336 bytes for Chunk::new
# Possible reasons:
#   The system is out of physical RAM or swap space
#   The process is running with CompressedOops enabled, and the Java Heap may be blocking the growth of the native heap
# Possible solutions:
#   Reduce memory load on the system
#   Increase physical memory or swap space
#   Check if swap backing store is full
#   Decrease Java heap size (-Xmx/-Xms)
#   Decrease number of Java threads
#   Decrease Java thread stack sizes (-Xss)
#   Set larger code cache with -XX:ReservedCodeCacheSize=
#   JVM is running with Unscaled Compressed Oops mode in which the Java heap is
#     placed in the first 4GB address space. The Java Heap base address is the
#     maximum limit for the native heap growth. Please use -XX:HeapBaseMinAddress
#     to set the Java Heap base and to place the Java Heap above 4GB virtual address.
# This output file may be truncated or incomplete.
#
#  Out of Memory Error (./src/hotspot/share/memory/arena.cpp:197), pid=11360, tid=17172
#
# JRE version: OpenJDK Runtime Environment (11.0.10) (build 11.0.10+0-b96-7249189)
# Java VM: OpenJDK 64-Bit Server VM (11.0.10+0-b96-7249189, mixed mode, tiered, compressed oops, g1 gc, windows-amd64)
# No core dump will be written. Minidumps are not enabled by default on client versions of Windows
#

---------------  S U M M A R Y ------------

Command Line: --add-opens=java.base/java.util=ALL-UNNAMED --add-opens=java.base/java.lang=ALL-UNNAMED --add-opens=java.base/java.lang.invoke=ALL-UNNAMED --add-opens=java.base/java.util=ALL-UNNAMED --add-opens=java.prefs/java.util.prefs=ALL-UNNAMED --add-opens=java.prefs/java.util.prefs=ALL-UNNAMED --add-opens=java.base/java.nio.charset=ALL-UNNAMED --add-opens=java.base/java.net=ALL-UNNAMED --add-opens=java.base/java.util.concurrent.atomic=ALL-UNNAMED -Xmx2048m -Dfile.encoding=UTF-8 -Duser.country=US -Duser.language=en -Duser.variant org.gradle.launcher.daemon.bootstrap.GradleDaemon 7.0.2

Host: AMD Ryzen 3 2300X Quad-Core Processor          , 4 cores, 7G,  Windows 10 , 64 bit Build 19041 (10.0.19041.1348)
Time: Thu Dec 16 15:25:19 2021 Central Europe Standard Time elapsed time: 21.685872 seconds (0d 0h 0m 21s)

---------------  T H R E A D  ---------------

Current thread (0x00000234eb207000):  JavaThread "C2 CompilerThread0" daemon [_thread_in_native, id=17172, stack(0x000000625fe00000,0x000000625ff00000)]


Current CompileTask:
C2:  21685 13312       4       com.sun.tools.javac.code.Types::capture (556 bytes)

Stack: [0x000000625fe00000,0x000000625ff00000]
Native frames: (J=compiled Java code, j=interpreted, Vv=VM code, C=native code)
V  [jvm.dll+0x5ecfaa]
V  [jvm.dll+0x722bd5]
V  [jvm.dll+0x72412d]
V  [jvm.dll+0x7247e3]
V  [jvm.dll+0x242928]
V  [jvm.dll+0xbc4fc]
V  [jvm.dll+0xbca0c]
V  [jvm.dll+0x352d7d]
V  [jvm.dll+0x320ad3]
V  [jvm.dll+0x31ffca]
V  [jvm.dll+0x1fb602]
V  [jvm.dll+0x1fa7f4]
V  [jvm.dll+0x18354c]
V  [jvm.dll+0x208ee7]
V  [jvm.dll+0x207731]
V  [jvm.dll+0x6eb1cf]
V  [jvm.dll+0x6e3d45]
V  [jvm.dll+0x5ebe96]
C  [ucrtbase.dll+0x21bb2]
C  [KERNEL32.DLL+0x17034]
C  [ntdll.dll+0x52651]


---------------  P R O C E S S  ---------------

Threads class SMR info:
_java_thread_list=0x00000234f3c47020, length=54, elements={
0x00000234cf6d4800, 0x00000234eb1e5000, 0x00000234eb1f3000, 0x00000234eb200000,
0x00000234eb202000, 0x00000234eb204000, 0x00000234eb207000, 0x00000234eb20a000,
0x00000234eb210800, 0x00000234ebcd0000, 0x00000234ed16c000, 0x00000234ecbae800,
0x00000234ed015800, 0x00000234edc09800, 0x00000234ec6bf000, 0x00000234edd79800,
0x00000234ece01800, 0x00000234edff8800, 0x00000234edf77000, 0x00000234edf78800,
0x00000234edf7b000, 0x00000234edf77800, 0x00000234edf79000, 0x00000234edf7b800,
0x00000234edf76000, 0x00000234edf7a000, 0x00000234edf7c800, 0x00000234ee85b000,
0x00000234ee85c000, 0x00000234ee85c800, 0x00000234ee85a000, 0x00000234ee857000,
0x00000234ee85e800, 0x00000234ee85f000, 0x00000234ee859800, 0x00000234ee861800,
0x00000234ee862800, 0x00000234ee864000, 0x00000234ee863000, 0x00000234ee860000,
0x00000234ee865000, 0x00000234ee861000, 0x00000234f3660800, 0x00000234f3667000,
0x00000234f3662800, 0x00000234f3661000, 0x00000234f3668800, 0x00000234f3663800,
0x00000234f366a000, 0x00000234f3665000, 0x00000234f3664800, 0x00000234f366b000,
0x00000234f366b800, 0x00000234ecbfe000
}

Java Threads: ( => current thread )
  0x00000234cf6d4800 JavaThread "main" [_thread_blocked, id=17492, stack(0x000000625f200000,0x000000625f300000)]
  0x00000234eb1e5000 JavaThread "Reference Handler" daemon [_thread_blocked, id=15192, stack(0x000000625f900000,0x000000625fa00000)]
  0x00000234eb1f3000 JavaThread "Finalizer" daemon [_thread_blocked, id=6896, stack(0x000000625fa00000,0x000000625fb00000)]
  0x00000234eb200000 JavaThread "Signal Dispatcher" daemon [_thread_blocked, id=16276, stack(0x000000625fb00000,0x000000625fc00000)]
  0x00000234eb202000 JavaThread "Attach Listener" daemon [_thread_blocked, id=6464, stack(0x000000625fc00000,0x000000625fd00000)]
  0x00000234eb204000 JavaThread "Service Thread" daemon [_thread_blocked, id=19836, stack(0x000000625fd00000,0x000000625fe00000)]
=>0x00000234eb207000 JavaThread "C2 CompilerThread0" daemon [_thread_in_native, id=17172, stack(0x000000625fe00000,0x000000625ff00000)]
  0x00000234eb20a000 JavaThread "C1 CompilerThread0" daemon [_thread_blocked, id=11684, stack(0x000000625ff00000,0x0000006260000000)]
  0x00000234eb210800 JavaThread "Sweeper thread" daemon [_thread_blocked, id=20464, stack(0x0000006260000000,0x0000006260100000)]
  0x00000234ebcd0000 JavaThread "Common-Cleaner" daemon [_thread_blocked, id=18536, stack(0x0000006260100000,0x0000006260200000)]
  0x00000234ed16c000 JavaThread "Daemon health stats" [_thread_blocked, id=1764, stack(0x0000006260600000,0x0000006260700000)]
  0x00000234ecbae800 JavaThread "Incoming local TCP Connector on port 52703" [_thread_in_native, id=19036, stack(0x0000006260700000,0x0000006260800000)]
  0x00000234ed015800 JavaThread "Daemon periodic checks" [_thread_blocked, id=10400, stack(0x0000006260800000,0x0000006260900000)]
  0x00000234edc09800 JavaThread "Daemon" [_thread_blocked, id=6832, stack(0x0000006260900000,0x0000006260a00000)]
  0x00000234ec6bf000 JavaThread "Handler for socket connection from /127.0.0.1:52703 to /127.0.0.1:52704" [_thread_in_native, id=892, stack(0x0000006260a00000,0x0000006260b00000)]
  0x00000234edd79800 JavaThread "Cancel handler" [_thread_blocked, id=8, stack(0x0000006260b00000,0x0000006260c00000)]
  0x00000234ece01800 JavaThread "Daemon worker" [_thread_blocked, id=1568, stack(0x0000006260c00000,0x0000006260d00000)]
  0x00000234edff8800 JavaThread "Asynchronous log dispatcher for DefaultDaemonConnection: socket connection from /127.0.0.1:52703 to /127.0.0.1:52704" [_thread_blocked, id=6124, stack(0x0000006260d00000,0x0000006260e00000)]
  0x00000234edf77000 JavaThread "Stdin handler" [_thread_blocked, id=13860, stack(0x0000006260e00000,0x0000006260f00000)]
  0x00000234edf78800 JavaThread "Daemon client event forwarder" [_thread_blocked, id=2560, stack(0x0000006260f00000,0x0000006261000000)]
  0x00000234edf7b000 JavaThread "Cache worker for file hash cache (C:\Users\Bane\.gradle\caches\7.0.2\fileHashes)" [_thread_blocked, id=20092, stack(0x0000006260300000,0x0000006260400000)]
  0x00000234edf77800 JavaThread "File lock request listener" [_thread_in_native, id=956, stack(0x0000006261100000,0x0000006261200000)]
  0x00000234edf79000 JavaThread "Cache worker for journal cache (C:\Users\Bane\.gradle\caches\journal-1)" [_thread_blocked, id=10816, stack(0x0000006261200000,0x0000006261300000)]
  0x00000234edf7b800 JavaThread "Cache worker for file hash cache (C:\Users\Bane\Desktop\Faks\ANDROID_PROJEKAT\.gradle\7.0.2\fileHashes)" [_thread_blocked, id=15876, stack(0x0000006261400000,0x0000006261500000)]
  0x00000234edf76000 JavaThread "File watcher server" daemon [_thread_in_native, id=3084, stack(0x0000006261500000,0x0000006261600000)]
  0x00000234edf7a000 JavaThread "File watcher consumer" daemon [_thread_blocked, id=14872, stack(0x0000006261600000,0x0000006261700000)]
  0x00000234edf7c800 JavaThread "Cache worker for checksums cache (C:\Users\Bane\Desktop\Faks\ANDROID_PROJEKAT\.gradle\checksums)" [_thread_blocked, id=2468, stack(0x0000006261700000,0x0000006261800000)]
  0x00000234ee85b000 JavaThread "Cache worker for cache directory md-supplier (C:\Users\Bane\.gradle\caches\7.0.2\md-supplier)" [_thread_blocked, id=2608, stack(0x0000006261800000,0x0000006261900000)]
  0x00000234ee85c000 JavaThread "Cache worker for cache directory md-rule (C:\Users\Bane\.gradle\caches\7.0.2\md-rule)" [_thread_blocked, id=20320, stack(0x0000006261900000,0x0000006261a00000)]
  0x00000234ee85c800 JavaThread "Cache worker for execution history cache (C:\Users\Bane\.gradle\caches\7.0.2\executionHistory)" [_thread_blocked, id=19432, stack(0x0000006261a00000,0x0000006261b00000)]
  0x00000234ee85a000 JavaThread "jar transforms" [_thread_blocked, id=15284, stack(0x0000006261b00000,0x0000006261c00000)]
  0x00000234ee857000 JavaThread "jar transforms Thread 2" [_thread_blocked, id=16216, stack(0x0000006261c00000,0x0000006261d00000)]
  0x00000234ee85e800 JavaThread "Cache worker for file content cache (C:\Users\Bane\.gradle\caches\7.0.2\fileContent)" [_thread_blocked, id=20132, stack(0x0000006261d00000,0x0000006261e00000)]
  0x00000234ee85f000 JavaThread "Cache worker for dependencies-accessors (C:\Users\Bane\Desktop\Faks\ANDROID_PROJEKAT\.gradle\7.0.2\dependencies-accessors)" [_thread_blocked, id=9192, stack(0x0000006261e00000,0x0000006261f00000)]
  0x00000234ee859800 JavaThread "jar transforms Thread 3" [_thread_blocked, id=19152, stack(0x0000006261f00000,0x0000006262000000)]
  0x00000234ee861800 JavaThread "Cache worker for Build Output Cleanup Cache (C:\Users\Bane\Desktop\Faks\ANDROID_PROJEKAT\.gradle\buildOutputCleanup)" [_thread_blocked, id=6272, stack(0x0000006262000000,0x0000006262100000)]
  0x00000234ee862800 JavaThread "Build operations" [_thread_blocked, id=8232, stack(0x0000006262100000,0x0000006262200000)]
  0x00000234ee864000 JavaThread "Build operations Thread 2" [_thread_blocked, id=15916, stack(0x0000006262200000,0x0000006262300000)]
  0x00000234ee863000 JavaThread "Build operations Thread 3" [_thread_blocked, id=9056, stack(0x0000006262300000,0x0000006262400000)]
  0x00000234ee860000 JavaThread "Build operations Thread 4" [_thread_blocked, id=13396, stack(0x0000006262400000,0x0000006262500000)]
  0x00000234ee865000 JavaThread "jar transforms Thread 4" [_thread_blocked, id=10000, stack(0x0000006261300000,0x0000006261400000)]
  0x00000234ee861000 JavaThread "Memory manager" [_thread_blocked, id=17332, stack(0x0000006262600000,0x0000006262700000)]
  0x00000234f3660800 JavaThread "build event listener" [_thread_blocked, id=9748, stack(0x0000006262700000,0x0000006262800000)]
  0x00000234f3667000 JavaThread "Execution worker for ':'" [_thread_in_Java, id=3668, stack(0x0000006262800000,0x0000006262900000)]
  0x00000234f3662800 JavaThread "Execution worker for ':' Thread 2" [_thread_blocked, id=5772, stack(0x0000006262900000,0x0000006262a00000)]
  0x00000234f3661000 JavaThread "Execution worker for ':' Thread 3" [_thread_blocked, id=10532, stack(0x0000006262a00000,0x0000006262b00000)]
  0x00000234f3668800 JavaThread "Cache worker for execution history cache (C:\Users\Bane\Desktop\Faks\ANDROID_PROJEKAT\.gradle\7.0.2\executionHistory)" [_thread_blocked, id=10384, stack(0x0000006262b00000,0x0000006262c00000)]
  0x00000234f3663800 JavaThread "WorkerExecutor Queue" [_thread_blocked, id=10040, stack(0x0000006262c00000,0x0000006262d00000)]
  0x00000234f366a000 JavaThread "pool-3-thread-1" [_thread_blocked, id=13072, stack(0x0000006262d00000,0x0000006262e00000)]
  0x00000234f3665000 JavaThread "stderr" [_thread_in_native, id=16112, stack(0x0000006262e00000,0x0000006262f00000)]
  0x00000234f3664800 JavaThread "stdout" [_thread_in_native, id=16768, stack(0x0000006262f00000,0x0000006263000000)]
  0x00000234f366b000 JavaThread "Cache worker for Java compile cache (C:\Users\Bane\.gradle\caches\7.0.2\javaCompile)" [_thread_blocked, id=5160, stack(0x0000006263000000,0x0000006263100000)]
  0x00000234f366b800 JavaThread "Cache worker for Java compile cache (C:\Users\Bane\Desktop\Faks\ANDROID_PROJEKAT\.gradle\7.0.2\javaCompile)" [_thread_blocked, id=876, stack(0x0000006263100000,0x0000006263200000)]
  0x00000234ecbfe000 JavaThread "C2 CompilerThread1" daemon [_thread_in_native, id=16492, stack(0x0000006262500000,0x0000006262600000)]

Other Threads:
  0x00000234eb1e2000 VMThread "VM Thread" [stack: 0x000000625f800000,0x000000625f900000] [id=9948]
  0x00000234ebd0a000 WatcherThread [stack: 0x0000006260200000,0x0000006260300000] [id=4492]
  0x00000234cf6ec800 GCTaskThread "GC Thread#0" [stack: 0x000000625f300000,0x000000625f400000] [id=17908]
  0x00000234ec135800 GCTaskThread "GC Thread#1" [stack: 0x0000006260400000,0x0000006260500000] [id=10396]
  0x00000234ebfb9800 GCTaskThread "GC Thread#2" [stack: 0x0000006260500000,0x0000006260600000] [id=1212]
  0x00000234ed18a800 GCTaskThread "GC Thread#3" [stack: 0x0000006261000000,0x0000006261100000] [id=13872]
  0x00000234cf721800 ConcurrentGCThread "G1 Main Marker" [stack: 0x000000625f400000,0x000000625f500000] [id=9132]
  0x00000234cf722800 ConcurrentGCThread "G1 Conc#0" [stack: 0x000000625f500000,0x000000625f600000] [id=19664]
  0x00000234cf7a1800 ConcurrentGCThread "G1 Refine#0" [stack: 0x000000625f600000,0x000000625f700000] [id=10208]
  0x00000234eb040800 ConcurrentGCThread "G1 Young RemSet Sampling" [stack: 0x000000625f700000,0x000000625f800000] [id=12460]

Threads with active compile tasks:
C2 CompilerThread0  21718 13312       4       com.sun.tools.javac.code.Types::capture (556 bytes)
C1 CompilerThread0  21718 13346       3       com.sun.tools.javac.comp.Check::checkClassType (82 bytes)
C2 CompilerThread1  21718 13315       4       com.sun.tools.javac.code.Symbol$MethodSymbol::binaryImplementation (97 bytes)

VM state:not at safepoint (normal execution)

VM Mutex/Monitor currently owned by a thread: None

Heap address: 0x0000000080000000, size: 2048 MB, Compressed Oops mode: 32-bit
Narrow klass base: 0x0000000000000000, Narrow klass shift: 3
Compressed class space size: 1073741824 Address: 0x0000000100000000

Heap:
 garbage-first heap   total 189440K, used 144364K [0x0000000080000000, 0x0000000100000000)
  region size 1024K, 58 young (59392K), 9 survivors (9216K)
 Metaspace       used 96360K, capacity 98727K, committed 98944K, reserved 1134592K
  class space    used 12239K, capacity 13096K, committed 13184K, reserved 1048576K
Heap Regions: E=young(eden), S=young(survivor), O=old, HS=humongous(starts), HC=humongous(continues), CS=collection set, F=free, A=archive, TAMS=top-at-mark-start (previous, next)
|   0|0x0000000080000000, 0x0000000080100000, 0x0000000080100000|100%| O|  |TAMS 0x0000000080100000, 0x0000000080000000| Untracked 
|   1|0x0000000080100000, 0x0000000080200000, 0x0000000080200000|100%| O|  |TAMS 0x0000000080200000, 0x0000000080100000| Untracked 
|   2|0x0000000080200000, 0x0000000080300000, 0x0000000080300000|100%| O|  |TAMS 0x0000000080300000, 0x0000000080200000| Untracked 
|   3|0x0000000080300000, 0x0000000080400000, 0x0000000080400000|100%|HS|  |TAMS 0x0000000080400000, 0x0000000080300000| Complete 
|   4|0x0000000080400000, 0x0000000080500000, 0x0000000080500000|100%|HC|  |TAMS 0x0000000080500000, 0x0000000080400000| Complete 
|   5|0x0000000080500000, 0x0000000080600000, 0x0000000080600000|100%|HC|  |TAMS 0x0000000080600000, 0x0000000080500000| Complete 
|   6|0x0000000080600000, 0x0000000080700000, 0x0000000080700000|100%| O|  |TAMS 0x0000000080700000, 0x0000000080600000| Untracked 
|   7|0x0000000080700000, 0x0000000080800000, 0x0000000080800000|100%| O|  |TAMS 0x0000000080800000, 0x0000000080700000| Untracked 
|   8|0x0000000080800000, 0x0000000080900000, 0x0000000080900000|100%| O|  |TAMS 0x0000000080900000, 0x0000000080800000| Untracked 
|   9|0x0000000080900000, 0x0000000080a00000, 0x0000000080a00000|100%| O|  |TAMS 0x0000000080a00000, 0x0000000080900000| Untracked 
|  10|0x0000000080a00000, 0x0000000080b00000, 0x0000000080b00000|100%| O|  |TAMS 0x0000000080b00000, 0x0000000080a00000| Untracked 
|  11|0x0000000080b00000, 0x0000000080c00000, 0x0000000080c00000|100%| O|  |TAMS 0x0000000080c00000, 0x0000000080b00000| Untracked 
|  12|0x0000000080c00000, 0x0000000080d00000, 0x0000000080d00000|100%| O|  |TAMS 0x0000000080d00000, 0x0000000080c00000| Untracked 
|  13|0x0000000080d00000, 0x0000000080e00000, 0x0000000080e00000|100%| O|  |TAMS 0x0000000080e00000, 0x0000000080d00000| Untracked 
|  14|0x0000000080e00000, 0x0000000080f00000, 0x0000000080f00000|100%| O|  |TAMS 0x0000000080f00000, 0x0000000080e00000| Untracked 
|  15|0x0000000080f00000, 0x0000000081000000, 0x0000000081000000|100%| O|  |TAMS 0x0000000081000000, 0x0000000080f00000| Untracked 
|  16|0x0000000081000000, 0x0000000081100000, 0x0000000081100000|100%|HS|  |TAMS 0x0000000081100000, 0x0000000081000000| Complete 
|  17|0x0000000081100000, 0x0000000081200000, 0x0000000081200000|100%| O|  |TAMS 0x0000000081200000, 0x0000000081100000| Untracked 
|  18|0x0000000081200000, 0x0000000081300000, 0x0000000081300000|100%| O|  |TAMS 0x0000000081300000, 0x0000000081200000| Untracked 
|  19|0x0000000081300000, 0x0000000081400000, 0x0000000081400000|100%| O|  |TAMS 0x0000000081400000, 0x0000000081300000| Untracked 
|  20|0x0000000081400000, 0x0000000081500000, 0x0000000081500000|100%| O|  |TAMS 0x0000000081500000, 0x0000000081400000| Untracked 
|  21|0x0000000081500000, 0x0000000081600000, 0x0000000081600000|100%| O|  |TAMS 0x0000000081600000, 0x0000000081500000| Untracked 
|  22|0x0000000081600000, 0x0000000081700000, 0x0000000081700000|100%| O|  |TAMS 0x0000000081700000, 0x0000000081600000| Untracked 
|  23|0x0000000081700000, 0x0000000081800000, 0x0000000081800000|100%|HS|  |TAMS 0x0000000081800000, 0x0000000081700000| Complete 
|  24|0x0000000081800000, 0x0000000081900000, 0x0000000081900000|100%|HS|  |TAMS 0x0000000081900000, 0x0000000081800000| Complete 
|  25|0x0000000081900000, 0x0000000081a00000, 0x0000000081a00000|100%|HC|  |TAMS 0x0000000081a00000, 0x0000000081900000| Complete 
|  26|0x0000000081a00000, 0x0000000081b00000, 0x0000000081b00000|100%| O|  |TAMS 0x0000000081b00000, 0x0000000081a00000| Untracked 
|  27|0x0000000081b00000, 0x0000000081c00000, 0x0000000081c00000|100%| O|  |TAMS 0x0000000081c00000, 0x0000000081b00000| Untracked 
|  28|0x0000000081c00000, 0x0000000081d00000, 0x0000000081d00000|100%| O|  |TAMS 0x0000000081d00000, 0x0000000081c00000| Untracked 
|  29|0x0000000081d00000, 0x0000000081e00000, 0x0000000081e00000|100%| O|  |TAMS 0x0000000081e00000, 0x0000000081d00000| Untracked 
|  30|0x0000000081e00000, 0x0000000081f00000, 0x0000000081f00000|100%| O|  |TAMS 0x0000000081f00000, 0x0000000081e00000| Untracked 
|  31|0x0000000081f00000, 0x0000000082000000, 0x0000000082000000|100%| O|  |TAMS 0x0000000082000000, 0x0000000081f00000| Untracked 
|  32|0x0000000082000000, 0x0000000082100000, 0x0000000082100000|100%| O|  |TAMS 0x0000000082100000, 0x0000000082000000| Untracked 
|  33|0x0000000082100000, 0x0000000082200000, 0x0000000082200000|100%| O|  |TAMS 0x0000000082200000, 0x0000000082100000| Untracked 
|  34|0x0000000082200000, 0x0000000082300000, 0x0000000082300000|100%| O|  |TAMS 0x0000000082300000, 0x0000000082200000| Untracked 
|  35|0x0000000082300000, 0x0000000082400000, 0x0000000082400000|100%| O|  |TAMS 0x0000000082400000, 0x0000000082300000| Untracked 
|  36|0x0000000082400000, 0x0000000082500000, 0x0000000082500000|100%| O|  |TAMS 0x0000000082500000, 0x0000000082400000| Untracked 
|  37|0x0000000082500000, 0x0000000082600000, 0x0000000082600000|100%| O|  |TAMS 0x0000000082600000, 0x0000000082500000| Untracked 
|  38|0x0000000082600000, 0x0000000082700000, 0x0000000082700000|100%| O|  |TAMS 0x0000000082700000, 0x0000000082600000| Untracked 
|  39|0x0000000082700000, 0x0000000082800000, 0x0000000082800000|100%| O|  |TAMS 0x0000000082800000, 0x0000000082700000| Untracked 
|  40|0x0000000082800000, 0x0000000082900000, 0x0000000082900000|100%| O|  |TAMS 0x0000000082900000, 0x0000000082800000| Untracked 
|  41|0x0000000082900000, 0x0000000082a00000, 0x0000000082a00000|100%| O|  |TAMS 0x0000000082a00000, 0x0000000082900000| Untracked 
|  42|0x0000000082a00000, 0x0000000082b00000, 0x0000000082b00000|100%| O|  |TAMS 0x0000000082b00000, 0x0000000082a00000| Untracked 
|  43|0x0000000082b00000, 0x0000000082c00000, 0x0000000082c00000|100%| O|  |TAMS 0x0000000082c00000, 0x0000000082b00000| Untracked 
|  44|0x0000000082c00000, 0x0000000082d00000, 0x0000000082d00000|100%| O|  |TAMS 0x0000000082c00000, 0x0000000082c00000| Untracked 
|  45|0x0000000082d00000, 0x0000000082e00000, 0x0000000082e00000|100%| O|  |TAMS 0x0000000082d00000, 0x0000000082d00000| Untracked 
|  46|0x0000000082e00000, 0x0000000082f00000, 0x0000000082f00000|100%| O|  |TAMS 0x0000000082e00000, 0x0000000082e00000| Untracked 
|  47|0x0000000082f00000, 0x0000000083000000, 0x0000000083000000|100%| O|  |TAMS 0x0000000082f00000, 0x0000000082f00000| Untracked 
|  48|0x0000000083000000, 0x0000000083100000, 0x0000000083100000|100%| O|  |TAMS 0x0000000083000000, 0x0000000083000000| Untracked 
|  49|0x0000000083100000, 0x0000000083200000, 0x0000000083200000|100%| O|  |TAMS 0x0000000083100000, 0x0000000083100000| Untracked 
|  50|0x0000000083200000, 0x0000000083300000, 0x0000000083300000|100%| O|  |TAMS 0x0000000083200000, 0x0000000083200000| Untracked 
|  51|0x0000000083300000, 0x0000000083400000, 0x0000000083400000|100%| O|  |TAMS 0x0000000083300000, 0x0000000083300000| Untracked 
|  52|0x0000000083400000, 0x0000000083500000, 0x0000000083500000|100%| O|  |TAMS 0x0000000083400000, 0x0000000083400000| Untracked 
|  53|0x0000000083500000, 0x0000000083600000, 0x0000000083600000|100%| O|  |TAMS 0x0000000083500000, 0x0000000083500000| Untracked 
|  54|0x0000000083600000, 0x0000000083700000, 0x0000000083700000|100%| O|  |TAMS 0x0000000083600000, 0x0000000083600000| Untracked 
|  55|0x0000000083700000, 0x0000000083800000, 0x0000000083800000|100%| O|  |TAMS 0x0000000083700000, 0x0000000083700000| Untracked 
|  56|0x0000000083800000, 0x0000000083900000, 0x0000000083900000|100%| O|  |TAMS 0x0000000083800000, 0x0000000083800000| Untracked 
|  57|0x0000000083900000, 0x0000000083a00000, 0x0000000083a00000|100%| O|  |TAMS 0x0000000083900000, 0x0000000083900000| Untracked 
|  58|0x0000000083a00000, 0x0000000083b00000, 0x0000000083b00000|100%| O|  |TAMS 0x0000000083a00000, 0x0000000083a00000| Untracked 
|  59|0x0000000083b00000, 0x0000000083c00000, 0x0000000083c00000|100%| O|  |TAMS 0x0000000083b00000, 0x0000000083b00000| Untracked 
|  60|0x0000000083c00000, 0x0000000083d00000, 0x0000000083d00000|100%| O|  |TAMS 0x0000000083c00000, 0x0000000083c00000| Untracked 
|  61|0x0000000083d00000, 0x0000000083e00000, 0x0000000083e00000|100%| O|  |TAMS 0x0000000083d00000, 0x0000000083d00000| Untracked 
|  62|0x0000000083e00000, 0x0000000083f00000, 0x0000000083f00000|100%| O|  |TAMS 0x0000000083e00000, 0x0000000083e00000| Untracked 
|  63|0x0000000083f00000, 0x0000000084000000, 0x0000000084000000|100%| O|  |TAMS 0x0000000083f00000, 0x0000000083f00000| Untracked 
|  64|0x0000000084000000, 0x0000000084100000, 0x0000000084100000|100%| O|  |TAMS 0x0000000084000000, 0x0000000084000000| Untracked 
|  65|0x0000000084100000, 0x0000000084200000, 0x0000000084200000|100%| O|  |TAMS 0x0000000084100000, 0x0000000084100000| Untracked 
|  66|0x0000000084200000, 0x0000000084300000, 0x0000000084300000|100%| O|  |TAMS 0x0000000084200000, 0x0000000084200000| Untracked 
|  67|0x0000000084300000, 0x0000000084400000, 0x0000000084400000|100%| O|  |TAMS 0x0000000084300000, 0x0000000084300000| Untracked 
|  68|0x0000000084400000, 0x0000000084500000, 0x0000000084500000|100%| O|  |TAMS 0x0000000084400000, 0x0000000084400000| Untracked 
|  69|0x0000000084500000, 0x0000000084600000, 0x0000000084600000|100%| O|  |TAMS 0x0000000084500000, 0x0000000084500000| Untracked 
|  70|0x0000000084600000, 0x0000000084700000, 0x0000000084700000|100%| O|  |TAMS 0x0000000084600000, 0x0000000084600000| Untracked 
|  71|0x0000000084700000, 0x0000000084800000, 0x0000000084800000|100%| O|  |TAMS 0x0000000084700000, 0x0000000084700000| Untracked 
|  72|0x0000000084800000, 0x0000000084900000, 0x0000000084900000|100%| O|  |TAMS 0x0000000084800000, 0x0000000084800000| Untracked 
|  73|0x0000000084900000, 0x0000000084a00000, 0x0000000084a00000|100%| O|  |TAMS 0x0000000084900000, 0x0000000084900000| Untracked 
|  74|0x0000000084a00000, 0x0000000084b00000, 0x0000000084b00000|100%| O|  |TAMS 0x0000000084a00000, 0x0000000084a00000| Untracked 
|  75|0x0000000084b00000, 0x0000000084c00000, 0x0000000084c00000|100%| O|  |TAMS 0x0000000084b00000, 0x0000000084b00000| Untracked 
|  76|0x0000000084c00000, 0x0000000084d00000, 0x0000000084d00000|100%|HS|  |TAMS 0x0000000084c00000, 0x0000000084c00000| Complete 
|  77|0x0000000084d00000, 0x0000000084e00000, 0x0000000084e00000|100%|HC|  |TAMS 0x0000000084d00000, 0x0000000084d00000| Complete 
|  78|0x0000000084e00000, 0x0000000084f00000, 0x0000000084f00000|100%| O|  |TAMS 0x0000000084e00000, 0x0000000084e00000| Untracked 
|  79|0x0000000084f00000, 0x0000000085000000, 0x0000000085000000|100%| O|  |TAMS 0x0000000084f00000, 0x0000000084f00000| Untracked 
|  80|0x0000000085000000, 0x0000000085100000, 0x0000000085100000|100%| O|  |TAMS 0x0000000085000000, 0x0000000085000000| Untracked 
|  81|0x0000000085100000, 0x0000000085200000, 0x0000000085200000|100%| O|  |TAMS 0x0000000085100000, 0x0000000085100000| Untracked 
|  82|0x0000000085200000, 0x0000000085300000, 0x0000000085300000|100%| O|  |TAMS 0x0000000085200000, 0x0000000085200000| Untracked 
|  83|0x0000000085300000, 0x00000000853fb200, 0x0000000085400000| 98%| O|  |TAMS 0x0000000085300000, 0x0000000085300000| Untracked 
|  84|0x0000000085400000, 0x0000000085400000, 0x0000000085500000|  0%| F|  |TAMS 0x0000000085400000, 0x0000000085400000| Untracked 
|  85|0x0000000085500000, 0x0000000085500000, 0x0000000085600000|  0%| F|  |TAMS 0x0000000085500000, 0x0000000085500000| Untracked 
|  86|0x0000000085600000, 0x0000000085600000, 0x0000000085700000|  0%| F|  |TAMS 0x0000000085600000, 0x0000000085600000| Untracked 
|  87|0x0000000085700000, 0x0000000085700000, 0x0000000085800000|  0%| F|  |TAMS 0x0000000085700000, 0x0000000085700000| Untracked 
|  88|0x0000000085800000, 0x0000000085800000, 0x0000000085900000|  0%| F|  |TAMS 0x0000000085800000, 0x0000000085800000| Untracked 
|  89|0x0000000085900000, 0x0000000085900000, 0x0000000085a00000|  0%| F|  |TAMS 0x0000000085900000, 0x0000000085900000| Untracked 
|  90|0x0000000085a00000, 0x0000000085a00000, 0x0000000085b00000|  0%| F|  |TAMS 0x0000000085a00000, 0x0000000085a00000| Untracked 
|  91|0x0000000085b00000, 0x0000000085b00000, 0x0000000085c00000|  0%| F|  |TAMS 0x0000000085b00000, 0x0000000085b00000| Untracked 
|  92|0x0000000085c00000, 0x0000000085c00000, 0x0000000085d00000|  0%| F|  |TAMS 0x0000000085c00000, 0x0000000085c00000| Untracked 
|  93|0x0000000085d00000, 0x0000000085d00000, 0x0000000085e00000|  0%| F|  |TAMS 0x0000000085d00000, 0x0000000085d00000| Untracked 
|  94|0x0000000085e00000, 0x0000000085e00000, 0x0000000085f00000|  0%| F|  |TAMS 0x0000000085e00000, 0x0000000085e00000| Untracked 
|  95|0x0000000085f00000, 0x0000000085f00000, 0x0000000086000000|  0%| F|  |TAMS 0x0000000085f00000, 0x0000000085f00000| Untracked 
|  96|0x0000000086000000, 0x0000000086000000, 0x0000000086100000|  0%| F|  |TAMS 0x0000000086000000, 0x0000000086000000| Untracked 
|  97|0x0000000086100000, 0x0000000086100000, 0x0000000086200000|  0%| F|  |TAMS 0x0000000086100000, 0x0000000086100000| Untracked 
|  98|0x0000000086200000, 0x0000000086200000, 0x0000000086300000|  0%| F|  |TAMS 0x0000000086200000, 0x0000000086200000| Untracked 
|  99|0x0000000086300000, 0x0000000086300000, 0x0000000086400000|  0%| F|  |TAMS 0x0000000086300000, 0x0000000086300000| Untracked 
| 100|0x0000000086400000, 0x0000000086400000, 0x0000000086500000|  0%| F|  |TAMS 0x0000000086400000, 0x0000000086400000| Untracked 
| 101|0x0000000086500000, 0x0000000086500000, 0x0000000086600000|  0%| F|  |TAMS 0x0000000086500000, 0x0000000086500000| Untracked 
| 102|0x0000000086600000, 0x0000000086600000, 0x0000000086700000|  0%| F|  |TAMS 0x0000000086600000, 0x0000000086600000| Untracked 
| 103|0x0000000086700000, 0x0000000086700000, 0x0000000086800000|  0%| F|  |TAMS 0x0000000086700000, 0x0000000086700000| Untracked 
| 104|0x0000000086800000, 0x0000000086800000, 0x0000000086900000|  0%| F|  |TAMS 0x0000000086800000, 0x0000000086800000| Untracked 
| 105|0x0000000086900000, 0x0000000086a00000, 0x0000000086a00000|100%| S|CS|TAMS 0x0000000086900000, 0x0000000086900000| Complete 
| 106|0x0000000086a00000, 0x0000000086b00000, 0x0000000086b00000|100%| S|CS|TAMS 0x0000000086a00000, 0x0000000086a00000| Complete 
| 107|0x0000000086b00000, 0x0000000086c00000, 0x0000000086c00000|100%| S|CS|TAMS 0x0000000086b00000, 0x0000000086b00000| Complete 
| 108|0x0000000086c00000, 0x0000000086d00000, 0x0000000086d00000|100%| S|CS|TAMS 0x0000000086c00000, 0x0000000086c00000| Complete 
| 109|0x0000000086d00000, 0x0000000086e00000, 0x0000000086e00000|100%| S|CS|TAMS 0x0000000086d00000, 0x0000000086d00000| Complete 
| 110|0x0000000086e00000, 0x0000000086f00000, 0x0000000086f00000|100%| S|CS|TAMS 0x0000000086e00000, 0x0000000086e00000| Complete 
| 111|0x0000000086f00000, 0x0000000086f00000, 0x0000000087000000|  0%| F|  |TAMS 0x0000000086f00000, 0x0000000086f00000| Untracked 
| 112|0x0000000087000000, 0x0000000087000000, 0x0000000087100000|  0%| F|  |TAMS 0x0000000087000000, 0x0000000087000000| Untracked 
| 113|0x0000000087100000, 0x0000000087100000, 0x0000000087200000|  0%| F|  |TAMS 0x0000000087100000, 0x0000000087100000| Untracked 
| 114|0x0000000087200000, 0x0000000087300000, 0x0000000087300000|100%| S|CS|TAMS 0x0000000087200000, 0x0000000087200000| Complete 
| 115|0x0000000087300000, 0x0000000087300000, 0x0000000087400000|  0%| F|  |TAMS 0x0000000087300000, 0x0000000087300000| Untracked 
| 116|0x0000000087400000, 0x0000000087400000, 0x0000000087500000|  0%| F|  |TAMS 0x0000000087400000, 0x0000000087400000| Untracked 
| 117|0x0000000087500000, 0x0000000087500000, 0x0000000087600000|  0%| F|  |TAMS 0x0000000087500000, 0x0000000087500000| Untracked 
| 118|0x0000000087600000, 0x0000000087700000, 0x0000000087700000|100%| S|CS|TAMS 0x0000000087600000, 0x0000000087600000| Complete 
| 119|0x0000000087700000, 0x0000000087800000, 0x0000000087800000|100%| S|CS|TAMS 0x0000000087700000, 0x0000000087700000| Complete 
| 120|0x0000000087800000, 0x0000000087800000, 0x0000000087900000|  0%| F|  |TAMS 0x0000000087800000, 0x0000000087800000| Untracked 
| 121|0x0000000087900000, 0x0000000087900000, 0x0000000087a00000|  0%| F|  |TAMS 0x0000000087900000, 0x0000000087900000| Untracked 
| 122|0x0000000087a00000, 0x0000000087a00000, 0x0000000087b00000|  0%| F|  |TAMS 0x0000000087a00000, 0x0000000087a00000| Untracked 
| 123|0x0000000087b00000, 0x0000000087b00000, 0x0000000087c00000|  0%| F|  |TAMS 0x0000000087b00000, 0x0000000087b00000| Untracked 
| 124|0x0000000087c00000, 0x0000000087c00000, 0x0000000087d00000|  0%| F|  |TAMS 0x0000000087c00000, 0x0000000087c00000| Untracked 
| 125|0x0000000087d00000, 0x0000000087d00000, 0x0000000087e00000|  0%| F|  |TAMS 0x0000000087d00000, 0x0000000087d00000| Untracked 
| 126|0x0000000087e00000, 0x0000000087e00000, 0x0000000087f00000|  0%| F|  |TAMS 0x0000000087e00000, 0x0000000087e00000| Untracked 
| 127|0x0000000087f00000, 0x0000000087f00000, 0x0000000088000000|  0%| F|  |TAMS 0x0000000087f00000, 0x0000000087f00000| Untracked 
| 128|0x0000000088000000, 0x0000000088000000, 0x0000000088100000|  0%| F|  |TAMS 0x0000000088000000, 0x0000000088000000| Untracked 
| 129|0x0000000088100000, 0x0000000088100000, 0x0000000088200000|  0%| F|  |TAMS 0x0000000088100000, 0x0000000088100000| Untracked 
| 130|0x0000000088200000, 0x0000000088200000, 0x0000000088300000|  0%| F|  |TAMS 0x0000000088200000, 0x0000000088200000| Untracked 
| 131|0x0000000088300000, 0x0000000088300000, 0x0000000088400000|  0%| F|  |TAMS 0x0000000088300000, 0x0000000088300000| Untracked 
| 132|0x0000000088400000, 0x0000000088400000, 0x0000000088500000|  0%| F|  |TAMS 0x0000000088400000, 0x0000000088400000| Untracked 
| 133|0x0000000088500000, 0x0000000088500000, 0x0000000088600000|  0%| F|  |TAMS 0x0000000088500000, 0x0000000088500000| Untracked 
| 134|0x0000000088600000, 0x0000000088600000, 0x0000000088700000|  0%| F|  |TAMS 0x0000000088600000, 0x0000000088600000| Untracked 
| 135|0x0000000088700000, 0x0000000088800000, 0x0000000088800000|100%| E|  |TAMS 0x0000000088700000, 0x0000000088700000| Complete 
| 136|0x0000000088800000, 0x0000000088900000, 0x0000000088900000|100%| E|CS|TAMS 0x0000000088800000, 0x0000000088800000| Complete 
| 137|0x0000000088900000, 0x0000000088a00000, 0x0000000088a00000|100%| E|CS|TAMS 0x0000000088900000, 0x0000000088900000| Complete 
| 138|0x0000000088a00000, 0x0000000088b00000, 0x0000000088b00000|100%| E|CS|TAMS 0x0000000088a00000, 0x0000000088a00000| Complete 
| 139|0x0000000088b00000, 0x0000000088c00000, 0x0000000088c00000|100%| E|CS|TAMS 0x0000000088b00000, 0x0000000088b00000| Complete 
| 140|0x0000000088c00000, 0x0000000088d00000, 0x0000000088d00000|100%| E|CS|TAMS 0x0000000088c00000, 0x0000000088c00000| Complete 
| 141|0x0000000088d00000, 0x0000000088e00000, 0x0000000088e00000|100%| E|CS|TAMS 0x0000000088d00000, 0x0000000088d00000| Complete 
| 142|0x0000000088e00000, 0x0000000088f00000, 0x0000000088f00000|100%| E|CS|TAMS 0x0000000088e00000, 0x0000000088e00000| Complete 
| 143|0x0000000088f00000, 0x0000000089000000, 0x0000000089000000|100%| E|CS|TAMS 0x0000000088f00000, 0x0000000088f00000| Complete 
| 144|0x0000000089000000, 0x0000000089100000, 0x0000000089100000|100%| E|CS|TAMS 0x0000000089000000, 0x0000000089000000| Complete 
| 145|0x0000000089100000, 0x0000000089200000, 0x0000000089200000|100%| E|CS|TAMS 0x0000000089100000, 0x0000000089100000| Complete 
| 146|0x0000000089200000, 0x0000000089300000, 0x0000000089300000|100%| E|CS|TAMS 0x0000000089200000, 0x0000000089200000| Complete 
| 147|0x0000000089300000, 0x0000000089400000, 0x0000000089400000|100%| E|CS|TAMS 0x0000000089300000, 0x0000000089300000| Complete 
| 148|0x0000000089400000, 0x0000000089500000, 0x0000000089500000|100%| E|CS|TAMS 0x0000000089400000, 0x0000000089400000| Complete 
| 149|0x0000000089500000, 0x0000000089600000, 0x0000000089600000|100%| E|CS|TAMS 0x0000000089500000, 0x0000000089500000| Complete 
| 150|0x0000000089600000, 0x0000000089700000, 0x0000000089700000|100%| E|CS|TAMS 0x0000000089600000, 0x0000000089600000| Complete 
| 151|0x0000000089700000, 0x0000000089800000, 0x0000000089800000|100%| E|CS|TAMS 0x0000000089700000, 0x0000000089700000| Complete 
| 152|0x0000000089800000, 0x0000000089900000, 0x0000000089900000|100%| E|CS|TAMS 0x0000000089800000, 0x0000000089800000| Complete 
| 153|0x0000000089900000, 0x0000000089a00000, 0x0000000089a00000|100%| E|CS|TAMS 0x0000000089900000, 0x0000000089900000| Complete 
| 154|0x0000000089a00000, 0x0000000089b00000, 0x0000000089b00000|100%| E|CS|TAMS 0x0000000089a00000, 0x0000000089a00000| Complete 
| 155|0x0000000089b00000, 0x0000000089c00000, 0x0000000089c00000|100%| E|CS|TAMS 0x0000000089b00000, 0x0000000089b00000| Complete 
| 156|0x0000000089c00000, 0x0000000089d00000, 0x0000000089d00000|100%| E|CS|TAMS 0x0000000089c00000, 0x0000000089c00000| Complete 
| 157|0x0000000089d00000, 0x0000000089e00000, 0x0000000089e00000|100%| E|CS|TAMS 0x0000000089d00000, 0x0000000089d00000| Complete 
| 158|0x0000000089e00000, 0x0000000089f00000, 0x0000000089f00000|100%| E|CS|TAMS 0x0000000089e00000, 0x0000000089e00000| Complete 
| 159|0x0000000089f00000, 0x000000008a000000, 0x000000008a000000|100%| E|CS|TAMS 0x0000000089f00000, 0x0000000089f00000| Complete 
| 160|0x000000008a000000, 0x000000008a100000, 0x000000008a100000|100%| E|CS|TAMS 0x000000008a000000, 0x000000008a000000| Complete 
| 161|0x000000008a100000, 0x000000008a200000, 0x000000008a200000|100%| E|CS|TAMS 0x000000008a100000, 0x000000008a100000| Complete 
| 162|0x000000008a200000, 0x000000008a300000, 0x000000008a300000|100%| E|CS|TAMS 0x000000008a200000, 0x000000008a200000| Complete 
| 163|0x000000008a300000, 0x000000008a400000, 0x000000008a400000|100%| E|CS|TAMS 0x000000008a300000, 0x000000008a300000| Complete 
| 164|0x000000008a400000, 0x000000008a500000, 0x000000008a500000|100%| E|CS|TAMS 0x000000008a400000, 0x000000008a400000| Complete 
| 165|0x000000008a500000, 0x000000008a600000, 0x000000008a600000|100%| E|CS|TAMS 0x000000008a500000, 0x000000008a500000| Complete 
| 166|0x000000008a600000, 0x000000008a700000, 0x000000008a700000|100%| E|CS|TAMS 0x000000008a600000, 0x000000008a600000| Complete 
| 167|0x000000008a700000, 0x000000008a800000, 0x000000008a800000|100%| E|CS|TAMS 0x000000008a700000, 0x000000008a700000| Complete 
| 168|0x000000008a800000, 0x000000008a900000, 0x000000008a900000|100%| E|CS|TAMS 0x000000008a800000, 0x000000008a800000| Complete 
| 169|0x000000008a900000, 0x000000008aa00000, 0x000000008aa00000|100%| E|CS|TAMS 0x000000008a900000, 0x000000008a900000| Complete 
| 170|0x000000008aa00000, 0x000000008ab00000, 0x000000008ab00000|100%| E|CS|TAMS 0x000000008aa00000, 0x000000008aa00000| Complete 
| 171|0x000000008ab00000, 0x000000008ac00000, 0x000000008ac00000|100%| E|CS|TAMS 0x000000008ab00000, 0x000000008ab00000| Complete 
| 172|0x000000008ac00000, 0x000000008ad00000, 0x000000008ad00000|100%| E|CS|TAMS 0x000000008ac00000, 0x000000008ac00000| Complete 
| 173|0x000000008ad00000, 0x000000008ae00000, 0x000000008ae00000|100%| E|CS|TAMS 0x000000008ad00000, 0x000000008ad00000| Complete 
| 174|0x000000008ae00000, 0x000000008af00000, 0x000000008af00000|100%| E|CS|TAMS 0x000000008ae00000, 0x000000008ae00000| Complete 
| 175|0x000000008af00000, 0x000000008b000000, 0x000000008b000000|100%| E|CS|TAMS 0x000000008af00000, 0x000000008af00000| Complete 
| 176|0x000000008b000000, 0x000000008b100000, 0x000000008b100000|100%| E|CS|TAMS 0x000000008b000000, 0x000000008b000000| Complete 
| 177|0x000000008b100000, 0x000000008b200000, 0x000000008b200000|100%| E|CS|TAMS 0x000000008b100000, 0x000000008b100000| Complete 
| 178|0x000000008b200000, 0x000000008b300000, 0x000000008b300000|100%| E|CS|TAMS 0x000000008b200000, 0x000000008b200000| Complete 
| 179|0x000000008b300000, 0x000000008b400000, 0x000000008b400000|100%| E|CS|TAMS 0x000000008b300000, 0x000000008b300000| Complete 
| 180|0x000000008b400000, 0x000000008b500000, 0x000000008b500000|100%| E|CS|TAMS 0x000000008b400000, 0x000000008b400000| Complete 
| 181|0x000000008b500000, 0x000000008b600000, 0x000000008b600000|100%| E|CS|TAMS 0x000000008b500000, 0x000000008b500000| Complete 
| 182|0x000000008b600000, 0x000000008b700000, 0x000000008b700000|100%| E|CS|TAMS 0x000000008b600000, 0x000000008b600000| Complete 
| 183|0x000000008b700000, 0x000000008b800000, 0x000000008b800000|100%| E|CS|TAMS 0x000000008b700000, 0x000000008b700000| Complete 
| 184|0x000000008b800000, 0x000000008b900000, 0x000000008b900000|100%| E|CS|TAMS 0x000000008b800000, 0x000000008b800000| Complete 

Card table byte_map: [0x00000234e43a0000,0x00000234e47a0000] _byte_map_base: 0x00000234e3fa0000

Marking Bits (Prev, Next): (CMBitMap*) 0x00000234cf718cf8, (CMBitMap*) 0x00000234cf718d30
 Prev Bits: [0x00000234e4ba0000, 0x00000234e6ba0000)
 Next Bits: [0x00000234e6ba0000, 0x00000234e8ba0000)

Polling page: 0x00000234cf590000

Metaspace:

Usage:
  Non-class:     83.62 MB capacity,    82.15 MB ( 98%) used,     1.20 MB (  1%) free+waste,   277.44 KB ( <1%) overhead. 
      Class:     12.79 MB capacity,    11.95 MB ( 93%) used,   733.81 KB (  6%) free+waste,   123.06 KB ( <1%) overhead. 
       Both:     96.41 MB capacity,    94.10 MB ( 98%) used,     1.92 MB (  2%) free+waste,   400.50 KB ( <1%) overhead. 

Virtual space:
  Non-class space:       84.00 MB reserved,      83.75 MB (>99%) committed 
      Class space:        1.00 GB reserved,      12.88 MB (  1%) committed 
             Both:        1.08 GB reserved,      96.63 MB (  9%) committed 

Chunk freelists:
   Non-Class:  1.00 KB
       Class:  24.00 KB
        Both:  25.00 KB

MaxMetaspaceSize: 17179869184.00 GB
CompressedClassSpaceSize: 1.00 GB

CodeHeap 'non-profiled nmethods': size=120064Kb used=8565Kb max_used=8565Kb free=111498Kb
 bounds [0x00000234dc440000, 0x00000234dcca0000, 0x00000234e3980000]
CodeHeap 'profiled nmethods': size=120000Kb used=30190Kb max_used=30190Kb free=89809Kb
 bounds [0x00000234d4f10000, 0x00000234d6c90000, 0x00000234dc440000]
CodeHeap 'non-nmethods': size=5696Kb used=2302Kb max_used=2356Kb free=3393Kb
 bounds [0x00000234d4980000, 0x00000234d4bf0000, 0x00000234d4f10000]
 total_blobs=14223 nmethods=13310 adapters=824
 compilation: enabled
              stopped_count=0, restarted_count=0
 full_count=0

Compilation events (20 events):
Event: 21.660 Thread 0x00000234ecbfe000 13307       4       com.sun.tools.javac.code.Types$$Lambda$1036/0x0000000100bfd040::test (12 bytes)
Event: 21.661 Thread 0x00000234ecbfe000 nmethod 13307 0x00000234dcc9c310 code [0x00000234dcc9c4a0, 0x00000234dcc9c598]
Event: 21.661 Thread 0x00000234eb20a000 nmethod 13305 0x00000234d6c65c90 code [0x00000234d6c660c0, 0x00000234d6c68948]
Event: 21.661 Thread 0x00000234eb20a000 13304   !   3       com.sun.tools.javac.comp.TypeEnter$Phase::completeEnvs (137 bytes)
Event: 21.662 Thread 0x00000234eb20a000 nmethod 13304 0x00000234d6c69910 code [0x00000234d6c69b60, 0x00000234d6c6a478]
Event: 21.663 Thread 0x00000234eb207000 nmethod 13306 0x00000234dcc9c690 code [0x00000234dcc9c840, 0x00000234dcc9cc38]
Event: 21.666 Thread 0x00000234eb20a000 13308       3       com.sun.tools.javac.util.Pair::hashCode (64 bytes)
Event: 21.666 Thread 0x00000234eb20a000 nmethod 13308 0x00000234d6c6a790 code [0x00000234d6c6a980, 0x00000234d6c6ae98]
Event: 21.666 Thread 0x00000234eb20a000 13309       3       com.sun.tools.javac.util.ListBuffer::of (16 bytes)
Event: 21.666 Thread 0x00000234ecbfe000 13310       4       com.sun.tools.javac.util.List::reverse (55 bytes)
Event: 21.666 Thread 0x00000234eb20a000 nmethod 13309 0x00000234d6c6b010 code [0x00000234d6c6b200, 0x00000234d6c6b688]
Event: 21.666 Thread 0x00000234eb20a000 13311       3       com.sun.tools.javac.tree.JCTree$Visitor::visitSelect (6 bytes)
Event: 21.666 Thread 0x00000234eb20a000 nmethod 13311 0x00000234d6c6b890 code [0x00000234d6c6ba40, 0x00000234d6c6bbe8]
Event: 21.668 Thread 0x00000234eb207000 13312       4       com.sun.tools.javac.code.Types::capture (556 bytes)
Event: 21.668 Thread 0x00000234eb20a000 13313       3       com.sun.tools.javac.code.Types$DefaultTypeVisitor::visitTypeVar (7 bytes)
Event: 21.668 Thread 0x00000234eb20a000 nmethod 13313 0x00000234d6c6bc90 code [0x00000234d6c6be40, 0x00000234d6c6bfe8]
Event: 21.670 Thread 0x00000234ecbfe000 nmethod 13310 0x00000234dcc9cd90 code [0x00000234dcc9cf40, 0x00000234dcc9d278]
Event: 21.670 Thread 0x00000234ecbfe000 13315       4       com.sun.tools.javac.code.Symbol$MethodSymbol::binaryImplementation (97 bytes)
Event: 21.670 Thread 0x00000234eb20a000 13316       3       com.sun.tools.javac.code.Type$ClassType::getKind (30 bytes)
Event: 21.670 Thread 0x00000234eb20a000 nmethod 13316 0x00000234d6c6c090 code [0x00000234d6c6c280, 0x00000234d6c6c718]

GC Heap History (20 events):
Event: 8.566 GC heap before
{Heap before GC invocations=10 (full 0):
 garbage-first heap   total 157696K, used 62751K [0x0000000080000000, 0x0000000100000000)
  region size 1024K, 31 young (31744K), 12 survivors (12288K)
 Metaspace       used 58495K, capacity 60067K, committed 60160K, reserved 1101824K
  class space    used 7427K, capacity 8008K, committed 8064K, reserved 1048576K
}
Event: 8.579 GC heap after
{Heap after GC invocations=11 (full 0):
 garbage-first heap   total 157696K, used 47572K [0x0000000080000000, 0x0000000100000000)
  region size 1024K, 3 young (3072K), 3 survivors (3072K)
 Metaspace       used 58495K, capacity 60067K, committed 60160K, reserved 1101824K
  class space    used 7427K, capacity 8008K, committed 8064K, reserved 1048576K
}
Event: 9.179 GC heap before
{Heap before GC invocations=12 (full 0):
 garbage-first heap   total 157696K, used 99796K [0x0000000080000000, 0x0000000100000000)
  region size 1024K, 54 young (55296K), 3 survivors (3072K)
 Metaspace       used 63142K, capacity 64738K, committed 65024K, reserved 1105920K
  class space    used 8030K, capacity 8611K, committed 8704K, reserved 1048576K
}
Event: 9.187 GC heap after
{Heap after GC invocations=13 (full 0):
 garbage-first heap   total 189440K, used 50688K [0x0000000080000000, 0x0000000100000000)
  region size 1024K, 6 young (6144K), 6 survivors (6144K)
 Metaspace       used 63142K, capacity 64738K, committed 65024K, reserved 1105920K
  class space    used 8030K, capacity 8611K, committed 8704K, reserved 1048576K
}
Event: 10.036 GC heap before
{Heap before GC invocations=14 (full 0):
 garbage-first heap   total 189440K, used 120320K [0x0000000080000000, 0x0000000100000000)
  region size 1024K, 74 young (75776K), 6 survivors (6144K)
 Metaspace       used 68940K, capacity 70706K, committed 70784K, reserved 1110016K
  class space    used 8936K, capacity 9543K, committed 9600K, reserved 1048576K
}
Event: 10.045 GC heap after
{Heap after GC invocations=15 (full 0):
 garbage-first heap   total 189440K, used 56449K [0x0000000080000000, 0x0000000100000000)
  region size 1024K, 10 young (10240K), 10 survivors (10240K)
 Metaspace       used 68940K, capacity 70706K, committed 70784K, reserved 1110016K
  class space    used 8936K, capacity 9543K, committed 9600K, reserved 1048576K
}
Event: 10.999 GC heap before
{Heap before GC invocations=15 (full 0):
 garbage-first heap   total 189440K, used 127105K [0x0000000080000000, 0x0000000100000000)
  region size 1024K, 79 young (80896K), 10 survivors (10240K)
 Metaspace       used 76330K, capacity 78191K, committed 78336K, reserved 1116160K
  class space    used 9972K, capacity 10630K, committed 10752K, reserved 1048576K
}
Event: 11.009 GC heap after
{Heap after GC invocations=16 (full 0):
 garbage-first heap   total 189440K, used 60738K [0x0000000080000000, 0x0000000100000000)
  region size 1024K, 5 young (5120K), 5 survivors (5120K)
 Metaspace       used 76330K, capacity 78191K, committed 78336K, reserved 1116160K
  class space    used 9972K, capacity 10630K, committed 10752K, reserved 1048576K
}
Event: 12.148 GC heap before
{Heap before GC invocations=16 (full 0):
 garbage-first heap   total 189440K, used 131394K [0x0000000080000000, 0x0000000100000000)
  region size 1024K, 75 young (76800K), 5 survivors (5120K)
 Metaspace       used 78972K, capacity 81109K, committed 81280K, reserved 1120256K
  class space    used 10342K, capacity 11100K, committed 11136K, reserved 1048576K
}
Event: 12.158 GC heap after
{Heap after GC invocations=17 (full 0):
 garbage-first heap   total 189440K, used 65367K [0x0000000080000000, 0x0000000100000000)
  region size 1024K, 10 young (10240K), 10 survivors (10240K)
 Metaspace       used 78972K, capacity 81109K, committed 81280K, reserved 1120256K
  class space    used 10342K, capacity 11100K, committed 11136K, reserved 1048576K
}
Event: 12.911 GC heap before
{Heap before GC invocations=17 (full 0):
 garbage-first heap   total 189440K, used 136023K [0x0000000080000000, 0x0000000100000000)
  region size 1024K, 80 young (81920K), 10 survivors (10240K)
 Metaspace       used 81414K, capacity 83581K, committed 83840K, reserved 1122304K
  class space    used 10572K, capacity 11349K, committed 11392K, reserved 1048576K
}
Event: 12.924 GC heap after
{Heap after GC invocations=18 (full 0):
 garbage-first heap   total 189440K, used 69325K [0x0000000080000000, 0x0000000100000000)
  region size 1024K, 9 young (9216K), 9 survivors (9216K)
 Metaspace       used 81414K, capacity 83581K, committed 83840K, reserved 1122304K
  class space    used 10572K, capacity 11349K, committed 11392K, reserved 1048576K
}
Event: 13.556 GC heap before
{Heap before GC invocations=18 (full 0):
 garbage-first heap   total 189440K, used 141005K [0x0000000080000000, 0x0000000100000000)
  region size 1024K, 80 young (81920K), 9 survivors (9216K)
 Metaspace       used 84332K, capacity 86547K, committed 86784K, reserved 1124352K
  class space    used 10931K, capacity 11716K, committed 11776K, reserved 1048576K
}
Event: 13.567 GC heap after
{Heap after GC invocations=19 (full 0):
 garbage-first heap   total 189440K, used 73674K [0x0000000080000000, 0x0000000100000000)
  region size 1024K, 9 young (9216K), 9 survivors (9216K)
 Metaspace       used 84332K, capacity 86547K, committed 86784K, reserved 1124352K
  class space    used 10931K, capacity 11716K, committed 11776K, reserved 1048576K
}
Event: 15.884 GC heap before
{Heap before GC invocations=19 (full 0):
 garbage-first heap   total 189440K, used 144330K [0x0000000080000000, 0x0000000100000000)
  region size 1024K, 79 young (80896K), 9 survivors (9216K)
 Metaspace       used 85862K, capacity 88037K, committed 88192K, reserved 1126400K
  class space    used 11093K, capacity 11872K, committed 11904K, reserved 1048576K
}
Event: 15.897 GC heap after
{Heap after GC invocations=20 (full 0):
 garbage-first heap   total 189440K, used 79872K [0x0000000080000000, 0x0000000100000000)
  region size 1024K, 10 young (10240K), 10 survivors (10240K)
 Metaspace       used 85862K, capacity 88037K, committed 88192K, reserved 1126400K
  class space    used 11093K, capacity 11872K, committed 11904K, reserved 1048576K
}
Event: 16.816 GC heap before
{Heap before GC invocations=20 (full 0):
 garbage-first heap   total 189440K, used 147456K [0x0000000080000000, 0x0000000100000000)
  region size 1024K, 77 young (78848K), 10 survivors (10240K)
 Metaspace       used 87373K, capacity 89517K, committed 89600K, reserved 1126400K
  class space    used 11258K, capacity 12001K, committed 12032K, reserved 1048576K
}
Event: 16.826 GC heap after
{Heap after GC invocations=21 (full 0):
 garbage-first heap   total 189440K, used 83524K [0x0000000080000000, 0x0000000100000000)
  region size 1024K, 6 young (6144K), 6 survivors (6144K)
 Metaspace       used 87373K, capacity 89517K, committed 89600K, reserved 1126400K
  class space    used 11258K, capacity 12001K, committed 12032K, reserved 1048576K
}
Event: 18.978 GC heap before
{Heap before GC invocations=21 (full 0):
 garbage-first heap   total 189440K, used 151108K [0x0000000080000000, 0x0000000100000000)
  region size 1024K, 71 young (72704K), 6 survivors (6144K)
 Metaspace       used 94316K, capacity 96623K, committed 96640K, reserved 1132544K
  class space    used 12081K, capacity 12919K, committed 12928K, reserved 1048576K
}
Event: 18.996 GC heap after
{Heap after GC invocations=22 (full 0):
 garbage-first heap   total 189440K, used 95212K [0x0000000080000000, 0x0000000100000000)
  region size 1024K, 9 young (9216K), 9 survivors (9216K)
 Metaspace       used 94316K, capacity 96623K, committed 96640K, reserved 1132544K
  class space    used 12081K, capacity 12919K, committed 12928K, reserved 1048576K
}

Deoptimization events (20 events):
Event: 20.879 Thread 0x00000234f3667000 Uncommon trap: trap_request=0xffffff4d fr.pc=0x00000234dcc63c9c relative=0x00000000000001dc
Event: 20.879 Thread 0x00000234f3667000 Uncommon trap: reason=unstable_if action=reinterpret pc=0x00000234dcc63c9c method=com.sun.tools.javac.code.Scope$ScopeImpl$1.update()V @ 28 c2
Event: 20.879 Thread 0x00000234f3667000 DEOPT PACKING pc=0x00000234dcc63c9c sp=0x00000062628f7c20
Event: 20.879 Thread 0x00000234f3667000 DEOPT UNPACKING pc=0x00000234d49a78af sp=0x00000062628f7ac8 mode 2
Event: 21.007 Thread 0x00000234f3667000 Uncommon trap: trap_request=0xffffffde fr.pc=0x00000234dcbfc0d4 relative=0x0000000000000cd4
Event: 21.007 Thread 0x00000234f3667000 Uncommon trap: reason=class_check action=maybe_recompile pc=0x00000234dcbfc0d4 method=java.util.HashMap.removeNode(ILjava/lang/Object;Ljava/lang/Object;ZZ)Ljava/util/HashMap$Node; @ 143 c2
Event: 21.007 Thread 0x00000234f3667000 DEOPT PACKING pc=0x00000234dcbfc0d4 sp=0x00000062628f7150
Event: 21.008 Thread 0x00000234f3667000 DEOPT UNPACKING pc=0x00000234d49a78af sp=0x00000062628f70e8 mode 2
Event: 21.008 Thread 0x00000234f3667000 Uncommon trap: trap_request=0xffffffde fr.pc=0x00000234dcbfc0d4 relative=0x0000000000000cd4
Event: 21.008 Thread 0x00000234f3667000 Uncommon trap: reason=class_check action=maybe_recompile pc=0x00000234dcbfc0d4 method=java.util.HashMap.removeNode(ILjava/lang/Object;Ljava/lang/Object;ZZ)Ljava/util/HashMap$Node; @ 143 c2
Event: 21.008 Thread 0x00000234f3667000 DEOPT PACKING pc=0x00000234dcbfc0d4 sp=0x00000062628f7150
Event: 21.008 Thread 0x00000234f3667000 DEOPT UNPACKING pc=0x00000234d49a78af sp=0x00000062628f70e8 mode 2
Event: 21.339 Thread 0x00000234f3667000 Uncommon trap: trap_request=0xffffffde fr.pc=0x00000234dcbfc0d4 relative=0x0000000000000cd4
Event: 21.339 Thread 0x00000234f3667000 Uncommon trap: reason=class_check action=maybe_recompile pc=0x00000234dcbfc0d4 method=java.util.HashMap.removeNode(ILjava/lang/Object;Ljava/lang/Object;ZZ)Ljava/util/HashMap$Node; @ 143 c2
Event: 21.339 Thread 0x00000234f3667000 DEOPT PACKING pc=0x00000234dcbfc0d4 sp=0x00000062628f6360
Event: 21.339 Thread 0x00000234f3667000 DEOPT UNPACKING pc=0x00000234d49a78af sp=0x00000062628f62f8 mode 2
Event: 21.518 Thread 0x00000234f3667000 Uncommon trap: trap_request=0xffffffde fr.pc=0x00000234dcbfc0d4 relative=0x0000000000000cd4
Event: 21.518 Thread 0x00000234f3667000 Uncommon trap: reason=class_check action=maybe_recompile pc=0x00000234dcbfc0d4 method=java.util.HashMap.removeNode(ILjava/lang/Object;Ljava/lang/Object;ZZ)Ljava/util/HashMap$Node; @ 143 c2
Event: 21.518 Thread 0x00000234f3667000 DEOPT PACKING pc=0x00000234dcbfc0d4 sp=0x00000062628f67e0
Event: 21.518 Thread 0x00000234f3667000 DEOPT UNPACKING pc=0x00000234d49a78af sp=0x00000062628f6778 mode 2

Classes redefined (0 events):
No events

Internal exceptions (20 events):
Event: 20.888 Thread 0x00000234f3667000 Exception <a 'sun/nio/fs/WindowsException'{0x00000000898edfa0}> (0x00000000898edfa0) thrown at [./src/hotspot/share/prims/jni.cpp, line 615]
Event: 20.946 Thread 0x00000234f3667000 Exception <a 'sun/nio/fs/WindowsException'{0x00000000898f2e58}> (0x00000000898f2e58) thrown at [./src/hotspot/share/prims/jni.cpp, line 615]
Event: 20.973 Thread 0x00000234f3667000 Exception <a 'sun/nio/fs/WindowsException'{0x00000000898ffc20}> (0x00000000898ffc20) thrown at [./src/hotspot/share/prims/jni.cpp, line 615]
Event: 21.108 Thread 0x00000234f3667000 Exception <a 'sun/nio/fs/WindowsException'{0x00000000894fb0b0}> (0x00000000894fb0b0) thrown at [./src/hotspot/share/prims/jni.cpp, line 615]
Event: 21.178 Thread 0x00000234f3667000 Exception <a 'sun/nio/fs/WindowsException'{0x0000000089305dc8}> (0x0000000089305dc8) thrown at [./src/hotspot/share/prims/jni.cpp, line 615]
Event: 21.189 Thread 0x00000234f3667000 Exception <a 'sun/nio/fs/WindowsException'{0x000000008930bec0}> (0x000000008930bec0) thrown at [./src/hotspot/share/prims/jni.cpp, line 615]
Event: 21.221 Thread 0x00000234f3667000 Exception <a 'sun/nio/fs/WindowsException'{0x0000000089312690}> (0x0000000089312690) thrown at [./src/hotspot/share/prims/jni.cpp, line 615]
Event: 21.239 Thread 0x00000234f3667000 Exception <a 'sun/nio/fs/WindowsException'{0x0000000089318d58}> (0x0000000089318d58) thrown at [./src/hotspot/share/prims/jni.cpp, line 615]
Event: 21.246 Thread 0x00000234f3667000 Exception <a 'sun/nio/fs/WindowsException'{0x0000000089320138}> (0x0000000089320138) thrown at [./src/hotspot/share/prims/jni.cpp, line 615]
Event: 21.268 Thread 0x00000234f3667000 Exception <a 'sun/nio/fs/WindowsException'{0x0000000089330e48}> (0x0000000089330e48) thrown at [./src/hotspot/share/prims/jni.cpp, line 615]
Event: 21.370 Thread 0x00000234f3667000 Exception <a 'sun/nio/fs/WindowsException'{0x00000000890a4f38}> (0x00000000890a4f38) thrown at [./src/hotspot/share/prims/jni.cpp, line 615]
Event: 21.371 Thread 0x00000234f3667000 Exception <a 'sun/nio/fs/WindowsException'{0x00000000890a6168}> (0x00000000890a6168) thrown at [./src/hotspot/share/prims/jni.cpp, line 615]
Event: 21.435 Thread 0x00000234f3667000 Exception <a 'sun/nio/fs/WindowsException'{0x00000000890b0b88}> (0x00000000890b0b88) thrown at [./src/hotspot/share/prims/jni.cpp, line 615]
Event: 21.471 Thread 0x00000234f3667000 Exception <a 'sun/nio/fs/WindowsException'{0x00000000890b6268}> (0x00000000890b6268) thrown at [./src/hotspot/share/prims/jni.cpp, line 615]
Event: 21.487 Thread 0x00000234f3667000 Exception <a 'sun/nio/fs/WindowsException'{0x00000000890c72e0}> (0x00000000890c72e0) thrown at [./src/hotspot/share/prims/jni.cpp, line 615]
Event: 21.541 Thread 0x00000234f3667000 Exception <a 'sun/nio/fs/WindowsException'{0x0000000088d8c860}> (0x0000000088d8c860) thrown at [./src/hotspot/share/prims/jni.cpp, line 615]
Event: 21.612 Thread 0x00000234f3667000 Exception <a 'sun/nio/fs/WindowsException'{0x0000000088d95f40}> (0x0000000088d95f40) thrown at [./src/hotspot/share/prims/jni.cpp, line 615]
Event: 21.624 Thread 0x00000234f3667000 Exception <a 'sun/nio/fs/WindowsException'{0x0000000088da0cb8}> (0x0000000088da0cb8) thrown at [./src/hotspot/share/prims/jni.cpp, line 615]
Event: 21.671 Thread 0x00000234f3667000 Exception <a 'sun/nio/fs/WindowsException'{0x0000000088a47168}> (0x0000000088a47168) thrown at [./src/hotspot/share/prims/jni.cpp, line 615]
Event: 21.673 Thread 0x00000234f3667000 Exception <a 'sun/nio/fs/WindowsException'{0x0000000088a4e178}> (0x0000000088a4e178) thrown at [./src/hotspot/share/prims/jni.cpp, line 615]

Events (20 events):
Event: 19.593 Executing VM operation: ICBufferFull
Event: 19.593 Executing VM operation: ICBufferFull done
Event: 19.650 Executing VM operation: ICBufferFull
Event: 19.650 Executing VM operation: ICBufferFull done
Event: 20.102 Executing VM operation: ICBufferFull
Event: 20.102 Executing VM operation: ICBufferFull done
Event: 20.103 Executing VM operation: Deoptimize
Event: 20.125 Executing VM operation: Deoptimize done
Event: 20.302 loading class com/sun/tools/javac/comp/InferenceContext
Event: 20.302 loading class com/sun/tools/javac/comp/InferenceContext done
Event: 20.302 loading class com/sun/tools/javac/util/JCDiagnostic$DiagnosticPosition
Event: 20.302 loading class com/sun/tools/javac/util/JCDiagnostic$DiagnosticPosition done
Event: 20.302 loading class com/sun/tools/javac/comp/Check
Event: 20.302 loading class com/sun/tools/javac/comp/Check done
Event: 20.639 Executing VM operation: ICBufferFull
Event: 20.639 Executing VM operation: ICBufferFull done
Event: 20.853 Executing VM operation: ICBufferFull
Event: 20.854 Executing VM operation: ICBufferFull done
Event: 21.186 Executing VM operation: ICBufferFull
Event: 21.186 Executing VM operation: ICBufferFull done


Dynamic libraries:
0x00007ff75add0000 - 0x00007ff75adda000 	C:\Program Files\Android\Android Studio1\jre\bin\java.exe
0x00007ffdca490000 - 0x00007ffdca685000 	C:\WINDOWS\SYSTEM32\ntdll.dll
0x00007ffd9e560000 - 0x00007ffd9e576000 	C:\Program Files\Avast Software\Avast\aswhook.dll
0x00007ffdc86a0000 - 0x00007ffdc875e000 	C:\WINDOWS\System32\KERNEL32.DLL
0x00007ffdc7e10000 - 0x00007ffdc80d8000 	C:\WINDOWS\System32\KERNELBASE.dll
0x00007ffdc7cc0000 - 0x00007ffdc7dc0000 	C:\WINDOWS\System32\ucrtbase.dll
0x00007ffdb3d50000 - 0x00007ffdb3d69000 	C:\Program Files\Android\Android Studio1\jre\bin\jli.dll
0x00007ffdc9480000 - 0x00007ffdc9621000 	C:\WINDOWS\System32\USER32.dll
0x00007ffdb2840000 - 0x00007ffdb2857000 	C:\Program Files\Android\Android Studio1\jre\bin\VCRUNTIME140.dll
0x00007ffdc8320000 - 0x00007ffdc8342000 	C:\WINDOWS\System32\win32u.dll
0x00007ffdb38c0000 - 0x00007ffdb3b5a000 	C:\WINDOWS\WinSxS\amd64_microsoft.windows.common-controls_6595b64144ccf1df_6.0.19041.1110_none_60b5254171f9507e\COMCTL32.dll
0x00007ffdc8670000 - 0x00007ffdc869b000 	C:\WINDOWS\System32\GDI32.dll
0x00007ffdc7bb0000 - 0x00007ffdc7cbb000 	C:\WINDOWS\System32\gdi32full.dll
0x00007ffdc84e0000 - 0x00007ffdc857e000 	C:\WINDOWS\System32\msvcrt.dll
0x00007ffdc8350000 - 0x00007ffdc83ed000 	C:\WINDOWS\System32\msvcp_win.dll
0x00007ffdca2e0000 - 0x00007ffdca310000 	C:\WINDOWS\System32\IMM32.DLL
0x00007ffd9a170000 - 0x00007ffd9a20d000 	C:\Program Files\Android\Android Studio1\jre\bin\msvcp140.dll
0x00007ffd6a9b0000 - 0x00007ffd6b47f000 	C:\Program Files\Android\Android Studio1\jre\bin\server\jvm.dll
0x00007ffdca3a0000 - 0x00007ffdca44c000 	C:\WINDOWS\System32\ADVAPI32.dll
0x00007ffdc8b40000 - 0x00007ffdc8bdb000 	C:\WINDOWS\System32\sechost.dll
0x00007ffdca0c0000 - 0x00007ffdca1ea000 	C:\WINDOWS\System32\RPCRT4.dll
0x00007ffdca270000 - 0x00007ffdca278000 	C:\WINDOWS\System32\PSAPI.DLL
0x00007ffdbf300000 - 0x00007ffdbf327000 	C:\WINDOWS\SYSTEM32\WINMM.dll
0x00007ffdc0dd0000 - 0x00007ffdc0dda000 	C:\WINDOWS\SYSTEM32\VERSION.dll
0x00007ffdb3220000 - 0x00007ffdb3229000 	C:\WINDOWS\SYSTEM32\WSOCK32.dll
0x00007ffdca200000 - 0x00007ffdca26b000 	C:\WINDOWS\System32\ws2_32.DLL
0x00007ffdc5a90000 - 0x00007ffdc5aa2000 	C:\WINDOWS\SYSTEM32\kernel.appcore.dll
0x00007ffdc1c80000 - 0x00007ffdc1c91000 	C:\Program Files\Android\Android Studio1\jre\bin\verify.dll
0x00007ffdbd5a0000 - 0x00007ffdbd784000 	C:\WINDOWS\SYSTEM32\DBGHELP.DLL
0x00007ffdbd570000 - 0x00007ffdbd59c000 	C:\WINDOWS\SYSTEM32\dbgcore.DLL
0x00007ffdc8450000 - 0x00007ffdc84d3000 	C:\WINDOWS\System32\bcryptPrimitives.dll
0x00007ffdb5420000 - 0x00007ffdb5449000 	C:\Program Files\Android\Android Studio1\jre\bin\java.dll
0x00007ffdc1c70000 - 0x00007ffdc1c7b000 	C:\Program Files\Android\Android Studio1\jre\bin\jimage.dll
0x00007ffdb2f50000 - 0x00007ffdb2f68000 	C:\Program Files\Android\Android Studio1\jre\bin\zip.dll
0x00007ffdc9830000 - 0x00007ffdc9f6f000 	C:\WINDOWS\System32\SHELL32.dll
0x00007ffdc5c90000 - 0x00007ffdc6420000 	C:\WINDOWS\SYSTEM32\windows.storage.dll
0x00007ffdc9120000 - 0x00007ffdc9475000 	C:\WINDOWS\System32\combase.dll
0x00007ffdc7520000 - 0x00007ffdc754e000 	C:\WINDOWS\SYSTEM32\Wldp.dll
0x00007ffdca010000 - 0x00007ffdca0bd000 	C:\WINDOWS\System32\SHCORE.dll
0x00007ffdca280000 - 0x00007ffdca2d5000 	C:\WINDOWS\System32\shlwapi.dll
0x00007ffdc7af0000 - 0x00007ffdc7b0f000 	C:\WINDOWS\SYSTEM32\profapi.dll
0x00007ffdb2f30000 - 0x00007ffdb2f4a000 	C:\Program Files\Android\Android Studio1\jre\bin\net.dll
0x00007ffdc0160000 - 0x00007ffdc026c000 	C:\WINDOWS\SYSTEM32\WINHTTP.dll
0x00007ffdc7300000 - 0x00007ffdc736a000 	C:\WINDOWS\system32\mswsock.dll
0x00007ffdb2f10000 - 0x00007ffdb2f24000 	C:\Program Files\Android\Android Studio1\jre\bin\nio.dll
0x00007ffdc35f0000 - 0x00007ffdc3617000 	C:\Users\Bane\.gradle\native\8bec1ad78214c89d9ad589b4d07fe93259594b29d510b10fafb7a158f7737e5d\windows-amd64\native-platform.dll
0x00007ffdb9970000 - 0x00007ffdb9aad000 	C:\Users\Bane\.gradle\native\53dbd7edfb1c66fb8903c78663c9afc45aea4f116125fa6feffd364cf09443e8\windows-amd64\native-platform-file-events.dll
0x00007ffdc1c60000 - 0x00007ffdc1c6a000 	C:\Program Files\Android\Android Studio1\jre\bin\management.dll
0x00007ffdc0e10000 - 0x00007ffdc0e1c000 	C:\Program Files\Android\Android Studio1\jre\bin\management_ext.dll
0x00007ffdc7860000 - 0x00007ffdc7878000 	C:\WINDOWS\SYSTEM32\CRYPTSP.dll
0x00007ffdc6c30000 - 0x00007ffdc6c64000 	C:\WINDOWS\system32\rsaenh.dll
0x00007ffdc80e0000 - 0x00007ffdc8107000 	C:\WINDOWS\System32\bcrypt.dll
0x00007ffdc7a70000 - 0x00007ffdc7a9e000 	C:\WINDOWS\SYSTEM32\USERENV.dll
0x00007ffdc7490000 - 0x00007ffdc749c000 	C:\WINDOWS\SYSTEM32\CRYPTBASE.dll
0x00007ffdc6fc0000 - 0x00007ffdc6ffb000 	C:\WINDOWS\SYSTEM32\IPHLPAPI.DLL
0x00007ffdca1f0000 - 0x00007ffdca1f8000 	C:\WINDOWS\System32\NSI.dll
0x00007ffdc12f0000 - 0x00007ffdc1307000 	C:\WINDOWS\SYSTEM32\dhcpcsvc6.DLL
0x00007ffdc1280000 - 0x00007ffdc129d000 	C:\WINDOWS\SYSTEM32\dhcpcsvc.DLL
0x00007ffdc7010000 - 0x00007ffdc70db000 	C:\WINDOWS\SYSTEM32\DNSAPI.dll

dbghelp: loaded successfully - version: 4.0.5 - missing functions: none
symbol engine: initialized successfully - sym options: 0x614 - pdb path: .;C:\Program Files\Android\Android Studio1\jre\bin;C:\WINDOWS\SYSTEM32;C:\Program Files\Avast Software\Avast;C:\WINDOWS\WinSxS\amd64_microsoft.windows.common-controls_6595b64144ccf1df_6.0.19041.1110_none_60b5254171f9507e;C:\Program Files\Android\Android Studio1\jre\bin\server;C:\Users\Bane\.gradle\native\8bec1ad78214c89d9ad589b4d07fe93259594b29d510b10fafb7a158f7737e5d\windows-amd64;C:\Users\Bane\.gradle\native\53dbd7edfb1c66fb8903c78663c9afc45aea4f116125fa6feffd364cf09443e8\windows-amd64

VM Arguments:
jvm_args: --add-opens=java.base/java.util=ALL-UNNAMED --add-opens=java.base/java.lang=ALL-UNNAMED --add-opens=java.base/java.lang.invoke=ALL-UNNAMED --add-opens=java.base/java.util=ALL-UNNAMED --add-opens=java.prefs/java.util.prefs=ALL-UNNAMED --add-opens=java.prefs/java.util.prefs=ALL-UNNAMED --add-opens=java.base/java.nio.charset=ALL-UNNAMED --add-opens=java.base/java.net=ALL-UNNAMED --add-opens=java.base/java.util.concurrent.atomic=ALL-UNNAMED -Xmx2048m -Dfile.encoding=UTF-8 -Duser.country=US -Duser.language=en -Duser.variant 
java_command: org.gradle.launcher.daemon.bootstrap.GradleDaemon 7.0.2
java_class_path (initial): C:\Users\Bane\.gradle\wrapper\dists\gradle-7.0.2-bin\857tjihv64xamwrf0h14cai3r\gradle-7.0.2\lib\gradle-launcher-7.0.2.jar
Launcher Type: SUN_STANDARD

[Global flags]
     intx CICompilerCount                          = 3                                         {product} {ergonomic}
     uint ConcGCThreads                            = 1                                         {product} {ergonomic}
     uint G1ConcRefinementThreads                  = 4                                         {product} {ergonomic}
   size_t G1HeapRegionSize                         = 1048576                                   {product} {ergonomic}
    uintx GCDrainStackTargetSize                   = 64                                        {product} {ergonomic}
   size_t InitialHeapSize                          = 134217728                                 {product} {ergonomic}
   size_t MarkStackSize                            = 4194304                                   {product} {ergonomic}
   size_t MaxHeapSize                              = 2147483648                                {product} {command line}
   size_t MaxNewSize                               = 1287651328                                {product} {ergonomic}
   size_t MinHeapDeltaBytes                        = 1048576                                   {product} {ergonomic}
    uintx NonNMethodCodeHeapSize                   = 5830732                                {pd product} {ergonomic}
    uintx NonProfiledCodeHeapSize                  = 122913754                              {pd product} {ergonomic}
    uintx ProfiledCodeHeapSize                     = 122913754                              {pd product} {ergonomic}
    uintx ReservedCodeCacheSize                    = 251658240                              {pd product} {ergonomic}
     bool SegmentedCodeCache                       = true                                      {product} {ergonomic}
     bool UseCompressedClassPointers               = true                                 {lp64_product} {ergonomic}
     bool UseCompressedOops                        = true                                 {lp64_product} {ergonomic}
     bool UseG1GC                                  = true                                      {product} {ergonomic}
     bool UseLargePagesIndividualAllocation        = false                                  {pd product} {ergonomic}

Logging:
Log output configuration:
 #0: stdout all=warning uptime,level,tags
 #1: stderr all=off uptime,level,tags

Environment Variables:
JAVA_HOME=D:\Program Files\Java\jdk-17
PATH=D:\Program Files\Python37\Scripts\;D:\Program Files\Python37\;C:\Program Files (x86)\Common Files\Oracle\Java\javapath;C:\Windows\system32;C:\Windows;C:\Windows\System32\Wbem;C:\Windows\System32\WindowsPowerShell\v1.0\;C:\Windows\System32\OpenSSH\;C:\Program Files\NVIDIA Corporation\NVIDIA NvDLISR;C:\Program Files (x86)\NVIDIA Corporation\PhysX\Common;C:\Program Files (x86)\Windows Kits\10\Windows Performance Toolkit\;C:\WINDOWS\system32;C:\WINDOWS;C:\WINDOWS\System32\Wbem;C:\WINDOWS\System32\WindowsPowerShell\v1.0\;C:\WINDOWS\System32\OpenSSH\;D:\Program Files\Java\jdk-17\bin;D:\Program Files\Git\cmd;C:\Users\Bane\AppData\Local\Microsoft\WindowsApps;C:\Users\Bane\AppData\Local\GitHubDesktop\bin;;C:\Users\Bane\AppData\Local\Programs\Microsoft VS Code\bin
USERNAME=Bane
OS=Windows_NT
PROCESSOR_IDENTIFIER=AMD64 Family 23 Model 8 Stepping 2, AuthenticAMD



---------------  S Y S T E M  ---------------

OS: Windows 10 , 64 bit Build 19041 (10.0.19041.1348)
OS uptime: 21 days 18:10 hours
Hyper-V role detected

CPU:total 4 (initial active 4) (4 cores per cpu, 1 threads per core) family 23 model 8 stepping 2 microcode 0x0, cmov, cx8, fxsr, mmx, sse, sse2, sse3, ssse3, sse4.1, sse4.2, popcnt, avx, avx2, aes, clmul, mmxext, 3dnowpref, lzcnt, sse4a, tsc, tscinvbit, tscinv, bmi1, bmi2, adx, sha, f

Memory: 4k page, system-wide physical 8143M (480M free)
TotalPageFile size 12239M (AvailPageFile size 0M)
current process WorkingSet (physical memory assigned to process): 457M, peak: 471M
current process commit charge ("private bytes"): 483M, peak: 498M

vm_info: OpenJDK 64-Bit Server VM (11.0.10+0-b96-7249189) for windows-amd64 JRE (11.0.10+0-b96-7249189), built on Mar 31 2021 21:44:00 by "builder" with MS VC++ 14.0 (VS2015)

END.
