#
# There is insufficient memory for the Java Runtime Environment to continue.
# Native memory allocation (malloc) failed to allocate 1142896 bytes for Chunk::new
# Possible reasons:
#   The system is out of physical RAM or swap space
#   The process is running with CompressedOops enabled, and the Java Heap may be blocking the growth of the native heap
# Possible solutions:
#   Reduce memory load on the system
#   Increase physical memory or swap space
#   Check if swap backing store is full
#   Decrease Java heap size (-Xmx/-Xms)
#   Decrease number of Java threads
#   Decrease Java thread stack sizes (-Xss)
#   Set larger code cache with -XX:ReservedCodeCacheSize=
#   JVM is running with Unscaled Compressed Oops mode in which the Java heap is
#     placed in the first 4GB address space. The Java Heap base address is the
#     maximum limit for the native heap growth. Please use -XX:HeapBaseMinAddress
#     to set the Java Heap base and to place the Java Heap above 4GB virtual address.
# This output file may be truncated or incomplete.
#
#  Out of Memory Error (./src/hotspot/share/memory/arena.cpp:197), pid=3500, tid=12136
#
# JRE version: OpenJDK Runtime Environment (11.0.10) (build 11.0.10+0-b96-7249189)
# Java VM: OpenJDK 64-Bit Server VM (11.0.10+0-b96-7249189, mixed mode, tiered, compressed oops, g1 gc, windows-amd64)
# No core dump will be written. Minidumps are not enabled by default on client versions of Windows
#

---------------  S U M M A R Y ------------

Command Line: --add-opens=java.base/java.util=ALL-UNNAMED --add-opens=java.base/java.lang=ALL-UNNAMED --add-opens=java.base/java.lang.invoke=ALL-UNNAMED --add-opens=java.base/java.util=ALL-UNNAMED --add-opens=java.prefs/java.util.prefs=ALL-UNNAMED --add-opens=java.prefs/java.util.prefs=ALL-UNNAMED --add-opens=java.base/java.nio.charset=ALL-UNNAMED --add-opens=java.base/java.net=ALL-UNNAMED --add-opens=java.base/java.util.concurrent.atomic=ALL-UNNAMED -Xmx2048m -Dfile.encoding=UTF-8 -Duser.country=US -Duser.language=en -Duser.variant org.gradle.launcher.daemon.bootstrap.GradleDaemon 7.0.2

Host: AMD Ryzen 3 2300X Quad-Core Processor          , 4 cores, 7G,  Windows 10 , 64 bit Build 19041 (10.0.19041.1348)
Time: Thu Dec 16 15:15:07 2021 Central Europe Standard Time elapsed time: 11172.858830 seconds (0d 3h 6m 12s)

---------------  T H R E A D  ---------------

Current thread (0x00000256731cc800):  JavaThread "C2 CompilerThread1" daemon [_thread_in_native, id=12136, stack(0x000000b649e00000,0x000000b649f00000)]


Current CompileTask:
C2:11172858 35601       4       com.android.tools.r8.internal.F7::r (464 bytes)

Stack: [0x000000b649e00000,0x000000b649f00000]
Native frames: (J=compiled Java code, j=interpreted, Vv=VM code, C=native code)
V  [jvm.dll+0x5ecfaa]
V  [jvm.dll+0x722bd5]
V  [jvm.dll+0x72412d]
V  [jvm.dll+0x7247e3]
V  [jvm.dll+0x242928]
V  [jvm.dll+0xbc4fc]
V  [jvm.dll+0xbca0c]
V  [jvm.dll+0x352d7d]
V  [jvm.dll+0x197e0c]
V  [jvm.dll+0x1fb70e]
V  [jvm.dll+0x1fa7f4]
V  [jvm.dll+0x18354c]
V  [jvm.dll+0x208ee7]
V  [jvm.dll+0x207731]
V  [jvm.dll+0x6eb1cf]
V  [jvm.dll+0x6e3d45]
V  [jvm.dll+0x5ebe96]
C  [ucrtbase.dll+0x21bb2]
C  [KERNEL32.DLL+0x17034]
C  [ntdll.dll+0x52651]


---------------  P R O C E S S  ---------------

Threads class SMR info:
_java_thread_list=0x0000025675f82ee0, length=54, elements={
0x0000025655283000, 0x000002566ee58000, 0x000002566ee62000, 0x000002566ee72800,
0x000002566ee73800, 0x000002566ee75800, 0x000002566ee7b800, 0x000002566ee87000,
0x000002566ee93000, 0x000002566f935000, 0x000002566f934800, 0x000002566f931000,
0x000002566f933800, 0x0000025672270000, 0x0000025672271000, 0x0000025672271800,
0x000002567226f000, 0x000002567226e800, 0x0000025672275000, 0x0000025672278000,
0x0000025672279000, 0x000002567227c800, 0x00000256737b7800, 0x00000256737bb800,
0x00000256737c0800, 0x00000256737c3800, 0x00000256737c5800, 0x00000256737b9000,
0x00000256737ba800, 0x00000256737be000, 0x00000256737bc800, 0x00000256737bd000,
0x00000256737b8800, 0x00000256737c2000, 0x00000256737c4800, 0x00000256737bf000,
0x00000256737c6000, 0x0000025676505800, 0x0000025676503800, 0x0000025676506000,
0x0000025676507000, 0x0000025676501000, 0x0000025676508000, 0x0000025676502000,
0x0000025676508800, 0x0000025676503000, 0x000002567650c800, 0x000002567650d800,
0x000002567650a000, 0x000002567650e800, 0x000002567650f000, 0x00000256731cc800,
0x0000025676509800, 0x0000025676510000
}

Java Threads: ( => current thread )
  0x0000025655283000 JavaThread "main" [_thread_blocked, id=8108, stack(0x000000b646600000,0x000000b646700000)]
  0x000002566ee58000 JavaThread "Reference Handler" daemon [_thread_blocked, id=12324, stack(0x000000b646d00000,0x000000b646e00000)]
  0x000002566ee62000 JavaThread "Finalizer" daemon [_thread_blocked, id=9916, stack(0x000000b646e00000,0x000000b646f00000)]
  0x000002566ee72800 JavaThread "Signal Dispatcher" daemon [_thread_blocked, id=9080, stack(0x000000b646f00000,0x000000b647000000)]
  0x000002566ee73800 JavaThread "Attach Listener" daemon [_thread_blocked, id=11080, stack(0x000000b647000000,0x000000b647100000)]
  0x000002566ee75800 JavaThread "Service Thread" daemon [_thread_blocked, id=6868, stack(0x000000b647100000,0x000000b647200000)]
  0x000002566ee7b800 JavaThread "C2 CompilerThread0" daemon [_thread_in_native, id=3508, stack(0x000000b647200000,0x000000b647300000)]
  0x000002566ee87000 JavaThread "C1 CompilerThread0" daemon [_thread_blocked, id=5820, stack(0x000000b647300000,0x000000b647400000)]
  0x000002566ee93000 JavaThread "Sweeper thread" daemon [_thread_blocked, id=15044, stack(0x000000b647400000,0x000000b647500000)]
  0x000002566f935000 JavaThread "Common-Cleaner" daemon [_thread_blocked, id=9020, stack(0x000000b647500000,0x000000b647600000)]
  0x000002566f934800 JavaThread "Daemon health stats" [_thread_blocked, id=16896, stack(0x000000b647a00000,0x000000b647b00000)]
  0x000002566f931000 JavaThread "Incoming local TCP Connector on port 63294" [_thread_in_native, id=10228, stack(0x000000b647b00000,0x000000b647c00000)]
  0x000002566f933800 JavaThread "Daemon periodic checks" [_thread_blocked, id=10920, stack(0x000000b647c00000,0x000000b647d00000)]
  0x0000025672270000 JavaThread "Cache worker for file hash cache (C:\Users\Bane\.gradle\caches\7.0.2\fileHashes)" [_thread_blocked, id=13960, stack(0x000000b648400000,0x000000b648500000)]
  0x0000025672271000 JavaThread "File lock request listener" [_thread_in_native, id=9348, stack(0x000000b648500000,0x000000b648600000)]
  0x0000025672271800 JavaThread "Cache worker for journal cache (C:\Users\Bane\.gradle\caches\journal-1)" [_thread_blocked, id=7336, stack(0x000000b648700000,0x000000b648800000)]
  0x000002567226f000 JavaThread "File watcher server" daemon [_thread_in_native, id=1124, stack(0x000000b648900000,0x000000b648a00000)]
  0x000002567226e800 JavaThread "File watcher consumer" daemon [_thread_blocked, id=13352, stack(0x000000b648a00000,0x000000b648b00000)]
  0x0000025672275000 JavaThread "Cache worker for execution history cache (C:\Users\Bane\.gradle\caches\7.0.2\executionHistory)" [_thread_blocked, id=18132, stack(0x000000b648e00000,0x000000b648f00000)]
  0x0000025672278000 JavaThread "jar transforms" [_thread_blocked, id=18276, stack(0x000000b648f00000,0x000000b649000000)]
  0x0000025672279000 JavaThread "jar transforms Thread 2" [_thread_blocked, id=5588, stack(0x000000b649000000,0x000000b649100000)]
  0x000002567227c800 JavaThread "Cache worker for file content cache (C:\Users\Bane\.gradle\caches\7.0.2\fileContent)" [_thread_blocked, id=12176, stack(0x000000b649100000,0x000000b649200000)]
  0x00000256737b7800 JavaThread "jar transforms Thread 3" [_thread_blocked, id=5888, stack(0x000000b649300000,0x000000b649400000)]
  0x00000256737bb800 JavaThread "jar transforms Thread 4" [_thread_blocked, id=6536, stack(0x000000b649900000,0x000000b649a00000)]
  0x00000256737c0800 JavaThread "Memory manager" [_thread_blocked, id=16884, stack(0x000000b649a00000,0x000000b649b00000)]
  0x00000256737c3800 JavaThread "Cache worker for Java compile cache (C:\Users\Bane\.gradle\caches\7.0.2\javaCompile)" [_thread_blocked, id=17556, stack(0x000000b64a000000,0x000000b64a100000)]
  0x00000256737c5800 JavaThread "ForkJoinPool.commonPool-worker-1" daemon [_thread_blocked, id=17244, stack(0x000000b64a700000,0x000000b64a800000)]
  0x00000256737b9000 JavaThread "Daemon Thread 46" [_thread_blocked, id=7236, stack(0x000000b646300000,0x000000b646400000)]
  0x00000256737ba800 JavaThread "Handler for socket connection from /127.0.0.1:63294 to /127.0.0.1:60776" [_thread_in_native, id=19764, stack(0x000000b646400000,0x000000b646500000)]
  0x00000256737be000 JavaThread "Cancel handler" [_thread_blocked, id=2716, stack(0x000000b646500000,0x000000b646600000)]
  0x00000256737bc800 JavaThread "Daemon worker Thread 46" [_thread_blocked, id=5856, stack(0x000000b647700000,0x000000b647800000)]
  0x00000256737bd000 JavaThread "Asynchronous log dispatcher for DefaultDaemonConnection: socket connection from /127.0.0.1:63294 to /127.0.0.1:60776" [_thread_blocked, id=6412, stack(0x000000b647d00000,0x000000b647e00000)]
  0x00000256737b8800 JavaThread "Stdin handler" [_thread_blocked, id=6460, stack(0x000000b647e00000,0x000000b647f00000)]
  0x00000256737c2000 JavaThread "Daemon client event forwarder" [_thread_blocked, id=13168, stack(0x000000b647f00000,0x000000b648000000)]
  0x00000256737c4800 JavaThread "Cache worker for file hash cache (C:\Users\Bane\Desktop\Faks\ANDROID_PROJEKAT\.gradle\7.0.2\fileHashes)" [_thread_blocked, id=2760, stack(0x000000b648000000,0x000000b648100000)]
  0x00000256737bf000 JavaThread "Cache worker for checksums cache (C:\Users\Bane\Desktop\Faks\ANDROID_PROJEKAT\.gradle\checksums)" [_thread_blocked, id=17852, stack(0x000000b648100000,0x000000b648200000)]
  0x00000256737c6000 JavaThread "Cache worker for cache directory md-supplier (C:\Users\Bane\.gradle\caches\7.0.2\md-supplier)" [_thread_blocked, id=1964, stack(0x000000b648200000,0x000000b648300000)]
  0x0000025676505800 JavaThread "Cache worker for cache directory md-rule (C:\Users\Bane\.gradle\caches\7.0.2\md-rule)" [_thread_blocked, id=16500, stack(0x000000b648300000,0x000000b648400000)]
  0x0000025676503800 JavaThread "Cache worker for dependencies-accessors (C:\Users\Bane\Desktop\Faks\ANDROID_PROJEKAT\.gradle\7.0.2\dependencies-accessors)" [_thread_blocked, id=13636, stack(0x000000b648800000,0x000000b648900000)]
  0x0000025676506000 JavaThread "Cache worker for Build Output Cleanup Cache (C:\Users\Bane\Desktop\Faks\ANDROID_PROJEKAT\.gradle\buildOutputCleanup)" [_thread_blocked, id=13160, stack(0x000000b648b00000,0x000000b648c00000)]
  0x0000025676507000 JavaThread "Build operations" [_thread_blocked, id=18952, stack(0x000000b648c00000,0x000000b648d00000)]
  0x0000025676501000 JavaThread "Build operations Thread 2" [_thread_blocked, id=7904, stack(0x000000b648d00000,0x000000b648e00000)]
  0x0000025676508000 JavaThread "Build operations Thread 3" [_thread_in_vm, id=11296, stack(0x000000b649200000,0x000000b649300000)]
  0x0000025676502000 JavaThread "Build operations Thread 4" [_thread_blocked, id=15784, stack(0x000000b649400000,0x000000b649500000)]
  0x0000025676508800 JavaThread "build event listener" [_thread_blocked, id=12276, stack(0x000000b649500000,0x000000b649600000)]
  0x0000025676503000 JavaThread "Execution worker for ':'" [_thread_blocked, id=16168, stack(0x000000b649600000,0x000000b649700000)]
  0x000002567650c800 JavaThread "Execution worker for ':' Thread 2" [_thread_blocked, id=8368, stack(0x000000b649700000,0x000000b649800000)]
  0x000002567650d800 JavaThread "Execution worker for ':' Thread 3" [_thread_blocked, id=13628, stack(0x000000b649800000,0x000000b649900000)]
  0x000002567650a000 JavaThread "Cache worker for execution history cache (C:\Users\Bane\Desktop\Faks\ANDROID_PROJEKAT\.gradle\7.0.2\executionHistory)" [_thread_blocked, id=16904, stack(0x000000b649b00000,0x000000b649c00000)]
  0x000002567650e800 JavaThread "WorkerExecutor Queue" [_thread_blocked, id=19568, stack(0x000000b649c00000,0x000000b649d00000)]
  0x000002567650f000 JavaThread "pool-285-thread-1" [_thread_blocked, id=19392, stack(0x000000b649d00000,0x000000b649e00000)]
=>0x00000256731cc800 JavaThread "C2 CompilerThread1" daemon [_thread_in_native, id=12136, stack(0x000000b649e00000,0x000000b649f00000)]
  0x0000025676509800 JavaThread "stderr" [_thread_in_native, id=5860, stack(0x000000b649f00000,0x000000b64a000000)]
  0x0000025676510000 JavaThread "stdout" [_thread_in_native, id=18172, stack(0x000000b64a100000,0x000000b64a200000)]

Other Threads:
  0x000002566ee54000 VMThread "VM Thread" [stack: 0x000000b646c00000,0x000000b646d00000] [id=5672]
  0x000002566f940000 WatcherThread [stack: 0x000000b647600000,0x000000b647700000] [id=14592]
  0x000002565529b800 GCTaskThread "GC Thread#0" [stack: 0x000000b646700000,0x000000b646800000] [id=11684]
  0x000002566fedc000 GCTaskThread "GC Thread#1" [stack: 0x000000b647800000,0x000000b647900000] [id=12192]
  0x000002566fd09000 GCTaskThread "GC Thread#2" [stack: 0x000000b647900000,0x000000b647a00000] [id=13904]
  0x0000025670cf6800 GCTaskThread "GC Thread#3" [stack: 0x000000b648600000,0x000000b648700000] [id=18076]
  0x00000256552cd000 ConcurrentGCThread "G1 Main Marker" [stack: 0x000000b646800000,0x000000b646900000] [id=15932]
  0x00000256552ce800 ConcurrentGCThread "G1 Conc#0" [stack: 0x000000b646900000,0x000000b646a00000] [id=15380]
  0x000002566eca0800 ConcurrentGCThread "G1 Refine#0" [stack: 0x000000b646a00000,0x000000b646b00000] [id=5936]
  0x000002566fcf2800 ConcurrentGCThread "G1 Refine#1" [stack: 0x000000b64a200000,0x000000b64a300000] [id=1096]
  0x000002566eca1000 ConcurrentGCThread "G1 Young RemSet Sampling" [stack: 0x000000b646b00000,0x000000b646c00000] [id=8648]

Threads with active compile tasks:
C2 CompilerThread011172988 35647       4       com.android.tools.r8.internal.Nv::a (455 bytes)
C2 CompilerThread111172988 35601       4       com.android.tools.r8.internal.F7::r (464 bytes)

VM state:not at safepoint (normal execution)

VM Mutex/Monitor currently owned by a thread: None

Heap address: 0x0000000080000000, size: 2048 MB, Compressed Oops mode: 32-bit
Narrow klass base: 0x0000000000000000, Narrow klass shift: 3
Compressed class space size: 1073741824 Address: 0x0000000100000000

Heap:
 garbage-first heap   total 189440K, used 109773K [0x0000000080000000, 0x0000000100000000)
  region size 1024K, 24 young (24576K), 7 survivors (7168K)
 Metaspace       used 123453K, capacity 127930K, committed 128076K, reserved 1161216K
  class space    used 14817K, capacity 16372K, committed 16460K, reserved 1048576K
Heap Regions: E=young(eden), S=young(survivor), O=old, HS=humongous(starts), HC=humongous(continues), CS=collection set, F=free, A=archive, TAMS=top-at-mark-start (previous, next)
|   0|0x0000000080000000, 0x0000000080100000, 0x0000000080100000|100%| O|  |TAMS 0x0000000080100000, 0x0000000080000000| Updating 
|   1|0x0000000080100000, 0x0000000080200000, 0x0000000080200000|100%| O|  |TAMS 0x0000000080200000, 0x0000000080100000| Updating 
|   2|0x0000000080200000, 0x00000000802ffff8, 0x0000000080300000| 99%| O|  |TAMS 0x00000000802ffff8, 0x0000000080200000| Updating 
|   3|0x0000000080300000, 0x0000000080400000, 0x0000000080400000|100%|HS|  |TAMS 0x0000000080400000, 0x0000000080300000| Complete 
|   4|0x0000000080400000, 0x0000000080500000, 0x0000000080500000|100%|HC|  |TAMS 0x0000000080500000, 0x0000000080400000| Complete 
|   5|0x0000000080500000, 0x0000000080600000, 0x0000000080600000|100%|HC|  |TAMS 0x0000000080600000, 0x0000000080500000| Complete 
|   6|0x0000000080600000, 0x0000000080700000, 0x0000000080700000|100%| O|  |TAMS 0x0000000080700000, 0x0000000080600000| Updating 
|   7|0x0000000080700000, 0x0000000080800000, 0x0000000080800000|100%| O|  |TAMS 0x0000000080800000, 0x0000000080700000| Updating 
|   8|0x0000000080800000, 0x0000000080900000, 0x0000000080900000|100%| O|  |TAMS 0x0000000080900000, 0x0000000080800000| Updating 
|   9|0x0000000080900000, 0x0000000080a00000, 0x0000000080a00000|100%| O|  |TAMS 0x0000000080a00000, 0x0000000080900000| Updating 
|  10|0x0000000080a00000, 0x0000000080b00000, 0x0000000080b00000|100%| O|  |TAMS 0x0000000080b00000, 0x0000000080a00000| Updating 
|  11|0x0000000080b00000, 0x0000000080c00000, 0x0000000080c00000|100%| O|  |TAMS 0x0000000080c00000, 0x0000000080b00000| Updating 
|  12|0x0000000080c00000, 0x0000000080d00000, 0x0000000080d00000|100%| O|  |TAMS 0x0000000080d00000, 0x0000000080c00000| Updating 
|  13|0x0000000080d00000, 0x0000000080e00000, 0x0000000080e00000|100%| O|  |TAMS 0x0000000080e00000, 0x0000000080d00000| Updating 
|  14|0x0000000080e00000, 0x0000000080f00000, 0x0000000080f00000|100%| O|  |TAMS 0x0000000080f00000, 0x0000000080e00000| Updating 
|  15|0x0000000080f00000, 0x0000000081000000, 0x0000000081000000|100%| O|  |TAMS 0x0000000081000000, 0x0000000080f00000| Updating 
|  16|0x0000000081000000, 0x0000000081100000, 0x0000000081100000|100%| O|  |TAMS 0x0000000081100000, 0x0000000081000000| Updating 
|  17|0x0000000081100000, 0x0000000081200000, 0x0000000081200000|100%|HS|  |TAMS 0x0000000081200000, 0x0000000081100000| Complete 
|  18|0x0000000081200000, 0x0000000081300000, 0x0000000081300000|100%| O|  |TAMS 0x0000000081300000, 0x0000000081200000| Updating 
|  19|0x0000000081300000, 0x0000000081400000, 0x0000000081400000|100%| O|  |TAMS 0x0000000081400000, 0x0000000081300000| Updating 
|  20|0x0000000081400000, 0x0000000081500000, 0x0000000081500000|100%| O|  |TAMS 0x0000000081500000, 0x0000000081400000| Updating 
|  21|0x0000000081500000, 0x0000000081600000, 0x0000000081600000|100%| O|  |TAMS 0x0000000081600000, 0x0000000081500000| Updating 
|  22|0x0000000081600000, 0x0000000081700000, 0x0000000081700000|100%| O|  |TAMS 0x0000000081700000, 0x0000000081600000| Updating 
|  23|0x0000000081700000, 0x0000000081800000, 0x0000000081800000|100%|HS|  |TAMS 0x0000000081800000, 0x0000000081700000| Complete 
|  24|0x0000000081800000, 0x0000000081900000, 0x0000000081900000|100%|HS|  |TAMS 0x0000000081900000, 0x0000000081800000| Complete 
|  25|0x0000000081900000, 0x0000000081a00000, 0x0000000081a00000|100%|HC|  |TAMS 0x0000000081a00000, 0x0000000081900000| Complete 
|  26|0x0000000081a00000, 0x0000000081b00000, 0x0000000081b00000|100%| O|  |TAMS 0x0000000081b00000, 0x0000000081a00000| Updating 
|  27|0x0000000081b00000, 0x0000000081c00000, 0x0000000081c00000|100%| O|  |TAMS 0x0000000081c00000, 0x0000000081b00000| Updating 
|  28|0x0000000081c00000, 0x0000000081d00000, 0x0000000081d00000|100%| O|  |TAMS 0x0000000081d00000, 0x0000000081c00000| Updating 
|  29|0x0000000081d00000, 0x0000000081e00000, 0x0000000081e00000|100%| O|  |TAMS 0x0000000081e00000, 0x0000000081d00000| Updating 
|  30|0x0000000081e00000, 0x0000000081f00000, 0x0000000081f00000|100%| O|  |TAMS 0x0000000081f00000, 0x0000000081e00000| Updating 
|  31|0x0000000081f00000, 0x0000000082000000, 0x0000000082000000|100%| O|  |TAMS 0x0000000082000000, 0x0000000081f00000| Updating 
|  32|0x0000000082000000, 0x0000000082100000, 0x0000000082100000|100%| O|  |TAMS 0x0000000082100000, 0x0000000082000000| Updating 
|  33|0x0000000082100000, 0x0000000082200000, 0x0000000082200000|100%| O|  |TAMS 0x0000000082200000, 0x0000000082100000| Updating 
|  34|0x0000000082200000, 0x0000000082300000, 0x0000000082300000|100%| O|  |TAMS 0x0000000082300000, 0x0000000082200000| Updating 
|  35|0x0000000082300000, 0x0000000082400000, 0x0000000082400000|100%| O|  |TAMS 0x0000000082400000, 0x0000000082300000| Updating 
|  36|0x0000000082400000, 0x0000000082500000, 0x0000000082500000|100%| O|  |TAMS 0x0000000082500000, 0x0000000082400000| Updating 
|  37|0x0000000082500000, 0x0000000082600000, 0x0000000082600000|100%| O|  |TAMS 0x0000000082600000, 0x0000000082500000| Updating 
|  38|0x0000000082600000, 0x0000000082700000, 0x0000000082700000|100%| O|  |TAMS 0x0000000082700000, 0x0000000082600000| Updating 
|  39|0x0000000082700000, 0x0000000082800000, 0x0000000082800000|100%| O|  |TAMS 0x0000000082800000, 0x0000000082700000| Updating 
|  40|0x0000000082800000, 0x0000000082900000, 0x0000000082900000|100%| O|  |TAMS 0x0000000082900000, 0x0000000082800000| Updating 
|  41|0x0000000082900000, 0x0000000082a00000, 0x0000000082a00000|100%| O|  |TAMS 0x0000000082a00000, 0x0000000082900000| Updating 
|  42|0x0000000082a00000, 0x0000000082b00000, 0x0000000082b00000|100%| O|  |TAMS 0x0000000082b00000, 0x0000000082a00000| Updating 
|  43|0x0000000082b00000, 0x0000000082c00000, 0x0000000082c00000|100%| O|  |TAMS 0x0000000082c00000, 0x0000000082b00000| Updating 
|  44|0x0000000082c00000, 0x0000000082d00000, 0x0000000082d00000|100%| O|  |TAMS 0x0000000082d00000, 0x0000000082c00000| Updating 
|  45|0x0000000082d00000, 0x0000000082e00000, 0x0000000082e00000|100%| O|  |TAMS 0x0000000082e00000, 0x0000000082d00000| Updating 
|  46|0x0000000082e00000, 0x0000000082f00000, 0x0000000082f00000|100%| O|  |TAMS 0x0000000082f00000, 0x0000000082e00000| Updating 
|  47|0x0000000082f00000, 0x0000000082fd5e00, 0x0000000083000000| 83%| O|  |TAMS 0x0000000082fd5e00, 0x0000000082f00000| Updating 
|  48|0x0000000083000000, 0x0000000083000000, 0x0000000083100000|  0%| F|  |TAMS 0x0000000083000000, 0x0000000083000000| Untracked 
|  49|0x0000000083100000, 0x0000000083100000, 0x0000000083200000|  0%| F|  |TAMS 0x0000000083100000, 0x0000000083100000| Untracked 
|  50|0x0000000083200000, 0x0000000083300000, 0x0000000083300000|100%| O|  |TAMS 0x0000000083300000, 0x0000000083200000| Updating 
|  51|0x0000000083300000, 0x0000000083300000, 0x0000000083400000|  0%| F|  |TAMS 0x0000000083300000, 0x0000000083300000| Untracked 
|  52|0x0000000083400000, 0x0000000083400000, 0x0000000083500000|  0%| F|  |TAMS 0x0000000083400000, 0x0000000083400000| Untracked 
|  53|0x0000000083500000, 0x0000000083600000, 0x0000000083600000|100%| O|  |TAMS 0x0000000083600000, 0x0000000083500000| Updating 
|  54|0x0000000083600000, 0x0000000083600000, 0x0000000083700000|  0%| F|  |TAMS 0x0000000083600000, 0x0000000083600000| Untracked 
|  55|0x0000000083700000, 0x0000000083800000, 0x0000000083800000|100%| O|  |TAMS 0x0000000083800000, 0x0000000083700000| Updating 
|  56|0x0000000083800000, 0x0000000083900000, 0x0000000083900000|100%| O|  |TAMS 0x0000000083900000, 0x0000000083800000| Updating 
|  57|0x0000000083900000, 0x0000000083900000, 0x0000000083a00000|  0%| F|  |TAMS 0x0000000083900000, 0x0000000083900000| Untracked 
|  58|0x0000000083a00000, 0x0000000083b00000, 0x0000000083b00000|100%| O|  |TAMS 0x0000000083b00000, 0x0000000083a00000| Updating 
|  59|0x0000000083b00000, 0x0000000083c00000, 0x0000000083c00000|100%| O|  |TAMS 0x0000000083c00000, 0x0000000083b00000| Updating 
|  60|0x0000000083c00000, 0x0000000083d00000, 0x0000000083d00000|100%| O|  |TAMS 0x0000000083d00000, 0x0000000083c00000| Updating 
|  61|0x0000000083d00000, 0x0000000083e00000, 0x0000000083e00000|100%| O|  |TAMS 0x0000000083e00000, 0x0000000083d00000| Updating 
|  62|0x0000000083e00000, 0x0000000083f00000, 0x0000000083f00000|100%| O|  |TAMS 0x0000000083f00000, 0x0000000083e00000| Updating 
|  63|0x0000000083f00000, 0x0000000084000000, 0x0000000084000000|100%| O|  |TAMS 0x0000000084000000, 0x0000000083f00000| Updating 
|  64|0x0000000084000000, 0x0000000084100000, 0x0000000084100000|100%| O|  |TAMS 0x0000000084100000, 0x0000000084000000| Updating 
|  65|0x0000000084100000, 0x0000000084200000, 0x0000000084200000|100%| O|  |TAMS 0x0000000084200000, 0x0000000084100000| Updating 
|  66|0x0000000084200000, 0x0000000084300000, 0x0000000084300000|100%| O|  |TAMS 0x0000000084300000, 0x0000000084200000| Updating 
|  67|0x0000000084300000, 0x0000000084400000, 0x0000000084400000|100%| O|  |TAMS 0x0000000084400000, 0x0000000084300000| Updating 
|  68|0x0000000084400000, 0x0000000084500000, 0x0000000084500000|100%| O|  |TAMS 0x0000000084500000, 0x0000000084400000| Updating 
|  69|0x0000000084500000, 0x0000000084600000, 0x0000000084600000|100%| O|  |TAMS 0x0000000084600000, 0x0000000084500000| Updating 
|  70|0x0000000084600000, 0x0000000084700000, 0x0000000084700000|100%| O|  |TAMS 0x0000000084700000, 0x0000000084600000| Updating 
|  71|0x0000000084700000, 0x0000000084800000, 0x0000000084800000|100%| O|  |TAMS 0x0000000084800000, 0x0000000084700000| Updating 
|  72|0x0000000084800000, 0x0000000084900000, 0x0000000084900000|100%| O|  |TAMS 0x0000000084900000, 0x0000000084800000| Updating 
|  73|0x0000000084900000, 0x0000000084900000, 0x0000000084a00000|  0%| F|  |TAMS 0x0000000084900000, 0x0000000084900000| Untracked 
|  74|0x0000000084a00000, 0x0000000084b00000, 0x0000000084b00000|100%| O|  |TAMS 0x0000000084b00000, 0x0000000084a00000| Updating 
|  75|0x0000000084b00000, 0x0000000084c00000, 0x0000000084c00000|100%| O|  |TAMS 0x0000000084c00000, 0x0000000084b00000| Updating 
|  76|0x0000000084c00000, 0x0000000084d00000, 0x0000000084d00000|100%| O|  |TAMS 0x0000000084d00000, 0x0000000084c00000| Updating 
|  77|0x0000000084d00000, 0x0000000084e00000, 0x0000000084e00000|100%| O|  |TAMS 0x0000000084e00000, 0x0000000084d00000| Updating 
|  78|0x0000000084e00000, 0x0000000084e00000, 0x0000000084f00000|  0%| F|  |TAMS 0x0000000084e00000, 0x0000000084e00000| Untracked 
|  79|0x0000000084f00000, 0x0000000084f00000, 0x0000000085000000|  0%| F|  |TAMS 0x0000000084f00000, 0x0000000084f00000| Untracked 
|  80|0x0000000085000000, 0x0000000085000000, 0x0000000085100000|  0%| F|  |TAMS 0x0000000085000000, 0x0000000085000000| Untracked 
|  81|0x0000000085100000, 0x0000000085200000, 0x0000000085200000|100%| O|  |TAMS 0x0000000085200000, 0x0000000085100000| Updating 
|  82|0x0000000085200000, 0x0000000085300000, 0x0000000085300000|100%| O|  |TAMS 0x0000000085300000, 0x0000000085200000| Updating 
|  83|0x0000000085300000, 0x0000000085400000, 0x0000000085400000|100%| O|  |TAMS 0x0000000085400000, 0x0000000085300000| Updating 
|  84|0x0000000085400000, 0x0000000085400000, 0x0000000085500000|  0%| F|  |TAMS 0x0000000085400000, 0x0000000085400000| Untracked 
|  85|0x0000000085500000, 0x0000000085500000, 0x0000000085600000|  0%| F|  |TAMS 0x0000000085500000, 0x0000000085500000| Untracked 
|  86|0x0000000085600000, 0x0000000085600000, 0x0000000085700000|  0%| F|  |TAMS 0x0000000085600000, 0x0000000085600000| Untracked 
|  87|0x0000000085700000, 0x0000000085800000, 0x0000000085800000|100%| O|  |TAMS 0x0000000085800000, 0x0000000085700000| Updating 
|  88|0x0000000085800000, 0x0000000085800000, 0x0000000085900000|  0%| F|  |TAMS 0x0000000085800000, 0x0000000085800000| Untracked 
|  89|0x0000000085900000, 0x0000000085900000, 0x0000000085a00000|  0%| F|  |TAMS 0x0000000085900000, 0x0000000085900000| Untracked 
|  90|0x0000000085a00000, 0x0000000085a00000, 0x0000000085b00000|  0%| F|  |TAMS 0x0000000085a00000, 0x0000000085a00000| Untracked 
|  91|0x0000000085b00000, 0x0000000085c00000, 0x0000000085c00000|100%| O|  |TAMS 0x0000000085c00000, 0x0000000085b00000| Updating 
|  92|0x0000000085c00000, 0x0000000085c00000, 0x0000000085d00000|  0%| F|  |TAMS 0x0000000085c00000, 0x0000000085c00000| Untracked 
|  93|0x0000000085d00000, 0x0000000085d00000, 0x0000000085e00000|  0%| F|  |TAMS 0x0000000085d00000, 0x0000000085d00000| Untracked 
|  94|0x0000000085e00000, 0x0000000085e00000, 0x0000000085f00000|  0%| F|  |TAMS 0x0000000085e00000, 0x0000000085e00000| Untracked 
|  95|0x0000000085f00000, 0x0000000085f00000, 0x0000000086000000|  0%| F|  |TAMS 0x0000000085f00000, 0x0000000085f00000| Untracked 
|  96|0x0000000086000000, 0x0000000086000000, 0x0000000086100000|  0%| F|  |TAMS 0x0000000086000000, 0x0000000086000000| Untracked 
|  97|0x0000000086100000, 0x0000000086100000, 0x0000000086200000|  0%| F|  |TAMS 0x0000000086100000, 0x0000000086100000| Untracked 
|  98|0x0000000086200000, 0x0000000086200000, 0x0000000086300000|  0%| F|  |TAMS 0x0000000086200000, 0x0000000086200000| Untracked 
|  99|0x0000000086300000, 0x0000000086300000, 0x0000000086400000|  0%| F|  |TAMS 0x0000000086300000, 0x0000000086300000| Untracked 
| 100|0x0000000086400000, 0x0000000086400000, 0x0000000086500000|  0%| F|  |TAMS 0x0000000086400000, 0x0000000086400000| Untracked 
| 101|0x0000000086500000, 0x0000000086600000, 0x0000000086600000|100%| O|  |TAMS 0x0000000086600000, 0x0000000086500000| Updating 
| 102|0x0000000086600000, 0x0000000086700000, 0x0000000086700000|100%| O|  |TAMS 0x0000000086700000, 0x0000000086600000| Updating 
| 103|0x0000000086700000, 0x0000000086800000, 0x0000000086800000|100%| O|  |TAMS 0x0000000086800000, 0x0000000086700000| Updating 
| 104|0x0000000086800000, 0x0000000086900000, 0x0000000086900000|100%| O|  |TAMS 0x0000000086900000, 0x0000000086800000| Updating 
| 105|0x0000000086900000, 0x0000000086900000, 0x0000000086a00000|  0%| F|  |TAMS 0x0000000086900000, 0x0000000086900000| Untracked 
| 106|0x0000000086a00000, 0x0000000086b00000, 0x0000000086b00000|100%| O|  |TAMS 0x0000000086b00000, 0x0000000086a00000| Updating 
| 107|0x0000000086b00000, 0x0000000086c00000, 0x0000000086c00000|100%| O|  |TAMS 0x0000000086c00000, 0x0000000086b00000| Updating 
| 108|0x0000000086c00000, 0x0000000086d00000, 0x0000000086d00000|100%| O|  |TAMS 0x0000000086d00000, 0x0000000086c00000| Updating 
| 109|0x0000000086d00000, 0x0000000086d00000, 0x0000000086e00000|  0%| F|  |TAMS 0x0000000086d00000, 0x0000000086d00000| Untracked 
| 110|0x0000000086e00000, 0x0000000086f00000, 0x0000000086f00000|100%| O|  |TAMS 0x0000000086f00000, 0x0000000086e00000| Updating 
| 111|0x0000000086f00000, 0x0000000087000000, 0x0000000087000000|100%| O|  |TAMS 0x0000000087000000, 0x0000000086f00000| Updating 
| 112|0x0000000087000000, 0x0000000087000000, 0x0000000087100000|  0%| F|  |TAMS 0x0000000087000000, 0x0000000087000000| Untracked 
| 113|0x0000000087100000, 0x0000000087100000, 0x0000000087200000|  0%| F|  |TAMS 0x0000000087100000, 0x0000000087100000| Untracked 
| 114|0x0000000087200000, 0x0000000087200000, 0x0000000087300000|  0%| F|  |TAMS 0x0000000087200000, 0x0000000087200000| Untracked 
| 115|0x0000000087300000, 0x0000000087300000, 0x0000000087400000|  0%| F|  |TAMS 0x0000000087300000, 0x0000000087300000| Untracked 
| 116|0x0000000087400000, 0x0000000087400000, 0x0000000087500000|  0%| F|  |TAMS 0x0000000087400000, 0x0000000087400000| Untracked 
| 117|0x0000000087500000, 0x0000000087500000, 0x0000000087600000|  0%| F|  |TAMS 0x0000000087500000, 0x0000000087500000| Untracked 
| 118|0x0000000087600000, 0x0000000087600000, 0x0000000087700000|  0%| F|  |TAMS 0x0000000087600000, 0x0000000087600000| Untracked 
| 119|0x0000000087700000, 0x0000000087700000, 0x0000000087800000|  0%| F|  |TAMS 0x0000000087700000, 0x0000000087700000| Untracked 
| 120|0x0000000087800000, 0x0000000087800000, 0x0000000087900000|  0%| F|  |TAMS 0x0000000087800000, 0x0000000087800000| Untracked 
| 121|0x0000000087900000, 0x000000008795d890, 0x0000000087a00000| 36%| S|CS|TAMS 0x0000000087900000, 0x0000000087900000| Complete 
| 122|0x0000000087a00000, 0x0000000087b00000, 0x0000000087b00000|100%| S|CS|TAMS 0x0000000087a00000, 0x0000000087a00000| Complete 
| 123|0x0000000087b00000, 0x0000000087c00000, 0x0000000087c00000|100%| S|CS|TAMS 0x0000000087b00000, 0x0000000087b00000| Complete 
| 124|0x0000000087c00000, 0x0000000087d00000, 0x0000000087d00000|100%| S|CS|TAMS 0x0000000087c00000, 0x0000000087c00000| Complete 
| 125|0x0000000087d00000, 0x0000000087e00000, 0x0000000087e00000|100%| S|CS|TAMS 0x0000000087d00000, 0x0000000087d00000| Complete 
| 126|0x0000000087e00000, 0x0000000087f00000, 0x0000000087f00000|100%| S|CS|TAMS 0x0000000087e00000, 0x0000000087e00000| Complete 
| 127|0x0000000087f00000, 0x0000000088000000, 0x0000000088000000|100%| S|CS|TAMS 0x0000000087f00000, 0x0000000087f00000| Complete 
| 128|0x0000000088000000, 0x0000000088000000, 0x0000000088100000|  0%| F|  |TAMS 0x0000000088000000, 0x0000000088000000| Untracked 
| 129|0x0000000088100000, 0x0000000088100000, 0x0000000088200000|  0%| F|  |TAMS 0x0000000088100000, 0x0000000088100000| Untracked 
| 130|0x0000000088200000, 0x0000000088200000, 0x0000000088300000|  0%| F|  |TAMS 0x0000000088200000, 0x0000000088200000| Untracked 
| 131|0x0000000088300000, 0x0000000088300000, 0x0000000088400000|  0%| F|  |TAMS 0x0000000088300000, 0x0000000088300000| Untracked 
| 132|0x0000000088400000, 0x0000000088400000, 0x0000000088500000|  0%| F|  |TAMS 0x0000000088400000, 0x0000000088400000| Untracked 
| 133|0x0000000088500000, 0x0000000088500000, 0x0000000088600000|  0%| F|  |TAMS 0x0000000088500000, 0x0000000088500000| Untracked 
| 134|0x0000000088600000, 0x0000000088600000, 0x0000000088700000|  0%| F|  |TAMS 0x0000000088600000, 0x0000000088600000| Untracked 
| 135|0x0000000088700000, 0x0000000088700000, 0x0000000088800000|  0%| F|  |TAMS 0x0000000088700000, 0x0000000088700000| Untracked 
| 136|0x0000000088800000, 0x0000000088800000, 0x0000000088900000|  0%| F|  |TAMS 0x0000000088800000, 0x0000000088800000| Untracked 
| 137|0x0000000088900000, 0x0000000088900000, 0x0000000088a00000|  0%| F|  |TAMS 0x0000000088900000, 0x0000000088900000| Untracked 
| 138|0x0000000088a00000, 0x0000000088a00000, 0x0000000088b00000|  0%| F|  |TAMS 0x0000000088a00000, 0x0000000088a00000| Untracked 
| 139|0x0000000088b00000, 0x0000000088b00000, 0x0000000088c00000|  0%| F|  |TAMS 0x0000000088b00000, 0x0000000088b00000| Untracked 
| 140|0x0000000088c00000, 0x0000000088c00000, 0x0000000088d00000|  0%| F|  |TAMS 0x0000000088c00000, 0x0000000088c00000| Untracked 
| 141|0x0000000088d00000, 0x0000000088d00000, 0x0000000088e00000|  0%| F|  |TAMS 0x0000000088d00000, 0x0000000088d00000| Untracked 
| 142|0x0000000088e00000, 0x0000000088e00000, 0x0000000088f00000|  0%| F|  |TAMS 0x0000000088e00000, 0x0000000088e00000| Untracked 
| 143|0x0000000088f00000, 0x0000000088f00000, 0x0000000089000000|  0%| F|  |TAMS 0x0000000088f00000, 0x0000000088f00000| Untracked 
| 144|0x0000000089000000, 0x0000000089000000, 0x0000000089100000|  0%| F|  |TAMS 0x0000000089000000, 0x0000000089000000| Untracked 
| 145|0x0000000089100000, 0x0000000089100000, 0x0000000089200000|  0%| F|  |TAMS 0x0000000089100000, 0x0000000089100000| Untracked 
| 146|0x0000000089200000, 0x0000000089200000, 0x0000000089300000|  0%| F|  |TAMS 0x0000000089200000, 0x0000000089200000| Untracked 
| 147|0x0000000089300000, 0x0000000089300000, 0x0000000089400000|  0%| F|  |TAMS 0x0000000089300000, 0x0000000089300000| Untracked 
| 148|0x0000000089400000, 0x0000000089400000, 0x0000000089500000|  0%| F|  |TAMS 0x0000000089400000, 0x0000000089400000| Untracked 
| 149|0x0000000089500000, 0x0000000089500000, 0x0000000089600000|  0%| F|  |TAMS 0x0000000089500000, 0x0000000089500000| Untracked 
| 150|0x0000000089600000, 0x0000000089600000, 0x0000000089700000|  0%| F|  |TAMS 0x0000000089600000, 0x0000000089600000| Untracked 
| 151|0x0000000089700000, 0x0000000089700000, 0x0000000089800000|  0%| F|  |TAMS 0x0000000089700000, 0x0000000089700000| Untracked 
| 152|0x0000000089800000, 0x0000000089800000, 0x0000000089900000|  0%| F|  |TAMS 0x0000000089800000, 0x0000000089800000| Untracked 
| 153|0x0000000089900000, 0x0000000089900000, 0x0000000089a00000|  0%| F|  |TAMS 0x0000000089900000, 0x0000000089900000| Untracked 
| 154|0x0000000089a00000, 0x0000000089a00000, 0x0000000089b00000|  0%| F|  |TAMS 0x0000000089a00000, 0x0000000089a00000| Untracked 
| 155|0x0000000089b00000, 0x0000000089b00000, 0x0000000089c00000|  0%| F|  |TAMS 0x0000000089b00000, 0x0000000089b00000| Untracked 
| 156|0x0000000089c00000, 0x0000000089c00000, 0x0000000089d00000|  0%| F|  |TAMS 0x0000000089c00000, 0x0000000089c00000| Untracked 
| 157|0x0000000089d00000, 0x0000000089d00000, 0x0000000089e00000|  0%| F|  |TAMS 0x0000000089d00000, 0x0000000089d00000| Untracked 
| 158|0x0000000089e00000, 0x0000000089e00000, 0x0000000089f00000|  0%| F|  |TAMS 0x0000000089e00000, 0x0000000089e00000| Untracked 
| 159|0x0000000089f00000, 0x0000000089f00000, 0x000000008a000000|  0%| F|  |TAMS 0x0000000089f00000, 0x0000000089f00000| Untracked 
| 160|0x000000008a000000, 0x000000008a000000, 0x000000008a100000|  0%| F|  |TAMS 0x000000008a000000, 0x000000008a000000| Untracked 
| 161|0x000000008a100000, 0x000000008a100000, 0x000000008a200000|  0%| F|  |TAMS 0x000000008a100000, 0x000000008a100000| Untracked 
| 162|0x000000008a200000, 0x000000008a200000, 0x000000008a300000|  0%| F|  |TAMS 0x000000008a200000, 0x000000008a200000| Untracked 
| 163|0x000000008a300000, 0x000000008a300000, 0x000000008a400000|  0%| F|  |TAMS 0x000000008a300000, 0x000000008a300000| Untracked 
| 164|0x000000008a400000, 0x000000008a400000, 0x000000008a500000|  0%| F|  |TAMS 0x000000008a400000, 0x000000008a400000| Untracked 
| 165|0x000000008a500000, 0x000000008a500000, 0x000000008a600000|  0%| F|  |TAMS 0x000000008a500000, 0x000000008a500000| Untracked 
| 166|0x000000008a600000, 0x000000008a600000, 0x000000008a700000|  0%| F|  |TAMS 0x000000008a600000, 0x000000008a600000| Untracked 
| 167|0x000000008a700000, 0x000000008a7572f0, 0x000000008a800000| 34%| E|  |TAMS 0x000000008a700000, 0x000000008a700000| Complete 
| 168|0x000000008a800000, 0x000000008a900000, 0x000000008a900000|100%| E|CS|TAMS 0x000000008a800000, 0x000000008a800000| Complete 
| 169|0x000000008a900000, 0x000000008aa00000, 0x000000008aa00000|100%| E|CS|TAMS 0x000000008a900000, 0x000000008a900000| Complete 
| 170|0x000000008aa00000, 0x000000008ab00000, 0x000000008ab00000|100%| E|CS|TAMS 0x000000008aa00000, 0x000000008aa00000| Complete 
| 171|0x000000008ab00000, 0x000000008ac00000, 0x000000008ac00000|100%| E|CS|TAMS 0x000000008ab00000, 0x000000008ab00000| Complete 
| 172|0x000000008ac00000, 0x000000008ad00000, 0x000000008ad00000|100%| E|CS|TAMS 0x000000008ac00000, 0x000000008ac00000| Complete 
| 173|0x000000008ad00000, 0x000000008ae00000, 0x000000008ae00000|100%| E|CS|TAMS 0x000000008ad00000, 0x000000008ad00000| Complete 
| 174|0x000000008ae00000, 0x000000008af00000, 0x000000008af00000|100%| E|CS|TAMS 0x000000008ae00000, 0x000000008ae00000| Complete 
| 175|0x000000008af00000, 0x000000008b000000, 0x000000008b000000|100%| E|CS|TAMS 0x000000008af00000, 0x000000008af00000| Complete 
| 176|0x000000008b000000, 0x000000008b100000, 0x000000008b100000|100%| E|CS|TAMS 0x000000008b000000, 0x000000008b000000| Complete 
| 177|0x000000008b100000, 0x000000008b200000, 0x000000008b200000|100%| E|CS|TAMS 0x000000008b100000, 0x000000008b100000| Complete 
| 178|0x000000008b200000, 0x000000008b300000, 0x000000008b300000|100%| E|CS|TAMS 0x000000008b200000, 0x000000008b200000| Complete 
| 179|0x000000008b300000, 0x000000008b400000, 0x000000008b400000|100%| E|CS|TAMS 0x000000008b300000, 0x000000008b300000| Complete 
| 180|0x000000008b400000, 0x000000008b500000, 0x000000008b500000|100%| E|CS|TAMS 0x000000008b400000, 0x000000008b400000| Complete 
| 181|0x000000008b500000, 0x000000008b600000, 0x000000008b600000|100%| E|CS|TAMS 0x000000008b500000, 0x000000008b500000| Complete 
| 182|0x000000008b600000, 0x000000008b700000, 0x000000008b700000|100%| E|CS|TAMS 0x000000008b600000, 0x000000008b600000| Complete 
| 183|0x000000008b700000, 0x000000008b800000, 0x000000008b800000|100%| E|CS|TAMS 0x000000008b700000, 0x000000008b700000| Complete 
| 184|0x000000008b800000, 0x000000008b900000, 0x000000008b900000|100%| E|CS|TAMS 0x000000008b800000, 0x000000008b800000| Complete 

Card table byte_map: [0x0000025668170000,0x0000025668570000] _byte_map_base: 0x0000025667d70000

Marking Bits (Prev, Next): (CMBitMap*) 0x00000256552c4700, (CMBitMap*) 0x00000256552c46c8
 Prev Bits: [0x000002566a970000, 0x000002566c970000)
 Next Bits: [0x0000025668970000, 0x000002566a970000)

Polling page: 0x0000025653230000

Metaspace:

Usage:
  Non-class:    108.94 MB capacity,   106.09 MB ( 97%) used,     2.33 MB (  2%) free+waste,   533.63 KB ( <1%) overhead. 
      Class:     15.99 MB capacity,    14.47 MB ( 91%) used,     1.30 MB (  8%) free+waste,   223.19 KB (  1%) overhead. 
       Both:    124.93 MB capacity,   120.56 MB ( 97%) used,     3.63 MB (  3%) free+waste,   756.81 KB ( <1%) overhead. 

Virtual space:
  Non-class space:      110.00 MB reserved,     109.00 MB (>99%) committed 
      Class space:        1.00 GB reserved,      16.07 MB (  2%) committed 
             Both:        1.11 GB reserved,     125.07 MB ( 11%) committed 

Chunk freelists:
   Non-Class:  58.00 KB
       Class:  76.00 KB
        Both:  134.00 KB

MaxMetaspaceSize: 17179869184.00 GB
CompressedClassSpaceSize: 1.00 GB

CodeHeap 'non-profiled nmethods': size=120064Kb used=32949Kb max_used=34532Kb free=87114Kb
 bounds [0x0000025660830000, 0x00000256629f0000, 0x0000025667d70000]
CodeHeap 'profiled nmethods': size=120000Kb used=63107Kb max_used=64126Kb free=56892Kb
 bounds [0x0000025659300000, 0x000002565d2c0000, 0x0000025660830000]
CodeHeap 'non-nmethods': size=5696Kb used=2340Kb max_used=2423Kb free=3355Kb
 bounds [0x0000025658d70000, 0x0000025658fe0000, 0x0000025659300000]
 total_blobs=29746 nmethods=28793 adapters=863
 compilation: enabled
              stopped_count=0, restarted_count=0
 full_count=0

Compilation events (20 events):
Event: 11172.734 Thread 0x000002566ee87000 nmethod 35660 0x0000025659840b10 code [0x0000025659840cc0, 0x0000025659840f98]
Event: 11172.736 Thread 0x000002566ee87000 35661       2       com.android.tools.r8.internal.F7::b (48 bytes)
Event: 11172.736 Thread 0x000002566ee87000 nmethod 35661 0x0000025659869290 code [0x0000025659869460, 0x00000256598696e8]
Event: 11172.736 Thread 0x000002566ee87000 35662       3       com.android.tools.r8.internal.XC::b (268 bytes)
Event: 11172.738 Thread 0x000002566ee87000 nmethod 35662 0x000002565a942790 code [0x000002565a942be0, 0x000002565a944cb8]
Event: 11172.738 Thread 0x000002566ee87000 35663       2       com.android.tools.r8.internal.l9::b (10 bytes)
Event: 11172.738 Thread 0x000002566ee87000 nmethod 35663 0x000002565975bd10 code [0x000002565975bec0, 0x000002565975c018]
Event: 11172.738 Thread 0x000002566ee87000 35664       2       com.android.tools.r8.code.I2::a (8 bytes)
Event: 11172.739 Thread 0x000002566ee87000 nmethod 35664 0x0000025659776910 code [0x0000025659776ac0, 0x0000025659776bc8]
Event: 11172.744 Thread 0x000002566ee87000 35665       2       com.android.tools.r8.internal.Me::a (133 bytes)
Event: 11172.745 Thread 0x000002566ee87000 nmethod 35665 0x0000025659a01d90 code [0x0000025659a02020, 0x0000025659a02618]
Event: 11172.748 Thread 0x000002566ee87000 35667       2       com.android.tools.r8.internal.i2::a (189 bytes)
Event: 11172.749 Thread 0x000002566ee87000 nmethod 35667 0x000002565a042010 code [0x000002565a042340, 0x000002565a042fe8]
Event: 11172.758 Thread 0x000002566ee87000 35668       2       com.android.tools.r8.internal.Tr::a (282 bytes)
Event: 11172.760 Thread 0x000002566ee87000 nmethod 35668 0x000002565a17e690 code [0x000002565a17e9e0, 0x000002565a17f6b8]
Event: 11172.760 Thread 0x000002566ee87000 35670       3       com.android.tools.r8.internal.ka::a (1420 bytes)
Event: 11172.770 Thread 0x000002566ee87000 nmethod 35670 0x000002565d280810 code [0x000002565d281960, 0x000002565d28eb28]
Event: 11172.770 Thread 0x000002566ee87000 35676       3       com.android.tools.r8.internal.Me::a (3140 bytes)
Event: 11172.819 Thread 0x000002566ee87000 nmethod 35676 0x000002565d293510 code [0x000002565d2952e0, 0x000002565d2aa9a8]
Event: 11172.819 Thread 0x000002566ee87000 35672       2       com.android.tools.r8.internal.y4::a (591 bytes)

GC Heap History (20 events):
Event: 10409.484 GC heap before
{Heap before GC invocations=560 (full 0):
 garbage-first heap   total 189440K, used 145119K [0x0000000080000000, 0x0000000100000000)
  region size 1024K, 46 young (47104K), 1 survivors (1024K)
 Metaspace       used 122456K, capacity 126940K, committed 127308K, reserved 1161216K
  class space    used 14683K, capacity 16252K, committed 16460K, reserved 1048576K
}
Event: 10409.491 GC heap after
{Heap after GC invocations=561 (full 0):
 garbage-first heap   total 189440K, used 101850K [0x0000000080000000, 0x0000000100000000)
  region size 1024K, 4 young (4096K), 4 survivors (4096K)
 Metaspace       used 122456K, capacity 126940K, committed 127308K, reserved 1161216K
  class space    used 14683K, capacity 16252K, committed 16460K, reserved 1048576K
}
Event: 10574.662 GC heap before
{Heap before GC invocations=562 (full 0):
 garbage-first heap   total 189440K, used 155098K [0x0000000080000000, 0x0000000100000000)
  region size 1024K, 49 young (50176K), 4 survivors (4096K)
 Metaspace       used 122457K, capacity 126940K, committed 127308K, reserved 1161216K
  class space    used 14683K, capacity 16252K, committed 16460K, reserved 1048576K
}
Event: 10574.670 GC heap after
{Heap after GC invocations=563 (full 0):
 garbage-first heap   total 189440K, used 104498K [0x0000000080000000, 0x0000000100000000)
  region size 1024K, 6 young (6144K), 6 survivors (6144K)
 Metaspace       used 122457K, capacity 126940K, committed 127308K, reserved 1161216K
  class space    used 14683K, capacity 16252K, committed 16460K, reserved 1048576K
}
Event: 10574.685 GC heap before
{Heap before GC invocations=563 (full 0):
 garbage-first heap   total 189440K, used 107570K [0x0000000080000000, 0x0000000100000000)
  region size 1024K, 9 young (9216K), 6 survivors (6144K)
 Metaspace       used 122457K, capacity 126940K, committed 127308K, reserved 1161216K
  class space    used 14683K, capacity 16252K, committed 16460K, reserved 1048576K
}
Event: 10574.693 GC heap after
{Heap after GC invocations=564 (full 0):
 garbage-first heap   total 189440K, used 98181K [0x0000000080000000, 0x0000000100000000)
  region size 1024K, 1 young (1024K), 1 survivors (1024K)
 Metaspace       used 122457K, capacity 126940K, committed 127308K, reserved 1161216K
  class space    used 14683K, capacity 16252K, committed 16460K, reserved 1048576K
}
Event: 10574.875 GC heap before
{Heap before GC invocations=564 (full 0):
 garbage-first heap   total 189440K, used 130949K [0x0000000080000000, 0x0000000100000000)
  region size 1024K, 35 young (35840K), 1 survivors (1024K)
 Metaspace       used 122464K, capacity 126940K, committed 127308K, reserved 1161216K
  class space    used 14683K, capacity 16252K, committed 16460K, reserved 1048576K
}
Event: 10574.898 GC heap after
{Heap after GC invocations=565 (full 0):
 garbage-first heap   total 189440K, used 102440K [0x0000000080000000, 0x0000000100000000)
  region size 1024K, 5 young (5120K), 5 survivors (5120K)
 Metaspace       used 122464K, capacity 126940K, committed 127308K, reserved 1161216K
  class space    used 14683K, capacity 16252K, committed 16460K, reserved 1048576K
}
Event: 10575.188 GC heap before
{Heap before GC invocations=566 (full 0):
 garbage-first heap   total 189440K, used 148520K [0x0000000080000000, 0x0000000100000000)
  region size 1024K, 50 young (51200K), 5 survivors (5120K)
 Metaspace       used 122466K, capacity 126941K, committed 127308K, reserved 1161216K
  class space    used 14683K, capacity 16252K, committed 16460K, reserved 1048576K
}
Event: 10575.193 GC heap after
{Heap after GC invocations=567 (full 0):
 garbage-first heap   total 189440K, used 102953K [0x0000000080000000, 0x0000000100000000)
  region size 1024K, 2 young (2048K), 2 survivors (2048K)
 Metaspace       used 122466K, capacity 126941K, committed 127308K, reserved 1161216K
  class space    used 14683K, capacity 16252K, committed 16460K, reserved 1048576K
}
Event: 10575.212 GC heap before
{Heap before GC invocations=567 (full 0):
 garbage-first heap   total 189440K, used 110121K [0x0000000080000000, 0x0000000100000000)
  region size 1024K, 9 young (9216K), 2 survivors (2048K)
 Metaspace       used 122467K, capacity 126942K, committed 127308K, reserved 1161216K
  class space    used 14683K, capacity 16252K, committed 16460K, reserved 1048576K
}
Event: 10575.217 GC heap after
{Heap after GC invocations=568 (full 0):
 garbage-first heap   total 189440K, used 85309K [0x0000000080000000, 0x0000000100000000)
  region size 1024K, 1 young (1024K), 1 survivors (1024K)
 Metaspace       used 122467K, capacity 126942K, committed 127308K, reserved 1161216K
  class space    used 14683K, capacity 16252K, committed 16460K, reserved 1048576K
}
Event: 10575.278 GC heap before
{Heap before GC invocations=568 (full 0):
 garbage-first heap   total 189440K, used 97597K [0x0000000080000000, 0x0000000100000000)
  region size 1024K, 15 young (15360K), 1 survivors (1024K)
 Metaspace       used 122470K, capacity 126942K, committed 127308K, reserved 1161216K
  class space    used 14683K, capacity 16252K, committed 16460K, reserved 1048576K
}
Event: 10575.281 GC heap after
{Heap after GC invocations=569 (full 0):
 garbage-first heap   total 189440K, used 85009K [0x0000000080000000, 0x0000000100000000)
  region size 1024K, 1 young (1024K), 1 survivors (1024K)
 Metaspace       used 122470K, capacity 126942K, committed 127308K, reserved 1161216K
  class space    used 14683K, capacity 16252K, committed 16460K, reserved 1048576K
}
Event: 11171.698 GC heap before
{Heap before GC invocations=570 (full 0):
 garbage-first heap   total 189440K, used 150545K [0x0000000080000000, 0x0000000100000000)
  region size 1024K, 58 young (59392K), 1 survivors (1024K)
 Metaspace       used 122709K, capacity 127149K, committed 127564K, reserved 1161216K
  class space    used 14705K, capacity 16255K, committed 16460K, reserved 1048576K
}
Event: 11171.708 GC heap after
{Heap after GC invocations=571 (full 0):
 garbage-first heap   total 189440K, used 89684K [0x0000000080000000, 0x0000000100000000)
  region size 1024K, 6 young (6144K), 6 survivors (6144K)
 Metaspace       used 122709K, capacity 127149K, committed 127564K, reserved 1161216K
  class space    used 14705K, capacity 16255K, committed 16460K, reserved 1048576K
}
Event: 11171.848 GC heap before
{Heap before GC invocations=571 (full 0):
 garbage-first heap   total 189440K, used 92756K [0x0000000080000000, 0x0000000100000000)
  region size 1024K, 9 young (9216K), 6 survivors (6144K)
 Metaspace       used 122757K, capacity 127213K, committed 127564K, reserved 1161216K
  class space    used 14708K, capacity 16255K, committed 16460K, reserved 1048576K
}
Event: 11171.853 GC heap after
{Heap after GC invocations=572 (full 0):
 garbage-first heap   total 189440K, used 89719K [0x0000000080000000, 0x0000000100000000)
  region size 1024K, 1 young (1024K), 1 survivors (1024K)
 Metaspace       used 122757K, capacity 127213K, committed 127564K, reserved 1161216K
  class space    used 14708K, capacity 16255K, committed 16460K, reserved 1048576K
}
Event: 11172.779 GC heap before
{Heap before GC invocations=572 (full 0):
 garbage-first heap   total 189440K, used 146039K [0x0000000080000000, 0x0000000100000000)
  region size 1024K, 57 young (58368K), 1 survivors (1024K)
 Metaspace       used 123420K, capacity 127842K, committed 128076K, reserved 1161216K
  class space    used 14812K, capacity 16364K, committed 16460K, reserved 1048576K
}
Event: 11172.809 GC heap after
{Heap after GC invocations=573 (full 0):
 garbage-first heap   total 189440K, used 95437K [0x0000000080000000, 0x0000000100000000)
  region size 1024K, 7 young (7168K), 7 survivors (7168K)
 Metaspace       used 123420K, capacity 127842K, committed 128076K, reserved 1161216K
  class space    used 14812K, capacity 16364K, committed 16460K, reserved 1048576K
}

Deoptimization events (20 events):
Event: 11172.734 Thread 0x0000025676508000 DEOPT PACKING pc=0x0000025661f9b19c sp=0x000000b6492faa70
Event: 11172.734 Thread 0x0000025676508000 DEOPT UNPACKING pc=0x0000025658d978af sp=0x000000b6492faac0 mode 2
Event: 11172.742 Thread 0x0000025676508000 Uncommon trap: trap_request=0xffffff4d fr.pc=0x00000256627493e8 relative=0x0000000000005c88
Event: 11172.742 Thread 0x0000025676508000 Uncommon trap: reason=unstable_if action=reinterpret pc=0x00000256627493e8 method=com.android.tools.r8.internal.ka.a()Lcom/android/tools/r8/graph/E; @ 670 c2
Event: 11172.742 Thread 0x0000025676508000 DEOPT PACKING pc=0x00000256627493e8 sp=0x000000b6492fac40
Event: 11172.742 Thread 0x0000025676508000 DEOPT UNPACKING pc=0x0000025658d978af sp=0x000000b6492fac40 mode 2
Event: 11172.746 Thread 0x0000025676508000 Uncommon trap: trap_request=0xffffff4d fr.pc=0x00000256629b93bc relative=0x000000000000061c
Event: 11172.746 Thread 0x0000025676508000 Uncommon trap: reason=unstable_if action=reinterpret pc=0x00000256629b93bc method=com.android.tools.r8.internal.tz.a(Lcom/android/tools/r8/internal/wz;)Lcom/android/tools/r8/internal/xz; @ 35 c2
Event: 11172.746 Thread 0x0000025676508000 DEOPT PACKING pc=0x00000256629b93bc sp=0x000000b6492fab20
Event: 11172.746 Thread 0x0000025676508000 DEOPT UNPACKING pc=0x0000025658d978af sp=0x000000b6492faaf8 mode 2
Event: 11172.748 Thread 0x0000025676508000 Uncommon trap: trap_request=0xffffffde fr.pc=0x0000025661df8568 relative=0x0000000000005148
Event: 11172.748 Thread 0x0000025676508000 Uncommon trap: reason=class_check action=maybe_recompile pc=0x0000025661df8568 method=com.android.tools.r8.internal.Tr.a(Lcom/android/tools/r8/internal/Gg;)Z @ 93 c2
Event: 11172.748 Thread 0x0000025676508000 DEOPT PACKING pc=0x0000025661df8568 sp=0x000000b6492fa9a0
Event: 11172.758 Thread 0x0000025676508000 DEOPT UNPACKING pc=0x0000025658d978af sp=0x000000b6492fa998 mode 2
Event: 11172.758 Thread 0x0000025676508000 Uncommon trap: trap_request=0xffffffde fr.pc=0x0000025661df8568 relative=0x0000000000005148
Event: 11172.758 Thread 0x0000025676508000 Uncommon trap: reason=class_check action=maybe_recompile pc=0x0000025661df8568 method=com.android.tools.r8.internal.Tr.a(Lcom/android/tools/r8/internal/Gg;)Z @ 93 c2
Event: 11172.758 Thread 0x0000025676508000 DEOPT PACKING pc=0x0000025661df8568 sp=0x000000b6492fa9a0
Event: 11172.758 Thread 0x0000025676508000 DEOPT UNPACKING pc=0x0000025658d978af sp=0x000000b6492fa998 mode 2
Event: 11172.769 Thread 0x0000025676508000 DEOPT PACKING pc=0x000002565c073e42 sp=0x000000b6492faa00
Event: 11172.769 Thread 0x0000025676508000 DEOPT UNPACKING pc=0x0000025658d976ce sp=0x000000b6492fa288 mode 0

Classes redefined (0 events):
No events

Internal exceptions (20 events):
Event: 10575.255 Thread 0x00000256737b9000 Exception <a 'sun/nio/fs/WindowsException'{0x000000008adc2c30}> (0x000000008adc2c30) thrown at [./src/hotspot/share/prims/jni.cpp, line 615]
Event: 10575.260 Thread 0x00000256737b9000 Exception <a 'sun/nio/fs/WindowsException'{0x000000008acf3df8}> (0x000000008acf3df8) thrown at [./src/hotspot/share/prims/jni.cpp, line 615]
Event: 11170.504 Thread 0x00000256737bc800 Exception <a 'sun/nio/fs/WindowsException'{0x0000000089ab7ee0}> (0x0000000089ab7ee0) thrown at [./src/hotspot/share/prims/jni.cpp, line 615]
Event: 11170.528 Thread 0x00000256737bc800 Exception <a 'java/lang/NoClassDefFoundError'{0x0000000089755108}: org/jetbrains/kotlin/gradle/plugin/KotlinBasePluginWrapper> (0x0000000089755108) thrown at [./src/hotspot/share/oops/constantPool.cpp, line 775]
Event: 11170.595 Thread 0x00000256737bc800 Exception <a 'sun/nio/fs/WindowsException'{0x000000008956c570}> (0x000000008956c570) thrown at [./src/hotspot/share/prims/jni.cpp, line 615]
Event: 11170.607 Thread 0x00000256737bc800 Exception <a 'sun/nio/fs/WindowsException'{0x000000008940c990}> (0x000000008940c990) thrown at [./src/hotspot/share/prims/jni.cpp, line 615]
Event: 11170.608 Thread 0x00000256737bc800 Exception <a 'sun/nio/fs/WindowsException'{0x000000008940d918}> (0x000000008940d918) thrown at [./src/hotspot/share/prims/jni.cpp, line 615]
Event: 11170.608 Thread 0x00000256737bc800 Exception <a 'sun/nio/fs/WindowsException'{0x000000008940e8f0}> (0x000000008940e8f0) thrown at [./src/hotspot/share/prims/jni.cpp, line 615]
Event: 11170.608 Thread 0x00000256737bc800 Exception <a 'sun/nio/fs/WindowsException'{0x000000008940f8c8}> (0x000000008940f8c8) thrown at [./src/hotspot/share/prims/jni.cpp, line 615]
Event: 11171.544 Thread 0x00000256737bc800 Exception <a 'java/lang/NoSuchMethodError'{0x000000008847d7c0}: <clinit>> (0x000000008847d7c0) thrown at [./src/hotspot/share/prims/jni.cpp, line 1362]
Event: 11172.030 Thread 0x0000025676508000 Exception <a 'sun/nio/fs/WindowsException'{0x000000008a812c08}> (0x000000008a812c08) thrown at [./src/hotspot/share/prims/jni.cpp, line 615]
Event: 11172.048 Thread 0x000002567650e800 Exception <a 'java/lang/NoSuchMethodError'{0x000000008a817be8}: 'void java.lang.invoke.DirectMethodHandle$Holder.invokeStatic(java.lang.Object, long)'> (0x000000008a817be8) thrown at [./src/hotspot/share/interpreter/linkResolver.cpp, line 773]
Event: 11172.061 Thread 0x000002567650e800 Exception <a 'java/lang/NoSuchMethodError'{0x000000008a8227c8}: 'java.lang.Object java.lang.invoke.DirectMethodHandle$Holder.invokeStaticInit(java.lang.Object, java.lang.Object, long, java.lang.Object)'> (0x000000008a8227c8) thrown at [./src/hotspot/share/interpreter/linkResolver.cpp, line 773]
Event: 11172.112 Thread 0x000002567650e800 Exception <a 'java/lang/NoSuchMethodError'{0x000000008a828a08}: 'java.lang.Object java.lang.invoke.DirectMethodHandle$Holder.invokeStatic(java.lang.Object, java.lang.Object, long)'> (0x000000008a828a08) thrown at [./src/hotspot/share/interpreter/linkResolver.cpp, line 773]
Event: 11172.121 Thread 0x000002567650e800 Exception <a 'java/lang/NoSuchMethodError'{0x000000008a147ee0}: 'java.lang.Object java.lang.invoke.Invokers$Holder.linkToTargetMethod(java.lang.Object, long, java.lang.Object)'> (0x000000008a147ee0) thrown at [./src/hotspot/share/interpreter/linkResolver.cpp, line 773]
Event: 11172.203 Thread 0x0000025676508000 Exception <a 'java/lang/NoSuchMethodError'{0x0000000089e02050}: 'java.lang.Object java.lang.invoke.DirectMethodHandle$Holder.invokeStatic(java.lang.Object, int, java.lang.Object, java.lang.Object)'> (0x0000000089e02050) thrown at [./src/hotspot/share/interpreter/linkResolver.cpp, line 773]
Event: 11172.324 Thread 0x0000025676508000 Implicit null exception at 0x00000256627d2d8a to 0x00000256627dbdf8
Event: 11172.325 Thread 0x0000025676508000 Implicit null exception at 0x000002566243fe4d to 0x0000025662446bdc
Event: 11172.361 Thread 0x0000025676508000 Implicit null exception at 0x000002566277a61a to 0x000002566277acfc
Event: 11172.711 Thread 0x000002567650e800 Exception <a 'java/lang/NoSuchMethodError'{0x0000000088328fd8}: 'int java.lang.invoke.DirectMethodHandle$Holder.invokeSpecialIFC(java.lang.Object, java.lang.Object, java.lang.Object)'> (0x0000000088328fd8) thrown at [./src/hotspot/share/interpreter/linkResolver.cpp, line 773]

Events (20 events):
Event: 11172.534 Thread 0x000002566ee93000 flushing nmethod 0x000002565ca32990
Event: 11172.539 Thread 0x000002566ee93000 flushing nmethod 0x000002565cae3110
Event: 11172.539 Thread 0x000002566ee93000 flushing nmethod 0x000002565cb39690
Event: 11172.540 Thread 0x000002566ee93000 flushing nmethod 0x000002565cb7b390
Event: 11172.540 Thread 0x000002566ee93000 flushing nmethod 0x000002565cc2b410
Event: 11172.541 Thread 0x000002566ee93000 flushing nmethod 0x000002565cc7ae90
Event: 11172.541 Thread 0x000002566ee93000 flushing nmethod 0x000002565cc84d90
Event: 11172.541 Thread 0x000002566ee93000 flushing nmethod 0x000002565ccb4910
Event: 11172.677 loading class com/android/tools/r8/internal/Lp
Event: 11172.677 loading class com/android/tools/r8/internal/Lp done
Event: 11172.681 loading class com/android/builder/internal/aapt/AaptUtils
Event: 11172.681 loading class com/android/builder/internal/aapt/AaptUtils done
Event: 11172.710 loading class com/google/common/collect/Iterables$4
Event: 11172.710 loading class com/google/common/collect/Iterables$4 done
Event: 11172.722 Executing VM operation: RevokeBias
Event: 11172.728 Executing VM operation: RevokeBias done
Event: 11172.739 loading class com/android/tools/r8/internal/ia
Event: 11172.739 loading class com/android/tools/r8/internal/ia done
Event: 11172.779 Executing VM operation: G1CollectForAllocation
Event: 11172.809 Executing VM operation: G1CollectForAllocation done


Dynamic libraries:
0x00007ff669b00000 - 0x00007ff669b0a000 	C:\Program Files\Android\Android Studio1\jre\bin\java.exe
0x00007ffdca490000 - 0x00007ffdca685000 	C:\WINDOWS\SYSTEM32\ntdll.dll
0x00007ffd9e560000 - 0x00007ffd9e576000 	C:\Program Files\Avast Software\Avast\aswhook.dll
0x00007ffdc86a0000 - 0x00007ffdc875e000 	C:\WINDOWS\System32\KERNEL32.DLL
0x00007ffdc7e10000 - 0x00007ffdc80d8000 	C:\WINDOWS\System32\KERNELBASE.dll
0x00007ffdc7cc0000 - 0x00007ffdc7dc0000 	C:\WINDOWS\System32\ucrtbase.dll
0x00007ffdc3090000 - 0x00007ffdc30a9000 	C:\Program Files\Android\Android Studio1\jre\bin\jli.dll
0x00007ffdc3070000 - 0x00007ffdc3087000 	C:\Program Files\Android\Android Studio1\jre\bin\VCRUNTIME140.dll
0x00007ffdc9480000 - 0x00007ffdc9621000 	C:\WINDOWS\System32\USER32.dll
0x00007ffdc8320000 - 0x00007ffdc8342000 	C:\WINDOWS\System32\win32u.dll
0x00007ffdb38c0000 - 0x00007ffdb3b5a000 	C:\WINDOWS\WinSxS\amd64_microsoft.windows.common-controls_6595b64144ccf1df_6.0.19041.1110_none_60b5254171f9507e\COMCTL32.dll
0x00007ffdc8670000 - 0x00007ffdc869b000 	C:\WINDOWS\System32\GDI32.dll
0x00007ffdc7bb0000 - 0x00007ffdc7cbb000 	C:\WINDOWS\System32\gdi32full.dll
0x00007ffdc84e0000 - 0x00007ffdc857e000 	C:\WINDOWS\System32\msvcrt.dll
0x00007ffdc8350000 - 0x00007ffdc83ed000 	C:\WINDOWS\System32\msvcp_win.dll
0x00007ffdca2e0000 - 0x00007ffdca310000 	C:\WINDOWS\System32\IMM32.DLL
0x00007ffdb98d0000 - 0x00007ffdb996d000 	C:\Program Files\Android\Android Studio1\jre\bin\msvcp140.dll
0x00007ffd6a9b0000 - 0x00007ffd6b47f000 	C:\Program Files\Android\Android Studio1\jre\bin\server\jvm.dll
0x00007ffdca3a0000 - 0x00007ffdca44c000 	C:\WINDOWS\System32\ADVAPI32.dll
0x00007ffdc8b40000 - 0x00007ffdc8bdb000 	C:\WINDOWS\System32\sechost.dll
0x00007ffdca0c0000 - 0x00007ffdca1ea000 	C:\WINDOWS\System32\RPCRT4.dll
0x00007ffdca270000 - 0x00007ffdca278000 	C:\WINDOWS\System32\PSAPI.DLL
0x00007ffdb3220000 - 0x00007ffdb3229000 	C:\WINDOWS\SYSTEM32\WSOCK32.dll
0x00007ffdbf300000 - 0x00007ffdbf327000 	C:\WINDOWS\SYSTEM32\WINMM.dll
0x00007ffdca200000 - 0x00007ffdca26b000 	C:\WINDOWS\System32\WS2_32.dll
0x00007ffdc0dd0000 - 0x00007ffdc0dda000 	C:\WINDOWS\SYSTEM32\VERSION.dll
0x00007ffdc5a90000 - 0x00007ffdc5aa2000 	C:\WINDOWS\SYSTEM32\kernel.appcore.dll
0x00007ffdc1c80000 - 0x00007ffdc1c91000 	C:\Program Files\Android\Android Studio1\jre\bin\verify.dll
0x00007ffdbd5a0000 - 0x00007ffdbd784000 	C:\WINDOWS\SYSTEM32\DBGHELP.DLL
0x00007ffdbd570000 - 0x00007ffdbd59c000 	C:\WINDOWS\SYSTEM32\dbgcore.DLL
0x00007ffdc8450000 - 0x00007ffdc84d3000 	C:\WINDOWS\System32\bcryptPrimitives.dll
0x00007ffdb5420000 - 0x00007ffdb5449000 	C:\Program Files\Android\Android Studio1\jre\bin\java.dll
0x00007ffdc1c70000 - 0x00007ffdc1c7b000 	C:\Program Files\Android\Android Studio1\jre\bin\jimage.dll
0x00007ffdb2f50000 - 0x00007ffdb2f68000 	C:\Program Files\Android\Android Studio1\jre\bin\zip.dll
0x00007ffdc9830000 - 0x00007ffdc9f6f000 	C:\WINDOWS\System32\SHELL32.dll
0x00007ffdc5c90000 - 0x00007ffdc6420000 	C:\WINDOWS\SYSTEM32\windows.storage.dll
0x00007ffdc9120000 - 0x00007ffdc9475000 	C:\WINDOWS\System32\combase.dll
0x00007ffdc7520000 - 0x00007ffdc754e000 	C:\WINDOWS\SYSTEM32\Wldp.dll
0x00007ffdca010000 - 0x00007ffdca0bd000 	C:\WINDOWS\System32\SHCORE.dll
0x00007ffdca280000 - 0x00007ffdca2d5000 	C:\WINDOWS\System32\shlwapi.dll
0x00007ffdc7af0000 - 0x00007ffdc7b0f000 	C:\WINDOWS\SYSTEM32\profapi.dll
0x00007ffdb2f30000 - 0x00007ffdb2f4a000 	C:\Program Files\Android\Android Studio1\jre\bin\net.dll
0x00007ffdc0160000 - 0x00007ffdc026c000 	C:\WINDOWS\SYSTEM32\WINHTTP.dll
0x00007ffdc7300000 - 0x00007ffdc736a000 	C:\WINDOWS\system32\mswsock.dll
0x00007ffdb2f10000 - 0x00007ffdb2f24000 	C:\Program Files\Android\Android Studio1\jre\bin\nio.dll
0x00007ffdc35f0000 - 0x00007ffdc3617000 	C:\Users\Bane\.gradle\native\8bec1ad78214c89d9ad589b4d07fe93259594b29d510b10fafb7a158f7737e5d\windows-amd64\native-platform.dll
0x00007ffdb9970000 - 0x00007ffdb9aad000 	C:\Users\Bane\.gradle\native\53dbd7edfb1c66fb8903c78663c9afc45aea4f116125fa6feffd364cf09443e8\windows-amd64\native-platform-file-events.dll
0x00007ffdc1c60000 - 0x00007ffdc1c6a000 	C:\Program Files\Android\Android Studio1\jre\bin\management.dll
0x00007ffdc0e10000 - 0x00007ffdc0e1c000 	C:\Program Files\Android\Android Studio1\jre\bin\management_ext.dll
0x00007ffdc7860000 - 0x00007ffdc7878000 	C:\WINDOWS\SYSTEM32\CRYPTSP.dll
0x00007ffdc6c30000 - 0x00007ffdc6c64000 	C:\WINDOWS\system32\rsaenh.dll
0x00007ffdc80e0000 - 0x00007ffdc8107000 	C:\WINDOWS\System32\bcrypt.dll
0x00007ffdc7a70000 - 0x00007ffdc7a9e000 	C:\WINDOWS\SYSTEM32\USERENV.dll
0x00007ffdc7490000 - 0x00007ffdc749c000 	C:\WINDOWS\SYSTEM32\CRYPTBASE.dll
0x00007ffdc6fc0000 - 0x00007ffdc6ffb000 	C:\WINDOWS\SYSTEM32\IPHLPAPI.DLL
0x00007ffdca1f0000 - 0x00007ffdca1f8000 	C:\WINDOWS\System32\NSI.dll
0x00007ffdc12f0000 - 0x00007ffdc1307000 	C:\WINDOWS\SYSTEM32\dhcpcsvc6.DLL
0x00007ffdc1280000 - 0x00007ffdc129d000 	C:\WINDOWS\SYSTEM32\dhcpcsvc.DLL
0x00007ffdc7010000 - 0x00007ffdc70db000 	C:\WINDOWS\SYSTEM32\DNSAPI.dll

dbghelp: loaded successfully - version: 4.0.5 - missing functions: none
symbol engine: initialized successfully - sym options: 0x614 - pdb path: .;C:\Program Files\Android\Android Studio1\jre\bin;C:\WINDOWS\SYSTEM32;C:\Program Files\Avast Software\Avast;C:\WINDOWS\WinSxS\amd64_microsoft.windows.common-controls_6595b64144ccf1df_6.0.19041.1110_none_60b5254171f9507e;C:\Program Files\Android\Android Studio1\jre\bin\server;C:\Users\Bane\.gradle\native\8bec1ad78214c89d9ad589b4d07fe93259594b29d510b10fafb7a158f7737e5d\windows-amd64;C:\Users\Bane\.gradle\native\53dbd7edfb1c66fb8903c78663c9afc45aea4f116125fa6feffd364cf09443e8\windows-amd64

VM Arguments:
jvm_args: --add-opens=java.base/java.util=ALL-UNNAMED --add-opens=java.base/java.lang=ALL-UNNAMED --add-opens=java.base/java.lang.invoke=ALL-UNNAMED --add-opens=java.base/java.util=ALL-UNNAMED --add-opens=java.prefs/java.util.prefs=ALL-UNNAMED --add-opens=java.prefs/java.util.prefs=ALL-UNNAMED --add-opens=java.base/java.nio.charset=ALL-UNNAMED --add-opens=java.base/java.net=ALL-UNNAMED --add-opens=java.base/java.util.concurrent.atomic=ALL-UNNAMED -Xmx2048m -Dfile.encoding=UTF-8 -Duser.country=US -Duser.language=en -Duser.variant 
java_command: org.gradle.launcher.daemon.bootstrap.GradleDaemon 7.0.2
java_class_path (initial): C:\Users\Bane\.gradle\wrapper\dists\gradle-7.0.2-bin\857tjihv64xamwrf0h14cai3r\gradle-7.0.2\lib\gradle-launcher-7.0.2.jar
Launcher Type: SUN_STANDARD

[Global flags]
     intx CICompilerCount                          = 3                                         {product} {ergonomic}
     uint ConcGCThreads                            = 1                                         {product} {ergonomic}
     uint G1ConcRefinementThreads                  = 4                                         {product} {ergonomic}
   size_t G1HeapRegionSize                         = 1048576                                   {product} {ergonomic}
    uintx GCDrainStackTargetSize                   = 64                                        {product} {ergonomic}
   size_t InitialHeapSize                          = 134217728                                 {product} {ergonomic}
   size_t MarkStackSize                            = 4194304                                   {product} {ergonomic}
   size_t MaxHeapSize                              = 2147483648                                {product} {command line}
   size_t MaxNewSize                               = 1287651328                                {product} {ergonomic}
   size_t MinHeapDeltaBytes                        = 1048576                                   {product} {ergonomic}
    uintx NonNMethodCodeHeapSize                   = 5830732                                {pd product} {ergonomic}
    uintx NonProfiledCodeHeapSize                  = 122913754                              {pd product} {ergonomic}
    uintx ProfiledCodeHeapSize                     = 122913754                              {pd product} {ergonomic}
    uintx ReservedCodeCacheSize                    = 251658240                              {pd product} {ergonomic}
     bool SegmentedCodeCache                       = true                                      {product} {ergonomic}
     bool UseCompressedClassPointers               = true                                 {lp64_product} {ergonomic}
     bool UseCompressedOops                        = true                                 {lp64_product} {ergonomic}
     bool UseG1GC                                  = true                                      {product} {ergonomic}
     bool UseLargePagesIndividualAllocation        = false                                  {pd product} {ergonomic}

Logging:
Log output configuration:
 #0: stdout all=warning uptime,level,tags
 #1: stderr all=off uptime,level,tags

Environment Variables:
JAVA_HOME=D:\Program Files\Java\jdk-17
PATH=D:\Program Files\Python37\Scripts\;D:\Program Files\Python37\;C:\Program Files (x86)\Common Files\Oracle\Java\javapath;C:\Windows\system32;C:\Windows;C:\Windows\System32\Wbem;C:\Windows\System32\WindowsPowerShell\v1.0\;C:\Windows\System32\OpenSSH\;C:\Program Files\NVIDIA Corporation\NVIDIA NvDLISR;C:\Program Files (x86)\NVIDIA Corporation\PhysX\Common;C:\Program Files (x86)\Windows Kits\10\Windows Performance Toolkit\;C:\WINDOWS\system32;C:\WINDOWS;C:\WINDOWS\System32\Wbem;C:\WINDOWS\System32\WindowsPowerShell\v1.0\;C:\WINDOWS\System32\OpenSSH\;D:\Program Files\Java\jdk-17\bin;D:\Program Files\Git\cmd;C:\Users\Bane\AppData\Local\Microsoft\WindowsApps;C:\Users\Bane\AppData\Local\GitHubDesktop\bin;;C:\Users\Bane\AppData\Local\Programs\Microsoft VS Code\bin
USERNAME=Bane
OS=Windows_NT
PROCESSOR_IDENTIFIER=AMD64 Family 23 Model 8 Stepping 2, AuthenticAMD



---------------  S Y S T E M  ---------------

OS: Windows 10 , 64 bit Build 19041 (10.0.19041.1348)
OS uptime: 21 days 17:59 hours
Hyper-V role detected

CPU:total 4 (initial active 4) (4 cores per cpu, 1 threads per core) family 23 model 8 stepping 2 microcode 0x0, cmov, cx8, fxsr, mmx, sse, sse2, sse3, ssse3, sse4.1, sse4.2, popcnt, avx, avx2, aes, clmul, mmxext, 3dnowpref, lzcnt, sse4a, tsc, tscinvbit, tscinv, bmi1, bmi2, adx, sha, f

Memory: 4k page, system-wide physical 8143M (563M free)
TotalPageFile size 12239M (AvailPageFile size 7M)
current process WorkingSet (physical memory assigned to process): 501M, peak: 566M
current process commit charge ("private bytes"): 617M, peak: 622M

vm_info: OpenJDK 64-Bit Server VM (11.0.10+0-b96-7249189) for windows-amd64 JRE (11.0.10+0-b96-7249189), built on Mar 31 2021 21:44:00 by "builder" with MS VC++ 14.0 (VS2015)

END.
