#
# There is insufficient memory for the Java Runtime Environment to continue.
# Native memory allocation (mmap) failed to map 119537664 bytes for Failed to commit area from 0x000000008e000000 to 0x0000000095200000 of length 119537664.
# Possible reasons:
#   The system is out of physical RAM or swap space
#   The process is running with CompressedOops enabled, and the Java Heap may be blocking the growth of the native heap
# Possible solutions:
#   Reduce memory load on the system
#   Increase physical memory or swap space
#   Check if swap backing store is full
#   Decrease Java heap size (-Xmx/-Xms)
#   Decrease number of Java threads
#   Decrease Java thread stack sizes (-Xss)
#   Set larger code cache with -XX:ReservedCodeCacheSize=
#   JVM is running with Unscaled Compressed Oops mode in which the Java heap is
#     placed in the first 4GB address space. The Java Heap base address is the
#     maximum limit for the native heap growth. Please use -XX:HeapBaseMinAddress
#     to set the Java Heap base and to place the Java Heap above 4GB virtual address.
# This output file may be truncated or incomplete.
#
#  Out of Memory Error (./src/hotspot/os/windows/os_windows.cpp:3301), pid=17788, tid=7172
#
# JRE version: OpenJDK Runtime Environment (11.0.10) (build 11.0.10+0-b96-7249189)
# Java VM: OpenJDK 64-Bit Server VM (11.0.10+0-b96-7249189, mixed mode, tiered, compressed oops, g1 gc, windows-amd64)
# No core dump will be written. Minidumps are not enabled by default on client versions of Windows
#

---------------  S U M M A R Y ------------

Command Line: --add-opens=java.base/java.util=ALL-UNNAMED --add-opens=java.base/java.lang=ALL-UNNAMED --add-opens=java.base/java.lang.invoke=ALL-UNNAMED --add-opens=java.base/java.util=ALL-UNNAMED --add-opens=java.prefs/java.util.prefs=ALL-UNNAMED --add-opens=java.prefs/java.util.prefs=ALL-UNNAMED --add-opens=java.base/java.nio.charset=ALL-UNNAMED --add-opens=java.base/java.net=ALL-UNNAMED --add-opens=java.base/java.util.concurrent.atomic=ALL-UNNAMED -Xmx2048m -Dfile.encoding=UTF-8 -Duser.country=US -Duser.language=en -Duser.variant org.gradle.launcher.daemon.bootstrap.GradleDaemon 7.0.2

Host: AMD Ryzen 3 2300X Quad-Core Processor          , 4 cores, 7G,  Windows 10 , 64 bit Build 19041 (10.0.19041.1348)
Time: Thu Dec  2 21:05:22 2021 Central Europe Standard Time elapsed time: 23463.922743 seconds (0d 6h 31m 3s)

---------------  T H R E A D  ---------------

Current thread (0x000002e67eb04000):  VMThread "VM Thread" [stack: 0x000000f237900000,0x000000f237a00000] [id=7172]

Stack: [0x000000f237900000,0x000000f237a00000]
[error occurred during error reporting (printing stack bounds), id 0xc0000005, EXCEPTION_ACCESS_VIOLATION (0xc0000005) at pc=0x000002e668b30f2d]

Native frames: (J=compiled Java code, j=interpreted, Vv=VM code, C=native code)
V  [jvm.dll+0x5ecfaa]
V  [jvm.dll+0x722bd5]
V  [jvm.dll+0x72412d]
V  [jvm.dll+0x724745]
V  [jvm.dll+0x7246fb]
V  [jvm.dll+0x5ec348]
V  [jvm.dll+0x5ecad8]
C  [ntdll.dll+0xa20cf]
C  [ntdll.dll+0x51454]
C  [ntdll.dll+0xa0bfe]
C  0x000002e668b30f2d

VM_Operation (0x000000f2389f2800): G1CollectForAllocation, mode: safepoint, requested by thread 0x000002e6050a1800


---------------  P R O C E S S  ---------------

Threads class SMR info:
_java_thread_list=0x000002e6099c2020, length=58, elements={
0x000002e665042800, 0x000002e67eb06000, 0x000002e67eb13800, 0x000002e67eb21800,
0x000002e67eb22800, 0x000002e67eb25000, 0x000002e67eb26000, 0x000002e67eb29000,
0x000002e67f4f1000, 0x000002e67f5d5800, 0x000002e601962800, 0x000002e601ebc800,
0x000002e600af9800, 0x000002e601d9e000, 0x000002e601d9e800, 0x000002e601d9f800,
0x000002e601da2000, 0x000002e601d9c000, 0x000002e60344c800, 0x000002e603449000,
0x000002e60344a000, 0x000002e60344d800, 0x000002e60344b000, 0x000002e603453000,
0x000002e603456800, 0x000002e6050a5800, 0x000002e6050a2000, 0x000002e6050a4000,
0x000002e6050a7000, 0x000002e6050a6800, 0x000002e6050a1800, 0x000002e6050a8000,
0x000002e6050a3000, 0x000002e6050a4800, 0x000002e60b30d800, 0x000002e60b310000,
0x000002e60b311800, 0x000002e60b311000, 0x000002e60b312800, 0x000002e60b313800,
0x000002e60b314000, 0x000002e60b30e800, 0x000002e60b30f000, 0x000002e60b318000,
0x000002e60b31a800, 0x000002e60b31b800, 0x000002e60b315800, 0x000002e60b316800,
0x000002e60b317800, 0x000002e603450800, 0x000002e603454000, 0x000002e603454800,
0x000002e603457000, 0x000002e603451800, 0x000002e603458000, 0x000002e603452000,
0x000002e604961000, 0x000002e604962000
}

Java Threads: ( => current thread )
  0x000002e665042800 JavaThread "main" [_thread_blocked, id=2748, stack(0x000000f237300000,0x000000f237400000)]
  0x000002e67eb06000 JavaThread "Reference Handler" daemon [_thread_blocked, id=10964, stack(0x000000f237a00000,0x000000f237b00000)]
  0x000002e67eb13800 JavaThread "Finalizer" daemon [_thread_blocked, id=11808, stack(0x000000f237b00000,0x000000f237c00000)]
  0x000002e67eb21800 JavaThread "Signal Dispatcher" daemon [_thread_blocked, id=9060, stack(0x000000f237c00000,0x000000f237d00000)]
  0x000002e67eb22800 JavaThread "Attach Listener" daemon [_thread_blocked, id=14536, stack(0x000000f237d00000,0x000000f237e00000)]
  0x000002e67eb25000 JavaThread "Service Thread" daemon [_thread_blocked, id=16912, stack(0x000000f237e00000,0x000000f237f00000)]
  0x000002e67eb26000 JavaThread "C2 CompilerThread0" daemon [_thread_blocked, id=3520, stack(0x000000f237f00000,0x000000f238000000)]
  0x000002e67eb29000 JavaThread "C1 CompilerThread0" daemon [_thread_blocked, id=18224, stack(0x000000f238000000,0x000000f238100000)]
  0x000002e67f4f1000 JavaThread "Sweeper thread" daemon [_thread_blocked, id=15780, stack(0x000000f238100000,0x000000f238200000)]
  0x000002e67f5d5800 JavaThread "Common-Cleaner" daemon [_thread_blocked, id=13972, stack(0x000000f238200000,0x000000f238300000)]
  0x000002e601962800 JavaThread "Daemon health stats" [_thread_blocked, id=9976, stack(0x000000f238700000,0x000000f238800000)]
  0x000002e601ebc800 JavaThread "Incoming local TCP Connector on port 55178" [_thread_in_native, id=1492, stack(0x000000f238400000,0x000000f238500000)]
  0x000002e600af9800 JavaThread "Daemon periodic checks" [_thread_blocked, id=5600, stack(0x000000f238800000,0x000000f238900000)]
  0x000002e601d9e000 JavaThread "Cache worker for file hash cache (C:\Users\Bane\.gradle\caches\7.0.2\fileHashes)" [_thread_blocked, id=5728, stack(0x000000f239100000,0x000000f239200000)]
  0x000002e601d9e800 JavaThread "File lock request listener" [_thread_in_native, id=6284, stack(0x000000f239200000,0x000000f239300000)]
  0x000002e601d9f800 JavaThread "Cache worker for journal cache (C:\Users\Bane\.gradle\caches\journal-1)" [_thread_blocked, id=3420, stack(0x000000f239400000,0x000000f239500000)]
  0x000002e601da2000 JavaThread "File watcher server" daemon [_thread_blocked, id=14020, stack(0x000000f239600000,0x000000f239700000)]
  0x000002e601d9c000 JavaThread "File watcher consumer" daemon [_thread_blocked, id=11380, stack(0x000000f239700000,0x000000f239800000)]
  0x000002e60344c800 JavaThread "Cache worker for execution history cache (C:\Users\Bane\.gradle\caches\7.0.2\executionHistory)" [_thread_blocked, id=15220, stack(0x000000f239b00000,0x000000f239c00000)]
  0x000002e603449000 JavaThread "jar transforms" [_thread_blocked, id=2260, stack(0x000000f239c00000,0x000000f239d00000)]
  0x000002e60344a000 JavaThread "jar transforms Thread 2" [_thread_blocked, id=16216, stack(0x000000f239d00000,0x000000f239e00000)]
  0x000002e60344d800 JavaThread "Cache worker for file content cache (C:\Users\Bane\.gradle\caches\7.0.2\fileContent)" [_thread_blocked, id=12768, stack(0x000000f239e00000,0x000000f239f00000)]
  0x000002e60344b000 JavaThread "jar transforms Thread 3" [_thread_blocked, id=16904, stack(0x000000f23a000000,0x000000f23a100000)]
  0x000002e603453000 JavaThread "jar transforms Thread 4" [_thread_blocked, id=10824, stack(0x000000f23a600000,0x000000f23a700000)]
  0x000002e603456800 JavaThread "Memory manager" [_thread_blocked, id=16268, stack(0x000000f23a700000,0x000000f23a800000)]
  0x000002e6050a5800 JavaThread "Cache worker for Java compile cache (C:\Users\Bane\.gradle\caches\7.0.2\javaCompile)" [_thread_blocked, id=12900, stack(0x000000f23ae00000,0x000000f23af00000)]
  0x000002e6050a2000 JavaThread "ForkJoinPool.commonPool-worker-5" daemon [_thread_blocked, id=13060, stack(0x000000f23b200000,0x000000f23b300000)]
  0x000002e6050a4000 JavaThread "Daemon Thread 34" [_thread_blocked, id=12296, stack(0x000000f237000000,0x000000f237100000)]
  0x000002e6050a7000 JavaThread "Handler for socket connection from /127.0.0.1:55178 to /127.0.0.1:54844" [_thread_in_native, id=16052, stack(0x000000f237100000,0x000000f237200000)]
  0x000002e6050a6800 JavaThread "Cancel handler" [_thread_blocked, id=5524, stack(0x000000f237200000,0x000000f237300000)]
  0x000002e6050a1800 JavaThread "Daemon worker Thread 34" [_thread_blocked, id=9212, stack(0x000000f238900000,0x000000f238a00000)]
  0x000002e6050a8000 JavaThread "Asynchronous log dispatcher for DefaultDaemonConnection: socket connection from /127.0.0.1:55178 to /127.0.0.1:54844" [_thread_blocked, id=6656, stack(0x000000f238a00000,0x000000f238b00000)]
  0x000002e6050a3000 JavaThread "Stdin handler" [_thread_blocked, id=18244, stack(0x000000f238b00000,0x000000f238c00000)]
  0x000002e6050a4800 JavaThread "Daemon client event forwarder" [_thread_blocked, id=15784, stack(0x000000f238c00000,0x000000f238d00000)]
  0x000002e60b30d800 JavaThread "Cache worker for file hash cache (C:\Users\Bane\Desktop\Faks\ANDROID_PROJEKAT\.gradle\7.0.2\fileHashes)" [_thread_blocked, id=3000, stack(0x000000f238d00000,0x000000f238e00000)]
  0x000002e60b310000 JavaThread "Cache worker for checksums cache (C:\Users\Bane\Desktop\Faks\ANDROID_PROJEKAT\.gradle\checksums)" [_thread_blocked, id=13380, stack(0x000000f238e00000,0x000000f238f00000)]
  0x000002e60b311800 JavaThread "Cache worker for cache directory md-supplier (C:\Users\Bane\.gradle\caches\7.0.2\md-supplier)" [_thread_blocked, id=12024, stack(0x000000f238f00000,0x000000f239000000)]
  0x000002e60b311000 JavaThread "Cache worker for cache directory md-rule (C:\Users\Bane\.gradle\caches\7.0.2\md-rule)" [_thread_blocked, id=16300, stack(0x000000f239000000,0x000000f239100000)]
  0x000002e60b312800 JavaThread "Cache worker for dependencies-accessors (C:\Users\Bane\Desktop\Faks\ANDROID_PROJEKAT\.gradle\7.0.2\dependencies-accessors)" [_thread_blocked, id=14652, stack(0x000000f239500000,0x000000f239600000)]
  0x000002e60b313800 JavaThread "Cache worker for Build Output Cleanup Cache (C:\Users\Bane\Desktop\Faks\ANDROID_PROJEKAT\.gradle\buildOutputCleanup)" [_thread_blocked, id=17220, stack(0x000000f239800000,0x000000f239900000)]
  0x000002e60b314000 JavaThread "Build operations" [_thread_blocked, id=3336, stack(0x000000f239900000,0x000000f239a00000)]
  0x000002e60b30e800 JavaThread "Build operations Thread 2" [_thread_blocked, id=11092, stack(0x000000f239a00000,0x000000f239b00000)]
  0x000002e60b30f000 JavaThread "Build operations Thread 3" [_thread_blocked, id=4060, stack(0x000000f239f00000,0x000000f23a000000)]
  0x000002e60b318000 JavaThread "Build operations Thread 4" [_thread_blocked, id=4660, stack(0x000000f23a100000,0x000000f23a200000)]
  0x000002e60b31a800 JavaThread "build event listener" [_thread_blocked, id=11548, stack(0x000000f23a300000,0x000000f23a400000)]
  0x000002e60b31b800 JavaThread "Execution worker for ':'" [_thread_blocked, id=9520, stack(0x000000f23a400000,0x000000f23a500000)]
  0x000002e60b315800 JavaThread "Execution worker for ':' Thread 2" [_thread_blocked, id=9132, stack(0x000000f23a500000,0x000000f23a600000)]
  0x000002e60b316800 JavaThread "Execution worker for ':' Thread 3" [_thread_blocked, id=3960, stack(0x000000f23a800000,0x000000f23a900000)]
  0x000002e60b317800 JavaThread "Cache worker for execution history cache (C:\Users\Bane\Desktop\Faks\ANDROID_PROJEKAT\.gradle\7.0.2\executionHistory)" [_thread_blocked, id=16704, stack(0x000000f23a900000,0x000000f23aa00000)]
  0x000002e603450800 JavaThread "WorkerExecutor Queue" [_thread_blocked, id=14424, stack(0x000000f23aa00000,0x000000f23ab00000)]
  0x000002e603454000 JavaThread "pool-112-thread-1" [_thread_blocked, id=16176, stack(0x000000f23a200000,0x000000f23a300000)]
  0x000002e603454800 JavaThread "stderr" [_thread_in_native, id=15596, stack(0x000000f23ab00000,0x000000f23ac00000)]
  0x000002e603457000 JavaThread "stdout" [_thread_in_native, id=3536, stack(0x000000f23ac00000,0x000000f23ad00000)]
  0x000002e603451800 JavaThread "WorkerExecutor Queue Thread 2" [_thread_blocked, id=18216, stack(0x000000f23ad00000,0x000000f23ae00000)]
  0x000002e603458000 JavaThread "WorkerExecutor Queue Thread 3" [_thread_blocked, id=8440, stack(0x000000f23af00000,0x000000f23b000000)]
  0x000002e603452000 JavaThread "WorkerExecutor Queue Thread 4" [_thread_blocked, id=2220, stack(0x000000f23b000000,0x000000f23b100000)]
  0x000002e604961000 JavaThread "C2 CompilerThread1" daemon [_thread_blocked, id=6324, stack(0x000000f23b700000,0x000000f23b800000)]
  0x000002e604962000 JavaThread "Cache worker for Java compile cache (C:\Users\Bane\Desktop\Faks\ANDROID_PROJEKAT\.gradle\7.0.2\javaCompile)" [_thread_blocked, id=2708, stack(0x000000f23b100000,0x000000f23b200000)]

Other Threads:
=>0x000002e67eb04000 VMThread "VM Thread" [stack: 0x000000f237900000,0x000000f237a00000] [id=7172]
  0x000002e67f5f2800 WatcherThread [stack: 0x000000f238300000,0x000000f238400000] [id=14972]
  0x000002e66505a800 GCTaskThread "GC Thread#0" [stack: 0x000000f237400000,0x000000f237500000] [id=13520]
  0x000002e60074b800 GCTaskThread "GC Thread#1" [stack: 0x000000f238500000,0x000000f238600000] [id=11620]
  0x000002e67f6af000 GCTaskThread "GC Thread#2" [stack: 0x000000f238600000,0x000000f238700000] [id=5528]
  0x000002e6008d2000 GCTaskThread "GC Thread#3" [stack: 0x000000f239300000,0x000000f239400000] [id=15664]
  0x000002e66508e000 ConcurrentGCThread "G1 Main Marker" [stack: 0x000000f237500000,0x000000f237600000] [id=16936]
  0x000002e66508f000 ConcurrentGCThread "G1 Conc#0" [stack: 0x000000f237600000,0x000000f237700000] [id=5500]
  0x000002e67e960800 ConcurrentGCThread "G1 Refine#0" [stack: 0x000000f237700000,0x000000f237800000] [id=17580]
  0x000002e67e961800 ConcurrentGCThread "G1 Young RemSet Sampling" [stack: 0x000000f237800000,0x000000f237900000] [id=17864]

Threads with active compile tasks:
C2 CompilerThread123463994 35268       4       com.sun.tools.javac.code.Types::closureMin (229 bytes)

VM state:at safepoint (normal execution)

VM Mutex/Monitor currently owned by a thread:  ([mutex/lock_event])
[0x000002e66503f850] Threads_lock - owner thread: 0x000002e67eb04000
[0x000002e66503fb20] Heap_lock - owner thread: 0x000002e6050a1800

Heap address: 0x0000000080000000, size: 2048 MB, Compressed Oops mode: 32-bit
Narrow klass base: 0x0000000000000000, Narrow klass shift: 3
Compressed class space size: 1073741824 Address: 0x0000000100000000

Heap:
 garbage-first heap   total 346112K, used 153527K [0x0000000080000000, 0x0000000100000000)
  region size 1024K, 3 young (3072K), 3 survivors (3072K)
 Metaspace       used 141026K, capacity 145676K, committed 146236K, reserved 1177600K
  class space    used 17102K, capacity 18785K, committed 19004K, reserved 1048576K
Heap Regions: E=young(eden), S=young(survivor), O=old, HS=humongous(starts), HC=humongous(continues), CS=collection set, F=free, A=archive, TAMS=top-at-mark-start (previous, next)
|   0|0x0000000080000000, 0x0000000080100000, 0x0000000080100000|100%| O|  |TAMS 0x0000000080100000, 0x0000000080100000| Untracked 
|   1|0x0000000080100000, 0x0000000080200000, 0x0000000080200000|100%| O|  |TAMS 0x0000000080200000, 0x0000000080200000| Untracked 
|   2|0x0000000080200000, 0x0000000080300000, 0x0000000080300000|100%| O|  |TAMS 0x0000000080300000, 0x0000000080300000| Untracked 
|   3|0x0000000080300000, 0x0000000080400000, 0x0000000080400000|100%|HS|  |TAMS 0x0000000080400000, 0x0000000080400000| Complete 
|   4|0x0000000080400000, 0x0000000080500000, 0x0000000080500000|100%|HC|  |TAMS 0x0000000080500000, 0x0000000080500000| Complete 
|   5|0x0000000080500000, 0x0000000080600000, 0x0000000080600000|100%|HC|  |TAMS 0x0000000080600000, 0x0000000080600000| Complete 
|   6|0x0000000080600000, 0x0000000080700000, 0x0000000080700000|100%| O|  |TAMS 0x0000000080700000, 0x0000000080700000| Untracked 
|   7|0x0000000080700000, 0x0000000080800000, 0x0000000080800000|100%| O|  |TAMS 0x0000000080800000, 0x0000000080800000| Untracked 
|   8|0x0000000080800000, 0x0000000080900000, 0x0000000080900000|100%| O|  |TAMS 0x0000000080900000, 0x0000000080900000| Untracked 
|   9|0x0000000080900000, 0x0000000080a00000, 0x0000000080a00000|100%| O|  |TAMS 0x0000000080a00000, 0x0000000080a00000| Untracked 
|  10|0x0000000080a00000, 0x0000000080b00000, 0x0000000080b00000|100%| O|  |TAMS 0x0000000080b00000, 0x0000000080b00000| Untracked 
|  11|0x0000000080b00000, 0x0000000080c00000, 0x0000000080c00000|100%| O|  |TAMS 0x0000000080c00000, 0x0000000080c00000| Untracked 
|  12|0x0000000080c00000, 0x0000000080d00000, 0x0000000080d00000|100%| O|  |TAMS 0x0000000080d00000, 0x0000000080d00000| Untracked 
|  13|0x0000000080d00000, 0x0000000080e00000, 0x0000000080e00000|100%| O|  |TAMS 0x0000000080e00000, 0x0000000080e00000| Untracked 
|  14|0x0000000080e00000, 0x0000000080f00000, 0x0000000080f00000|100%| O|  |TAMS 0x0000000080f00000, 0x0000000080f00000| Untracked 
|  15|0x0000000080f00000, 0x0000000081000000, 0x0000000081000000|100%| O|  |TAMS 0x0000000081000000, 0x0000000081000000| Untracked 
|  16|0x0000000081000000, 0x0000000081100000, 0x0000000081100000|100%|HS|  |TAMS 0x0000000081100000, 0x0000000081100000| Complete 
|  17|0x0000000081100000, 0x0000000081200000, 0x0000000081200000|100%| O|  |TAMS 0x0000000081200000, 0x0000000081200000| Untracked 
|  18|0x0000000081200000, 0x0000000081300000, 0x0000000081300000|100%| O|  |TAMS 0x0000000081300000, 0x0000000081300000| Untracked 
|  19|0x0000000081300000, 0x0000000081400000, 0x0000000081400000|100%| O|  |TAMS 0x0000000081400000, 0x0000000081400000| Untracked 
|  20|0x0000000081400000, 0x0000000081500000, 0x0000000081500000|100%| O|  |TAMS 0x0000000081500000, 0x0000000081500000| Untracked 
|  21|0x0000000081500000, 0x0000000081600000, 0x0000000081600000|100%| O|  |TAMS 0x0000000081600000, 0x0000000081600000| Untracked 
|  22|0x0000000081600000, 0x0000000081700000, 0x0000000081700000|100%| O|  |TAMS 0x0000000081700000, 0x0000000081700000| Untracked 
|  23|0x0000000081700000, 0x0000000081800000, 0x0000000081800000|100%|HS|  |TAMS 0x0000000081800000, 0x0000000081800000| Complete 
|  24|0x0000000081800000, 0x0000000081900000, 0x0000000081900000|100%|HS|  |TAMS 0x0000000081900000, 0x0000000081900000| Complete 
|  25|0x0000000081900000, 0x0000000081a00000, 0x0000000081a00000|100%|HC|  |TAMS 0x0000000081a00000, 0x0000000081a00000| Complete 
|  26|0x0000000081a00000, 0x0000000081b00000, 0x0000000081b00000|100%| O|  |TAMS 0x0000000081b00000, 0x0000000081b00000| Untracked 
|  27|0x0000000081b00000, 0x0000000081c00000, 0x0000000081c00000|100%| O|  |TAMS 0x0000000081b00000, 0x0000000081c00000| Untracked 
|  28|0x0000000081c00000, 0x0000000081d00000, 0x0000000081d00000|100%| O|  |TAMS 0x0000000081d00000, 0x0000000081d00000| Untracked 
|  29|0x0000000081d00000, 0x0000000081e00000, 0x0000000081e00000|100%| O|  |TAMS 0x0000000081e00000, 0x0000000081e00000| Untracked 
|  30|0x0000000081e00000, 0x0000000081f00000, 0x0000000081f00000|100%| O|  |TAMS 0x0000000081f00000, 0x0000000081f00000| Untracked 
|  31|0x0000000081f00000, 0x0000000082000000, 0x0000000082000000|100%| O|  |TAMS 0x0000000082000000, 0x0000000082000000| Untracked 
|  32|0x0000000082000000, 0x0000000082100000, 0x0000000082100000|100%| O|  |TAMS 0x0000000082000000, 0x0000000082100000| Untracked 
|  33|0x0000000082100000, 0x0000000082200000, 0x0000000082200000|100%| O|  |TAMS 0x0000000082200000, 0x0000000082200000| Untracked 
|  34|0x0000000082200000, 0x0000000082300000, 0x0000000082300000|100%| O|  |TAMS 0x0000000082300000, 0x0000000082300000| Untracked 
|  35|0x0000000082300000, 0x0000000082400000, 0x0000000082400000|100%| O|  |TAMS 0x0000000082400000, 0x0000000082400000| Untracked 
|  36|0x0000000082400000, 0x0000000082500000, 0x0000000082500000|100%| O|  |TAMS 0x0000000082500000, 0x0000000082500000| Untracked 
|  37|0x0000000082500000, 0x0000000082500000, 0x0000000082600000|  0%| F|  |TAMS 0x0000000082500000, 0x0000000082500000| Untracked 
|  38|0x0000000082600000, 0x0000000082700000, 0x0000000082700000|100%| O|  |TAMS 0x0000000082600000, 0x0000000082700000| Untracked 
|  39|0x0000000082700000, 0x0000000082800000, 0x0000000082800000|100%| O|  |TAMS 0x0000000082800000, 0x0000000082800000| Untracked 
|  40|0x0000000082800000, 0x0000000082900000, 0x0000000082900000|100%| O|  |TAMS 0x0000000082900000, 0x0000000082900000| Untracked 
|  41|0x0000000082900000, 0x0000000082a00000, 0x0000000082a00000|100%|HS|  |TAMS 0x0000000082a00000, 0x0000000082a00000| Complete 
|  42|0x0000000082a00000, 0x0000000082b00000, 0x0000000082b00000|100%| O|  |TAMS 0x0000000082b00000, 0x0000000082b00000| Untracked 
|  43|0x0000000082b00000, 0x0000000082c00000, 0x0000000082c00000|100%| O|  |TAMS 0x0000000082c00000, 0x0000000082c00000| Untracked 
|  44|0x0000000082c00000, 0x0000000082d00000, 0x0000000082d00000|100%| O|  |TAMS 0x0000000082c00000, 0x0000000082d00000| Untracked 
|  45|0x0000000082d00000, 0x0000000082e00000, 0x0000000082e00000|100%| O|  |TAMS 0x0000000082e00000, 0x0000000082e00000| Untracked 
|  46|0x0000000082e00000, 0x0000000082f00000, 0x0000000082f00000|100%| O|  |TAMS 0x0000000082f00000, 0x0000000082f00000| Untracked 
|  47|0x0000000082f00000, 0x0000000083000000, 0x0000000083000000|100%|HS|  |TAMS 0x0000000082f00000, 0x0000000083000000| Complete 
|  48|0x0000000083000000, 0x0000000083100000, 0x0000000083100000|100%|HC|  |TAMS 0x0000000083000000, 0x0000000083100000| Complete 
|  49|0x0000000083100000, 0x0000000083200000, 0x0000000083200000|100%| O|  |TAMS 0x0000000083200000, 0x0000000083200000| Untracked 
|  50|0x0000000083200000, 0x0000000083300000, 0x0000000083300000|100%| O|  |TAMS 0x0000000083300000, 0x0000000083300000| Untracked 
|  51|0x0000000083300000, 0x0000000083400000, 0x0000000083400000|100%| O|  |TAMS 0x0000000083300000, 0x0000000083400000| Untracked 
|  52|0x0000000083400000, 0x0000000083500000, 0x0000000083500000|100%| O|  |TAMS 0x0000000083400000, 0x0000000083500000| Untracked 
|  53|0x0000000083500000, 0x0000000083600000, 0x0000000083600000|100%| O|  |TAMS 0x0000000083600000, 0x0000000083600000| Untracked 
|  54|0x0000000083600000, 0x0000000083700000, 0x0000000083700000|100%| O|  |TAMS 0x0000000083700000, 0x0000000083700000| Untracked 
|  55|0x0000000083700000, 0x0000000083800000, 0x0000000083800000|100%| O|  |TAMS 0x0000000083800000, 0x0000000083800000| Untracked 
|  56|0x0000000083800000, 0x0000000083900000, 0x0000000083900000|100%| O|  |TAMS 0x0000000083800000, 0x0000000083900000| Untracked 
|  57|0x0000000083900000, 0x0000000083a00000, 0x0000000083a00000|100%| O|  |TAMS 0x0000000083a00000, 0x0000000083a00000| Untracked 
|  58|0x0000000083a00000, 0x0000000083a00000, 0x0000000083b00000|  0%| F|  |TAMS 0x0000000083a00000, 0x0000000083a00000| Untracked 
|  59|0x0000000083b00000, 0x0000000083c00000, 0x0000000083c00000|100%| O|  |TAMS 0x0000000083c00000, 0x0000000083c00000| Untracked 
|  60|0x0000000083c00000, 0x0000000083d00000, 0x0000000083d00000|100%| O|  |TAMS 0x0000000083d00000, 0x0000000083d00000| Untracked 
|  61|0x0000000083d00000, 0x0000000083e00000, 0x0000000083e00000|100%| O|  |TAMS 0x0000000083e00000, 0x0000000083e00000| Untracked 
|  62|0x0000000083e00000, 0x0000000083f00000, 0x0000000083f00000|100%| O|  |TAMS 0x0000000083f00000, 0x0000000083f00000| Untracked 
|  63|0x0000000083f00000, 0x0000000084000000, 0x0000000084000000|100%| O|  |TAMS 0x0000000084000000, 0x0000000084000000| Untracked 
|  64|0x0000000084000000, 0x0000000084100000, 0x0000000084100000|100%| O|  |TAMS 0x0000000084100000, 0x0000000084100000| Untracked 
|  65|0x0000000084100000, 0x0000000084100000, 0x0000000084200000|  0%| F|  |TAMS 0x0000000084100000, 0x0000000084100000| Untracked 
|  66|0x0000000084200000, 0x0000000084300000, 0x0000000084300000|100%| O|  |TAMS 0x0000000084300000, 0x0000000084300000| Untracked 
|  67|0x0000000084300000, 0x0000000084400000, 0x0000000084400000|100%| O|  |TAMS 0x0000000084300000, 0x0000000084400000| Untracked 
|  68|0x0000000084400000, 0x0000000084500000, 0x0000000084500000|100%| O|  |TAMS 0x0000000084500000, 0x0000000084500000| Untracked 
|  69|0x0000000084500000, 0x0000000084600000, 0x0000000084600000|100%| O|  |TAMS 0x0000000084500000, 0x0000000084600000| Untracked 
|  70|0x0000000084600000, 0x0000000084700000, 0x0000000084700000|100%| O|  |TAMS 0x0000000084700000, 0x0000000084700000| Untracked 
|  71|0x0000000084700000, 0x0000000084800000, 0x0000000084800000|100%| O|  |TAMS 0x0000000084800000, 0x0000000084800000| Untracked 
|  72|0x0000000084800000, 0x0000000084900000, 0x0000000084900000|100%| O|  |TAMS 0x0000000084800000, 0x0000000084900000| Untracked 
|  73|0x0000000084900000, 0x0000000084a00000, 0x0000000084a00000|100%| O|  |TAMS 0x0000000084900000, 0x0000000084a00000| Untracked 
|  74|0x0000000084a00000, 0x0000000084b00000, 0x0000000084b00000|100%| O|  |TAMS 0x0000000084b00000, 0x0000000084b00000| Untracked 
|  75|0x0000000084b00000, 0x0000000084c00000, 0x0000000084c00000|100%| O|  |TAMS 0x0000000084c00000, 0x0000000084c00000| Untracked 
|  76|0x0000000084c00000, 0x0000000084d00000, 0x0000000084d00000|100%| O|  |TAMS 0x0000000084d00000, 0x0000000084d00000| Untracked 
|  77|0x0000000084d00000, 0x0000000084e00000, 0x0000000084e00000|100%| O|  |TAMS 0x0000000084e00000, 0x0000000084e00000| Untracked 
|  78|0x0000000084e00000, 0x0000000084eedc00, 0x0000000084f00000| 92%| O|  |TAMS 0x0000000084e00000, 0x0000000084eedc00| Untracked 
|  79|0x0000000084f00000, 0x0000000085000000, 0x0000000085000000|100%| O|  |TAMS 0x0000000085000000, 0x0000000085000000| Untracked 
|  80|0x0000000085000000, 0x0000000085100000, 0x0000000085100000|100%| O|  |TAMS 0x0000000085100000, 0x0000000085100000| Untracked 
|  81|0x0000000085100000, 0x0000000085200000, 0x0000000085200000|100%| O|  |TAMS 0x0000000085200000, 0x0000000085200000| Untracked 
|  82|0x0000000085200000, 0x0000000085300000, 0x0000000085300000|100%|HS|  |TAMS 0x0000000085300000, 0x0000000085300000| Complete 
|  83|0x0000000085300000, 0x0000000085400000, 0x0000000085400000|100%|HC|  |TAMS 0x0000000085400000, 0x0000000085400000| Complete 
|  84|0x0000000085400000, 0x0000000085500000, 0x0000000085500000|100%|HS|  |TAMS 0x0000000085500000, 0x0000000085500000| Complete 
|  85|0x0000000085500000, 0x0000000085600000, 0x0000000085600000|100%|HC|  |TAMS 0x0000000085600000, 0x0000000085600000| Complete 
|  86|0x0000000085600000, 0x0000000085700000, 0x0000000085700000|100%|HC|  |TAMS 0x0000000085700000, 0x0000000085700000| Complete 
|  87|0x0000000085700000, 0x0000000085800000, 0x0000000085800000|100%| O|  |TAMS 0x0000000085700000, 0x0000000085800000| Untracked 
|  88|0x0000000085800000, 0x0000000085800000, 0x0000000085900000|  0%| F|  |TAMS 0x0000000085800000, 0x0000000085800000| Untracked 
|  89|0x0000000085900000, 0x0000000085a00000, 0x0000000085a00000|100%| O|  |TAMS 0x0000000085a00000, 0x0000000085a00000| Untracked 
|  90|0x0000000085a00000, 0x0000000085b00000, 0x0000000085b00000|100%| O|  |TAMS 0x0000000085b00000, 0x0000000085b00000| Untracked 
|  91|0x0000000085b00000, 0x0000000085c00000, 0x0000000085c00000|100%|HS|  |TAMS 0x0000000085c00000, 0x0000000085c00000| Complete 
|  92|0x0000000085c00000, 0x0000000085d00000, 0x0000000085d00000|100%|HC|  |TAMS 0x0000000085d00000, 0x0000000085d00000| Complete 
|  93|0x0000000085d00000, 0x0000000085e00000, 0x0000000085e00000|100%|HC|  |TAMS 0x0000000085e00000, 0x0000000085e00000| Complete 
|  94|0x0000000085e00000, 0x0000000085f00000, 0x0000000085f00000|100%|HC|  |TAMS 0x0000000085f00000, 0x0000000085f00000| Complete 
|  95|0x0000000085f00000, 0x0000000086000000, 0x0000000086000000|100%|HC|  |TAMS 0x0000000086000000, 0x0000000086000000| Complete 
|  96|0x0000000086000000, 0x0000000086100000, 0x0000000086100000|100%| O|  |TAMS 0x0000000086100000, 0x0000000086100000| Untracked 
|  97|0x0000000086100000, 0x0000000086200000, 0x0000000086200000|100%| O|  |TAMS 0x0000000086200000, 0x0000000086200000| Untracked 
|  98|0x0000000086200000, 0x0000000086300000, 0x0000000086300000|100%| O|  |TAMS 0x0000000086300000, 0x0000000086300000| Untracked 
|  99|0x0000000086300000, 0x0000000086400000, 0x0000000086400000|100%| O|  |TAMS 0x0000000086400000, 0x0000000086400000| Untracked 
| 100|0x0000000086400000, 0x0000000086500000, 0x0000000086500000|100%| O|  |TAMS 0x0000000086500000, 0x0000000086500000| Untracked 
| 101|0x0000000086500000, 0x0000000086600000, 0x0000000086600000|100%| O|  |TAMS 0x0000000086600000, 0x0000000086600000| Untracked 
| 102|0x0000000086600000, 0x0000000086700000, 0x0000000086700000|100%| O|  |TAMS 0x0000000086700000, 0x0000000086700000| Untracked 
| 103|0x0000000086700000, 0x0000000086700000, 0x0000000086800000|  0%| F|  |TAMS 0x0000000086700000, 0x0000000086700000| Untracked 
| 104|0x0000000086800000, 0x0000000086900000, 0x0000000086900000|100%| O|  |TAMS 0x0000000086900000, 0x0000000086900000| Untracked 
| 105|0x0000000086900000, 0x0000000086a00000, 0x0000000086a00000|100%| O|  |TAMS 0x0000000086a00000, 0x0000000086a00000| Untracked 
| 106|0x0000000086a00000, 0x0000000086b00000, 0x0000000086b00000|100%| O|  |TAMS 0x0000000086b00000, 0x0000000086b00000| Untracked 
| 107|0x0000000086b00000, 0x0000000086c00000, 0x0000000086c00000|100%| O|  |TAMS 0x0000000086c00000, 0x0000000086c00000| Untracked 
| 108|0x0000000086c00000, 0x0000000086d00000, 0x0000000086d00000|100%| O|  |TAMS 0x0000000086d00000, 0x0000000086d00000| Untracked 
| 109|0x0000000086d00000, 0x0000000086e00000, 0x0000000086e00000|100%| O|  |TAMS 0x0000000086e00000, 0x0000000086e00000| Untracked 
| 110|0x0000000086e00000, 0x0000000086e00000, 0x0000000086f00000|  0%| F|  |TAMS 0x0000000086e00000, 0x0000000086e00000| Untracked 
| 111|0x0000000086f00000, 0x0000000087000000, 0x0000000087000000|100%| O|  |TAMS 0x0000000086f00000, 0x0000000087000000| Untracked 
| 112|0x0000000087000000, 0x0000000087100000, 0x0000000087100000|100%| O|  |TAMS 0x0000000087100000, 0x0000000087100000| Untracked 
| 113|0x0000000087100000, 0x0000000087200000, 0x0000000087200000|100%| O|  |TAMS 0x0000000087200000, 0x0000000087200000| Untracked 
| 114|0x0000000087200000, 0x0000000087300000, 0x0000000087300000|100%| O|  |TAMS 0x0000000087300000, 0x0000000087300000| Untracked 
| 115|0x0000000087300000, 0x0000000087300000, 0x0000000087400000|  0%| F|  |TAMS 0x0000000087300000, 0x0000000087300000| Untracked 
| 116|0x0000000087400000, 0x0000000087500000, 0x0000000087500000|100%| O|  |TAMS 0x0000000087400000, 0x0000000087500000| Untracked 
| 117|0x0000000087500000, 0x0000000087600000, 0x0000000087600000|100%| O|  |TAMS 0x0000000087600000, 0x0000000087600000| Untracked 
| 118|0x0000000087600000, 0x0000000087700000, 0x0000000087700000|100%| O|  |TAMS 0x0000000087700000, 0x0000000087700000| Untracked 
| 119|0x0000000087700000, 0x0000000087800000, 0x0000000087800000|100%| O|  |TAMS 0x0000000087800000, 0x0000000087800000| Untracked 
| 120|0x0000000087800000, 0x0000000087900000, 0x0000000087900000|100%| O|  |TAMS 0x0000000087800000, 0x0000000087900000| Untracked 
| 121|0x0000000087900000, 0x0000000087a00000, 0x0000000087a00000|100%| O|  |TAMS 0x0000000087a00000, 0x0000000087a00000| Untracked 
| 122|0x0000000087a00000, 0x0000000087b00000, 0x0000000087b00000|100%| O|  |TAMS 0x0000000087b00000, 0x0000000087b00000| Untracked 
| 123|0x0000000087b00000, 0x0000000087c00000, 0x0000000087c00000|100%| O|  |TAMS 0x0000000087c00000, 0x0000000087c00000| Untracked 
| 124|0x0000000087c00000, 0x0000000087d00000, 0x0000000087d00000|100%| O|  |TAMS 0x0000000087c00000, 0x0000000087d00000| Untracked 
| 125|0x0000000087d00000, 0x0000000087e00000, 0x0000000087e00000|100%| O|  |TAMS 0x0000000087e00000, 0x0000000087e00000| Untracked 
| 126|0x0000000087e00000, 0x0000000087f00000, 0x0000000087f00000|100%| O|  |TAMS 0x0000000087f00000, 0x0000000087f00000| Untracked 
| 127|0x0000000087f00000, 0x0000000088000000, 0x0000000088000000|100%| O|  |TAMS 0x0000000088000000, 0x0000000088000000| Untracked 
| 128|0x0000000088000000, 0x0000000088100000, 0x0000000088100000|100%| O|  |TAMS 0x0000000088000000, 0x0000000088100000| Untracked 
| 129|0x0000000088100000, 0x0000000088200000, 0x0000000088200000|100%| O|  |TAMS 0x0000000088200000, 0x0000000088200000| Untracked 
| 130|0x0000000088200000, 0x0000000088300000, 0x0000000088300000|100%| O|  |TAMS 0x0000000088300000, 0x0000000088300000| Untracked 
| 131|0x0000000088300000, 0x0000000088400000, 0x0000000088400000|100%| O|  |TAMS 0x0000000088400000, 0x0000000088400000| Untracked 
| 132|0x0000000088400000, 0x0000000088400000, 0x0000000088500000|  0%| F|  |TAMS 0x0000000088400000, 0x0000000088400000| Untracked 
| 133|0x0000000088500000, 0x0000000088500000, 0x0000000088600000|  0%| F|  |TAMS 0x0000000088500000, 0x0000000088500000| Untracked 
| 134|0x0000000088600000, 0x0000000088600000, 0x0000000088700000|  0%| F|  |TAMS 0x0000000088600000, 0x0000000088600000| Untracked 
| 135|0x0000000088700000, 0x0000000088800000, 0x0000000088800000|100%| O|  |TAMS 0x0000000088800000, 0x0000000088800000| Untracked 
| 136|0x0000000088800000, 0x0000000088900000, 0x0000000088900000|100%| O|  |TAMS 0x0000000088900000, 0x0000000088900000| Untracked 
| 137|0x0000000088900000, 0x0000000088a00000, 0x0000000088a00000|100%| O|  |TAMS 0x0000000088a00000, 0x0000000088a00000| Untracked 
| 138|0x0000000088a00000, 0x0000000088b00000, 0x0000000088b00000|100%| O|  |TAMS 0x0000000088b00000, 0x0000000088b00000| Untracked 
| 139|0x0000000088b00000, 0x0000000088b00000, 0x0000000088c00000|  0%| F|  |TAMS 0x0000000088b00000, 0x0000000088b00000| Untracked 
| 140|0x0000000088c00000, 0x0000000088c00000, 0x0000000088d00000|  0%| F|  |TAMS 0x0000000088c00000, 0x0000000088c00000| Untracked 
| 141|0x0000000088d00000, 0x0000000088e00000, 0x0000000088e00000|100%| O|  |TAMS 0x0000000088d00000, 0x0000000088e00000| Untracked 
| 142|0x0000000088e00000, 0x0000000088e00000, 0x0000000088f00000|  0%| F|  |TAMS 0x0000000088e00000, 0x0000000088e00000| Untracked 
| 143|0x0000000088f00000, 0x0000000088f00000, 0x0000000089000000|  0%| F|  |TAMS 0x0000000088f00000, 0x0000000088f00000| Untracked 
| 144|0x0000000089000000, 0x0000000089000000, 0x0000000089100000|  0%| F|  |TAMS 0x0000000089000000, 0x0000000089000000| Untracked 
| 145|0x0000000089100000, 0x0000000089100000, 0x0000000089200000|  0%| F|  |TAMS 0x0000000089100000, 0x0000000089100000| Untracked 
| 146|0x0000000089200000, 0x0000000089200000, 0x0000000089300000|  0%| F|  |TAMS 0x0000000089200000, 0x0000000089200000| Untracked 
| 147|0x0000000089300000, 0x0000000089400000, 0x0000000089400000|100%| O|  |TAMS 0x0000000089400000, 0x0000000089400000| Untracked 
| 148|0x0000000089400000, 0x0000000089500000, 0x0000000089500000|100%| O|  |TAMS 0x0000000089500000, 0x0000000089500000| Untracked 
| 149|0x0000000089500000, 0x0000000089600000, 0x0000000089600000|100%| O|  |TAMS 0x000000008957a600, 0x0000000089600000| Untracked 
| 150|0x0000000089600000, 0x0000000089700000, 0x0000000089700000|100%| O|  |TAMS 0x0000000089700000, 0x0000000089700000| Untracked 
| 151|0x0000000089700000, 0x0000000089800000, 0x0000000089800000|100%| O|  |TAMS 0x0000000089800000, 0x0000000089800000| Untracked 
| 152|0x0000000089800000, 0x0000000089900000, 0x0000000089900000|100%| O|  |TAMS 0x0000000089900000, 0x0000000089900000| Untracked 
| 153|0x0000000089900000, 0x0000000089900000, 0x0000000089a00000|  0%| F|  |TAMS 0x0000000089900000, 0x0000000089900000| Untracked 
| 154|0x0000000089a00000, 0x0000000089a00000, 0x0000000089b00000|  0%| F|  |TAMS 0x0000000089a00000, 0x0000000089a00000| Untracked 
| 155|0x0000000089b00000, 0x0000000089b00000, 0x0000000089c00000|  0%| F|  |TAMS 0x0000000089b00000, 0x0000000089b00000| Untracked 
| 156|0x0000000089c00000, 0x0000000089d00000, 0x0000000089d00000|100%| O|  |TAMS 0x0000000089d00000, 0x0000000089d00000| Untracked 
| 157|0x0000000089d00000, 0x0000000089d00000, 0x0000000089e00000|  0%| F|  |TAMS 0x0000000089d00000, 0x0000000089d00000| Untracked 
| 158|0x0000000089e00000, 0x0000000089f00000, 0x0000000089f00000|100%| O|  |TAMS 0x0000000089f00000, 0x0000000089f00000| Untracked 
| 159|0x0000000089f00000, 0x000000008a000000, 0x000000008a000000|100%| O|  |TAMS 0x000000008a000000, 0x000000008a000000| Untracked 
| 160|0x000000008a000000, 0x000000008a100000, 0x000000008a100000|100%| O|  |TAMS 0x000000008a100000, 0x000000008a100000| Untracked 
| 161|0x000000008a100000, 0x000000008a100000, 0x000000008a200000|  0%| F|  |TAMS 0x000000008a100000, 0x000000008a100000| Untracked 
| 162|0x000000008a200000, 0x000000008a300000, 0x000000008a300000|100%| O|  |TAMS 0x000000008a200000, 0x000000008a300000| Untracked 
| 163|0x000000008a300000, 0x000000008a400000, 0x000000008a400000|100%| O|  |TAMS 0x000000008a300000, 0x000000008a400000| Untracked 
| 164|0x000000008a400000, 0x000000008a500000, 0x000000008a500000|100%| O|  |TAMS 0x000000008a400000, 0x000000008a500000| Untracked 
| 165|0x000000008a500000, 0x000000008a600000, 0x000000008a600000|100%| O|  |TAMS 0x000000008a500000, 0x000000008a600000| Untracked 
| 166|0x000000008a600000, 0x000000008a700000, 0x000000008a700000|100%| O|  |TAMS 0x000000008a600000, 0x000000008a700000| Untracked 
| 167|0x000000008a700000, 0x000000008a800000, 0x000000008a800000|100%| O|  |TAMS 0x000000008a700000, 0x000000008a800000| Untracked 
| 168|0x000000008a800000, 0x000000008a900000, 0x000000008a900000|100%| O|  |TAMS 0x000000008a800000, 0x000000008a900000| Untracked 
| 169|0x000000008a900000, 0x000000008a900000, 0x000000008aa00000|  0%| F|  |TAMS 0x000000008a900000, 0x000000008a900000| Untracked 
| 170|0x000000008aa00000, 0x000000008aa00000, 0x000000008ab00000|  0%| F|  |TAMS 0x000000008aa00000, 0x000000008aa00000| Untracked 
| 171|0x000000008ab00000, 0x000000008ab00000, 0x000000008ac00000|  0%| F|  |TAMS 0x000000008ab00000, 0x000000008ab00000| Untracked 
| 172|0x000000008ac00000, 0x000000008ac00000, 0x000000008ad00000|  0%| F|  |TAMS 0x000000008ac00000, 0x000000008ac00000| Untracked 
| 173|0x000000008ad00000, 0x000000008ad00000, 0x000000008ae00000|  0%| F|  |TAMS 0x000000008ad00000, 0x000000008ad00000| Untracked 
| 174|0x000000008ae00000, 0x000000008ae00000, 0x000000008af00000|  0%| F|  |TAMS 0x000000008ae00000, 0x000000008ae00000| Untracked 
| 175|0x000000008af00000, 0x000000008af00000, 0x000000008b000000|  0%| F|  |TAMS 0x000000008af00000, 0x000000008af00000| Untracked 
| 176|0x000000008b000000, 0x000000008b000000, 0x000000008b100000|  0%| F|  |TAMS 0x000000008b000000, 0x000000008b000000| Untracked 
| 177|0x000000008b100000, 0x000000008b100000, 0x000000008b200000|  0%| F|  |TAMS 0x000000008b100000, 0x000000008b100000| Untracked 
| 178|0x000000008b200000, 0x000000008b200000, 0x000000008b300000|  0%| F|  |TAMS 0x000000008b200000, 0x000000008b200000| Untracked 
| 179|0x000000008b300000, 0x000000008b300000, 0x000000008b400000|  0%| F|  |TAMS 0x000000008b300000, 0x000000008b300000| Untracked 
| 180|0x000000008b400000, 0x000000008b400000, 0x000000008b500000|  0%| F|  |TAMS 0x000000008b400000, 0x000000008b400000| Untracked 
| 181|0x000000008b500000, 0x000000008b500000, 0x000000008b600000|  0%| F|  |TAMS 0x000000008b500000, 0x000000008b500000| Untracked 
| 182|0x000000008b600000, 0x000000008b600000, 0x000000008b700000|  0%| F|  |TAMS 0x000000008b600000, 0x000000008b600000| Untracked 
| 183|0x000000008b700000, 0x000000008b700000, 0x000000008b800000|  0%| F|  |TAMS 0x000000008b700000, 0x000000008b700000| Untracked 
| 184|0x000000008b800000, 0x000000008b800000, 0x000000008b900000|  0%| F|  |TAMS 0x000000008b800000, 0x000000008b800000| Untracked 
| 185|0x000000008b900000, 0x000000008b900000, 0x000000008ba00000|  0%| F|  |TAMS 0x000000008b900000, 0x000000008b900000| Untracked 
| 186|0x000000008ba00000, 0x000000008ba00000, 0x000000008bb00000|  0%| F|  |TAMS 0x000000008ba00000, 0x000000008ba00000| Untracked 
| 187|0x000000008bb00000, 0x000000008bb00000, 0x000000008bc00000|  0%| F|  |TAMS 0x000000008bb00000, 0x000000008bb00000| Untracked 
| 188|0x000000008bc00000, 0x000000008bd00000, 0x000000008bd00000|100%| S|CS|TAMS 0x000000008bc00000, 0x000000008bc00000| Complete 
| 189|0x000000008bd00000, 0x000000008be00000, 0x000000008be00000|100%| S|CS|TAMS 0x000000008bd00000, 0x000000008bd00000| Complete 
| 190|0x000000008be00000, 0x000000008bf00000, 0x000000008bf00000|100%| S|CS|TAMS 0x000000008be00000, 0x000000008be00000| Complete 
| 191|0x000000008bf00000, 0x000000008bf00000, 0x000000008c000000|  0%| F|  |TAMS 0x000000008bf00000, 0x000000008bf00000| Untracked 
| 192|0x000000008c000000, 0x000000008c000000, 0x000000008c100000|  0%| F|  |TAMS 0x000000008c000000, 0x000000008c000000| Untracked 
| 193|0x000000008c100000, 0x000000008c100000, 0x000000008c200000|  0%| F|  |TAMS 0x000000008c100000, 0x000000008c100000| Untracked 
| 194|0x000000008c200000, 0x000000008c200000, 0x000000008c300000|  0%| F|  |TAMS 0x000000008c200000, 0x000000008c200000| Untracked 
| 195|0x000000008c300000, 0x000000008c300000, 0x000000008c400000|  0%| F|  |TAMS 0x000000008c300000, 0x000000008c300000| Untracked 
| 196|0x000000008c400000, 0x000000008c400000, 0x000000008c500000|  0%| F|  |TAMS 0x000000008c400000, 0x000000008c400000| Untracked 
| 197|0x000000008c500000, 0x000000008c500000, 0x000000008c600000|  0%| F|  |TAMS 0x000000008c500000, 0x000000008c500000| Untracked 
| 198|0x000000008c600000, 0x000000008c600000, 0x000000008c700000|  0%| F|  |TAMS 0x000000008c600000, 0x000000008c600000| Untracked 
| 199|0x000000008c700000, 0x000000008c700000, 0x000000008c800000|  0%| F|  |TAMS 0x000000008c700000, 0x000000008c700000| Untracked 
| 200|0x000000008c800000, 0x000000008c800000, 0x000000008c900000|  0%| F|  |TAMS 0x000000008c800000, 0x000000008c800000| Untracked 
| 201|0x000000008c900000, 0x000000008c900000, 0x000000008ca00000|  0%| F|  |TAMS 0x000000008c900000, 0x000000008c900000| Untracked 
| 202|0x000000008ca00000, 0x000000008ca00000, 0x000000008cb00000|  0%| F|  |TAMS 0x000000008ca00000, 0x000000008ca00000| Untracked 
| 203|0x000000008cb00000, 0x000000008cb00000, 0x000000008cc00000|  0%| F|  |TAMS 0x000000008cb00000, 0x000000008cb00000| Untracked 
| 204|0x000000008cc00000, 0x000000008cc00000, 0x000000008cd00000|  0%| F|  |TAMS 0x000000008cc00000, 0x000000008cc00000| Untracked 
| 205|0x000000008cd00000, 0x000000008cd00000, 0x000000008ce00000|  0%| F|  |TAMS 0x000000008cd00000, 0x000000008cd00000| Untracked 
| 206|0x000000008ce00000, 0x000000008ce00000, 0x000000008cf00000|  0%| F|  |TAMS 0x000000008ce00000, 0x000000008ce00000| Untracked 
| 207|0x000000008cf00000, 0x000000008cf00000, 0x000000008d000000|  0%| F|  |TAMS 0x000000008cf00000, 0x000000008cf00000| Untracked 
| 208|0x000000008d000000, 0x000000008d000000, 0x000000008d100000|  0%| F|  |TAMS 0x000000008d000000, 0x000000008d000000| Untracked 
| 209|0x000000008d100000, 0x000000008d100000, 0x000000008d200000|  0%| F|  |TAMS 0x000000008d100000, 0x000000008d100000| Untracked 
| 210|0x000000008d200000, 0x000000008d200000, 0x000000008d300000|  0%| F|  |TAMS 0x000000008d200000, 0x000000008d200000| Untracked 
| 211|0x000000008d300000, 0x000000008d300000, 0x000000008d400000|  0%| F|  |TAMS 0x000000008d300000, 0x000000008d300000| Untracked 
| 212|0x000000008d400000, 0x000000008d400000, 0x000000008d500000|  0%| F|  |TAMS 0x000000008d400000, 0x000000008d400000| Untracked 
| 213|0x000000008d500000, 0x000000008d500000, 0x000000008d600000|  0%| F|  |TAMS 0x000000008d500000, 0x000000008d500000| Untracked 
| 214|0x000000008d600000, 0x000000008d600000, 0x000000008d700000|  0%| F|  |TAMS 0x000000008d600000, 0x000000008d600000| Untracked 
| 215|0x000000008d700000, 0x000000008d700000, 0x000000008d800000|  0%| F|  |TAMS 0x000000008d700000, 0x000000008d700000| Untracked 
| 216|0x000000008d800000, 0x000000008d800000, 0x000000008d900000|  0%| F|  |TAMS 0x000000008d800000, 0x000000008d800000| Untracked 
| 217|0x000000008d900000, 0x000000008d900000, 0x000000008da00000|  0%| F|  |TAMS 0x000000008d900000, 0x000000008d900000| Untracked 
| 218|0x000000008da00000, 0x000000008da00000, 0x000000008db00000|  0%| F|  |TAMS 0x000000008da00000, 0x000000008da00000| Untracked 
| 219|0x000000008db00000, 0x000000008db00000, 0x000000008dc00000|  0%| F|  |TAMS 0x000000008db00000, 0x000000008db00000| Untracked 
| 220|0x000000008dc00000, 0x000000008dc00000, 0x000000008dd00000|  0%| F|  |TAMS 0x000000008dc00000, 0x000000008dc00000| Untracked 
| 221|0x000000008dd00000, 0x000000008dd00000, 0x000000008de00000|  0%| F|  |TAMS 0x000000008dd00000, 0x000000008dd00000| Untracked 
| 222|0x000000008de00000, 0x000000008de00000, 0x000000008df00000|  0%| F|  |TAMS 0x000000008de00000, 0x000000008de00000| Untracked 
| 223|0x000000008df00000, 0x000000008df00000, 0x000000008e000000|  0%| F|  |TAMS 0x000000008df00000, 0x000000008df00000| Untracked 

Card table byte_map: [0x000002e677f30000,0x000002e678330000] _byte_map_base: 0x000002e677b30000

Marking Bits (Prev, Next): (CMBitMap*) 0x000002e665084f60, (CMBitMap*) 0x000002e665084f28
 Prev Bits: [0x000002e67a730000, 0x000002e67c730000)
 Next Bits: [0x000002e678730000, 0x000002e67a730000)

Polling page: 0x000002e662e10000

Metaspace:

Usage:
  Non-class:    123.92 MB capacity,   121.02 MB ( 98%) used,     2.35 MB (  2%) free+waste,   562.00 KB ( <1%) overhead. 
      Class:     18.34 MB capacity,    16.70 MB ( 91%) used,     1.41 MB (  8%) free+waste,   240.13 KB (  1%) overhead. 
       Both:    142.26 MB capacity,   137.72 MB ( 97%) used,     3.76 MB (  3%) free+waste,   802.13 KB ( <1%) overhead. 

Virtual space:
  Non-class space:      126.00 MB reserved,     124.25 MB ( 99%) committed 
      Class space:        1.00 GB reserved,      18.56 MB (  2%) committed 
             Both:        1.12 GB reserved,     142.81 MB ( 12%) committed 

Chunk freelists:
   Non-Class:  341.00 KB
       Class:  95.00 KB
        Both:  436.00 KB

MaxMetaspaceSize: 17179869184.00 GB
CompressedClassSpaceSize: 1.00 GB

CodeHeap 'non-profiled nmethods': size=120064Kb used=31271Kb max_used=31271Kb free=88792Kb
 bounds [0x000002e6705f0000, 0x000002e672490000, 0x000002e677b30000]
CodeHeap 'profiled nmethods': size=120000Kb used=61094Kb max_used=63615Kb free=58905Kb
 bounds [0x000002e6690c0000, 0x000002e66cf70000, 0x000002e6705f0000]
CodeHeap 'non-nmethods': size=5696Kb used=2397Kb max_used=2484Kb free=3298Kb
 bounds [0x000002e668b30000, 0x000002e668db0000, 0x000002e6690c0000]
 total_blobs=29073 nmethods=28043 adapters=940
 compilation: enabled
              stopped_count=0, restarted_count=0
 full_count=0

Compilation events (20 events):
Event: 23463.500 Thread 0x000002e604961000 35259       4       com.sun.tools.javac.comp.Flow$AssignAnalyzer::visitBlock (19 bytes)
Event: 23463.502 Thread 0x000002e604961000 nmethod 35259 0x000002e671c6f090 code [0x000002e671c6f240, 0x000002e671c6f3b8]
Event: 23463.597 Thread 0x000002e67eb26000 nmethod 35256 0x000002e672470110 code [0x000002e6724705a0, 0x000002e672475678]
Event: 23463.607 Thread 0x000002e604961000 35260   !   4       sun.nio.fs.WindowsFileSystemProvider::newByteChannel (71 bytes)
Event: 23463.610 Thread 0x000002e604961000 nmethod 35260 0x000002e671e29c90 code [0x000002e671e29e80, 0x000002e671e2a130]
Event: 23463.705 Thread 0x000002e67eb26000 35261       4       com.sun.tools.javac.comp.MemberEnter::methodEnv (121 bytes)
Event: 23463.705 Thread 0x000002e604961000 35262   !   4       com.sun.tools.javac.code.TypeAnnotations$TypeAnnotationPositions::visitMethodDef (385 bytes)
Event: 23463.734 Thread 0x000002e67eb26000 nmethod 35261 0x000002e672478390 code [0x000002e6724785c0, 0x000002e672479c18]
Event: 23463.749 Thread 0x000002e67eb29000 35263       3       com.sun.tools.javac.comp.Resolve$10::doLookup (33 bytes)
Event: 23463.750 Thread 0x000002e67eb29000 nmethod 35263 0x000002e66923ac90 code [0x000002e66923ae60, 0x000002e66923b1a8]
Event: 23463.756 Thread 0x000002e67eb26000 35264       4       com.sun.tools.javac.jvm.ClassWriter::endAttr (21 bytes)
Event: 23463.757 Thread 0x000002e67eb26000 nmethod 35264 0x000002e671e29890 code [0x000002e671e29a20, 0x000002e671e29b38]
Event: 23463.784 Thread 0x000002e67eb26000 35265       4       com.sun.tools.javac.tree.JCTree$JCWhileLoop::getTag (4 bytes)
Event: 23463.784 Thread 0x000002e604961000 nmethod 35262 0x000002e67247a310 code [0x000002e67247a6e0, 0x000002e67247d738]
Event: 23463.784 Thread 0x000002e67eb26000 nmethod 35265 0x000002e671b82b10 code [0x000002e671b82ca0, 0x000002e671b82d18]
Event: 23463.813 Thread 0x000002e604961000 35266       4       com.sun.tools.javac.comp.Flow$FlowAnalyzer::visitBlock (9 bytes)
Event: 23463.815 Thread 0x000002e604961000 nmethod 35266 0x000002e671e29390 code [0x000002e671e29540, 0x000002e671e29698]
Event: 23463.836 Thread 0x000002e67eb26000 35267       4       com.sun.tools.javac.jvm.Items::<init> (119 bytes)
Event: 23463.848 Thread 0x000002e67eb26000 nmethod 35267 0x000002e67247f010 code [0x000002e67247f1e0, 0x000002e67247fe58]
Event: 23463.890 Thread 0x000002e604961000 35268       4       com.sun.tools.javac.code.Types::closureMin (229 bytes)

GC Heap History (20 events):
Event: 23457.758 GC heap after
{Heap after GC invocations=273 (full 0):
 garbage-first heap   total 229376K, used 151283K [0x0000000080000000, 0x0000000100000000)
  region size 1024K, 2 young (2048K), 2 survivors (2048K)
 Metaspace       used 140926K, capacity 145523K, committed 146236K, reserved 1177600K
  class space    used 17097K, capacity 18779K, committed 19004K, reserved 1048576K
}
Event: 23458.058 GC heap before
{Heap before GC invocations=273 (full 0):
 garbage-first heap   total 229376K, used 182003K [0x0000000080000000, 0x0000000100000000)
  region size 1024K, 31 young (31744K), 2 survivors (2048K)
 Metaspace       used 140938K, capacity 145534K, committed 146236K, reserved 1177600K
  class space    used 17099K, capacity 18783K, committed 19004K, reserved 1048576K
}
Event: 23458.097 GC heap after
{Heap after GC invocations=274 (full 0):
 garbage-first heap   total 229376K, used 158988K [0x0000000080000000, 0x0000000100000000)
  region size 1024K, 4 young (4096K), 4 survivors (4096K)
 Metaspace       used 140938K, capacity 145534K, committed 146236K, reserved 1177600K
  class space    used 17099K, capacity 18783K, committed 19004K, reserved 1048576K
}
Event: 23458.217 GC heap before
{Heap before GC invocations=275 (full 0):
 garbage-first heap   total 229376K, used 193804K [0x0000000080000000, 0x0000000100000000)
  region size 1024K, 31 young (31744K), 4 survivors (4096K)
 Metaspace       used 140939K, capacity 145534K, committed 146236K, reserved 1177600K
  class space    used 17099K, capacity 18783K, committed 19004K, reserved 1048576K
}
Event: 23458.234 GC heap after
{Heap after GC invocations=276 (full 0):
 garbage-first heap   total 229376K, used 169926K [0x0000000080000000, 0x0000000100000000)
  region size 1024K, 4 young (4096K), 4 survivors (4096K)
 Metaspace       used 140939K, capacity 145534K, committed 146236K, reserved 1177600K
  class space    used 17099K, capacity 18783K, committed 19004K, reserved 1048576K
}
Event: 23458.286 GC heap before
{Heap before GC invocations=276 (full 0):
 garbage-first heap   total 229376K, used 177094K [0x0000000080000000, 0x0000000100000000)
  region size 1024K, 11 young (11264K), 4 survivors (4096K)
 Metaspace       used 140961K, capacity 145534K, committed 146236K, reserved 1177600K
  class space    used 17099K, capacity 18783K, committed 19004K, reserved 1048576K
}
Event: 23458.307 GC heap after
{Heap after GC invocations=277 (full 0):
 garbage-first heap   total 229376K, used 166642K [0x0000000080000000, 0x0000000100000000)
  region size 1024K, 1 young (1024K), 1 survivors (1024K)
 Metaspace       used 140961K, capacity 145534K, committed 146236K, reserved 1177600K
  class space    used 17099K, capacity 18783K, committed 19004K, reserved 1048576K
}
Event: 23461.861 GC heap before
{Heap before GC invocations=277 (full 0):
 garbage-first heap   total 229376K, used 191218K [0x0000000080000000, 0x0000000100000000)
  region size 1024K, 25 young (25600K), 1 survivors (1024K)
 Metaspace       used 140990K, capacity 145547K, committed 146236K, reserved 1177600K
  class space    used 17100K, capacity 18785K, committed 19004K, reserved 1048576K
}
Event: 23461.867 GC heap after
{Heap after GC invocations=278 (full 0):
 garbage-first heap   total 229376K, used 168832K [0x0000000080000000, 0x0000000100000000)
  region size 1024K, 3 young (3072K), 3 survivors (3072K)
 Metaspace       used 140990K, capacity 145547K, committed 146236K, reserved 1177600K
  class space    used 17100K, capacity 18785K, committed 19004K, reserved 1048576K
}
Event: 23461.973 GC heap before
{Heap before GC invocations=278 (full 0):
 garbage-first heap   total 229376K, used 191360K [0x0000000080000000, 0x0000000100000000)
  region size 1024K, 26 young (26624K), 3 survivors (3072K)
 Metaspace       used 141003K, capacity 145611K, committed 146236K, reserved 1177600K
  class space    used 17100K, capacity 18785K, committed 19004K, reserved 1048576K
}
Event: 23461.977 GC heap after
{Heap after GC invocations=279 (full 0):
 garbage-first heap   total 229376K, used 171438K [0x0000000080000000, 0x0000000100000000)
  region size 1024K, 3 young (3072K), 3 survivors (3072K)
 Metaspace       used 141003K, capacity 145611K, committed 146236K, reserved 1177600K
  class space    used 17100K, capacity 18785K, committed 19004K, reserved 1048576K
}
Event: 23462.112 GC heap before
{Heap before GC invocations=279 (full 0):
 garbage-first heap   total 229376K, used 176558K [0x0000000080000000, 0x0000000100000000)
  region size 1024K, 25 young (25600K), 3 survivors (3072K)
 Metaspace       used 141005K, capacity 145611K, committed 146236K, reserved 1177600K
  class space    used 17100K, capacity 18785K, committed 19004K, reserved 1048576K
}
Event: 23462.117 GC heap after
{Heap after GC invocations=280 (full 0):
 garbage-first heap   total 229376K, used 154200K [0x0000000080000000, 0x0000000100000000)
  region size 1024K, 1 young (1024K), 1 survivors (1024K)
 Metaspace       used 141005K, capacity 145611K, committed 146236K, reserved 1177600K
  class space    used 17100K, capacity 18785K, committed 19004K, reserved 1048576K
}
Event: 23463.335 GC heap before
{Heap before GC invocations=281 (full 0):
 garbage-first heap   total 229376K, used 187992K [0x0000000080000000, 0x0000000100000000)
  region size 1024K, 33 young (33792K), 1 survivors (1024K)
 Metaspace       used 141018K, capacity 145676K, committed 146236K, reserved 1177600K
  class space    used 17101K, capacity 18785K, committed 19004K, reserved 1048576K
}
Event: 23463.341 GC heap after
{Heap after GC invocations=282 (full 0):
 garbage-first heap   total 229376K, used 162943K [0x0000000080000000, 0x0000000100000000)
  region size 1024K, 5 young (5120K), 5 survivors (5120K)
 Metaspace       used 141018K, capacity 145676K, committed 146236K, reserved 1177600K
  class space    used 17101K, capacity 18785K, committed 19004K, reserved 1048576K
}
Event: 23463.357 GC heap before
{Heap before GC invocations=282 (full 0):
 garbage-first heap   total 229376K, used 168063K [0x0000000080000000, 0x0000000100000000)
  region size 1024K, 11 young (11264K), 5 survivors (5120K)
 Metaspace       used 141018K, capacity 145676K, committed 146236K, reserved 1177600K
  class space    used 17101K, capacity 18785K, committed 19004K, reserved 1048576K
}
Event: 23463.380 GC heap after
{Heap after GC invocations=283 (full 0):
 garbage-first heap   total 229376K, used 151346K [0x0000000080000000, 0x0000000100000000)
  region size 1024K, 2 young (2048K), 2 survivors (2048K)
 Metaspace       used 141018K, capacity 145676K, committed 146236K, reserved 1177600K
  class space    used 17101K, capacity 18785K, committed 19004K, reserved 1048576K
}
Event: 23463.413 GC heap before
{Heap before GC invocations=283 (full 0):
 garbage-first heap   total 229376K, used 160562K [0x0000000080000000, 0x0000000100000000)
  region size 1024K, 11 young (11264K), 2 survivors (2048K)
 Metaspace       used 141018K, capacity 145676K, committed 146236K, reserved 1177600K
  class space    used 17101K, capacity 18785K, committed 19004K, reserved 1048576K
}
Event: 23463.429 GC heap after
{Heap after GC invocations=284 (full 0):
 garbage-first heap   total 229376K, used 152503K [0x0000000080000000, 0x0000000100000000)
  region size 1024K, 2 young (2048K), 2 survivors (2048K)
 Metaspace       used 141018K, capacity 145676K, committed 146236K, reserved 1177600K
  class space    used 17101K, capacity 18785K, committed 19004K, reserved 1048576K
}
Event: 23463.891 GC heap before
{Heap before GC invocations=284 (full 0):
 garbage-first heap   total 229376K, used 184247K [0x0000000080000000, 0x0000000100000000)
  region size 1024K, 33 young (33792K), 2 survivors (2048K)
 Metaspace       used 141026K, capacity 145676K, committed 146236K, reserved 1177600K
  class space    used 17102K, capacity 18785K, committed 19004K, reserved 1048576K
}

Deoptimization events (20 events):
Event: 23462.124 Thread 0x000002e6050a1800 DEOPT PACKING pc=0x000002e66b9df87f sp=0x000000f2389f8d00
Event: 23462.124 Thread 0x000002e6050a1800 DEOPT UNPACKING pc=0x000002e668b576ce sp=0x000000f2389f8238 mode 0
Event: 23462.267 Thread 0x000002e604962000 DEOPT PACKING pc=0x000002e66c8330f0 sp=0x000000f23b1fe930
Event: 23462.267 Thread 0x000002e604962000 DEOPT UNPACKING pc=0x000002e668b576ce sp=0x000000f23b1fdde8 mode 0
Event: 23462.626 Thread 0x000002e6050a1800 Uncommon trap: trap_request=0xffffff4d fr.pc=0x000002e6716617dc relative=0x0000000000004e5c
Event: 23462.626 Thread 0x000002e6050a1800 Uncommon trap: reason=unstable_if action=reinterpret pc=0x000002e6716617dc method=com.sun.tools.javac.parser.JavaTokenizer.isSpecial(C)Z @ 1 c2
Event: 23462.626 Thread 0x000002e6050a1800 DEOPT PACKING pc=0x000002e6716617dc sp=0x000000f2389f5590
Event: 23462.626 Thread 0x000002e6050a1800 DEOPT UNPACKING pc=0x000002e668b578af sp=0x000000f2389f5510 mode 2
Event: 23462.626 Thread 0x000002e6050a1800 Uncommon trap: trap_request=0xffffff4d fr.pc=0x000002e6711369b0 relative=0x00000000000017d0
Event: 23462.626 Thread 0x000002e6050a1800 Uncommon trap: reason=unstable_if action=reinterpret pc=0x000002e6711369b0 method=com.sun.tools.javac.parser.JavacParser.blockStatement()Lcom/sun/tools/javac/util/List; @ 22 c2
Event: 23462.626 Thread 0x000002e6050a1800 DEOPT PACKING pc=0x000002e6711369b0 sp=0x000000f2389f5770
Event: 23462.626 Thread 0x000002e6050a1800 DEOPT UNPACKING pc=0x000002e668b578af sp=0x000000f2389f5730 mode 2
Event: 23462.627 Thread 0x000002e6050a1800 Uncommon trap: trap_request=0xffffff4d fr.pc=0x000002e6712f8714 relative=0x00000000000000f4
Event: 23462.627 Thread 0x000002e6050a1800 Uncommon trap: reason=unstable_if action=reinterpret pc=0x000002e6712f8714 method=com.sun.tools.javac.parser.JavaTokenizer.isSpecial(C)Z @ 1 c2
Event: 23462.627 Thread 0x000002e6050a1800 DEOPT PACKING pc=0x000002e6712f8714 sp=0x000000f2389f5570
Event: 23462.627 Thread 0x000002e6050a1800 DEOPT UNPACKING pc=0x000002e668b578af sp=0x000000f2389f5500 mode 2
Event: 23463.801 Thread 0x000002e6050a1800 Uncommon trap: trap_request=0xffffff4d fr.pc=0x000002e67227ec3c relative=0x0000000000000d3c
Event: 23463.801 Thread 0x000002e6050a1800 Uncommon trap: reason=unstable_if action=reinterpret pc=0x000002e67227ec3c method=com.sun.tools.javac.jvm.Code.statBegin(I)V @ 2 c2
Event: 23463.801 Thread 0x000002e6050a1800 DEOPT PACKING pc=0x000002e67227ec3c sp=0x000000f2389f5ec0
Event: 23463.801 Thread 0x000002e6050a1800 DEOPT UNPACKING pc=0x000002e668b578af sp=0x000000f2389f5e30 mode 2

Classes redefined (0 events):
No events

Internal exceptions (20 events):
Event: 23463.816 Thread 0x000002e6050a1800 Exception <a 'sun/nio/fs/WindowsException'{0x000000008c8b30b8}> (0x000000008c8b30b8) thrown at [./src/hotspot/share/prims/jni.cpp, line 615]
Event: 23463.818 Thread 0x000002e6050a1800 Exception <a 'sun/nio/fs/WindowsException'{0x000000008c8bdeb0}> (0x000000008c8bdeb0) thrown at [./src/hotspot/share/prims/jni.cpp, line 615]
Event: 23463.819 Thread 0x000002e6050a1800 Exception <a 'sun/nio/fs/WindowsException'{0x000000008c8c3d78}> (0x000000008c8c3d78) thrown at [./src/hotspot/share/prims/jni.cpp, line 615]
Event: 23463.820 Thread 0x000002e6050a1800 Exception <a 'sun/nio/fs/WindowsException'{0x000000008c8d5510}> (0x000000008c8d5510) thrown at [./src/hotspot/share/prims/jni.cpp, line 615]
Event: 23463.827 Thread 0x000002e6050a1800 Exception <a 'sun/nio/fs/WindowsException'{0x000000008c57a5b8}> (0x000000008c57a5b8) thrown at [./src/hotspot/share/prims/jni.cpp, line 615]
Event: 23463.828 Thread 0x000002e6050a1800 Exception <a 'sun/nio/fs/WindowsException'{0x000000008c585ac0}> (0x000000008c585ac0) thrown at [./src/hotspot/share/prims/jni.cpp, line 615]
Event: 23463.829 Thread 0x000002e6050a1800 Exception <a 'sun/nio/fs/WindowsException'{0x000000008c590f38}> (0x000000008c590f38) thrown at [./src/hotspot/share/prims/jni.cpp, line 615]
Event: 23463.836 Thread 0x000002e6050a1800 Exception <a 'sun/nio/fs/WindowsException'{0x000000008c21f1d0}> (0x000000008c21f1d0) thrown at [./src/hotspot/share/prims/jni.cpp, line 615]
Event: 23463.843 Thread 0x000002e6050a1800 Exception <a 'sun/nio/fs/WindowsException'{0x000000008c2269b8}> (0x000000008c2269b8) thrown at [./src/hotspot/share/prims/jni.cpp, line 615]
Event: 23463.846 Thread 0x000002e6050a1800 Exception <a 'sun/nio/fs/WindowsException'{0x000000008c22ce48}> (0x000000008c22ce48) thrown at [./src/hotspot/share/prims/jni.cpp, line 615]
Event: 23463.848 Thread 0x000002e6050a1800 Exception <a 'sun/nio/fs/WindowsException'{0x000000008c23c410}> (0x000000008c23c410) thrown at [./src/hotspot/share/prims/jni.cpp, line 615]
Event: 23463.857 Thread 0x000002e6050a1800 Exception <a 'sun/nio/fs/WindowsException'{0x000000008bf134d8}> (0x000000008bf134d8) thrown at [./src/hotspot/share/prims/jni.cpp, line 615]
Event: 23463.861 Thread 0x000002e6050a1800 Exception <a 'sun/nio/fs/WindowsException'{0x000000008bf1b3e8}> (0x000000008bf1b3e8) thrown at [./src/hotspot/share/prims/jni.cpp, line 615]
Event: 23463.862 Thread 0x000002e6050a1800 Exception <a 'sun/nio/fs/WindowsException'{0x000000008bf22338}> (0x000000008bf22338) thrown at [./src/hotspot/share/prims/jni.cpp, line 615]
Event: 23463.863 Thread 0x000002e6050a1800 Exception <a 'sun/nio/fs/WindowsException'{0x000000008bf2bcf0}> (0x000000008bf2bcf0) thrown at [./src/hotspot/share/prims/jni.cpp, line 615]
Event: 23463.864 Thread 0x000002e6050a1800 Exception <a 'sun/nio/fs/WindowsException'{0x000000008bf324d0}> (0x000000008bf324d0) thrown at [./src/hotspot/share/prims/jni.cpp, line 615]
Event: 23463.865 Thread 0x000002e6050a1800 Exception <a 'sun/nio/fs/WindowsException'{0x000000008bf38800}> (0x000000008bf38800) thrown at [./src/hotspot/share/prims/jni.cpp, line 615]
Event: 23463.867 Thread 0x000002e6050a1800 Exception <a 'sun/nio/fs/WindowsException'{0x000000008bf3fd28}> (0x000000008bf3fd28) thrown at [./src/hotspot/share/prims/jni.cpp, line 615]
Event: 23463.878 Thread 0x000002e6050a1800 Exception <a 'sun/nio/fs/WindowsException'{0x000000008bf45f50}> (0x000000008bf45f50) thrown at [./src/hotspot/share/prims/jni.cpp, line 615]
Event: 23463.883 Thread 0x000002e6050a1800 Exception <a 'sun/nio/fs/WindowsException'{0x000000008bf4ef58}> (0x000000008bf4ef58) thrown at [./src/hotspot/share/prims/jni.cpp, line 615]

Events (20 events):
Event: 23462.186 Thread 0x000002e604962000 Thread added: 0x000002e604962000
Event: 23462.207 Executing VM operation: CGC_Operation
Event: 23462.207 Executing VM operation: CGC_Operation done
Event: 23463.334 Executing VM operation: G1CollectForAllocation
Event: 23463.341 Executing VM operation: G1CollectForAllocation done
Event: 23463.357 Executing VM operation: G1CollectForAllocation
Event: 23463.380 Executing VM operation: G1CollectForAllocation done
Event: 23463.400 Executing VM operation: ICBufferFull
Event: 23463.400 Executing VM operation: ICBufferFull done
Event: 23463.405 Executing VM operation: ICBufferFull
Event: 23463.406 Executing VM operation: ICBufferFull done
Event: 23463.411 Executing VM operation: ICBufferFull
Event: 23463.411 Executing VM operation: ICBufferFull done
Event: 23463.413 Executing VM operation: G1CollectForAllocation
Event: 23463.429 Executing VM operation: G1CollectForAllocation done
Event: 23463.459 Executing VM operation: ICBufferFull
Event: 23463.459 Executing VM operation: ICBufferFull done
Event: 23463.668 Executing VM operation: ICBufferFull
Event: 23463.668 Executing VM operation: ICBufferFull done
Event: 23463.891 Executing VM operation: G1CollectForAllocation


Dynamic libraries:
0x00007ff70cbf0000 - 0x00007ff70cbfa000 	C:\Program Files\Android\Android Studio1\jre\bin\java.exe
0x00007ffdca490000 - 0x00007ffdca685000 	C:\WINDOWS\SYSTEM32\ntdll.dll
0x00007ffd9e560000 - 0x00007ffd9e576000 	C:\Program Files\Avast Software\Avast\aswhook.dll
0x00007ffdc86a0000 - 0x00007ffdc875e000 	C:\WINDOWS\System32\KERNEL32.DLL
0x00007ffdc7e10000 - 0x00007ffdc80d8000 	C:\WINDOWS\System32\KERNELBASE.dll
0x00007ffdc7cc0000 - 0x00007ffdc7dc0000 	C:\WINDOWS\System32\ucrtbase.dll
0x00007ffdb7160000 - 0x00007ffdb7177000 	C:\Program Files\Android\Android Studio1\jre\bin\VCRUNTIME140.dll
0x00007ffdb8530000 - 0x00007ffdb8549000 	C:\Program Files\Android\Android Studio1\jre\bin\jli.dll
0x00007ffdc9480000 - 0x00007ffdc9621000 	C:\WINDOWS\System32\USER32.dll
0x00007ffdc8320000 - 0x00007ffdc8342000 	C:\WINDOWS\System32\win32u.dll
0x00007ffdc8670000 - 0x00007ffdc869b000 	C:\WINDOWS\System32\GDI32.dll
0x00007ffdb38c0000 - 0x00007ffdb3b5a000 	C:\WINDOWS\WinSxS\amd64_microsoft.windows.common-controls_6595b64144ccf1df_6.0.19041.1110_none_60b5254171f9507e\COMCTL32.dll
0x00007ffdc7bb0000 - 0x00007ffdc7cbb000 	C:\WINDOWS\System32\gdi32full.dll
0x00007ffdc84e0000 - 0x00007ffdc857e000 	C:\WINDOWS\System32\msvcrt.dll
0x00007ffdc8350000 - 0x00007ffdc83ed000 	C:\WINDOWS\System32\msvcp_win.dll
0x00007ffdca2e0000 - 0x00007ffdca310000 	C:\WINDOWS\System32\IMM32.DLL
0x00007ffd6bd90000 - 0x00007ffd6be2d000 	C:\Program Files\Android\Android Studio1\jre\bin\msvcp140.dll
0x00007ffd69010000 - 0x00007ffd69adf000 	C:\Program Files\Android\Android Studio1\jre\bin\server\jvm.dll
0x00007ffdca3a0000 - 0x00007ffdca44c000 	C:\WINDOWS\System32\ADVAPI32.dll
0x00007ffdc8b40000 - 0x00007ffdc8bdb000 	C:\WINDOWS\System32\sechost.dll
0x00007ffdca0c0000 - 0x00007ffdca1ea000 	C:\WINDOWS\System32\RPCRT4.dll
0x00007ffdca270000 - 0x00007ffdca278000 	C:\WINDOWS\System32\PSAPI.DLL
0x00007ffdb3220000 - 0x00007ffdb3229000 	C:\WINDOWS\SYSTEM32\WSOCK32.dll
0x00007ffdbf300000 - 0x00007ffdbf327000 	C:\WINDOWS\SYSTEM32\WINMM.dll
0x00007ffdc0dd0000 - 0x00007ffdc0dda000 	C:\WINDOWS\SYSTEM32\VERSION.dll
0x00007ffdca200000 - 0x00007ffdca26b000 	C:\WINDOWS\System32\WS2_32.dll
0x00007ffdc5a90000 - 0x00007ffdc5aa2000 	C:\WINDOWS\SYSTEM32\kernel.appcore.dll
0x00007ffdc3030000 - 0x00007ffdc3041000 	C:\Program Files\Android\Android Studio1\jre\bin\verify.dll
0x00007ffdbd5a0000 - 0x00007ffdbd784000 	C:\WINDOWS\SYSTEM32\DBGHELP.DLL
0x00007ffdbd570000 - 0x00007ffdbd59c000 	C:\WINDOWS\SYSTEM32\dbgcore.DLL
0x00007ffdc8450000 - 0x00007ffdc84d3000 	C:\WINDOWS\System32\bcryptPrimitives.dll
0x00007ffdc0f30000 - 0x00007ffdc0f59000 	C:\Program Files\Android\Android Studio1\jre\bin\java.dll
0x00007ffdc3870000 - 0x00007ffdc387b000 	C:\Program Files\Android\Android Studio1\jre\bin\jimage.dll
0x00007ffdb9630000 - 0x00007ffdb9648000 	C:\Program Files\Android\Android Studio1\jre\bin\zip.dll
0x00007ffdc9830000 - 0x00007ffdc9f6f000 	C:\WINDOWS\System32\SHELL32.dll
0x00007ffdc5c90000 - 0x00007ffdc6420000 	C:\WINDOWS\SYSTEM32\windows.storage.dll
0x00007ffdc9120000 - 0x00007ffdc9475000 	C:\WINDOWS\System32\combase.dll
0x00007ffdc7520000 - 0x00007ffdc754e000 	C:\WINDOWS\SYSTEM32\Wldp.dll
0x00007ffdca010000 - 0x00007ffdca0bd000 	C:\WINDOWS\System32\SHCORE.dll
0x00007ffdca280000 - 0x00007ffdca2d5000 	C:\WINDOWS\System32\shlwapi.dll
0x00007ffdc7af0000 - 0x00007ffdc7b0f000 	C:\WINDOWS\SYSTEM32\profapi.dll
0x00007ffdb9610000 - 0x00007ffdb962a000 	C:\Program Files\Android\Android Studio1\jre\bin\net.dll
0x00007ffdc0160000 - 0x00007ffdc026c000 	C:\WINDOWS\SYSTEM32\WINHTTP.dll
0x00007ffdc7300000 - 0x00007ffdc736a000 	C:\WINDOWS\system32\mswsock.dll
0x00007ffdb95f0000 - 0x00007ffdb9604000 	C:\Program Files\Android\Android Studio1\jre\bin\nio.dll
0x00007ffdb7210000 - 0x00007ffdb7237000 	C:\Users\Bane\.gradle\native\8bec1ad78214c89d9ad589b4d07fe93259594b29d510b10fafb7a158f7737e5d\windows-amd64\native-platform.dll
0x00007ffd6be30000 - 0x00007ffd6bf6d000 	C:\Users\Bane\.gradle\native\53dbd7edfb1c66fb8903c78663c9afc45aea4f116125fa6feffd364cf09443e8\windows-amd64\native-platform-file-events.dll
0x00007ffdc1d20000 - 0x00007ffdc1d2a000 	C:\Program Files\Android\Android Studio1\jre\bin\management.dll
0x00007ffdc0f20000 - 0x00007ffdc0f2c000 	C:\Program Files\Android\Android Studio1\jre\bin\management_ext.dll
0x00007ffdc7860000 - 0x00007ffdc7878000 	C:\WINDOWS\SYSTEM32\CRYPTSP.dll
0x00007ffdc6c30000 - 0x00007ffdc6c64000 	C:\WINDOWS\system32\rsaenh.dll
0x00007ffdc80e0000 - 0x00007ffdc8107000 	C:\WINDOWS\System32\bcrypt.dll
0x00007ffdc7a70000 - 0x00007ffdc7a9e000 	C:\WINDOWS\SYSTEM32\USERENV.dll
0x00007ffdc7490000 - 0x00007ffdc749c000 	C:\WINDOWS\SYSTEM32\CRYPTBASE.dll
0x00007ffdc6fc0000 - 0x00007ffdc6ffb000 	C:\WINDOWS\SYSTEM32\IPHLPAPI.DLL
0x00007ffdca1f0000 - 0x00007ffdca1f8000 	C:\WINDOWS\System32\NSI.dll
0x00007ffdc12f0000 - 0x00007ffdc1307000 	C:\WINDOWS\SYSTEM32\dhcpcsvc6.DLL
0x00007ffdc1280000 - 0x00007ffdc129d000 	C:\WINDOWS\SYSTEM32\dhcpcsvc.DLL
0x00007ffdc7010000 - 0x00007ffdc70db000 	C:\WINDOWS\SYSTEM32\DNSAPI.dll
0x00007ffdb7370000 - 0x00007ffdb7397000 	C:\Program Files\Android\Android Studio1\jre\bin\sunec.dll
0x00007ffdc09a0000 - 0x00007ffdc09aa000 	C:\Windows\System32\rasadhlp.dll
0x00007ffdb8e30000 - 0x00007ffdb8eaf000 	C:\WINDOWS\System32\fwpuclnt.dll

dbghelp: loaded successfully - version: 4.0.5 - missing functions: none
symbol engine: initialized successfully - sym options: 0x614 - pdb path: .;C:\Program Files\Android\Android Studio1\jre\bin;C:\WINDOWS\SYSTEM32;C:\Program Files\Avast Software\Avast;C:\WINDOWS\WinSxS\amd64_microsoft.windows.common-controls_6595b64144ccf1df_6.0.19041.1110_none_60b5254171f9507e;C:\Program Files\Android\Android Studio1\jre\bin\server;C:\Users\Bane\.gradle\native\8bec1ad78214c89d9ad589b4d07fe93259594b29d510b10fafb7a158f7737e5d\windows-amd64;C:\Users\Bane\.gradle\native\53dbd7edfb1c66fb8903c78663c9afc45aea4f116125fa6feffd364cf09443e8\windows-amd64

VM Arguments:
jvm_args: --add-opens=java.base/java.util=ALL-UNNAMED --add-opens=java.base/java.lang=ALL-UNNAMED --add-opens=java.base/java.lang.invoke=ALL-UNNAMED --add-opens=java.base/java.util=ALL-UNNAMED --add-opens=java.prefs/java.util.prefs=ALL-UNNAMED --add-opens=java.prefs/java.util.prefs=ALL-UNNAMED --add-opens=java.base/java.nio.charset=ALL-UNNAMED --add-opens=java.base/java.net=ALL-UNNAMED --add-opens=java.base/java.util.concurrent.atomic=ALL-UNNAMED -Xmx2048m -Dfile.encoding=UTF-8 -Duser.country=US -Duser.language=en -Duser.variant 
java_command: org.gradle.launcher.daemon.bootstrap.GradleDaemon 7.0.2
java_class_path (initial): C:\Users\Bane\.gradle\wrapper\dists\gradle-7.0.2-bin\857tjihv64xamwrf0h14cai3r\gradle-7.0.2\lib\gradle-launcher-7.0.2.jar
Launcher Type: SUN_STANDARD

[Global flags]
     intx CICompilerCount                          = 3                                         {product} {ergonomic}
     uint ConcGCThreads                            = 1                                         {product} {ergonomic}
     uint G1ConcRefinementThreads                  = 4                                         {product} {ergonomic}
   size_t G1HeapRegionSize                         = 1048576                                   {product} {ergonomic}
    uintx GCDrainStackTargetSize                   = 64                                        {product} {ergonomic}
   size_t InitialHeapSize                          = 134217728                                 {product} {ergonomic}
   size_t MarkStackSize                            = 4194304                                   {product} {ergonomic}
   size_t MaxHeapSize                              = 2147483648                                {product} {command line}
   size_t MaxNewSize                               = 1287651328                                {product} {ergonomic}
   size_t MinHeapDeltaBytes                        = 1048576                                   {product} {ergonomic}
    uintx NonNMethodCodeHeapSize                   = 5830732                                {pd product} {ergonomic}
    uintx NonProfiledCodeHeapSize                  = 122913754                              {pd product} {ergonomic}
    uintx ProfiledCodeHeapSize                     = 122913754                              {pd product} {ergonomic}
    uintx ReservedCodeCacheSize                    = 251658240                              {pd product} {ergonomic}
     bool SegmentedCodeCache                       = true                                      {product} {ergonomic}
     bool UseCompressedClassPointers               = true                                 {lp64_product} {ergonomic}
     bool UseCompressedOops                        = true                                 {lp64_product} {ergonomic}
     bool UseG1GC                                  = true                                      {product} {ergonomic}
     bool UseLargePagesIndividualAllocation        = false                                  {pd product} {ergonomic}

Logging:
Log output configuration:
 #0: stdout all=warning uptime,level,tags
 #1: stderr all=off uptime,level,tags

Environment Variables:
JAVA_HOME=D:\Program Files\Java\jdk-17
PATH=D:\Program Files\Python37\Scripts\;D:\Program Files\Python37\;C:\Program Files (x86)\Common Files\Oracle\Java\javapath;C:\Windows\system32;C:\Windows;C:\Windows\System32\Wbem;C:\Windows\System32\WindowsPowerShell\v1.0\;C:\Windows\System32\OpenSSH\;C:\Program Files\NVIDIA Corporation\NVIDIA NvDLISR;C:\Program Files (x86)\NVIDIA Corporation\PhysX\Common;C:\Program Files (x86)\Windows Kits\10\Windows Performance Toolkit\;C:\WINDOWS\system32;C:\WINDOWS;C:\WINDOWS\System32\Wbem;C:\WINDOWS\System32\WindowsPowerShell\v1.0\;C:\WINDOWS\System32\OpenSSH\;D:\Program Files\Java\jdk-17\bin;D:\Program Files\Git\cmd;C:\Users\Bane\AppData\Local\Microsoft\WindowsApps;C:\Users\Bane\AppData\Local\GitHubDesktop\bin;;C:\Users\Bane\AppData\Local\Programs\Microsoft VS Code\bin
USERNAME=Bane
OS=Windows_NT
PROCESSOR_IDENTIFIER=AMD64 Family 23 Model 8 Stepping 2, AuthenticAMD



---------------  S Y S T E M  ---------------

OS: Windows 10 , 64 bit Build 19041 (10.0.19041.1348)
OS uptime: 7 days 23:50 hours
Hyper-V role detected

CPU:total 4 (initial active 4) (4 cores per cpu, 1 threads per core) family 23 model 8 stepping 2 microcode 0x0, cmov, cx8, fxsr, mmx, sse, sse2, sse3, ssse3, sse4.1, sse4.2, popcnt, avx, avx2, aes, clmul, mmxext, 3dnowpref, lzcnt, sse4a, tsc, tscinvbit, tscinv, bmi1, bmi2, adx, sha, f

Memory: 4k page, system-wide physical 8143M (402M free)
TotalPageFile size 12239M (AvailPageFile size 5M)
current process WorkingSet (physical memory assigned to process): 551M, peak: 581M
current process commit charge ("private bytes"): 666M, peak: 780M

vm_info: OpenJDK 64-Bit Server VM (11.0.10+0-b96-7249189) for windows-amd64 JRE (11.0.10+0-b96-7249189), built on Mar 31 2021 21:44:00 by "builder" with MS VC++ 14.0 (VS2015)

END.
