#
# There is insufficient memory for the Java Runtime Environment to continue.
# Native memory allocation (malloc) failed to allocate 1612976 bytes for Chunk::new
# Possible reasons:
#   The system is out of physical RAM or swap space
#   The process is running with CompressedOops enabled, and the Java Heap may be blocking the growth of the native heap
# Possible solutions:
#   Reduce memory load on the system
#   Increase physical memory or swap space
#   Check if swap backing store is full
#   Decrease Java heap size (-Xmx/-Xms)
#   Decrease number of Java threads
#   Decrease Java thread stack sizes (-Xss)
#   Set larger code cache with -XX:ReservedCodeCacheSize=
#   JVM is running with Unscaled Compressed Oops mode in which the Java heap is
#     placed in the first 4GB address space. The Java Heap base address is the
#     maximum limit for the native heap growth. Please use -XX:HeapBaseMinAddress
#     to set the Java Heap base and to place the Java Heap above 4GB virtual address.
# This output file may be truncated or incomplete.
#
#  Out of Memory Error (./src/hotspot/share/memory/arena.cpp:197), pid=10552, tid=11456
#
# JRE version: OpenJDK Runtime Environment (11.0.10) (build 11.0.10+0-b96-7249189)
# Java VM: OpenJDK 64-Bit Server VM (11.0.10+0-b96-7249189, mixed mode, tiered, compressed oops, g1 gc, windows-amd64)
# No core dump will be written. Minidumps are not enabled by default on client versions of Windows
#

---------------  S U M M A R Y ------------

Command Line: --add-opens=java.base/java.util=ALL-UNNAMED --add-opens=java.base/java.lang=ALL-UNNAMED --add-opens=java.base/java.lang.invoke=ALL-UNNAMED --add-opens=java.base/java.util=ALL-UNNAMED --add-opens=java.prefs/java.util.prefs=ALL-UNNAMED --add-opens=java.prefs/java.util.prefs=ALL-UNNAMED --add-opens=java.base/java.nio.charset=ALL-UNNAMED --add-opens=java.base/java.net=ALL-UNNAMED --add-opens=java.base/java.util.concurrent.atomic=ALL-UNNAMED -Xmx2048m -Dfile.encoding=UTF-8 -Duser.country=US -Duser.language=en -Duser.variant org.gradle.launcher.daemon.bootstrap.GradleDaemon 7.0.2

Host: AMD Ryzen 3 2300X Quad-Core Processor          , 4 cores, 7G,  Windows 10 , 64 bit Build 19041 (10.0.19041.1348)
Time: Wed Jan 12 23:56:56 2022 Central Europe Standard Time elapsed time: 9844.077361 seconds (0d 2h 44m 4s)

---------------  T H R E A D  ---------------

Current thread (0x0000018ca2467800):  JavaThread "C2 CompilerThread0" daemon [_thread_in_native, id=11456, stack(0x0000001663a00000,0x0000001663b00000)]


Current CompileTask:
C2:9844077 36884       4       com.android.tools.r8.internal.Mv::a (1305 bytes)

Stack: [0x0000001663a00000,0x0000001663b00000]
Native frames: (J=compiled Java code, j=interpreted, Vv=VM code, C=native code)
V  [jvm.dll+0x5ecfaa]
V  [jvm.dll+0x722bd5]
V  [jvm.dll+0x72412d]
V  [jvm.dll+0x7247e3]
V  [jvm.dll+0x242928]
V  [jvm.dll+0xbc4fc]
V  [jvm.dll+0xbca0c]
V  [jvm.dll+0x352d3b]
V  [jvm.dll+0x197e0c]
V  [jvm.dll+0x1fb70e]
V  [jvm.dll+0x1fa7f4]
V  [jvm.dll+0x18354c]
V  [jvm.dll+0x208ee7]
V  [jvm.dll+0x207731]
V  [jvm.dll+0x6eb1cf]
V  [jvm.dll+0x6e3d45]
V  [jvm.dll+0x5ebe96]
C  [ucrtbase.dll+0x21bb2]
C  [KERNEL32.DLL+0x17034]
C  [ntdll.dll+0x52651]


---------------  P R O C E S S  ---------------

Threads class SMR info:
_java_thread_list=0x0000018cb26a7eb0, length=53, elements={
0x0000018c88854000, 0x0000018ca2c7c800, 0x0000018ca2c8c000, 0x0000018ca245f800,
0x0000018ca2463000, 0x0000018ca2464000, 0x0000018ca2467800, 0x0000018ca246c800,
0x0000018ca2d43000, 0x0000018ca2e2d800, 0x0000018ca63f8800, 0x0000018ca4743800,
0x0000018ca62f6800, 0x0000018ca53fa800, 0x0000018ca53f9000, 0x0000018ca53fb800,
0x0000018ca53fc800, 0x0000018ca53fd000, 0x0000018ca6a13800, 0x0000018ca6a14800,
0x0000018ca6a12000, 0x0000018ca6a0e800, 0x0000018ca6a18800, 0x0000018ca6a16000,
0x0000018ca84cb000, 0x0000018ca6a1c800, 0x0000018ca84d1000, 0x0000018ca53fa000,
0x0000018ca53f7800, 0x0000018ca53fe000, 0x0000018ca53f8800, 0x0000018ca6ad3000,
0x0000018ca6ad0800, 0x0000018ca6acf000, 0x0000018ca6ace000, 0x0000018ca6acf800,
0x0000018ca6acd000, 0x0000018ca6ad3800, 0x0000018ca6ad5800, 0x0000018ca6ad7000,
0x0000018ca6ad1000, 0x0000018ca6ad8800, 0x0000018ca6ada000, 0x0000018ca6ad9800,
0x0000018ca6adb000, 0x0000018ca6adc000, 0x0000018ca84cc000, 0x0000018ca84cd000,
0x0000018ca84c7000, 0x0000018ca84c8000, 0x0000018ca84cd800, 0x0000018ca84ce800,
0x0000018ca84c9000
}

Java Threads: ( => current thread )
  0x0000018c88854000 JavaThread "main" [_thread_blocked, id=1676, stack(0x0000001662e00000,0x0000001662f00000)]
  0x0000018ca2c7c800 JavaThread "Reference Handler" daemon [_thread_blocked, id=16180, stack(0x0000001663500000,0x0000001663600000)]
  0x0000018ca2c8c000 JavaThread "Finalizer" daemon [_thread_blocked, id=4340, stack(0x0000001663600000,0x0000001663700000)]
  0x0000018ca245f800 JavaThread "Signal Dispatcher" daemon [_thread_blocked, id=1960, stack(0x0000001663700000,0x0000001663800000)]
  0x0000018ca2463000 JavaThread "Attach Listener" daemon [_thread_blocked, id=12556, stack(0x0000001663800000,0x0000001663900000)]
  0x0000018ca2464000 JavaThread "Service Thread" daemon [_thread_blocked, id=11220, stack(0x0000001663900000,0x0000001663a00000)]
=>0x0000018ca2467800 JavaThread "C2 CompilerThread0" daemon [_thread_in_native, id=11456, stack(0x0000001663a00000,0x0000001663b00000)]
  0x0000018ca246c800 JavaThread "C1 CompilerThread0" daemon [_thread_blocked, id=15324, stack(0x0000001663b00000,0x0000001663c00000)]
  0x0000018ca2d43000 JavaThread "Sweeper thread" daemon [_thread_blocked, id=10516, stack(0x0000001663c00000,0x0000001663d00000)]
  0x0000018ca2e2d800 JavaThread "Common-Cleaner" daemon [_thread_blocked, id=4520, stack(0x0000001663d00000,0x0000001663e00000)]
  0x0000018ca63f8800 JavaThread "Daemon health stats" [_thread_blocked, id=3960, stack(0x0000001664200000,0x0000001664300000)]
  0x0000018ca4743800 JavaThread "Incoming local TCP Connector on port 55190" [_thread_in_native, id=556, stack(0x0000001664300000,0x0000001664400000)]
  0x0000018ca62f6800 JavaThread "Daemon periodic checks" [_thread_blocked, id=13244, stack(0x0000001664400000,0x0000001664500000)]
  0x0000018ca53fa800 JavaThread "Cache worker for file hash cache (C:\Users\Bane\.gradle\caches\7.0.2\fileHashes)" [_thread_blocked, id=16452, stack(0x0000001664d00000,0x0000001664e00000)]
  0x0000018ca53f9000 JavaThread "File lock request listener" [_thread_in_native, id=16496, stack(0x0000001664e00000,0x0000001664f00000)]
  0x0000018ca53fb800 JavaThread "Cache worker for journal cache (C:\Users\Bane\.gradle\caches\journal-1)" [_thread_blocked, id=7360, stack(0x0000001664f00000,0x0000001665000000)]
  0x0000018ca53fc800 JavaThread "File watcher server" daemon [_thread_in_native, id=6660, stack(0x0000001665100000,0x0000001665200000)]
  0x0000018ca53fd000 JavaThread "File watcher consumer" daemon [_thread_blocked, id=13520, stack(0x0000001665200000,0x0000001665300000)]
  0x0000018ca6a13800 JavaThread "Cache worker for execution history cache (C:\Users\Bane\.gradle\caches\7.0.2\executionHistory)" [_thread_blocked, id=17312, stack(0x0000001665600000,0x0000001665700000)]
  0x0000018ca6a14800 JavaThread "jar transforms" [_thread_blocked, id=2460, stack(0x0000001665700000,0x0000001665800000)]
  0x0000018ca6a12000 JavaThread "jar transforms Thread 2" [_thread_blocked, id=13048, stack(0x0000001665800000,0x0000001665900000)]
  0x0000018ca6a0e800 JavaThread "Cache worker for file content cache (C:\Users\Bane\.gradle\caches\7.0.2\fileContent)" [_thread_blocked, id=9852, stack(0x0000001665900000,0x0000001665a00000)]
  0x0000018ca6a18800 JavaThread "jar transforms Thread 3" [_thread_blocked, id=3900, stack(0x0000001665b00000,0x0000001665c00000)]
  0x0000018ca6a16000 JavaThread "jar transforms Thread 4" [_thread_blocked, id=11160, stack(0x0000001666100000,0x0000001666200000)]
  0x0000018ca84cb000 JavaThread "Memory manager" [_thread_blocked, id=15080, stack(0x0000001666200000,0x0000001666300000)]
  0x0000018ca6a1c800 JavaThread "Cache worker for Java compile cache (C:\Users\Bane\.gradle\caches\7.0.2\javaCompile)" [_thread_blocked, id=17196, stack(0x0000001666900000,0x0000001666a00000)]
  0x0000018ca84d1000 JavaThread "ForkJoinPool.commonPool-worker-3" daemon [_thread_blocked, id=15368, stack(0x0000001666f00000,0x0000001667000000)]
  0x0000018ca53fa000 JavaThread "Daemon Thread 30" [_thread_blocked, id=13296, stack(0x0000001662b00000,0x0000001662c00000)]
  0x0000018ca53f7800 JavaThread "Handler for socket connection from /127.0.0.1:55190 to /127.0.0.1:58419" [_thread_in_native, id=13512, stack(0x0000001662c00000,0x0000001662d00000)]
  0x0000018ca53fe000 JavaThread "Cancel handler" [_thread_blocked, id=15952, stack(0x0000001662d00000,0x0000001662e00000)]
  0x0000018ca53f8800 JavaThread "Daemon worker Thread 30" [_thread_blocked, id=6560, stack(0x0000001663f00000,0x0000001664000000)]
  0x0000018ca6ad3000 JavaThread "Asynchronous log dispatcher for DefaultDaemonConnection: socket connection from /127.0.0.1:55190 to /127.0.0.1:58419" [_thread_blocked, id=7404, stack(0x0000001664500000,0x0000001664600000)]
  0x0000018ca6ad0800 JavaThread "Stdin handler" [_thread_blocked, id=9020, stack(0x0000001664600000,0x0000001664700000)]
  0x0000018ca6acf000 JavaThread "Daemon client event forwarder" [_thread_blocked, id=12024, stack(0x0000001664700000,0x0000001664800000)]
  0x0000018ca6ace000 JavaThread "Cache worker for file hash cache (C:\Users\Bane\Desktop\Faks\ANDROID_PROJEKAT\.gradle\7.0.2\fileHashes)" [_thread_blocked, id=15668, stack(0x0000001664800000,0x0000001664900000)]
  0x0000018ca6acf800 JavaThread "Cache worker for checksums cache (C:\Users\Bane\Desktop\Faks\ANDROID_PROJEKAT\.gradle\checksums)" [_thread_blocked, id=17344, stack(0x0000001664900000,0x0000001664a00000)]
  0x0000018ca6acd000 JavaThread "Cache worker for cache directory md-supplier (C:\Users\Bane\.gradle\caches\7.0.2\md-supplier)" [_thread_blocked, id=8312, stack(0x0000001664a00000,0x0000001664b00000)]
  0x0000018ca6ad3800 JavaThread "Cache worker for cache directory md-rule (C:\Users\Bane\.gradle\caches\7.0.2\md-rule)" [_thread_blocked, id=10168, stack(0x0000001664c00000,0x0000001664d00000)]
  0x0000018ca6ad5800 JavaThread "Cache worker for dependencies-accessors (C:\Users\Bane\Desktop\Faks\ANDROID_PROJEKAT\.gradle\7.0.2\dependencies-accessors)" [_thread_blocked, id=13856, stack(0x0000001665000000,0x0000001665100000)]
  0x0000018ca6ad7000 JavaThread "Cache worker for Build Output Cleanup Cache (C:\Users\Bane\Desktop\Faks\ANDROID_PROJEKAT\.gradle\buildOutputCleanup)" [_thread_blocked, id=12528, stack(0x0000001665300000,0x0000001665400000)]
  0x0000018ca6ad1000 JavaThread "Build operations" [_thread_blocked, id=9324, stack(0x0000001665400000,0x0000001665500000)]
  0x0000018ca6ad8800 JavaThread "Build operations Thread 2" [_thread_blocked, id=14848, stack(0x0000001665500000,0x0000001665600000)]
  0x0000018ca6ada000 JavaThread "Build operations Thread 3" [_thread_blocked, id=4316, stack(0x0000001665a00000,0x0000001665b00000)]
  0x0000018ca6ad9800 JavaThread "Build operations Thread 4" [_thread_in_Java, id=3408, stack(0x0000001665c00000,0x0000001665d00000)]
  0x0000018ca6adb000 JavaThread "C2 CompilerThread1" daemon [_thread_in_native, id=11232, stack(0x0000001665d00000,0x0000001665e00000)]
  0x0000018ca6adc000 JavaThread "Execution worker for ':'" [_thread_blocked, id=5908, stack(0x0000001665e00000,0x0000001665f00000)]
  0x0000018ca84cc000 JavaThread "Execution worker for ':' Thread 2" [_thread_blocked, id=7504, stack(0x0000001665f00000,0x0000001666000000)]
  0x0000018ca84cd000 JavaThread "Execution worker for ':' Thread 3" [_thread_blocked, id=17300, stack(0x0000001666000000,0x0000001666100000)]
  0x0000018ca84c7000 JavaThread "Cache worker for execution history cache (C:\Users\Bane\Desktop\Faks\ANDROID_PROJEKAT\.gradle\7.0.2\executionHistory)" [_thread_blocked, id=11988, stack(0x0000001666300000,0x0000001666400000)]
  0x0000018ca84c8000 JavaThread "WorkerExecutor Queue" [_thread_blocked, id=8292, stack(0x0000001666400000,0x0000001666500000)]
  0x0000018ca84cd800 JavaThread "pool-131-thread-1" [_thread_blocked, id=16620, stack(0x0000001666500000,0x0000001666600000)]
  0x0000018ca84ce800 JavaThread "stderr" [_thread_in_native, id=16392, stack(0x0000001666600000,0x0000001666700000)]
  0x0000018ca84c9000 JavaThread "stdout" [_thread_in_native, id=3460, stack(0x0000001666700000,0x0000001666800000)]

Other Threads:
  0x0000018ca2c78800 VMThread "VM Thread" [stack: 0x0000001663400000,0x0000001663500000] [id=9096]
  0x0000018ca2e76800 WatcherThread [stack: 0x0000001663e00000,0x0000001663f00000] [id=2844]
  0x0000018c8886b000 GCTaskThread "GC Thread#0" [stack: 0x0000001662f00000,0x0000001663000000] [id=14396]
  0x0000018ca393d800 GCTaskThread "GC Thread#1" [stack: 0x0000001664000000,0x0000001664100000] [id=11176]
  0x0000018ca3ad0000 GCTaskThread "GC Thread#2" [stack: 0x0000001664100000,0x0000001664200000] [id=14908]
  0x0000018ca5a7f800 GCTaskThread "GC Thread#3" [stack: 0x0000001664b00000,0x0000001664c00000] [id=9396]
  0x0000018c8889d800 ConcurrentGCThread "G1 Main Marker" [stack: 0x0000001663000000,0x0000001663100000] [id=2128]
  0x0000018c8889f000 ConcurrentGCThread "G1 Conc#0" [stack: 0x0000001663100000,0x0000001663200000] [id=2956]
  0x0000018ca22ac800 ConcurrentGCThread "G1 Refine#0" [stack: 0x0000001663200000,0x0000001663300000] [id=15392]
  0x0000018ca22ad800 ConcurrentGCThread "G1 Young RemSet Sampling" [stack: 0x0000001663300000,0x0000001663400000] [id=4224]

Threads with active compile tasks:
C2 CompilerThread09844141 36884       4       com.android.tools.r8.internal.Mv::a (1305 bytes)
C2 CompilerThread19844141 36079 %     4       com.android.tools.r8.ir.regalloc.a::a @ 1262 (1824 bytes)

VM state:not at safepoint (normal execution)

VM Mutex/Monitor currently owned by a thread: None

Heap address: 0x0000000080000000, size: 2048 MB, Compressed Oops mode: 32-bit
Narrow klass base: 0x0000000000000000, Narrow klass shift: 3
Compressed class space size: 1073741824 Address: 0x0000000100000000

Heap:
 garbage-first heap   total 384000K, used 259301K [0x0000000080000000, 0x0000000100000000)
  region size 1024K, 112 young (114688K), 2 survivors (2048K)
 Metaspace       used 137492K, capacity 142360K, committed 143308K, reserved 1173504K
  class space    used 16567K, capacity 18304K, committed 18636K, reserved 1048576K
Heap Regions: E=young(eden), S=young(survivor), O=old, HS=humongous(starts), HC=humongous(continues), CS=collection set, F=free, A=archive, TAMS=top-at-mark-start (previous, next)
|   0|0x0000000080000000, 0x0000000080100000, 0x0000000080100000|100%| O|  |TAMS 0x0000000080100000, 0x0000000080000000| Untracked 
|   1|0x0000000080100000, 0x0000000080200000, 0x0000000080200000|100%| O|  |TAMS 0x0000000080200000, 0x0000000080100000| Untracked 
|   2|0x0000000080200000, 0x0000000080300000, 0x0000000080300000|100%| O|  |TAMS 0x0000000080300000, 0x0000000080200000| Untracked 
|   3|0x0000000080300000, 0x0000000080400000, 0x0000000080400000|100%|HS|  |TAMS 0x0000000080400000, 0x0000000080300000| Complete 
|   4|0x0000000080400000, 0x0000000080500000, 0x0000000080500000|100%|HC|  |TAMS 0x0000000080500000, 0x0000000080400000| Complete 
|   5|0x0000000080500000, 0x0000000080600000, 0x0000000080600000|100%|HC|  |TAMS 0x0000000080600000, 0x0000000080500000| Complete 
|   6|0x0000000080600000, 0x0000000080700000, 0x0000000080700000|100%| O|  |TAMS 0x0000000080700000, 0x0000000080600000| Untracked 
|   7|0x0000000080700000, 0x0000000080800000, 0x0000000080800000|100%| O|  |TAMS 0x0000000080800000, 0x0000000080700000| Untracked 
|   8|0x0000000080800000, 0x0000000080900000, 0x0000000080900000|100%| O|  |TAMS 0x0000000080900000, 0x0000000080800000| Untracked 
|   9|0x0000000080900000, 0x0000000080a00000, 0x0000000080a00000|100%| O|  |TAMS 0x0000000080a00000, 0x0000000080900000| Untracked 
|  10|0x0000000080a00000, 0x0000000080b00000, 0x0000000080b00000|100%| O|  |TAMS 0x0000000080b00000, 0x0000000080a00000| Untracked 
|  11|0x0000000080b00000, 0x0000000080c00000, 0x0000000080c00000|100%| O|  |TAMS 0x0000000080c00000, 0x0000000080b00000| Untracked 
|  12|0x0000000080c00000, 0x0000000080d00000, 0x0000000080d00000|100%| O|  |TAMS 0x0000000080d00000, 0x0000000080c00000| Untracked 
|  13|0x0000000080d00000, 0x0000000080e00000, 0x0000000080e00000|100%| O|  |TAMS 0x0000000080e00000, 0x0000000080d00000| Untracked 
|  14|0x0000000080e00000, 0x0000000080f00000, 0x0000000080f00000|100%| O|  |TAMS 0x0000000080f00000, 0x0000000080e00000| Untracked 
|  15|0x0000000080f00000, 0x0000000081000000, 0x0000000081000000|100%| O|  |TAMS 0x0000000081000000, 0x0000000080f00000| Untracked 
|  16|0x0000000081000000, 0x0000000081100000, 0x0000000081100000|100%|HS|  |TAMS 0x0000000081100000, 0x0000000081000000| Complete 
|  17|0x0000000081100000, 0x0000000081200000, 0x0000000081200000|100%| O|  |TAMS 0x0000000081200000, 0x0000000081100000| Untracked 
|  18|0x0000000081200000, 0x0000000081300000, 0x0000000081300000|100%| O|  |TAMS 0x0000000081300000, 0x0000000081200000| Untracked 
|  19|0x0000000081300000, 0x0000000081400000, 0x0000000081400000|100%| O|  |TAMS 0x0000000081400000, 0x0000000081300000| Untracked 
|  20|0x0000000081400000, 0x0000000081500000, 0x0000000081500000|100%| O|  |TAMS 0x0000000081500000, 0x0000000081400000| Untracked 
|  21|0x0000000081500000, 0x0000000081600000, 0x0000000081600000|100%| O|  |TAMS 0x0000000081600000, 0x0000000081500000| Untracked 
|  22|0x0000000081600000, 0x0000000081700000, 0x0000000081700000|100%| O|  |TAMS 0x0000000081600000, 0x0000000081600000| Untracked 
|  23|0x0000000081700000, 0x0000000081800000, 0x0000000081800000|100%|HS|  |TAMS 0x0000000081800000, 0x0000000081700000| Complete 
|  24|0x0000000081800000, 0x0000000081900000, 0x0000000081900000|100%|HS|  |TAMS 0x0000000081900000, 0x0000000081800000| Complete 
|  25|0x0000000081900000, 0x0000000081a00000, 0x0000000081a00000|100%|HC|  |TAMS 0x0000000081a00000, 0x0000000081900000| Complete 
|  26|0x0000000081a00000, 0x0000000081b00000, 0x0000000081b00000|100%| O|  |TAMS 0x0000000081b00000, 0x0000000081a00000| Untracked 
|  27|0x0000000081b00000, 0x0000000081c00000, 0x0000000081c00000|100%| O|  |TAMS 0x0000000081c00000, 0x0000000081b00000| Untracked 
|  28|0x0000000081c00000, 0x0000000081d00000, 0x0000000081d00000|100%| O|  |TAMS 0x0000000081d00000, 0x0000000081c00000| Untracked 
|  29|0x0000000081d00000, 0x0000000081e00000, 0x0000000081e00000|100%| O|  |TAMS 0x0000000081e00000, 0x0000000081d00000| Untracked 
|  30|0x0000000081e00000, 0x0000000081f00000, 0x0000000081f00000|100%| O|  |TAMS 0x0000000081f00000, 0x0000000081e00000| Untracked 
|  31|0x0000000081f00000, 0x0000000082000000, 0x0000000082000000|100%| O|  |TAMS 0x0000000082000000, 0x0000000081f00000| Untracked 
|  32|0x0000000082000000, 0x0000000082100000, 0x0000000082100000|100%| O|  |TAMS 0x0000000082100000, 0x0000000082000000| Untracked 
|  33|0x0000000082100000, 0x0000000082200000, 0x0000000082200000|100%|HS|  |TAMS 0x0000000082100000, 0x0000000082100000| Complete 
|  34|0x0000000082200000, 0x0000000082300000, 0x0000000082300000|100%|HC|  |TAMS 0x0000000082200000, 0x0000000082200000| Complete 
|  35|0x0000000082300000, 0x0000000082400000, 0x0000000082400000|100%| O|  |TAMS 0x0000000082400000, 0x0000000082300000| Untracked 
|  36|0x0000000082400000, 0x0000000082500000, 0x0000000082500000|100%| O|  |TAMS 0x0000000082500000, 0x0000000082400000| Untracked 
|  37|0x0000000082500000, 0x0000000082600000, 0x0000000082600000|100%| O|  |TAMS 0x0000000082600000, 0x0000000082500000| Untracked 
|  38|0x0000000082600000, 0x0000000082700000, 0x0000000082700000|100%| O|  |TAMS 0x0000000082700000, 0x0000000082600000| Untracked 
|  39|0x0000000082700000, 0x0000000082800000, 0x0000000082800000|100%| O|  |TAMS 0x0000000082800000, 0x0000000082700000| Untracked 
|  40|0x0000000082800000, 0x0000000082900000, 0x0000000082900000|100%| O|  |TAMS 0x0000000082800000, 0x0000000082800000| Untracked 
|  41|0x0000000082900000, 0x0000000082a00000, 0x0000000082a00000|100%|HS|  |TAMS 0x0000000082a00000, 0x0000000082900000| Complete 
|  42|0x0000000082a00000, 0x0000000082b00000, 0x0000000082b00000|100%|HC|  |TAMS 0x0000000082b00000, 0x0000000082a00000| Complete 
|  43|0x0000000082b00000, 0x0000000082c00000, 0x0000000082c00000|100%| O|  |TAMS 0x0000000082c00000, 0x0000000082b00000| Untracked 
|  44|0x0000000082c00000, 0x0000000082d00000, 0x0000000082d00000|100%| O|  |TAMS 0x0000000082c00000, 0x0000000082c00000| Untracked 
|  45|0x0000000082d00000, 0x0000000082e00000, 0x0000000082e00000|100%| O|  |TAMS 0x0000000082e00000, 0x0000000082d00000| Untracked 
|  46|0x0000000082e00000, 0x0000000082f00000, 0x0000000082f00000|100%| O|  |TAMS 0x0000000082f00000, 0x0000000082e00000| Untracked 
|  47|0x0000000082f00000, 0x0000000083000000, 0x0000000083000000|100%| O|  |TAMS 0x0000000083000000, 0x0000000082f00000| Untracked 
|  48|0x0000000083000000, 0x0000000083100000, 0x0000000083100000|100%|HS|  |TAMS 0x0000000083100000, 0x0000000083000000| Complete 
|  49|0x0000000083100000, 0x0000000083200000, 0x0000000083200000|100%|HC|  |TAMS 0x0000000083200000, 0x0000000083100000| Complete 
|  50|0x0000000083200000, 0x0000000083300000, 0x0000000083300000|100%|HC|  |TAMS 0x0000000083300000, 0x0000000083200000| Complete 
|  51|0x0000000083300000, 0x0000000083400000, 0x0000000083400000|100%| O|  |TAMS 0x0000000083400000, 0x0000000083300000| Untracked 
|  52|0x0000000083400000, 0x0000000083500000, 0x0000000083500000|100%| O|  |TAMS 0x0000000083400000, 0x0000000083400000| Untracked 
|  53|0x0000000083500000, 0x0000000083600000, 0x0000000083600000|100%| O|  |TAMS 0x0000000083600000, 0x0000000083500000| Untracked 
|  54|0x0000000083600000, 0x0000000083700000, 0x0000000083700000|100%| O|  |TAMS 0x0000000083700000, 0x0000000083600000| Untracked 
|  55|0x0000000083700000, 0x0000000083800000, 0x0000000083800000|100%| O|  |TAMS 0x0000000083800000, 0x0000000083700000| Untracked 
|  56|0x0000000083800000, 0x0000000083900000, 0x0000000083900000|100%| O|  |TAMS 0x0000000083900000, 0x0000000083800000| Untracked 
|  57|0x0000000083900000, 0x0000000083a00000, 0x0000000083a00000|100%| O|  |TAMS 0x0000000083a00000, 0x0000000083900000| Untracked 
|  58|0x0000000083a00000, 0x0000000083b00000, 0x0000000083b00000|100%| O|  |TAMS 0x0000000083a00000, 0x0000000083a00000| Untracked 
|  59|0x0000000083b00000, 0x0000000083c00000, 0x0000000083c00000|100%| O|  |TAMS 0x0000000083c00000, 0x0000000083b00000| Untracked 
|  60|0x0000000083c00000, 0x0000000083d00000, 0x0000000083d00000|100%| O|  |TAMS 0x0000000083d00000, 0x0000000083c00000| Untracked 
|  61|0x0000000083d00000, 0x0000000083e00000, 0x0000000083e00000|100%| O|  |TAMS 0x0000000083e00000, 0x0000000083d00000| Untracked 
|  62|0x0000000083e00000, 0x0000000083f00000, 0x0000000083f00000|100%| O|  |TAMS 0x0000000083e00000, 0x0000000083e00000| Untracked 
|  63|0x0000000083f00000, 0x0000000084000000, 0x0000000084000000|100%| O|  |TAMS 0x0000000084000000, 0x0000000083f00000| Untracked 
|  64|0x0000000084000000, 0x0000000084100000, 0x0000000084100000|100%| O|  |TAMS 0x0000000084100000, 0x0000000084000000| Untracked 
|  65|0x0000000084100000, 0x0000000084200000, 0x0000000084200000|100%| O|  |TAMS 0x0000000084200000, 0x0000000084100000| Untracked 
|  66|0x0000000084200000, 0x0000000084300000, 0x0000000084300000|100%| O|  |TAMS 0x0000000084300000, 0x0000000084200000| Untracked 
|  67|0x0000000084300000, 0x0000000084400000, 0x0000000084400000|100%| O|  |TAMS 0x0000000084400000, 0x0000000084300000| Untracked 
|  68|0x0000000084400000, 0x0000000084500000, 0x0000000084500000|100%| O|  |TAMS 0x0000000084500000, 0x0000000084400000| Untracked 
|  69|0x0000000084500000, 0x0000000084600000, 0x0000000084600000|100%| O|  |TAMS 0x0000000084600000, 0x0000000084500000| Untracked 
|  70|0x0000000084600000, 0x0000000084700000, 0x0000000084700000|100%| O|  |TAMS 0x0000000084700000, 0x0000000084600000| Untracked 
|  71|0x0000000084700000, 0x0000000084800000, 0x0000000084800000|100%| O|  |TAMS 0x0000000084800000, 0x0000000084700000| Untracked 
|  72|0x0000000084800000, 0x0000000084900000, 0x0000000084900000|100%| O|  |TAMS 0x0000000084900000, 0x0000000084800000| Untracked 
|  73|0x0000000084900000, 0x0000000084a00000, 0x0000000084a00000|100%| O|  |TAMS 0x0000000084a00000, 0x0000000084900000| Untracked 
|  74|0x0000000084a00000, 0x0000000084b00000, 0x0000000084b00000|100%| O|  |TAMS 0x0000000084b00000, 0x0000000084a00000| Untracked 
|  75|0x0000000084b00000, 0x0000000084c00000, 0x0000000084c00000|100%| O|  |TAMS 0x0000000084c00000, 0x0000000084b00000| Untracked 
|  76|0x0000000084c00000, 0x0000000084d00000, 0x0000000084d00000|100%| O|  |TAMS 0x0000000084d00000, 0x0000000084c00000| Untracked 
|  77|0x0000000084d00000, 0x0000000084e00000, 0x0000000084e00000|100%| O|  |TAMS 0x0000000084e00000, 0x0000000084d00000| Untracked 
|  78|0x0000000084e00000, 0x0000000084f00000, 0x0000000084f00000|100%| O|  |TAMS 0x0000000084f00000, 0x0000000084e00000| Untracked 
|  79|0x0000000084f00000, 0x0000000085000000, 0x0000000085000000|100%| O|  |TAMS 0x0000000085000000, 0x0000000084f00000| Untracked 
|  80|0x0000000085000000, 0x0000000085100000, 0x0000000085100000|100%| O|  |TAMS 0x0000000085100000, 0x0000000085000000| Untracked 
|  81|0x0000000085100000, 0x0000000085200000, 0x0000000085200000|100%| O|  |TAMS 0x0000000085200000, 0x0000000085100000| Untracked 
|  82|0x0000000085200000, 0x0000000085300000, 0x0000000085300000|100%| O|  |TAMS 0x0000000085300000, 0x0000000085200000| Untracked 
|  83|0x0000000085300000, 0x0000000085400000, 0x0000000085400000|100%| O|  |TAMS 0x0000000085300000, 0x0000000085300000| Untracked 
|  84|0x0000000085400000, 0x0000000085500000, 0x0000000085500000|100%| O|  |TAMS 0x0000000085500000, 0x0000000085400000| Untracked 
|  85|0x0000000085500000, 0x0000000085600000, 0x0000000085600000|100%| O|  |TAMS 0x0000000085600000, 0x0000000085500000| Untracked 
|  86|0x0000000085600000, 0x0000000085600000, 0x0000000085700000|  0%| F|  |TAMS 0x0000000085600000, 0x0000000085600000| Untracked 
|  87|0x0000000085700000, 0x0000000085800000, 0x0000000085800000|100%| O|  |TAMS 0x0000000085800000, 0x0000000085700000| Untracked 
|  88|0x0000000085800000, 0x0000000085900000, 0x0000000085900000|100%| O|  |TAMS 0x0000000085900000, 0x0000000085800000| Untracked 
|  89|0x0000000085900000, 0x0000000085a00000, 0x0000000085a00000|100%| O|  |TAMS 0x0000000085a00000, 0x0000000085900000| Untracked 
|  90|0x0000000085a00000, 0x0000000085b00000, 0x0000000085b00000|100%| O|  |TAMS 0x0000000085b00000, 0x0000000085a00000| Untracked 
|  91|0x0000000085b00000, 0x0000000085c00000, 0x0000000085c00000|100%| O|  |TAMS 0x0000000085b00000, 0x0000000085b00000| Untracked 
|  92|0x0000000085c00000, 0x0000000085d00000, 0x0000000085d00000|100%| O|  |TAMS 0x0000000085c00000, 0x0000000085c00000| Untracked 
|  93|0x0000000085d00000, 0x0000000085e00000, 0x0000000085e00000|100%| O|  |TAMS 0x0000000085e00000, 0x0000000085d00000| Untracked 
|  94|0x0000000085e00000, 0x0000000085f00000, 0x0000000085f00000|100%| O|  |TAMS 0x0000000085f00000, 0x0000000085e00000| Untracked 
|  95|0x0000000085f00000, 0x0000000086000000, 0x0000000086000000|100%| O|  |TAMS 0x0000000086000000, 0x0000000085f00000| Untracked 
|  96|0x0000000086000000, 0x0000000086100000, 0x0000000086100000|100%| O|  |TAMS 0x0000000086100000, 0x0000000086000000| Untracked 
|  97|0x0000000086100000, 0x0000000086200000, 0x0000000086200000|100%|HS|  |TAMS 0x0000000086200000, 0x0000000086100000| Complete 
|  98|0x0000000086200000, 0x0000000086300000, 0x0000000086300000|100%|HC|  |TAMS 0x0000000086300000, 0x0000000086200000| Complete 
|  99|0x0000000086300000, 0x0000000086400000, 0x0000000086400000|100%|HC|  |TAMS 0x0000000086400000, 0x0000000086300000| Complete 
| 100|0x0000000086400000, 0x0000000086500000, 0x0000000086500000|100%|HC|  |TAMS 0x0000000086500000, 0x0000000086400000| Complete 
| 101|0x0000000086500000, 0x0000000086600000, 0x0000000086600000|100%|HC|  |TAMS 0x0000000086600000, 0x0000000086500000| Complete 
| 102|0x0000000086600000, 0x0000000086700000, 0x0000000086700000|100%| O|  |TAMS 0x0000000086700000, 0x0000000086600000| Untracked 
| 103|0x0000000086700000, 0x0000000086800000, 0x0000000086800000|100%| O|  |TAMS 0x0000000086700000, 0x0000000086700000| Untracked 
| 104|0x0000000086800000, 0x0000000086900000, 0x0000000086900000|100%| O|  |TAMS 0x0000000086900000, 0x0000000086800000| Untracked 
| 105|0x0000000086900000, 0x0000000086a00000, 0x0000000086a00000|100%| O|  |TAMS 0x0000000086a00000, 0x0000000086900000| Untracked 
| 106|0x0000000086a00000, 0x0000000086b00000, 0x0000000086b00000|100%| O|  |TAMS 0x0000000086b00000, 0x0000000086a00000| Untracked 
| 107|0x0000000086b00000, 0x0000000086c00000, 0x0000000086c00000|100%| O|  |TAMS 0x0000000086c00000, 0x0000000086b00000| Untracked 
| 108|0x0000000086c00000, 0x0000000086d00000, 0x0000000086d00000|100%| O|  |TAMS 0x0000000086d00000, 0x0000000086c00000| Untracked 
| 109|0x0000000086d00000, 0x0000000086e00000, 0x0000000086e00000|100%| O|  |TAMS 0x0000000086e00000, 0x0000000086d00000| Untracked 
| 110|0x0000000086e00000, 0x0000000086f00000, 0x0000000086f00000|100%| O|  |TAMS 0x0000000086f00000, 0x0000000086e00000| Untracked 
| 111|0x0000000086f00000, 0x0000000087000000, 0x0000000087000000|100%| O|  |TAMS 0x0000000087000000, 0x0000000086f00000| Untracked 
| 112|0x0000000087000000, 0x0000000087100000, 0x0000000087100000|100%| O|  |TAMS 0x0000000087000000, 0x0000000087000000| Untracked 
| 113|0x0000000087100000, 0x0000000087200000, 0x0000000087200000|100%| O|  |TAMS 0x0000000087200000, 0x0000000087100000| Untracked 
| 114|0x0000000087200000, 0x0000000087300000, 0x0000000087300000|100%| O|  |TAMS 0x0000000087300000, 0x0000000087200000| Untracked 
| 115|0x0000000087300000, 0x0000000087400000, 0x0000000087400000|100%| O|  |TAMS 0x0000000087400000, 0x0000000087300000| Untracked 
| 116|0x0000000087400000, 0x00000000874cda00, 0x0000000087500000| 80%| O|  |TAMS 0x0000000087400000, 0x0000000087400000| Untracked 
| 117|0x0000000087500000, 0x0000000087500000, 0x0000000087600000|  0%| F|  |TAMS 0x0000000087500000, 0x0000000087500000| Untracked 
| 118|0x0000000087600000, 0x0000000087600000, 0x0000000087700000|  0%| F|  |TAMS 0x0000000087600000, 0x0000000087600000| Untracked 
| 119|0x0000000087700000, 0x0000000087800000, 0x0000000087800000|100%| O|  |TAMS 0x0000000087800000, 0x0000000087700000| Untracked 
| 120|0x0000000087800000, 0x0000000087800000, 0x0000000087900000|  0%| F|  |TAMS 0x0000000087800000, 0x0000000087800000| Untracked 
| 121|0x0000000087900000, 0x0000000087a00000, 0x0000000087a00000|100%| O|  |TAMS 0x0000000087a00000, 0x0000000087900000| Untracked 
| 122|0x0000000087a00000, 0x0000000087b00000, 0x0000000087b00000|100%| O|  |TAMS 0x0000000087b00000, 0x0000000087a00000| Untracked 
| 123|0x0000000087b00000, 0x0000000087c00000, 0x0000000087c00000|100%| O|  |TAMS 0x0000000087c00000, 0x0000000087b00000| Untracked 
| 124|0x0000000087c00000, 0x0000000087d00000, 0x0000000087d00000|100%| O|  |TAMS 0x0000000087d00000, 0x0000000087c00000| Untracked 
| 125|0x0000000087d00000, 0x0000000087e00000, 0x0000000087e00000|100%| O|  |TAMS 0x0000000087e00000, 0x0000000087d00000| Untracked 
| 126|0x0000000087e00000, 0x0000000087f00000, 0x0000000087f00000|100%| O|  |TAMS 0x0000000087f00000, 0x0000000087e00000| Untracked 
| 127|0x0000000087f00000, 0x0000000088000000, 0x0000000088000000|100%| O|  |TAMS 0x0000000088000000, 0x0000000087f00000| Untracked 
| 128|0x0000000088000000, 0x0000000088100000, 0x0000000088100000|100%| O|  |TAMS 0x0000000088100000, 0x0000000088000000| Untracked 
| 129|0x0000000088100000, 0x0000000088100000, 0x0000000088200000|  0%| F|  |TAMS 0x0000000088100000, 0x0000000088100000| Untracked 
| 130|0x0000000088200000, 0x0000000088300000, 0x0000000088300000|100%| O|  |TAMS 0x0000000088300000, 0x0000000088200000| Untracked 
| 131|0x0000000088300000, 0x0000000088300000, 0x0000000088400000|  0%| F|  |TAMS 0x0000000088300000, 0x0000000088300000| Untracked 
| 132|0x0000000088400000, 0x0000000088500000, 0x0000000088500000|100%| O|  |TAMS 0x0000000088500000, 0x0000000088400000| Untracked 
| 133|0x0000000088500000, 0x0000000088500000, 0x0000000088600000|  0%| F|  |TAMS 0x0000000088500000, 0x0000000088500000| Untracked 
| 134|0x0000000088600000, 0x0000000088700000, 0x0000000088700000|100%| O|  |TAMS 0x0000000088700000, 0x0000000088600000| Untracked 
| 135|0x0000000088700000, 0x0000000088800000, 0x0000000088800000|100%| O|  |TAMS 0x0000000088800000, 0x0000000088700000| Untracked 
| 136|0x0000000088800000, 0x0000000088800000, 0x0000000088900000|  0%| F|  |TAMS 0x0000000088800000, 0x0000000088800000| Untracked 
| 137|0x0000000088900000, 0x0000000088a00000, 0x0000000088a00000|100%| O|  |TAMS 0x0000000088a00000, 0x0000000088900000| Untracked 
| 138|0x0000000088a00000, 0x0000000088a00000, 0x0000000088b00000|  0%| F|  |TAMS 0x0000000088a00000, 0x0000000088a00000| Untracked 
| 139|0x0000000088b00000, 0x0000000088c00000, 0x0000000088c00000|100%| O|  |TAMS 0x0000000088c00000, 0x0000000088b00000| Untracked 
| 140|0x0000000088c00000, 0x0000000088d00000, 0x0000000088d00000|100%| O|  |TAMS 0x0000000088d00000, 0x0000000088c00000| Untracked 
| 141|0x0000000088d00000, 0x0000000088e00000, 0x0000000088e00000|100%| O|  |TAMS 0x0000000088e00000, 0x0000000088d00000| Untracked 
| 142|0x0000000088e00000, 0x0000000088e00000, 0x0000000088f00000|  0%| F|  |TAMS 0x0000000088e00000, 0x0000000088e00000| Untracked 
| 143|0x0000000088f00000, 0x0000000089000000, 0x0000000089000000|100%| O|  |TAMS 0x0000000089000000, 0x0000000088f00000| Untracked 
| 144|0x0000000089000000, 0x0000000089100000, 0x0000000089100000|100%| O|  |TAMS 0x0000000089100000, 0x0000000089000000| Untracked 
| 145|0x0000000089100000, 0x0000000089200000, 0x0000000089200000|100%| O|  |TAMS 0x0000000089200000, 0x0000000089100000| Untracked 
| 146|0x0000000089200000, 0x0000000089300000, 0x0000000089300000|100%| O|  |TAMS 0x0000000089300000, 0x0000000089200000| Untracked 
| 147|0x0000000089300000, 0x0000000089300000, 0x0000000089400000|  0%| F|  |TAMS 0x0000000089300000, 0x0000000089300000| Untracked 
| 148|0x0000000089400000, 0x0000000089500000, 0x0000000089500000|100%| O|  |TAMS 0x0000000089500000, 0x0000000089400000| Untracked 
| 149|0x0000000089500000, 0x0000000089600000, 0x0000000089600000|100%| O|  |TAMS 0x0000000089600000, 0x0000000089500000| Untracked 
| 150|0x0000000089600000, 0x0000000089700000, 0x0000000089700000|100%| O|  |TAMS 0x0000000089700000, 0x0000000089600000| Untracked 
| 151|0x0000000089700000, 0x0000000089800000, 0x0000000089800000|100%| O|  |TAMS 0x0000000089800000, 0x0000000089700000| Untracked 
| 152|0x0000000089800000, 0x0000000089900000, 0x0000000089900000|100%| O|  |TAMS 0x0000000089900000, 0x0000000089800000| Untracked 
| 153|0x0000000089900000, 0x0000000089900000, 0x0000000089a00000|  0%| F|  |TAMS 0x0000000089900000, 0x0000000089900000| Untracked 
| 154|0x0000000089a00000, 0x0000000089b00000, 0x0000000089b00000|100%| O|  |TAMS 0x0000000089a5c200, 0x0000000089a00000| Untracked 
| 155|0x0000000089b00000, 0x0000000089b00000, 0x0000000089c00000|  0%| F|  |TAMS 0x0000000089b00000, 0x0000000089b00000| Untracked 
| 156|0x0000000089c00000, 0x0000000089c00000, 0x0000000089d00000|  0%| F|  |TAMS 0x0000000089c00000, 0x0000000089c00000| Untracked 
| 157|0x0000000089d00000, 0x0000000089d00000, 0x0000000089e00000|  0%| F|  |TAMS 0x0000000089d00000, 0x0000000089d00000| Untracked 
| 158|0x0000000089e00000, 0x0000000089e00000, 0x0000000089f00000|  0%| F|  |TAMS 0x0000000089e00000, 0x0000000089e00000| Untracked 
| 159|0x0000000089f00000, 0x0000000089f00000, 0x000000008a000000|  0%| F|  |TAMS 0x0000000089f00000, 0x0000000089f00000| Untracked 
| 160|0x000000008a000000, 0x000000008a000000, 0x000000008a100000|  0%| F|  |TAMS 0x000000008a000000, 0x000000008a000000| Untracked 
| 161|0x000000008a100000, 0x000000008a100000, 0x000000008a200000|  0%| F|  |TAMS 0x000000008a100000, 0x000000008a100000| Untracked 
| 162|0x000000008a200000, 0x000000008a200000, 0x000000008a300000|  0%| F|  |TAMS 0x000000008a200000, 0x000000008a200000| Untracked 
| 163|0x000000008a300000, 0x000000008a300000, 0x000000008a400000|  0%| F|  |TAMS 0x000000008a300000, 0x000000008a300000| Untracked 
| 164|0x000000008a400000, 0x000000008a400000, 0x000000008a500000|  0%| F|  |TAMS 0x000000008a400000, 0x000000008a400000| Untracked 
| 165|0x000000008a500000, 0x000000008a500000, 0x000000008a600000|  0%| F|  |TAMS 0x000000008a500000, 0x000000008a500000| Untracked 
| 166|0x000000008a600000, 0x000000008a600000, 0x000000008a700000|  0%| F|  |TAMS 0x000000008a600000, 0x000000008a600000| Untracked 
| 167|0x000000008a700000, 0x000000008a700000, 0x000000008a800000|  0%| F|  |TAMS 0x000000008a700000, 0x000000008a700000| Untracked 
| 168|0x000000008a800000, 0x000000008a800000, 0x000000008a900000|  0%| F|  |TAMS 0x000000008a800000, 0x000000008a800000| Untracked 
| 169|0x000000008a900000, 0x000000008a900000, 0x000000008aa00000|  0%| F|  |TAMS 0x000000008a900000, 0x000000008a900000| Untracked 
| 170|0x000000008aa00000, 0x000000008aa00000, 0x000000008ab00000|  0%| F|  |TAMS 0x000000008aa00000, 0x000000008aa00000| Untracked 
| 171|0x000000008ab00000, 0x000000008ab00000, 0x000000008ac00000|  0%| F|  |TAMS 0x000000008ab00000, 0x000000008ab00000| Untracked 
| 172|0x000000008ac00000, 0x000000008ac00000, 0x000000008ad00000|  0%| F|  |TAMS 0x000000008ac00000, 0x000000008ac00000| Untracked 
| 173|0x000000008ad00000, 0x000000008ad00000, 0x000000008ae00000|  0%| F|  |TAMS 0x000000008ad00000, 0x000000008ad00000| Untracked 
| 174|0x000000008ae00000, 0x000000008ae00000, 0x000000008af00000|  0%| F|  |TAMS 0x000000008ae00000, 0x000000008ae00000| Untracked 
| 175|0x000000008af00000, 0x000000008af00000, 0x000000008b000000|  0%| F|  |TAMS 0x000000008af00000, 0x000000008af00000| Untracked 
| 176|0x000000008b000000, 0x000000008b000000, 0x000000008b100000|  0%| F|  |TAMS 0x000000008b000000, 0x000000008b000000| Untracked 
| 177|0x000000008b100000, 0x000000008b100000, 0x000000008b200000|  0%| F|  |TAMS 0x000000008b100000, 0x000000008b100000| Untracked 
| 178|0x000000008b200000, 0x000000008b200000, 0x000000008b300000|  0%| F|  |TAMS 0x000000008b200000, 0x000000008b200000| Untracked 
| 179|0x000000008b300000, 0x000000008b300000, 0x000000008b400000|  0%| F|  |TAMS 0x000000008b300000, 0x000000008b300000| Untracked 
| 180|0x000000008b400000, 0x000000008b400000, 0x000000008b500000|  0%| F|  |TAMS 0x000000008b400000, 0x000000008b400000| Untracked 
| 181|0x000000008b500000, 0x000000008b500000, 0x000000008b600000|  0%| F|  |TAMS 0x000000008b500000, 0x000000008b500000| Untracked 
| 182|0x000000008b600000, 0x000000008b600000, 0x000000008b700000|  0%| F|  |TAMS 0x000000008b600000, 0x000000008b600000| Untracked 
| 183|0x000000008b700000, 0x000000008b700000, 0x000000008b800000|  0%| F|  |TAMS 0x000000008b700000, 0x000000008b700000| Untracked 
| 184|0x000000008b800000, 0x000000008b800000, 0x000000008b900000|  0%| F|  |TAMS 0x000000008b800000, 0x000000008b800000| Untracked 
| 185|0x000000008b900000, 0x000000008b900000, 0x000000008ba00000|  0%| F|  |TAMS 0x000000008b900000, 0x000000008b900000| Untracked 
| 186|0x000000008ba00000, 0x000000008ba00000, 0x000000008bb00000|  0%| F|  |TAMS 0x000000008ba00000, 0x000000008ba00000| Untracked 
| 187|0x000000008bb00000, 0x000000008bb00000, 0x000000008bc00000|  0%| F|  |TAMS 0x000000008bb00000, 0x000000008bb00000| Untracked 
| 188|0x000000008bc00000, 0x000000008bc00000, 0x000000008bd00000|  0%| F|  |TAMS 0x000000008bc00000, 0x000000008bc00000| Untracked 
| 189|0x000000008bd00000, 0x000000008bd00000, 0x000000008be00000|  0%| F|  |TAMS 0x000000008bd00000, 0x000000008bd00000| Untracked 
| 190|0x000000008be00000, 0x000000008be00000, 0x000000008bf00000|  0%| F|  |TAMS 0x000000008be00000, 0x000000008be00000| Untracked 
| 191|0x000000008bf00000, 0x000000008bf00000, 0x000000008c000000|  0%| F|  |TAMS 0x000000008bf00000, 0x000000008bf00000| Untracked 
| 192|0x000000008c000000, 0x000000008c000000, 0x000000008c100000|  0%| F|  |TAMS 0x000000008c000000, 0x000000008c000000| Untracked 
| 193|0x000000008c100000, 0x000000008c100000, 0x000000008c200000|  0%| F|  |TAMS 0x000000008c100000, 0x000000008c100000| Untracked 
| 194|0x000000008c200000, 0x000000008c200000, 0x000000008c300000|  0%| F|  |TAMS 0x000000008c200000, 0x000000008c200000| Untracked 
| 195|0x000000008c300000, 0x000000008c300000, 0x000000008c400000|  0%| F|  |TAMS 0x000000008c300000, 0x000000008c300000| Untracked 
| 196|0x000000008c400000, 0x000000008c400000, 0x000000008c500000|  0%| F|  |TAMS 0x000000008c400000, 0x000000008c400000| Untracked 
| 197|0x000000008c500000, 0x000000008c500000, 0x000000008c600000|  0%| F|  |TAMS 0x000000008c500000, 0x000000008c500000| Untracked 
| 198|0x000000008c600000, 0x000000008c600000, 0x000000008c700000|  0%| F|  |TAMS 0x000000008c600000, 0x000000008c600000| Untracked 
| 199|0x000000008c700000, 0x000000008c700000, 0x000000008c800000|  0%| F|  |TAMS 0x000000008c700000, 0x000000008c700000| Untracked 
| 200|0x000000008c800000, 0x000000008c800000, 0x000000008c900000|  0%| F|  |TAMS 0x000000008c800000, 0x000000008c800000| Untracked 
| 201|0x000000008c900000, 0x000000008c900000, 0x000000008ca00000|  0%| F|  |TAMS 0x000000008c900000, 0x000000008c900000| Untracked 
| 202|0x000000008ca00000, 0x000000008ca00000, 0x000000008cb00000|  0%| F|  |TAMS 0x000000008ca00000, 0x000000008ca00000| Untracked 
| 203|0x000000008cb00000, 0x000000008cb00000, 0x000000008cc00000|  0%| F|  |TAMS 0x000000008cb00000, 0x000000008cb00000| Untracked 
| 204|0x000000008cc00000, 0x000000008cc00000, 0x000000008cd00000|  0%| F|  |TAMS 0x000000008cc00000, 0x000000008cc00000| Untracked 
| 205|0x000000008cd00000, 0x000000008cd00000, 0x000000008ce00000|  0%| F|  |TAMS 0x000000008cd00000, 0x000000008cd00000| Untracked 
| 206|0x000000008ce00000, 0x000000008ce00000, 0x000000008cf00000|  0%| F|  |TAMS 0x000000008ce00000, 0x000000008ce00000| Untracked 
| 207|0x000000008cf00000, 0x000000008cf00000, 0x000000008d000000|  0%| F|  |TAMS 0x000000008cf00000, 0x000000008cf00000| Untracked 
| 208|0x000000008d000000, 0x000000008d000000, 0x000000008d100000|  0%| F|  |TAMS 0x000000008d000000, 0x000000008d000000| Untracked 
| 209|0x000000008d100000, 0x000000008d100000, 0x000000008d200000|  0%| F|  |TAMS 0x000000008d100000, 0x000000008d100000| Untracked 
| 210|0x000000008d200000, 0x000000008d200000, 0x000000008d300000|  0%| F|  |TAMS 0x000000008d200000, 0x000000008d200000| Untracked 
| 211|0x000000008d300000, 0x000000008d300000, 0x000000008d400000|  0%| F|  |TAMS 0x000000008d300000, 0x000000008d300000| Untracked 
| 212|0x000000008d400000, 0x000000008d400000, 0x000000008d500000|  0%| F|  |TAMS 0x000000008d400000, 0x000000008d400000| Untracked 
| 213|0x000000008d500000, 0x000000008d500000, 0x000000008d600000|  0%| F|  |TAMS 0x000000008d500000, 0x000000008d500000| Untracked 
| 214|0x000000008d600000, 0x000000008d600000, 0x000000008d700000|  0%| F|  |TAMS 0x000000008d600000, 0x000000008d600000| Untracked 
| 215|0x000000008d700000, 0x000000008d700000, 0x000000008d800000|  0%| F|  |TAMS 0x000000008d700000, 0x000000008d700000| Untracked 
| 216|0x000000008d800000, 0x000000008d800000, 0x000000008d900000|  0%| F|  |TAMS 0x000000008d800000, 0x000000008d800000| Untracked 
| 217|0x000000008d900000, 0x000000008d900000, 0x000000008da00000|  0%| F|  |TAMS 0x000000008d900000, 0x000000008d900000| Untracked 
| 218|0x000000008da00000, 0x000000008da00000, 0x000000008db00000|  0%| F|  |TAMS 0x000000008da00000, 0x000000008da00000| Untracked 
| 219|0x000000008db00000, 0x000000008db00000, 0x000000008dc00000|  0%| F|  |TAMS 0x000000008db00000, 0x000000008db00000| Untracked 
| 220|0x000000008dc00000, 0x000000008dc00000, 0x000000008dd00000|  0%| F|  |TAMS 0x000000008dc00000, 0x000000008dc00000| Untracked 
| 221|0x000000008dd00000, 0x000000008dd00000, 0x000000008de00000|  0%| F|  |TAMS 0x000000008dd00000, 0x000000008dd00000| Untracked 
| 222|0x000000008de00000, 0x000000008de00000, 0x000000008df00000|  0%| F|  |TAMS 0x000000008de00000, 0x000000008de00000| Untracked 
| 223|0x000000008df00000, 0x000000008df00000, 0x000000008e000000|  0%| F|  |TAMS 0x000000008df00000, 0x000000008df00000| Untracked 
| 224|0x000000008e000000, 0x000000008e000000, 0x000000008e100000|  0%| F|  |TAMS 0x000000008e000000, 0x000000008e000000| Untracked 
| 225|0x000000008e100000, 0x000000008e100000, 0x000000008e200000|  0%| F|  |TAMS 0x000000008e100000, 0x000000008e100000| Untracked 
| 226|0x000000008e200000, 0x000000008e200000, 0x000000008e300000|  0%| F|  |TAMS 0x000000008e200000, 0x000000008e200000| Untracked 
| 227|0x000000008e300000, 0x000000008e300000, 0x000000008e400000|  0%| F|  |TAMS 0x000000008e300000, 0x000000008e300000| Untracked 
| 228|0x000000008e400000, 0x000000008e400000, 0x000000008e500000|  0%| F|  |TAMS 0x000000008e400000, 0x000000008e400000| Untracked 
| 229|0x000000008e500000, 0x000000008e500000, 0x000000008e600000|  0%| F|  |TAMS 0x000000008e500000, 0x000000008e500000| Untracked 
| 230|0x000000008e600000, 0x000000008e600000, 0x000000008e700000|  0%| F|  |TAMS 0x000000008e600000, 0x000000008e600000| Untracked 
| 231|0x000000008e700000, 0x000000008e700000, 0x000000008e800000|  0%| F|  |TAMS 0x000000008e700000, 0x000000008e700000| Untracked 
| 232|0x000000008e800000, 0x000000008e800000, 0x000000008e900000|  0%| F|  |TAMS 0x000000008e800000, 0x000000008e800000| Untracked 
| 233|0x000000008e900000, 0x000000008e900000, 0x000000008ea00000|  0%| F|  |TAMS 0x000000008e900000, 0x000000008e900000| Untracked 
| 234|0x000000008ea00000, 0x000000008ea00000, 0x000000008eb00000|  0%| F|  |TAMS 0x000000008ea00000, 0x000000008ea00000| Untracked 
| 235|0x000000008eb00000, 0x000000008eb00000, 0x000000008ec00000|  0%| F|  |TAMS 0x000000008eb00000, 0x000000008eb00000| Untracked 
| 236|0x000000008ec00000, 0x000000008ec00000, 0x000000008ed00000|  0%| F|  |TAMS 0x000000008ec00000, 0x000000008ec00000| Untracked 
| 237|0x000000008ed00000, 0x000000008ed00000, 0x000000008ee00000|  0%| F|  |TAMS 0x000000008ed00000, 0x000000008ed00000| Untracked 
| 238|0x000000008ee00000, 0x000000008ee00000, 0x000000008ef00000|  0%| F|  |TAMS 0x000000008ee00000, 0x000000008ee00000| Untracked 
| 239|0x000000008ef00000, 0x000000008ef00000, 0x000000008f000000|  0%| F|  |TAMS 0x000000008ef00000, 0x000000008ef00000| Untracked 
| 240|0x000000008f000000, 0x000000008f000000, 0x000000008f100000|  0%| F|  |TAMS 0x000000008f000000, 0x000000008f000000| Untracked 
| 241|0x000000008f100000, 0x000000008f100000, 0x000000008f200000|  0%| F|  |TAMS 0x000000008f100000, 0x000000008f100000| Untracked 
| 242|0x000000008f200000, 0x000000008f200000, 0x000000008f300000|  0%| F|  |TAMS 0x000000008f200000, 0x000000008f200000| Untracked 
| 243|0x000000008f300000, 0x000000008f300000, 0x000000008f400000|  0%| F|  |TAMS 0x000000008f300000, 0x000000008f300000| Untracked 
| 244|0x000000008f400000, 0x000000008f400000, 0x000000008f500000|  0%| F|  |TAMS 0x000000008f400000, 0x000000008f400000| Untracked 
| 245|0x000000008f500000, 0x000000008f500000, 0x000000008f600000|  0%| F|  |TAMS 0x000000008f500000, 0x000000008f500000| Untracked 
| 246|0x000000008f600000, 0x000000008f600000, 0x000000008f700000|  0%| F|  |TAMS 0x000000008f600000, 0x000000008f600000| Untracked 
| 247|0x000000008f700000, 0x000000008f700000, 0x000000008f800000|  0%| F|  |TAMS 0x000000008f700000, 0x000000008f700000| Untracked 
| 248|0x000000008f800000, 0x000000008f800000, 0x000000008f900000|  0%| F|  |TAMS 0x000000008f800000, 0x000000008f800000| Untracked 
| 249|0x000000008f900000, 0x000000008f900000, 0x000000008fa00000|  0%| F|  |TAMS 0x000000008f900000, 0x000000008f900000| Untracked 
| 250|0x000000008fa00000, 0x000000008fa00000, 0x000000008fb00000|  0%| F|  |TAMS 0x000000008fa00000, 0x000000008fa00000| Untracked 
| 251|0x000000008fb00000, 0x000000008fb00000, 0x000000008fc00000|  0%| F|  |TAMS 0x000000008fb00000, 0x000000008fb00000| Untracked 
| 252|0x000000008fc00000, 0x000000008fc00000, 0x000000008fd00000|  0%| F|  |TAMS 0x000000008fc00000, 0x000000008fc00000| Untracked 
| 253|0x000000008fd00000, 0x000000008fd00000, 0x000000008fe00000|  0%| F|  |TAMS 0x000000008fd00000, 0x000000008fd00000| Untracked 
| 254|0x000000008fe00000, 0x000000008fe00000, 0x000000008ff00000|  0%| F|  |TAMS 0x000000008fe00000, 0x000000008fe00000| Untracked 
| 255|0x000000008ff00000, 0x000000008ff00000, 0x0000000090000000|  0%| F|  |TAMS 0x000000008ff00000, 0x000000008ff00000| Untracked 
| 256|0x0000000090000000, 0x0000000090000000, 0x0000000090100000|  0%| F|  |TAMS 0x0000000090000000, 0x0000000090000000| Untracked 
| 257|0x0000000090100000, 0x0000000090100000, 0x0000000090200000|  0%| F|  |TAMS 0x0000000090100000, 0x0000000090100000| Untracked 
| 258|0x0000000090200000, 0x0000000090200000, 0x0000000090300000|  0%| F|  |TAMS 0x0000000090200000, 0x0000000090200000| Untracked 
| 259|0x0000000090300000, 0x0000000090300000, 0x0000000090400000|  0%| F|  |TAMS 0x0000000090300000, 0x0000000090300000| Untracked 
| 260|0x0000000090400000, 0x0000000090400000, 0x0000000090500000|  0%| F|  |TAMS 0x0000000090400000, 0x0000000090400000| Untracked 
| 261|0x0000000090500000, 0x0000000090500000, 0x0000000090600000|  0%| F|  |TAMS 0x0000000090500000, 0x0000000090500000| Untracked 
| 262|0x0000000090600000, 0x0000000090700000, 0x0000000090700000|100%| E|  |TAMS 0x0000000090600000, 0x0000000090600000| Complete 
| 263|0x0000000090700000, 0x0000000090800000, 0x0000000090800000|100%| E|CS|TAMS 0x0000000090700000, 0x0000000090700000| Complete 
| 264|0x0000000090800000, 0x0000000090900000, 0x0000000090900000|100%| E|CS|TAMS 0x0000000090800000, 0x0000000090800000| Complete 
| 265|0x0000000090900000, 0x0000000090a00000, 0x0000000090a00000|100%| E|CS|TAMS 0x0000000090900000, 0x0000000090900000| Complete 
| 266|0x0000000090a00000, 0x0000000090b00000, 0x0000000090b00000|100%| E|CS|TAMS 0x0000000090a00000, 0x0000000090a00000| Complete 
| 267|0x0000000090b00000, 0x0000000090c00000, 0x0000000090c00000|100%| E|CS|TAMS 0x0000000090b00000, 0x0000000090b00000| Complete 
| 268|0x0000000090c00000, 0x0000000090d00000, 0x0000000090d00000|100%| E|CS|TAMS 0x0000000090c00000, 0x0000000090c00000| Complete 
| 269|0x0000000090d00000, 0x0000000090e00000, 0x0000000090e00000|100%| E|CS|TAMS 0x0000000090d00000, 0x0000000090d00000| Complete 
| 270|0x0000000090e00000, 0x0000000090f00000, 0x0000000090f00000|100%| E|CS|TAMS 0x0000000090e00000, 0x0000000090e00000| Complete 
| 271|0x0000000090f00000, 0x0000000091000000, 0x0000000091000000|100%| E|CS|TAMS 0x0000000090f00000, 0x0000000090f00000| Complete 
| 272|0x0000000091000000, 0x0000000091100000, 0x0000000091100000|100%| E|CS|TAMS 0x0000000091000000, 0x0000000091000000| Complete 
| 273|0x0000000091100000, 0x0000000091200000, 0x0000000091200000|100%| E|CS|TAMS 0x0000000091100000, 0x0000000091100000| Complete 
| 274|0x0000000091200000, 0x0000000091300000, 0x0000000091300000|100%| E|CS|TAMS 0x0000000091200000, 0x0000000091200000| Complete 
| 275|0x0000000091300000, 0x0000000091400000, 0x0000000091400000|100%| E|CS|TAMS 0x0000000091300000, 0x0000000091300000| Complete 
| 276|0x0000000091400000, 0x0000000091500000, 0x0000000091500000|100%| E|CS|TAMS 0x0000000091400000, 0x0000000091400000| Complete 
| 277|0x0000000091500000, 0x0000000091600000, 0x0000000091600000|100%| E|CS|TAMS 0x0000000091500000, 0x0000000091500000| Complete 
| 278|0x0000000091600000, 0x0000000091700000, 0x0000000091700000|100%| E|CS|TAMS 0x0000000091600000, 0x0000000091600000| Complete 
| 279|0x0000000091700000, 0x0000000091800000, 0x0000000091800000|100%| E|CS|TAMS 0x0000000091700000, 0x0000000091700000| Complete 
| 280|0x0000000091800000, 0x0000000091900000, 0x0000000091900000|100%| E|CS|TAMS 0x0000000091800000, 0x0000000091800000| Complete 
| 281|0x0000000091900000, 0x0000000091a00000, 0x0000000091a00000|100%| E|CS|TAMS 0x0000000091900000, 0x0000000091900000| Complete 
| 282|0x0000000091a00000, 0x0000000091b00000, 0x0000000091b00000|100%| E|CS|TAMS 0x0000000091a00000, 0x0000000091a00000| Complete 
| 283|0x0000000091b00000, 0x0000000091c00000, 0x0000000091c00000|100%| E|CS|TAMS 0x0000000091b00000, 0x0000000091b00000| Complete 
| 284|0x0000000091c00000, 0x0000000091d00000, 0x0000000091d00000|100%| E|CS|TAMS 0x0000000091c00000, 0x0000000091c00000| Complete 
| 285|0x0000000091d00000, 0x0000000091e00000, 0x0000000091e00000|100%| E|CS|TAMS 0x0000000091d00000, 0x0000000091d00000| Complete 
| 286|0x0000000091e00000, 0x0000000091f00000, 0x0000000091f00000|100%| E|CS|TAMS 0x0000000091e00000, 0x0000000091e00000| Complete 
| 287|0x0000000091f00000, 0x0000000092000000, 0x0000000092000000|100%| E|CS|TAMS 0x0000000091f00000, 0x0000000091f00000| Complete 
| 288|0x0000000092000000, 0x0000000092100000, 0x0000000092100000|100%| E|CS|TAMS 0x0000000092000000, 0x0000000092000000| Complete 
| 289|0x0000000092100000, 0x0000000092200000, 0x0000000092200000|100%| E|CS|TAMS 0x0000000092100000, 0x0000000092100000| Complete 
| 290|0x0000000092200000, 0x0000000092300000, 0x0000000092300000|100%| E|CS|TAMS 0x0000000092200000, 0x0000000092200000| Complete 
| 291|0x0000000092300000, 0x0000000092400000, 0x0000000092400000|100%| E|CS|TAMS 0x0000000092300000, 0x0000000092300000| Complete 
| 292|0x0000000092400000, 0x0000000092500000, 0x0000000092500000|100%| E|CS|TAMS 0x0000000092400000, 0x0000000092400000| Complete 
| 293|0x0000000092500000, 0x0000000092600000, 0x0000000092600000|100%| E|CS|TAMS 0x0000000092500000, 0x0000000092500000| Complete 
| 294|0x0000000092600000, 0x0000000092700000, 0x0000000092700000|100%| E|CS|TAMS 0x0000000092600000, 0x0000000092600000| Complete 
| 295|0x0000000092700000, 0x0000000092800000, 0x0000000092800000|100%| E|CS|TAMS 0x0000000092700000, 0x0000000092700000| Complete 
| 296|0x0000000092800000, 0x0000000092900000, 0x0000000092900000|100%| E|CS|TAMS 0x0000000092800000, 0x0000000092800000| Complete 
| 297|0x0000000092900000, 0x0000000092a00000, 0x0000000092a00000|100%| E|CS|TAMS 0x0000000092900000, 0x0000000092900000| Complete 
| 298|0x0000000092a00000, 0x0000000092b00000, 0x0000000092b00000|100%| E|CS|TAMS 0x0000000092a00000, 0x0000000092a00000| Complete 
| 299|0x0000000092b00000, 0x0000000092c00000, 0x0000000092c00000|100%| E|CS|TAMS 0x0000000092b00000, 0x0000000092b00000| Complete 
| 300|0x0000000092c00000, 0x0000000092d00000, 0x0000000092d00000|100%| E|CS|TAMS 0x0000000092c00000, 0x0000000092c00000| Complete 
| 301|0x0000000092d00000, 0x0000000092e00000, 0x0000000092e00000|100%| E|CS|TAMS 0x0000000092d00000, 0x0000000092d00000| Complete 
| 302|0x0000000092e00000, 0x0000000092f00000, 0x0000000092f00000|100%| E|CS|TAMS 0x0000000092e00000, 0x0000000092e00000| Complete 
| 303|0x0000000092f00000, 0x0000000093000000, 0x0000000093000000|100%| E|CS|TAMS 0x0000000092f00000, 0x0000000092f00000| Complete 
| 304|0x0000000093000000, 0x0000000093100000, 0x0000000093100000|100%| E|CS|TAMS 0x0000000093000000, 0x0000000093000000| Complete 
| 305|0x0000000093100000, 0x0000000093200000, 0x0000000093200000|100%| E|CS|TAMS 0x0000000093100000, 0x0000000093100000| Complete 
| 306|0x0000000093200000, 0x0000000093300000, 0x0000000093300000|100%| E|CS|TAMS 0x0000000093200000, 0x0000000093200000| Complete 
| 307|0x0000000093300000, 0x0000000093400000, 0x0000000093400000|100%| E|CS|TAMS 0x0000000093300000, 0x0000000093300000| Complete 
| 308|0x0000000093400000, 0x0000000093500000, 0x0000000093500000|100%| E|CS|TAMS 0x0000000093400000, 0x0000000093400000| Complete 
| 309|0x0000000093500000, 0x0000000093600000, 0x0000000093600000|100%| E|CS|TAMS 0x0000000093500000, 0x0000000093500000| Complete 
| 310|0x0000000093600000, 0x0000000093700000, 0x0000000093700000|100%| E|CS|TAMS 0x0000000093600000, 0x0000000093600000| Complete 
| 311|0x0000000093700000, 0x0000000093800000, 0x0000000093800000|100%| E|CS|TAMS 0x0000000093700000, 0x0000000093700000| Complete 
| 312|0x0000000093800000, 0x0000000093900000, 0x0000000093900000|100%| E|CS|TAMS 0x0000000093800000, 0x0000000093800000| Complete 
| 313|0x0000000093900000, 0x0000000093a00000, 0x0000000093a00000|100%| E|CS|TAMS 0x0000000093900000, 0x0000000093900000| Complete 
| 314|0x0000000093a00000, 0x0000000093b00000, 0x0000000093b00000|100%| E|CS|TAMS 0x0000000093a00000, 0x0000000093a00000| Complete 
| 315|0x0000000093b00000, 0x0000000093c00000, 0x0000000093c00000|100%| E|CS|TAMS 0x0000000093b00000, 0x0000000093b00000| Complete 
| 316|0x0000000093c00000, 0x0000000093d00000, 0x0000000093d00000|100%| E|CS|TAMS 0x0000000093c00000, 0x0000000093c00000| Complete 
| 317|0x0000000093d00000, 0x0000000093e00000, 0x0000000093e00000|100%| E|CS|TAMS 0x0000000093d00000, 0x0000000093d00000| Complete 
| 318|0x0000000093e00000, 0x0000000093f00000, 0x0000000093f00000|100%| E|CS|TAMS 0x0000000093e00000, 0x0000000093e00000| Complete 
| 319|0x0000000093f00000, 0x0000000094000000, 0x0000000094000000|100%| E|CS|TAMS 0x0000000093f00000, 0x0000000093f00000| Complete 
| 320|0x0000000094000000, 0x0000000094100000, 0x0000000094100000|100%| E|CS|TAMS 0x0000000094000000, 0x0000000094000000| Complete 
| 321|0x0000000094100000, 0x0000000094200000, 0x0000000094200000|100%| E|CS|TAMS 0x0000000094100000, 0x0000000094100000| Complete 
| 322|0x0000000094200000, 0x0000000094300000, 0x0000000094300000|100%| E|CS|TAMS 0x0000000094200000, 0x0000000094200000| Complete 
| 323|0x0000000094300000, 0x0000000094400000, 0x0000000094400000|100%| E|CS|TAMS 0x0000000094300000, 0x0000000094300000| Complete 
| 324|0x0000000094400000, 0x0000000094500000, 0x0000000094500000|100%| E|CS|TAMS 0x0000000094400000, 0x0000000094400000| Complete 
| 325|0x0000000094500000, 0x0000000094600000, 0x0000000094600000|100%| E|CS|TAMS 0x0000000094500000, 0x0000000094500000| Complete 
| 326|0x0000000094600000, 0x0000000094700000, 0x0000000094700000|100%| E|CS|TAMS 0x0000000094600000, 0x0000000094600000| Complete 
| 327|0x0000000094700000, 0x0000000094800000, 0x0000000094800000|100%| E|CS|TAMS 0x0000000094700000, 0x0000000094700000| Complete 
| 328|0x0000000094800000, 0x0000000094900000, 0x0000000094900000|100%| E|CS|TAMS 0x0000000094800000, 0x0000000094800000| Complete 
| 329|0x0000000094900000, 0x0000000094a00000, 0x0000000094a00000|100%| E|CS|TAMS 0x0000000094900000, 0x0000000094900000| Complete 
| 330|0x0000000094a00000, 0x0000000094b00000, 0x0000000094b00000|100%| E|CS|TAMS 0x0000000094a00000, 0x0000000094a00000| Complete 
| 331|0x0000000094b00000, 0x0000000094c00000, 0x0000000094c00000|100%| E|CS|TAMS 0x0000000094b00000, 0x0000000094b00000| Complete 
| 332|0x0000000094c00000, 0x0000000094d00000, 0x0000000094d00000|100%| E|CS|TAMS 0x0000000094c00000, 0x0000000094c00000| Complete 
| 333|0x0000000094d00000, 0x0000000094e00000, 0x0000000094e00000|100%| E|CS|TAMS 0x0000000094d00000, 0x0000000094d00000| Complete 
| 334|0x0000000094e00000, 0x0000000094f00000, 0x0000000094f00000|100%| E|CS|TAMS 0x0000000094e00000, 0x0000000094e00000| Complete 
| 335|0x0000000094f00000, 0x0000000095000000, 0x0000000095000000|100%| E|CS|TAMS 0x0000000094f00000, 0x0000000094f00000| Complete 
| 336|0x0000000095000000, 0x0000000095100000, 0x0000000095100000|100%| E|CS|TAMS 0x0000000095000000, 0x0000000095000000| Complete 
| 337|0x0000000095100000, 0x0000000095200000, 0x0000000095200000|100%| E|CS|TAMS 0x0000000095100000, 0x0000000095100000| Complete 
| 338|0x0000000095200000, 0x0000000095300000, 0x0000000095300000|100%| E|CS|TAMS 0x0000000095200000, 0x0000000095200000| Complete 
| 339|0x0000000095300000, 0x0000000095400000, 0x0000000095400000|100%| E|CS|TAMS 0x0000000095300000, 0x0000000095300000| Complete 
| 340|0x0000000095400000, 0x0000000095500000, 0x0000000095500000|100%| E|CS|TAMS 0x0000000095400000, 0x0000000095400000| Complete 
| 341|0x0000000095500000, 0x0000000095600000, 0x0000000095600000|100%| E|CS|TAMS 0x0000000095500000, 0x0000000095500000| Complete 
| 342|0x0000000095600000, 0x0000000095700000, 0x0000000095700000|100%| E|CS|TAMS 0x0000000095600000, 0x0000000095600000| Complete 
| 343|0x0000000095700000, 0x0000000095800000, 0x0000000095800000|100%| E|CS|TAMS 0x0000000095700000, 0x0000000095700000| Complete 
| 344|0x0000000095800000, 0x0000000095900000, 0x0000000095900000|100%| E|CS|TAMS 0x0000000095800000, 0x0000000095800000| Complete 
| 345|0x0000000095900000, 0x0000000095a00000, 0x0000000095a00000|100%| E|CS|TAMS 0x0000000095900000, 0x0000000095900000| Complete 
| 346|0x0000000095a00000, 0x0000000095b00000, 0x0000000095b00000|100%| E|CS|TAMS 0x0000000095a00000, 0x0000000095a00000| Complete 
| 347|0x0000000095b00000, 0x0000000095c00000, 0x0000000095c00000|100%| E|CS|TAMS 0x0000000095b00000, 0x0000000095b00000| Complete 
| 348|0x0000000095c00000, 0x0000000095d00000, 0x0000000095d00000|100%| E|CS|TAMS 0x0000000095c00000, 0x0000000095c00000| Complete 
| 349|0x0000000095d00000, 0x0000000095e00000, 0x0000000095e00000|100%| E|CS|TAMS 0x0000000095d00000, 0x0000000095d00000| Complete 
| 350|0x0000000095e00000, 0x0000000095f00000, 0x0000000095f00000|100%| E|CS|TAMS 0x0000000095e00000, 0x0000000095e00000| Complete 
| 351|0x0000000095f00000, 0x0000000096000000, 0x0000000096000000|100%| E|CS|TAMS 0x0000000095f00000, 0x0000000095f00000| Complete 
| 352|0x0000000096000000, 0x0000000096100000, 0x0000000096100000|100%| E|CS|TAMS 0x0000000096000000, 0x0000000096000000| Complete 
| 353|0x0000000096100000, 0x0000000096200000, 0x0000000096200000|100%| E|CS|TAMS 0x0000000096100000, 0x0000000096100000| Complete 
| 354|0x0000000096200000, 0x0000000096300000, 0x0000000096300000|100%| E|CS|TAMS 0x0000000096200000, 0x0000000096200000| Complete 
| 355|0x0000000096300000, 0x0000000096400000, 0x0000000096400000|100%| E|CS|TAMS 0x0000000096300000, 0x0000000096300000| Complete 
| 356|0x0000000096400000, 0x0000000096500000, 0x0000000096500000|100%| E|CS|TAMS 0x0000000096400000, 0x0000000096400000| Complete 
| 357|0x0000000096500000, 0x0000000096600000, 0x0000000096600000|100%| E|CS|TAMS 0x0000000096500000, 0x0000000096500000| Complete 
| 358|0x0000000096600000, 0x0000000096700000, 0x0000000096700000|100%| E|CS|TAMS 0x0000000096600000, 0x0000000096600000| Complete 
| 359|0x0000000096700000, 0x0000000096800000, 0x0000000096800000|100%| E|CS|TAMS 0x0000000096700000, 0x0000000096700000| Complete 
| 360|0x0000000096800000, 0x0000000096900000, 0x0000000096900000|100%| E|CS|TAMS 0x0000000096800000, 0x0000000096800000| Complete 
| 361|0x0000000096900000, 0x0000000096a00000, 0x0000000096a00000|100%| E|CS|TAMS 0x0000000096900000, 0x0000000096900000| Complete 
| 362|0x0000000096a00000, 0x0000000096b00000, 0x0000000096b00000|100%| E|CS|TAMS 0x0000000096a00000, 0x0000000096a00000| Complete 
| 363|0x0000000096b00000, 0x0000000096c00000, 0x0000000096c00000|100%| E|CS|TAMS 0x0000000096b00000, 0x0000000096b00000| Complete 
| 364|0x0000000096c00000, 0x0000000096d00000, 0x0000000096d00000|100%| E|CS|TAMS 0x0000000096c00000, 0x0000000096c00000| Complete 
| 365|0x0000000096d00000, 0x0000000096e00000, 0x0000000096e00000|100%| E|CS|TAMS 0x0000000096d00000, 0x0000000096d00000| Complete 
| 366|0x0000000096e00000, 0x0000000096f00000, 0x0000000096f00000|100%| E|CS|TAMS 0x0000000096e00000, 0x0000000096e00000| Complete 
| 367|0x0000000096f00000, 0x0000000097000000, 0x0000000097000000|100%| E|CS|TAMS 0x0000000096f00000, 0x0000000096f00000| Complete 
| 368|0x0000000097000000, 0x000000009706bc78, 0x0000000097100000| 42%| S|CS|TAMS 0x0000000097000000, 0x0000000097000000| Complete 
| 369|0x0000000097100000, 0x0000000097200000, 0x0000000097200000|100%| S|CS|TAMS 0x0000000097100000, 0x0000000097100000| Complete 
| 370|0x0000000097200000, 0x0000000097300000, 0x0000000097300000|100%| E|CS|TAMS 0x0000000097200000, 0x0000000097200000| Complete 
| 371|0x0000000097300000, 0x0000000097400000, 0x0000000097400000|100%| E|CS|TAMS 0x0000000097300000, 0x0000000097300000| Complete 
| 372|0x0000000097400000, 0x0000000097500000, 0x0000000097500000|100%| E|CS|TAMS 0x0000000097400000, 0x0000000097400000| Complete 
| 373|0x0000000097500000, 0x0000000097600000, 0x0000000097600000|100%| E|CS|TAMS 0x0000000097500000, 0x0000000097500000| Complete 
| 374|0x0000000097600000, 0x0000000097700000, 0x0000000097700000|100%| E|CS|TAMS 0x0000000097600000, 0x0000000097600000| Complete 

Card table byte_map: [0x0000018c9b740000,0x0000018c9bb40000] _byte_map_base: 0x0000018c9b340000

Marking Bits (Prev, Next): (CMBitMap*) 0x0000018c88894d30, (CMBitMap*) 0x0000018c88894cf8
 Prev Bits: [0x0000018c9df40000, 0x0000018c9ff40000)
 Next Bits: [0x0000018c9bf40000, 0x0000018c9df40000)

Polling page: 0x0000018c86700000

Metaspace:

Usage:
  Non-class:    121.15 MB capacity,   118.09 MB ( 97%) used,     2.49 MB (  2%) free+waste,   580.75 KB ( <1%) overhead. 
      Class:     17.88 MB capacity,    16.18 MB ( 91%) used,     1.45 MB (  8%) free+waste,   250.63 KB (  1%) overhead. 
       Both:    139.02 MB capacity,   134.27 MB ( 97%) used,     3.94 MB (  3%) free+waste,   831.38 KB ( <1%) overhead. 

Virtual space:
  Non-class space:      122.00 MB reserved,     121.75 MB (>99%) committed 
      Class space:        1.00 GB reserved,      18.20 MB (  2%) committed 
             Both:        1.12 GB reserved,     139.95 MB ( 12%) committed 

Chunk freelists:
   Non-Class:  450.00 KB
       Class:  298.00 KB
        Both:  748.00 KB

MaxMetaspaceSize: 17179869184.00 GB
CompressedClassSpaceSize: 1.00 GB

CodeHeap 'non-profiled nmethods': size=120064Kb used=33403Kb max_used=33629Kb free=86660Kb
 bounds [0x0000018c93e00000, 0x0000018c95f50000, 0x0000018c9b340000]
CodeHeap 'profiled nmethods': size=120000Kb used=63171Kb max_used=65588Kb free=56828Kb
 bounds [0x0000018c8c8d0000, 0x0000018c909d0000, 0x0000018c93e00000]
CodeHeap 'non-nmethods': size=5696Kb used=2374Kb max_used=2482Kb free=3321Kb
 bounds [0x0000018c8c340000, 0x0000018c8c5b0000, 0x0000018c8c8d0000]
 total_blobs=29349 nmethods=28354 adapters=904
 compilation: enabled
              stopped_count=0, restarted_count=0
 full_count=0

Compilation events (20 events):
Event: 9843.379 Thread 0x0000018ca6adb000 nmethod 36856 0x0000018c9415fc10 code [0x0000018c9415fe60, 0x0000018c94160d28]
Event: 9843.379 Thread 0x0000018ca6adb000 36873       4       com.android.tools.r8.graph.Z::e1 (55 bytes)
Event: 9843.381 Thread 0x0000018ca6adb000 nmethod 36873 0x0000018c945dda90 code [0x0000018c945ddc40, 0x0000018c945ddd98]
Event: 9843.381 Thread 0x0000018ca6adb000 36079 %     4       com.android.tools.r8.ir.regalloc.a::a @ 1262 (1824 bytes)
Event: 9843.382 Thread 0x0000018ca2467800 nmethod 36848 0x0000018c94e22910 code [0x0000018c94e22b60, 0x0000018c94e24bd0]
Event: 9843.382 Thread 0x0000018ca2467800 36402       4       java.util.AbstractCollection::removeAll (49 bytes)
Event: 9843.397 Thread 0x0000018ca2467800 nmethod 36402 0x0000018c945dc910 code [0x0000018c945dcae0, 0x0000018c945dd478]
Event: 9843.398 Thread 0x0000018ca2467800 36779       4       com.android.tools.r8.internal.t2::a (36 bytes)
Event: 9843.399 Thread 0x0000018ca2467800 nmethod 36779 0x0000018c945dc390 code [0x0000018c945dc520, 0x0000018c945dc638]
Event: 9843.399 Thread 0x0000018ca2467800 36620       4       com.android.tools.r8.internal.F7::a (704 bytes)
Event: 9843.728 Thread 0x0000018ca246c800 36911       3       com.android.tools.r8.internal.Me::a (747 bytes)
Event: 9843.732 Thread 0x0000018ca246c800 nmethod 36911 0x0000018c8e655810 code [0x0000018c8e656020, 0x0000018c8e65b288]
Event: 9843.778 Thread 0x0000018ca2467800 nmethod 36620 0x0000018c95848e10 code [0x0000018c95849680, 0x0000018c95850cb8]
Event: 9843.778 Thread 0x0000018ca2467800 36884       4       com.android.tools.r8.internal.Mv::a (1305 bytes)
Event: 9843.868 Thread 0x0000018ca246c800 36912 % !   3       com.android.tools.r8.internal.P1::a @ 15 (490 bytes)
Event: 9843.869 Thread 0x0000018ca246c800 nmethod 36912% 0x0000018c8ca73190 code [0x0000018c8ca73580, 0x0000018c8ca752c8]
Event: 9843.955 Thread 0x0000018ca246c800 36917       2       com.android.tools.r8.internal.i2::b (325 bytes)
Event: 9843.957 Thread 0x0000018ca246c800 nmethod 36917 0x0000018c8d70f410 code [0x0000018c8d70f8a0, 0x0000018c8d710bd8]
Event: 9843.957 Thread 0x0000018ca246c800 36918       2       com.android.tools.r8.internal.n2::remove (71 bytes)
Event: 9843.957 Thread 0x0000018ca246c800 nmethod 36918 0x0000018c8c93c090 code [0x0000018c8c93c2e0, 0x0000018c8c93c918]

GC Heap History (20 events):
Event: 9839.053 GC heap before
{Heap before GC invocations=286 (full 0):
 garbage-first heap   total 384000K, used 169185K [0x0000000080000000, 0x0000000100000000)
  region size 1024K, 18 young (18432K), 4 survivors (4096K)
 Metaspace       used 137084K, capacity 141799K, committed 143308K, reserved 1173504K
  class space    used 16508K, capacity 18182K, committed 18636K, reserved 1048576K
}
Event: 9839.063 GC heap after
{Heap after GC invocations=287 (full 0):
 garbage-first heap   total 384000K, used 150433K [0x0000000080000000, 0x0000000100000000)
  region size 1024K, 2 young (2048K), 2 survivors (2048K)
 Metaspace       used 137084K, capacity 141799K, committed 143308K, reserved 1173504K
  class space    used 16508K, capacity 18182K, committed 18636K, reserved 1048576K
}
Event: 9839.455 GC heap before
{Heap before GC invocations=287 (full 0):
 garbage-first heap   total 384000K, used 323489K [0x0000000080000000, 0x0000000100000000)
  region size 1024K, 171 young (175104K), 2 survivors (2048K)
 Metaspace       used 137109K, capacity 141870K, committed 143308K, reserved 1173504K
  class space    used 16509K, capacity 18183K, committed 18636K, reserved 1048576K
}
Event: 9839.464 GC heap after
{Heap after GC invocations=288 (full 0):
 garbage-first heap   total 384000K, used 150883K [0x0000000080000000, 0x0000000100000000)
  region size 1024K, 2 young (2048K), 2 survivors (2048K)
 Metaspace       used 137109K, capacity 141870K, committed 143308K, reserved 1173504K
  class space    used 16509K, capacity 18183K, committed 18636K, reserved 1048576K
}
Event: 9840.086 GC heap before
{Heap before GC invocations=289 (full 0):
 garbage-first heap   total 384000K, used 327011K [0x0000000080000000, 0x0000000100000000)
  region size 1024K, 173 young (177152K), 2 survivors (2048K)
 Metaspace       used 137367K, capacity 142170K, committed 143308K, reserved 1173504K
  class space    used 16559K, capacity 18264K, committed 18636K, reserved 1048576K
}
Event: 9840.094 GC heap after
{Heap after GC invocations=290 (full 0):
 garbage-first heap   total 384000K, used 153705K [0x0000000080000000, 0x0000000100000000)
  region size 1024K, 4 young (4096K), 4 survivors (4096K)
 Metaspace       used 137367K, capacity 142170K, committed 143308K, reserved 1173504K
  class space    used 16559K, capacity 18264K, committed 18636K, reserved 1048576K
}
Event: 9840.139 GC heap before
{Heap before GC invocations=290 (full 0):
 garbage-first heap   total 384000K, used 168041K [0x0000000080000000, 0x0000000100000000)
  region size 1024K, 18 young (18432K), 4 survivors (4096K)
 Metaspace       used 137377K, capacity 142172K, committed 143308K, reserved 1173504K
  class space    used 16559K, capacity 18264K, committed 18636K, reserved 1048576K
}
Event: 9840.146 GC heap after
{Heap after GC invocations=291 (full 0):
 garbage-first heap   total 384000K, used 149936K [0x0000000080000000, 0x0000000100000000)
  region size 1024K, 1 young (1024K), 1 survivors (1024K)
 Metaspace       used 137377K, capacity 142172K, committed 143308K, reserved 1173504K
  class space    used 16559K, capacity 18264K, committed 18636K, reserved 1048576K
}
Event: 9840.600 GC heap before
{Heap before GC invocations=291 (full 0):
 garbage-first heap   total 384000K, used 327088K [0x0000000080000000, 0x0000000100000000)
  region size 1024K, 174 young (178176K), 1 survivors (1024K)
 Metaspace       used 137389K, capacity 142239K, committed 143308K, reserved 1173504K
  class space    used 16560K, capacity 18265K, committed 18636K, reserved 1048576K
}
Event: 9840.608 GC heap after
{Heap after GC invocations=292 (full 0):
 garbage-first heap   total 384000K, used 150905K [0x0000000080000000, 0x0000000100000000)
  region size 1024K, 2 young (2048K), 2 survivors (2048K)
 Metaspace       used 137389K, capacity 142239K, committed 143308K, reserved 1173504K
  class space    used 16560K, capacity 18265K, committed 18636K, reserved 1048576K
}
Event: 9841.435 GC heap before
{Heap before GC invocations=293 (full 0):
 garbage-first heap   total 384000K, used 328057K [0x0000000080000000, 0x0000000100000000)
  region size 1024K, 176 young (180224K), 2 survivors (2048K)
 Metaspace       used 137396K, capacity 142240K, committed 143308K, reserved 1173504K
  class space    used 16560K, capacity 18265K, committed 18636K, reserved 1048576K
}
Event: 9841.441 GC heap after
{Heap after GC invocations=294 (full 0):
 garbage-first heap   total 384000K, used 150103K [0x0000000080000000, 0x0000000100000000)
  region size 1024K, 2 young (2048K), 2 survivors (2048K)
 Metaspace       used 137396K, capacity 142240K, committed 143308K, reserved 1173504K
  class space    used 16560K, capacity 18265K, committed 18636K, reserved 1048576K
}
Event: 9841.500 GC heap before
{Heap before GC invocations=294 (full 0):
 garbage-first heap   total 384000K, used 166487K [0x0000000080000000, 0x0000000100000000)
  region size 1024K, 18 young (18432K), 2 survivors (2048K)
 Metaspace       used 137396K, capacity 142240K, committed 143308K, reserved 1173504K
  class space    used 16560K, capacity 18265K, committed 18636K, reserved 1048576K
}
Event: 9841.531 GC heap after
{Heap after GC invocations=295 (full 0):
 garbage-first heap   total 384000K, used 139266K [0x0000000080000000, 0x0000000100000000)
  region size 1024K, 2 young (2048K), 2 survivors (2048K)
 Metaspace       used 137396K, capacity 142240K, committed 143308K, reserved 1173504K
  class space    used 16560K, capacity 18265K, committed 18636K, reserved 1048576K
}
Event: 9842.214 GC heap before
{Heap before GC invocations=295 (full 0):
 garbage-first heap   total 384000K, used 324610K [0x0000000080000000, 0x0000000100000000)
  region size 1024K, 184 young (188416K), 2 survivors (2048K)
 Metaspace       used 137434K, capacity 142253K, committed 143308K, reserved 1173504K
  class space    used 16562K, capacity 18269K, committed 18636K, reserved 1048576K
}
Event: 9842.225 GC heap after
{Heap after GC invocations=296 (full 0):
 garbage-first heap   total 384000K, used 143997K [0x0000000080000000, 0x0000000100000000)
  region size 1024K, 7 young (7168K), 7 survivors (7168K)
 Metaspace       used 137434K, capacity 142253K, committed 143308K, reserved 1173504K
  class space    used 16562K, capacity 18269K, committed 18636K, reserved 1048576K
}
Event: 9842.971 GC heap before
{Heap before GC invocations=297 (full 0):
 garbage-first heap   total 384000K, used 327293K [0x0000000080000000, 0x0000000100000000)
  region size 1024K, 185 young (189440K), 7 survivors (7168K)
 Metaspace       used 137460K, capacity 142258K, committed 143308K, reserved 1173504K
  class space    used 16562K, capacity 18270K, committed 18636K, reserved 1048576K
}
Event: 9843.057 GC heap after
{Heap after GC invocations=298 (full 0):
 garbage-first heap   total 384000K, used 150226K [0x0000000080000000, 0x0000000100000000)
  region size 1024K, 13 young (13312K), 13 survivors (13312K)
 Metaspace       used 137460K, capacity 142258K, committed 143308K, reserved 1173504K
  class space    used 16562K, capacity 18270K, committed 18636K, reserved 1048576K
}
Event: 9843.068 GC heap before
{Heap before GC invocations=298 (full 0):
 garbage-first heap   total 384000K, used 157394K [0x0000000080000000, 0x0000000100000000)
  region size 1024K, 18 young (18432K), 13 survivors (13312K)
 Metaspace       used 137463K, capacity 142259K, committed 143308K, reserved 1173504K
  class space    used 16562K, capacity 18270K, committed 18636K, reserved 1048576K
}
Event: 9843.100 GC heap after
{Heap after GC invocations=299 (full 0):
 garbage-first heap   total 384000K, used 147685K [0x0000000080000000, 0x0000000100000000)
  region size 1024K, 2 young (2048K), 2 survivors (2048K)
 Metaspace       used 137463K, capacity 142259K, committed 143308K, reserved 1173504K
  class space    used 16562K, capacity 18270K, committed 18636K, reserved 1048576K
}

Deoptimization events (20 events):
Event: 9843.192 Thread 0x0000018ca6ad9800 DEOPT PACKING pc=0x0000018c8e1c178e sp=0x0000001665cfad40
Event: 9843.192 Thread 0x0000018ca6ad9800 DEOPT UNPACKING pc=0x0000018c8c3676ce sp=0x0000001665cfa1b8 mode 0
Event: 9843.218 Thread 0x0000018ca6ad9800 DEOPT PACKING pc=0x0000018c8e1c178e sp=0x0000001665cfad40
Event: 9843.218 Thread 0x0000018ca6ad9800 DEOPT UNPACKING pc=0x0000018c8c3676ce sp=0x0000001665cfa1b8 mode 0
Event: 9843.239 Thread 0x0000018ca6ad9800 DEOPT PACKING pc=0x0000018c8e1c178e sp=0x0000001665cfa8b0
Event: 9843.239 Thread 0x0000018ca6ad9800 DEOPT UNPACKING pc=0x0000018c8c3676ce sp=0x0000001665cf9d28 mode 0
Event: 9843.284 Thread 0x0000018ca6ad9800 DEOPT PACKING pc=0x0000018c8e1c178e sp=0x0000001665cfad40
Event: 9843.284 Thread 0x0000018ca6ad9800 DEOPT UNPACKING pc=0x0000018c8c3676ce sp=0x0000001665cfa1b8 mode 0
Event: 9843.468 Thread 0x0000018ca6ad9800 Uncommon trap: trap_request=0xffffff7e fr.pc=0x0000018c95f3eadc relative=0x000000000000571c
Event: 9843.468 Thread 0x0000018ca6ad9800 Uncommon trap: reason=predicate action=maybe_recompile pc=0x0000018c95f3eadc method=com.android.tools.r8.internal.Mv.a(Lcom/android/tools/r8/internal/Ne;Lcom/android/tools/r8/internal/tA;I)V @ 322 c2
Event: 9843.468 Thread 0x0000018ca6ad9800 DEOPT PACKING pc=0x0000018c95f3eadc sp=0x0000001665cfa590
Event: 9843.468 Thread 0x0000018ca6ad9800 DEOPT UNPACKING pc=0x0000018c8c3678af sp=0x0000001665cfa5c8 mode 2
Event: 9843.503 Thread 0x0000018ca6ad9800 DEOPT PACKING pc=0x0000018c909a8ce7 sp=0x0000001665cfaa40
Event: 9843.503 Thread 0x0000018ca6ad9800 DEOPT UNPACKING pc=0x0000018c8c3676ce sp=0x0000001665cfa120 mode 0
Event: 9843.813 Thread 0x0000018ca6ad9800 DEOPT PACKING pc=0x0000018c8fc6a21e sp=0x0000001665cfa6f0
Event: 9843.813 Thread 0x0000018ca6ad9800 DEOPT UNPACKING pc=0x0000018c8c3676ce sp=0x0000001665cf9ca0 mode 0
Event: 9843.935 Thread 0x0000018ca6ad9800 DEOPT PACKING pc=0x0000018c909a8ce7 sp=0x0000001665cfaa40
Event: 9843.935 Thread 0x0000018ca6ad9800 DEOPT UNPACKING pc=0x0000018c8c3676ce sp=0x0000001665cfa120 mode 0
Event: 9843.956 Thread 0x0000018ca6ad9800 DEOPT PACKING pc=0x0000018c8fc6a630 sp=0x0000001665cfa6f0
Event: 9843.956 Thread 0x0000018ca6ad9800 DEOPT UNPACKING pc=0x0000018c8c3676ce sp=0x0000001665cf9ca8 mode 0

Classes redefined (0 events):
No events

Internal exceptions (20 events):
Event: 9838.286 Thread 0x0000018ca6ad1000 Exception <a 'sun/nio/fs/WindowsException'{0x0000000092f1f2c8}> (0x0000000092f1f2c8) thrown at [./src/hotspot/share/prims/jni.cpp, line 615]
Event: 9838.780 Thread 0x0000018ca6ad8800 Exception <a 'java/lang/NoSuchMethodError'{0x00000000957f5340}: 'java.lang.Object java.lang.invoke.DirectMethodHandle$Holder.invokeSpecial(java.lang.Object, java.lang.Object, java.lang.Object, java.lang.Object, java.lang.Object, java.lang.Object, java.lang.Object, java.lang.Object, java.lang.Object, java.lang.Object, java.lang.Object)'> (0x00000000957f5340) thrown at [./src/hotspot/share/interpreter/linkResolver.cpp, line 773]
Event: 9838.780 Thread 0x0000018ca6ad8800 Exception <a 'java/lang/NoSuchMethodError'{0x0000000093c01120}: 'java.lang.Object java.lang.invoke.Invokers$Holder.linkToTargetMethod(java.lang.Object, java.lang.Object, java.lang.Object, java.lang.Object, java.lang.Object, java.lang.Object, java.lang.Object, java.lang.Object, java.lang.Object, java.lang.Object)'> (0x0000000093c01120) thrown at [./src/hotspot/share/interpreter/linkResolver.cpp, line 773]
Event: 9838.841 Thread 0x0000018ca6ad8800 Exception <a 'java/lang/IncompatibleClassChangeError'{0x0000000093c6b6b8}: Found class java.lang.Object, but interface was expected> (0x0000000093c6b6b8) thrown at [./src/hotspot/share/interpreter/linkResolver.cpp, line 839]
Event: 9839.365 Thread 0x0000018ca6ad8800 Implicit null exception at 0x0000018c94c4a370 to 0x0000018c94c4ace4
Event: 9839.379 Thread 0x0000018ca6ad1000 Exception <a 'sun/nio/fs/WindowsException'{0x00000000918a02d0}> (0x00000000918a02d0) thrown at [./src/hotspot/share/prims/jni.cpp, line 615]
Event: 9839.979 Thread 0x0000018ca6ad8800 Exception <a 'java/lang/NoSuchMethodError'{0x000000008f3c1e90}: 'int java.lang.invoke.DirectMethodHandle$Holder.invokeSpecial(java.lang.Object, java.lang.Object, java.lang.Object, java.lang.Object, java.lang.Object, java.lang.Object)'> (0x000000008f3c1e90) thrown at [./src/hotspot/share/interpreter/linkResolver.cpp, line 773]
Event: 9840.126 Thread 0x0000018ca6ad8800 Exception <a 'sun/nio/fs/WindowsException'{0x0000000096db3878}> (0x0000000096db3878) thrown at [./src/hotspot/share/prims/jni.cpp, line 615]
Event: 9840.361 Thread 0x0000018ca6ad8800 Exception <a 'sun/nio/fs/WindowsException'{0x00000000929b5350}> (0x00000000929b5350) thrown at [./src/hotspot/share/prims/jni.cpp, line 615]
Event: 9840.925 Thread 0x0000018ca6ad8800 Exception <a 'sun/nio/fs/WindowsException'{0x0000000095f1dc58}> (0x0000000095f1dc58) thrown at [./src/hotspot/share/prims/jni.cpp, line 615]
Event: 9841.204 Thread 0x0000018ca6ad8800 Exception <a 'sun/nio/fs/WindowsException'{0x00000000916bd098}> (0x00000000916bd098) thrown at [./src/hotspot/share/prims/jni.cpp, line 615]
Event: 9841.349 Thread 0x0000018ca6ad8800 Exception <a 'sun/nio/fs/WindowsException'{0x000000008e6e32b8}> (0x000000008e6e32b8) thrown at [./src/hotspot/share/prims/jni.cpp, line 615]
Event: 9841.350 Thread 0x0000018ca6ad8800 Implicit null exception at 0x0000018c945d289b to 0x0000018c945d3054
Event: 9841.350 Thread 0x0000018ca6ad8800 Implicit null exception at 0x0000018c945d3ca0 to 0x0000018c945d440c
Event: 9841.780 Thread 0x0000018ca6ad8800 Exception <a 'sun/nio/fs/WindowsException'{0x0000000094321d00}> (0x0000000094321d00) thrown at [./src/hotspot/share/prims/jni.cpp, line 615]
Event: 9842.255 Thread 0x0000018ca6ad8800 Exception <a 'sun/nio/fs/WindowsException'{0x000000009701df60}> (0x000000009701df60) thrown at [./src/hotspot/share/prims/jni.cpp, line 615]
Event: 9842.332 Thread 0x0000018ca6ad9800 Exception <a 'sun/nio/fs/WindowsException'{0x00000000963b5330}> (0x00000000963b5330) thrown at [./src/hotspot/share/prims/jni.cpp, line 615]
Event: 9842.632 Thread 0x0000018ca6ad9800 Exception <a 'sun/nio/fs/WindowsException'{0x00000000935f03c8}> (0x00000000935f03c8) thrown at [./src/hotspot/share/prims/jni.cpp, line 615]
Event: 9843.165 Thread 0x0000018ca6ada000 Exception <a 'sun/nio/fs/WindowsException'{0x00000000963e1c58}> (0x00000000963e1c58) thrown at [./src/hotspot/share/prims/jni.cpp, line 615]
Event: 9843.171 Thread 0x0000018ca6ada000 Exception <a 'java/lang/NoSuchMethodError'{0x00000000963e5620}: 'java.lang.Object java.lang.invoke.DirectMethodHandle$Holder.newInvokeSpecial(java.lang.Object, java.lang.Object, java.lang.Object)'> (0x00000000963e5620) thrown at [./src/hotspot/share/interpreter/linkResolver.cpp, line 773]

Events (20 events):
Event: 9843.377 Thread 0x0000018ca2d43000 flushing nmethod 0x0000018c8f744990
Event: 9843.377 Thread 0x0000018ca2d43000 flushing nmethod 0x0000018c8f746090
Event: 9843.377 Thread 0x0000018ca2d43000 flushing nmethod 0x0000018c8f746690
Event: 9843.378 Thread 0x0000018ca2d43000 flushing nmethod 0x0000018c8f82e890
Event: 9843.378 Thread 0x0000018ca2d43000 flushing nmethod 0x0000018c8f930590
Event: 9843.379 Thread 0x0000018ca2d43000 flushing nmethod 0x0000018c8fb32490
Event: 9843.379 Thread 0x0000018ca2d43000 flushing nmethod 0x0000018c8fb34790
Event: 9843.380 Thread 0x0000018ca2d43000 flushing nmethod 0x0000018c8fc15310
Event: 9843.380 Thread 0x0000018ca2d43000 flushing nmethod 0x0000018c8fc25c90
Event: 9843.380 Thread 0x0000018ca2d43000 flushing nmethod 0x0000018c8fc28910
Event: 9843.381 Thread 0x0000018ca2d43000 flushing nmethod 0x0000018c8fd23f10
Event: 9843.381 Thread 0x0000018ca2d43000 flushing nmethod 0x0000018c8fd34e10
Event: 9843.381 Thread 0x0000018ca2d43000 flushing nmethod 0x0000018c8fe4f590
Event: 9843.382 Thread 0x0000018ca2d43000 flushing nmethod 0x0000018c8fe90290
Event: 9843.383 Thread 0x0000018ca2d43000 flushing nmethod 0x0000018c90117d10
Event: 9843.384 Thread 0x0000018ca2d43000 flushing nmethod 0x0000018c902a0a10
Event: 9843.385 Thread 0x0000018ca2d43000 flushing nmethod 0x0000018c9036ee10
Event: 9843.385 Thread 0x0000018ca2d43000 flushing nmethod 0x0000018c903dbe90
Event: 9843.385 Thread 0x0000018ca2d43000 flushing nmethod 0x0000018c903e3690
Event: 9843.385 Thread 0x0000018ca2d43000 flushing nmethod 0x0000018c903f9b10


Dynamic libraries:
0x00007ff6907e0000 - 0x00007ff6907ea000 	C:\Program Files\Android\Android Studio1\jre\bin\java.exe
0x00007ffa72f70000 - 0x00007ffa73165000 	C:\WINDOWS\SYSTEM32\ntdll.dll
0x00007ffa3f430000 - 0x00007ffa3f446000 	C:\Program Files\Avast Software\Avast\aswhook.dll
0x00007ffa72540000 - 0x00007ffa725fe000 	C:\WINDOWS\System32\KERNEL32.DLL
0x00007ffa709c0000 - 0x00007ffa70c88000 	C:\WINDOWS\System32\KERNELBASE.dll
0x00007ffa70da0000 - 0x00007ffa70ea0000 	C:\WINDOWS\System32\ucrtbase.dll
0x00007ffa6b790000 - 0x00007ffa6b7a7000 	C:\Program Files\Android\Android Studio1\jre\bin\VCRUNTIME140.dll
0x00007ffa6b5e0000 - 0x00007ffa6b5f9000 	C:\Program Files\Android\Android Studio1\jre\bin\jli.dll
0x00007ffa728a0000 - 0x00007ffa72a41000 	C:\WINDOWS\System32\USER32.dll
0x00007ffa70680000 - 0x00007ffa706a2000 	C:\WINDOWS\System32\win32u.dll
0x00007ffa5c0f0000 - 0x00007ffa5c38a000 	C:\WINDOWS\WinSxS\amd64_microsoft.windows.common-controls_6595b64144ccf1df_6.0.19041.1110_none_60b5254171f9507e\COMCTL32.dll
0x00007ffa70fd0000 - 0x00007ffa70ffb000 	C:\WINDOWS\System32\GDI32.dll
0x00007ffa71620000 - 0x00007ffa716be000 	C:\WINDOWS\System32\msvcrt.dll
0x00007ffa70c90000 - 0x00007ffa70d9d000 	C:\WINDOWS\System32\gdi32full.dll
0x00007ffa70810000 - 0x00007ffa708ad000 	C:\WINDOWS\System32\msvcp_win.dll
0x00007ffa71380000 - 0x00007ffa713b0000 	C:\WINDOWS\System32\IMM32.DLL
0x00007ffa5e620000 - 0x00007ffa5e6bd000 	C:\Program Files\Android\Android Studio1\jre\bin\msvcp140.dll
0x00007ffa16740000 - 0x00007ffa1720f000 	C:\Program Files\Android\Android Studio1\jre\bin\server\jvm.dll
0x00007ffa726e0000 - 0x00007ffa7278c000 	C:\WINDOWS\System32\ADVAPI32.dll
0x00007ffa72410000 - 0x00007ffa724ab000 	C:\WINDOWS\System32\sechost.dll
0x00007ffa71080000 - 0x00007ffa711aa000 	C:\WINDOWS\System32\RPCRT4.dll
0x00007ffa72400000 - 0x00007ffa72408000 	C:\WINDOWS\System32\PSAPI.DLL
0x00007ffa5f820000 - 0x00007ffa5f829000 	C:\WINDOWS\SYSTEM32\WSOCK32.dll
0x00007ffa66ca0000 - 0x00007ffa66cc7000 	C:\WINDOWS\SYSTEM32\WINMM.dll
0x00007ffa69930000 - 0x00007ffa6993a000 	C:\WINDOWS\SYSTEM32\VERSION.dll
0x00007ffa71010000 - 0x00007ffa7107b000 	C:\WINDOWS\System32\WS2_32.dll
0x00007ffa6e550000 - 0x00007ffa6e562000 	C:\WINDOWS\SYSTEM32\kernel.appcore.dll
0x00007ffa5e8e0000 - 0x00007ffa5e8f1000 	C:\Program Files\Android\Android Studio1\jre\bin\verify.dll
0x00007ffa66330000 - 0x00007ffa66514000 	C:\WINDOWS\SYSTEM32\DBGHELP.DLL
0x00007ffa66610000 - 0x00007ffa6663c000 	C:\WINDOWS\SYSTEM32\dbgcore.DLL
0x00007ffa70f20000 - 0x00007ffa70fa2000 	C:\WINDOWS\System32\bcryptPrimitives.dll
0x00007ffa58e00000 - 0x00007ffa58e29000 	C:\Program Files\Android\Android Studio1\jre\bin\java.dll
0x00007ffa6b030000 - 0x00007ffa6b03b000 	C:\Program Files\Android\Android Studio1\jre\bin\jimage.dll
0x00007ffa5b960000 - 0x00007ffa5b978000 	C:\Program Files\Android\Android Studio1\jre\bin\zip.dll
0x00007ffa716c0000 - 0x00007ffa71e04000 	C:\WINDOWS\System32\SHELL32.dll
0x00007ffa6e750000 - 0x00007ffa6eee4000 	C:\WINDOWS\SYSTEM32\windows.storage.dll
0x00007ffa71e10000 - 0x00007ffa72165000 	C:\WINDOWS\System32\combase.dll
0x00007ffa6fff0000 - 0x00007ffa7001e000 	C:\WINDOWS\SYSTEM32\Wldp.dll
0x00007ffa727f0000 - 0x00007ffa7289d000 	C:\WINDOWS\System32\SHCORE.dll
0x00007ffa72790000 - 0x00007ffa727e5000 	C:\WINDOWS\System32\shlwapi.dll
0x00007ffa705c0000 - 0x00007ffa705df000 	C:\WINDOWS\SYSTEM32\profapi.dll
0x00007ffa58de0000 - 0x00007ffa58dfa000 	C:\Program Files\Android\Android Studio1\jre\bin\net.dll
0x00007ffa68c90000 - 0x00007ffa68d9c000 	C:\WINDOWS\SYSTEM32\WINHTTP.dll
0x00007ffa6fdd0000 - 0x00007ffa6fe3a000 	C:\WINDOWS\system32\mswsock.dll
0x00007ffa57b40000 - 0x00007ffa57b54000 	C:\Program Files\Android\Android Studio1\jre\bin\nio.dll
0x00007ffa5d5c0000 - 0x00007ffa5d5e7000 	C:\Users\Bane\.gradle\native\8bec1ad78214c89d9ad589b4d07fe93259594b29d510b10fafb7a158f7737e5d\windows-amd64\native-platform.dll
0x00007ffa337b0000 - 0x00007ffa338ed000 	C:\Users\Bane\.gradle\native\53dbd7edfb1c66fb8903c78663c9afc45aea4f116125fa6feffd364cf09443e8\windows-amd64\native-platform-file-events.dll
0x00007ffa6ade0000 - 0x00007ffa6adea000 	C:\Program Files\Android\Android Studio1\jre\bin\management.dll
0x00007ffa69a20000 - 0x00007ffa69a2c000 	C:\Program Files\Android\Android Studio1\jre\bin\management_ext.dll
0x00007ffa70330000 - 0x00007ffa70348000 	C:\WINDOWS\SYSTEM32\CRYPTSP.dll
0x00007ffa6f700000 - 0x00007ffa6f734000 	C:\WINDOWS\system32\rsaenh.dll
0x00007ffa70ef0000 - 0x00007ffa70f17000 	C:\WINDOWS\System32\bcrypt.dll
0x00007ffa70580000 - 0x00007ffa705ae000 	C:\WINDOWS\SYSTEM32\USERENV.dll
0x00007ffa6ff60000 - 0x00007ffa6ff6c000 	C:\WINDOWS\SYSTEM32\CRYPTBASE.dll
0x00007ffa6fa90000 - 0x00007ffa6facb000 	C:\WINDOWS\SYSTEM32\IPHLPAPI.DLL
0x00007ffa71000000 - 0x00007ffa71008000 	C:\WINDOWS\System32\NSI.dll
0x00007ffa698b0000 - 0x00007ffa698c7000 	C:\WINDOWS\SYSTEM32\dhcpcsvc6.DLL
0x00007ffa699e0000 - 0x00007ffa699fd000 	C:\WINDOWS\SYSTEM32\dhcpcsvc.DLL
0x00007ffa6fae0000 - 0x00007ffa6fbab000 	C:\WINDOWS\SYSTEM32\DNSAPI.dll
0x00007ffa6f330000 - 0x00007ffa6f363000 	C:\WINDOWS\SYSTEM32\ntmarta.dll

dbghelp: loaded successfully - version: 4.0.5 - missing functions: none
symbol engine: initialized successfully - sym options: 0x614 - pdb path: .;C:\Program Files\Android\Android Studio1\jre\bin;C:\WINDOWS\SYSTEM32;C:\Program Files\Avast Software\Avast;C:\WINDOWS\WinSxS\amd64_microsoft.windows.common-controls_6595b64144ccf1df_6.0.19041.1110_none_60b5254171f9507e;C:\Program Files\Android\Android Studio1\jre\bin\server;C:\Users\Bane\.gradle\native\8bec1ad78214c89d9ad589b4d07fe93259594b29d510b10fafb7a158f7737e5d\windows-amd64;C:\Users\Bane\.gradle\native\53dbd7edfb1c66fb8903c78663c9afc45aea4f116125fa6feffd364cf09443e8\windows-amd64

VM Arguments:
jvm_args: --add-opens=java.base/java.util=ALL-UNNAMED --add-opens=java.base/java.lang=ALL-UNNAMED --add-opens=java.base/java.lang.invoke=ALL-UNNAMED --add-opens=java.base/java.util=ALL-UNNAMED --add-opens=java.prefs/java.util.prefs=ALL-UNNAMED --add-opens=java.prefs/java.util.prefs=ALL-UNNAMED --add-opens=java.base/java.nio.charset=ALL-UNNAMED --add-opens=java.base/java.net=ALL-UNNAMED --add-opens=java.base/java.util.concurrent.atomic=ALL-UNNAMED -Xmx2048m -Dfile.encoding=UTF-8 -Duser.country=US -Duser.language=en -Duser.variant 
java_command: org.gradle.launcher.daemon.bootstrap.GradleDaemon 7.0.2
java_class_path (initial): C:\Users\Bane\.gradle\wrapper\dists\gradle-7.0.2-bin\857tjihv64xamwrf0h14cai3r\gradle-7.0.2\lib\gradle-launcher-7.0.2.jar
Launcher Type: SUN_STANDARD

[Global flags]
     intx CICompilerCount                          = 3                                         {product} {ergonomic}
     uint ConcGCThreads                            = 1                                         {product} {ergonomic}
     uint G1ConcRefinementThreads                  = 4                                         {product} {ergonomic}
   size_t G1HeapRegionSize                         = 1048576                                   {product} {ergonomic}
    uintx GCDrainStackTargetSize                   = 64                                        {product} {ergonomic}
   size_t InitialHeapSize                          = 134217728                                 {product} {ergonomic}
   size_t MarkStackSize                            = 4194304                                   {product} {ergonomic}
   size_t MaxHeapSize                              = 2147483648                                {product} {command line}
   size_t MaxNewSize                               = 1287651328                                {product} {ergonomic}
   size_t MinHeapDeltaBytes                        = 1048576                                   {product} {ergonomic}
    uintx NonNMethodCodeHeapSize                   = 5830732                                {pd product} {ergonomic}
    uintx NonProfiledCodeHeapSize                  = 122913754                              {pd product} {ergonomic}
    uintx ProfiledCodeHeapSize                     = 122913754                              {pd product} {ergonomic}
    uintx ReservedCodeCacheSize                    = 251658240                              {pd product} {ergonomic}
     bool SegmentedCodeCache                       = true                                      {product} {ergonomic}
     bool UseCompressedClassPointers               = true                                 {lp64_product} {ergonomic}
     bool UseCompressedOops                        = true                                 {lp64_product} {ergonomic}
     bool UseG1GC                                  = true                                      {product} {ergonomic}
     bool UseLargePagesIndividualAllocation        = false                                  {pd product} {ergonomic}

Logging:
Log output configuration:
 #0: stdout all=warning uptime,level,tags
 #1: stderr all=off uptime,level,tags

Environment Variables:
JAVA_HOME=D:\Program Files\Java\jdk-17
PATH=D:\Program Files\Python37\Scripts\;D:\Program Files\Python37\;C:\Program Files (x86)\Common Files\Oracle\Java\javapath;C:\Windows\system32;C:\Windows;C:\Windows\System32\Wbem;C:\Windows\System32\WindowsPowerShell\v1.0\;C:\Windows\System32\OpenSSH\;C:\Program Files\NVIDIA Corporation\NVIDIA NvDLISR;C:\Program Files (x86)\NVIDIA Corporation\PhysX\Common;C:\Program Files (x86)\Windows Kits\10\Windows Performance Toolkit\;C:\WINDOWS\system32;C:\WINDOWS;C:\WINDOWS\System32\Wbem;C:\WINDOWS\System32\WindowsPowerShell\v1.0\;C:\WINDOWS\System32\OpenSSH\;D:\Program Files\Java\jdk-17\bin;D:\Program Files\Git\cmd;C:\Users\Bane\AppData\Local\Microsoft\WindowsApps;C:\Users\Bane\AppData\Local\GitHubDesktop\bin;;C:\Users\Bane\AppData\Local\Programs\Microsoft VS Code\bin
USERNAME=Bane
OS=Windows_NT
PROCESSOR_IDENTIFIER=AMD64 Family 23 Model 8 Stepping 2, AuthenticAMD



---------------  S Y S T E M  ---------------

OS: Windows 10 , 64 bit Build 19041 (10.0.19041.1348)
OS uptime: 16 days 12:23 hours
Hyper-V role detected

CPU:total 4 (initial active 4) (4 cores per cpu, 1 threads per core) family 23 model 8 stepping 2 microcode 0x0, cmov, cx8, fxsr, mmx, sse, sse2, sse3, ssse3, sse4.1, sse4.2, popcnt, avx, avx2, aes, clmul, mmxext, 3dnowpref, lzcnt, sse4a, tsc, tscinvbit, tscinv, bmi1, bmi2, adx, sha, f

Memory: 4k page, system-wide physical 8143M (395M free)
TotalPageFile size 12239M (AvailPageFile size 9M)
current process WorkingSet (physical memory assigned to process): 756M, peak: 797M
current process commit charge ("private bytes"): 882M, peak: 932M

vm_info: OpenJDK 64-Bit Server VM (11.0.10+0-b96-7249189) for windows-amd64 JRE (11.0.10+0-b96-7249189), built on Mar 31 2021 21:44:00 by "builder" with MS VC++ 14.0 (VS2015)

END.
