#
# There is insufficient memory for the Java Runtime Environment to continue.
# Native memory allocation (mmap) failed to map 654311424 bytes for Failed to commit area from 0x0000000093800000 to 0x00000000ba800000 of length 654311424.
# Possible reasons:
#   The system is out of physical RAM or swap space
#   The process is running with CompressedOops enabled, and the Java Heap may be blocking the growth of the native heap
# Possible solutions:
#   Reduce memory load on the system
#   Increase physical memory or swap space
#   Check if swap backing store is full
#   Decrease Java heap size (-Xmx/-Xms)
#   Decrease number of Java threads
#   Decrease Java thread stack sizes (-Xss)
#   Set larger code cache with -XX:ReservedCodeCacheSize=
#   JVM is running with Unscaled Compressed Oops mode in which the Java heap is
#     placed in the first 4GB address space. The Java Heap base address is the
#     maximum limit for the native heap growth. Please use -XX:HeapBaseMinAddress
#     to set the Java Heap base and to place the Java Heap above 4GB virtual address.
# This output file may be truncated or incomplete.
#
#  Out of Memory Error (./src/hotspot/os/windows/os_windows.cpp:3301), pid=2980, tid=5484
#
# JRE version: OpenJDK Runtime Environment (11.0.10) (build 11.0.10+0-b96-7249189)
# Java VM: OpenJDK 64-Bit Server VM (11.0.10+0-b96-7249189, mixed mode, tiered, compressed oops, g1 gc, windows-amd64)
# No core dump will be written. Minidumps are not enabled by default on client versions of Windows
#

---------------  S U M M A R Y ------------

Command Line: --add-opens=java.base/java.util=ALL-UNNAMED --add-opens=java.base/java.lang=ALL-UNNAMED --add-opens=java.base/java.lang.invoke=ALL-UNNAMED --add-opens=java.base/java.util=ALL-UNNAMED --add-opens=java.prefs/java.util.prefs=ALL-UNNAMED --add-opens=java.prefs/java.util.prefs=ALL-UNNAMED --add-opens=java.base/java.nio.charset=ALL-UNNAMED --add-opens=java.base/java.net=ALL-UNNAMED --add-opens=java.base/java.util.concurrent.atomic=ALL-UNNAMED -Xmx2048m -Dfile.encoding=UTF-8 -Duser.country=US -Duser.language=en -Duser.variant org.gradle.launcher.daemon.bootstrap.GradleDaemon 7.0.2

Host: AMD Ryzen 3 2300X Quad-Core Processor          , 4 cores, 7G,  Windows 10 , 64 bit Build 19041 (10.0.19041.1348)
Time: Thu Dec  2 22:35:31 2021 Central Europe Standard Time elapsed time: 5394.558239 seconds (0d 1h 29m 54s)

---------------  T H R E A D  ---------------

Current thread (0x000001a3aae60000):  VMThread "VM Thread" [stack: 0x000000696a900000,0x000000696aa00000] [id=5484]

Stack: [0x000000696a900000,0x000000696aa00000]
[error occurred during error reporting (printing stack bounds), id 0xc0000005, EXCEPTION_ACCESS_VIOLATION (0xc0000005) at pc=0x000001a394d80f2d]

Native frames: (J=compiled Java code, j=interpreted, Vv=VM code, C=native code)
V  [jvm.dll+0x5ecfaa]
V  [jvm.dll+0x722bd5]
V  [jvm.dll+0x72412d]
V  [jvm.dll+0x724745]
V  [jvm.dll+0x7246fb]
V  [jvm.dll+0x5ec348]
V  [jvm.dll+0x5ecad8]
C  [ntdll.dll+0xa20cf]
C  [ntdll.dll+0x51454]
C  [ntdll.dll+0xa0bfe]
C  0x000001a394d80f2d

VM_Operation (0x000000696d5f8710): G1CollectForAllocation, mode: safepoint, requested by thread 0x000001a3b1778800


---------------  P R O C E S S  ---------------

Threads class SMR info:
_java_thread_list=0x000001a3b019e1f0, length=51, elements={
0x000001a391293000, 0x000001a3aae63000, 0x000001a3aae71000, 0x000001a3ab7f3000,
0x000001a3aae7f000, 0x000001a3aae81000, 0x000001a3aae84800, 0x000001a3aae8d800,
0x000001a3aae95800, 0x000001a3ab93c800, 0x000001a3adc0d800, 0x000001a3ad658800,
0x000001a3adb1d000, 0x000001a3ad8c4800, 0x000001a3ad8c5800, 0x000001a3ad8c4000,
0x000001a3afc3d000, 0x000001a3afc3e800, 0x000001a3afc3c000, 0x000001a3afc43800,
0x000001a3afc44000, 0x000001a3afc45000, 0x000001a3afc46800, 0x000001a3b1776800,
0x000001a3b1777800, 0x000001a3b1783800, 0x000001a3afc3a800, 0x000001a3b5b52800,
0x000001a3b5b53000, 0x000001a3b5b51800, 0x000001a3b5b55800, 0x000001a3b5b55000,
0x000001a3b5b57000, 0x000001a3b5b58000, 0x000001a3b5b59000, 0x000001a3b5b59800,
0x000001a3b5b54000, 0x000001a3b5b5e000, 0x000001a3b5b5f800, 0x000001a3b5b5b800,
0x000001a3b7c7d000, 0x000001a3b5b5c000, 0x000001a3b5b60000, 0x000001a3b5b5d000,
0x000001a3b177b800, 0x000001a3b177a000, 0x000001a3b1779000, 0x000001a3b1778800,
0x000001a3b1776000, 0x000001a3b177e000, 0x000001a3b1780800
}

Java Threads: ( => current thread )
  0x000001a391293000 JavaThread "main" [_thread_blocked, id=16708, stack(0x000000696a300000,0x000000696a400000)]
  0x000001a3aae63000 JavaThread "Reference Handler" daemon [_thread_blocked, id=14572, stack(0x000000696aa00000,0x000000696ab00000)]
  0x000001a3aae71000 JavaThread "Finalizer" daemon [_thread_blocked, id=8700, stack(0x000000696ab00000,0x000000696ac00000)]
  0x000001a3ab7f3000 JavaThread "Signal Dispatcher" daemon [_thread_blocked, id=17608, stack(0x000000696ac00000,0x000000696ad00000)]
  0x000001a3aae7f000 JavaThread "Attach Listener" daemon [_thread_blocked, id=15428, stack(0x000000696ad00000,0x000000696ae00000)]
  0x000001a3aae81000 JavaThread "Service Thread" daemon [_thread_blocked, id=17708, stack(0x000000696ae00000,0x000000696af00000)]
  0x000001a3aae84800 JavaThread "C2 CompilerThread0" daemon [_thread_in_native, id=12460, stack(0x000000696af00000,0x000000696b000000)]
  0x000001a3aae8d800 JavaThread "C1 CompilerThread0" daemon [_thread_blocked, id=10708, stack(0x000000696b000000,0x000000696b100000)]
  0x000001a3aae95800 JavaThread "Sweeper thread" daemon [_thread_blocked, id=1384, stack(0x000000696b100000,0x000000696b200000)]
  0x000001a3ab93c800 JavaThread "Common-Cleaner" daemon [_thread_blocked, id=14548, stack(0x000000696b200000,0x000000696b300000)]
  0x000001a3adc0d800 JavaThread "Daemon health stats" [_thread_blocked, id=12388, stack(0x000000696b700000,0x000000696b800000)]
  0x000001a3ad658800 JavaThread "Incoming local TCP Connector on port 54902" [_thread_in_native, id=13612, stack(0x000000696b800000,0x000000696b900000)]
  0x000001a3adb1d000 JavaThread "Daemon periodic checks" [_thread_blocked, id=7888, stack(0x000000696b900000,0x000000696ba00000)]
  0x000001a3ad8c4800 JavaThread "Cache worker for file hash cache (C:\Users\Bane\.gradle\caches\7.0.2\fileHashes)" [_thread_blocked, id=15892, stack(0x000000696c100000,0x000000696c200000)]
  0x000001a3ad8c5800 JavaThread "File lock request listener" [_thread_in_native, id=6736, stack(0x000000696c200000,0x000000696c300000)]
  0x000001a3ad8c4000 JavaThread "Cache worker for journal cache (C:\Users\Bane\.gradle\caches\journal-1)" [_thread_blocked, id=4888, stack(0x000000696c400000,0x000000696c500000)]
  0x000001a3afc3d000 JavaThread "File watcher server" daemon [_thread_blocked, id=18428, stack(0x000000696c600000,0x000000696c700000)]
  0x000001a3afc3e800 JavaThread "File watcher consumer" daemon [_thread_blocked, id=13368, stack(0x000000696c700000,0x000000696c800000)]
  0x000001a3afc3c000 JavaThread "Cache worker for execution history cache (C:\Users\Bane\.gradle\caches\7.0.2\executionHistory)" [_thread_blocked, id=5556, stack(0x000000696cb00000,0x000000696cc00000)]
  0x000001a3afc43800 JavaThread "jar transforms" [_thread_blocked, id=10356, stack(0x000000696cc00000,0x000000696cd00000)]
  0x000001a3afc44000 JavaThread "jar transforms Thread 2" [_thread_blocked, id=17692, stack(0x000000696cd00000,0x000000696ce00000)]
  0x000001a3afc45000 JavaThread "Cache worker for file content cache (C:\Users\Bane\.gradle\caches\7.0.2\fileContent)" [_thread_blocked, id=13996, stack(0x000000696ce00000,0x000000696cf00000)]
  0x000001a3afc46800 JavaThread "jar transforms Thread 3" [_thread_blocked, id=9020, stack(0x000000696d000000,0x000000696d100000)]
  0x000001a3b1776800 JavaThread "jar transforms Thread 4" [_thread_blocked, id=1068, stack(0x000000696d600000,0x000000696d700000)]
  0x000001a3b1777800 JavaThread "Memory manager" [_thread_blocked, id=11136, stack(0x000000696d700000,0x000000696d800000)]
  0x000001a3b1783800 JavaThread "Cache worker for Java compile cache (C:\Users\Bane\.gradle\caches\7.0.2\javaCompile)" [_thread_blocked, id=15796, stack(0x000000696e000000,0x000000696e100000)]
  0x000001a3afc3a800 JavaThread "ForkJoinPool.commonPool-worker-1" daemon [_thread_blocked, id=9496, stack(0x000000696e600000,0x000000696e700000)]
  0x000001a3b5b52800 JavaThread "Daemon Thread 13" [_thread_blocked, id=16288, stack(0x000000696a000000,0x000000696a100000)]
  0x000001a3b5b53000 JavaThread "Handler for socket connection from /127.0.0.1:54902 to /127.0.0.1:55893" [_thread_in_native, id=5524, stack(0x000000696a100000,0x000000696a200000)]
  0x000001a3b5b51800 JavaThread "Cancel handler" [_thread_blocked, id=4512, stack(0x000000696a200000,0x000000696a300000)]
  0x000001a3b5b55800 JavaThread "Daemon worker Thread 13" [_thread_blocked, id=3684, stack(0x000000696b400000,0x000000696b500000)]
  0x000001a3b5b55000 JavaThread "Asynchronous log dispatcher for DefaultDaemonConnection: socket connection from /127.0.0.1:54902 to /127.0.0.1:55893" [_thread_blocked, id=13744, stack(0x000000696ba00000,0x000000696bb00000)]
  0x000001a3b5b57000 JavaThread "Stdin handler" [_thread_blocked, id=5468, stack(0x000000696bb00000,0x000000696bc00000)]
  0x000001a3b5b58000 JavaThread "Daemon client event forwarder" [_thread_blocked, id=18112, stack(0x000000696bc00000,0x000000696bd00000)]
  0x000001a3b5b59000 JavaThread "Cache worker for file hash cache (C:\Users\Bane\Desktop\Faks\ANDROID_PROJEKAT\.gradle\7.0.2\fileHashes)" [_thread_blocked, id=5632, stack(0x000000696bd00000,0x000000696be00000)]
  0x000001a3b5b59800 JavaThread "Cache worker for checksums cache (C:\Users\Bane\Desktop\Faks\ANDROID_PROJEKAT\.gradle\checksums)" [_thread_blocked, id=4552, stack(0x000000696be00000,0x000000696bf00000)]
  0x000001a3b5b54000 JavaThread "Cache worker for cache directory md-supplier (C:\Users\Bane\.gradle\caches\7.0.2\md-supplier)" [_thread_blocked, id=15480, stack(0x000000696bf00000,0x000000696c000000)]
  0x000001a3b5b5e000 JavaThread "Cache worker for cache directory md-rule (C:\Users\Bane\.gradle\caches\7.0.2\md-rule)" [_thread_blocked, id=11220, stack(0x000000696c000000,0x000000696c100000)]
  0x000001a3b5b5f800 JavaThread "Cache worker for dependencies-accessors (C:\Users\Bane\Desktop\Faks\ANDROID_PROJEKAT\.gradle\7.0.2\dependencies-accessors)" [_thread_blocked, id=2344, stack(0x000000696c500000,0x000000696c600000)]
  0x000001a3b5b5b800 JavaThread "Cache worker for Build Output Cleanup Cache (C:\Users\Bane\Desktop\Faks\ANDROID_PROJEKAT\.gradle\buildOutputCleanup)" [_thread_blocked, id=5628, stack(0x000000696c800000,0x000000696c900000)]
  0x000001a3b7c7d000 JavaThread "C2 CompilerThread1" daemon [_thread_blocked, id=12968, stack(0x000000696c900000,0x000000696ca00000)]
  0x000001a3b5b5c000 JavaThread "Build operations" [_thread_blocked, id=16460, stack(0x000000696ca00000,0x000000696cb00000)]
  0x000001a3b5b60000 JavaThread "Build operations Thread 2" [_thread_blocked, id=15600, stack(0x000000696cf00000,0x000000696d000000)]
  0x000001a3b5b5d000 JavaThread "Build operations Thread 3" [_thread_blocked, id=16356, stack(0x000000696d100000,0x000000696d200000)]
  0x000001a3b177b800 JavaThread "Build operations Thread 4" [_thread_blocked, id=6272, stack(0x000000696d200000,0x000000696d300000)]
  0x000001a3b177a000 JavaThread "build event listener" [_thread_blocked, id=6864, stack(0x000000696d300000,0x000000696d400000)]
  0x000001a3b1779000 JavaThread "Execution worker for ':'" [_thread_blocked, id=11172, stack(0x000000696d400000,0x000000696d500000)]
  0x000001a3b1778800 JavaThread "Execution worker for ':' Thread 2" [_thread_blocked, id=5204, stack(0x000000696d500000,0x000000696d600000)]
  0x000001a3b1776000 JavaThread "Execution worker for ':' Thread 3" [_thread_blocked, id=3584, stack(0x000000696d800000,0x000000696d900000)]
  0x000001a3b177e000 JavaThread "Cache worker for execution history cache (C:\Users\Bane\Desktop\Faks\ANDROID_PROJEKAT\.gradle\7.0.2\executionHistory)" [_thread_blocked, id=15784, stack(0x000000696d900000,0x000000696da00000)]
  0x000001a3b1780800 JavaThread "Cache worker for Java compile cache (C:\Users\Bane\Desktop\Faks\ANDROID_PROJEKAT\.gradle\7.0.2\javaCompile)" [_thread_blocked, id=14904, stack(0x000000696da00000,0x000000696db00000)]

Other Threads:
=>0x000001a3aae60000 VMThread "VM Thread" [stack: 0x000000696a900000,0x000000696aa00000] [id=5484]
  0x000001a3ab95d800 WatcherThread [stack: 0x000000696b300000,0x000000696b400000] [id=15744]
  0x000001a3912ab000 GCTaskThread "GC Thread#0" [stack: 0x000000696a400000,0x000000696a500000] [id=3416]
  0x000001a3ac092000 GCTaskThread "GC Thread#1" [stack: 0x000000696b500000,0x000000696b600000] [id=15764]
  0x000001a3abade800 GCTaskThread "GC Thread#2" [stack: 0x000000696b600000,0x000000696b700000] [id=3400]
  0x000001a3acc83800 GCTaskThread "GC Thread#3" [stack: 0x000000696c300000,0x000000696c400000] [id=10388]
  0x000001a3912e0800 ConcurrentGCThread "G1 Main Marker" [stack: 0x000000696a500000,0x000000696a600000] [id=4728]
  0x000001a3912e1800 ConcurrentGCThread "G1 Conc#0" [stack: 0x000000696a600000,0x000000696a700000] [id=17320]
  0x000001a39136d800 ConcurrentGCThread "G1 Refine#0" [stack: 0x000000696a700000,0x000000696a800000] [id=15180]
  0x000001a3b1742800 ConcurrentGCThread "G1 Refine#1" [stack: 0x000000696e800000,0x000000696e900000] [id=13864]
  0x000001a3b1743800 ConcurrentGCThread "G1 Refine#2" [stack: 0x000000696e900000,0x000000696ea00000] [id=17600]
  0x000001a3b1744000 ConcurrentGCThread "G1 Refine#3" [stack: 0x000000696ea00000,0x000000696eb00000] [id=10676]
  0x000001a3aacb2800 ConcurrentGCThread "G1 Young RemSet Sampling" [stack: 0x000000696a800000,0x000000696a900000] [id=14340]

Threads with active compile tasks:
C2 CompilerThread05394585 30004       4       org.gradle.cache.internal.btree.StateCheckBlockStore::write (32 bytes)
C2 CompilerThread15394585 30022       4       com.sun.tools.javac.parser.JavacParser::blockStatement (604 bytes)

VM state:at safepoint (normal execution)

VM Mutex/Monitor currently owned by a thread:  ([mutex/lock_event])
[0x000001a39128ef90] Threads_lock - owner thread: 0x000001a3aae60000
[0x000001a39128f380] Heap_lock - owner thread: 0x000001a3b1778800

Heap address: 0x0000000080000000, size: 2048 MB, Compressed Oops mode: 32-bit
Narrow klass base: 0x0000000000000000, Narrow klass shift: 3
Compressed class space size: 1073741824 Address: 0x0000000100000000

Heap:
 garbage-first heap   total 958464K, used 162264K [0x0000000080000000, 0x0000000100000000)
  region size 1024K, 6 young (6144K), 6 survivors (6144K)
 Metaspace       used 124571K, capacity 129028K, committed 129612K, reserved 1161216K
  class space    used 15261K, capacity 16808K, committed 16972K, reserved 1048576K
Heap Regions: E=young(eden), S=young(survivor), O=old, HS=humongous(starts), HC=humongous(continues), CS=collection set, F=free, A=archive, TAMS=top-at-mark-start (previous, next)
|   0|0x0000000080000000, 0x0000000080100000, 0x0000000080100000|100%| O|  |TAMS 0x0000000080100000, 0x0000000080100000| Untracked 
|   1|0x0000000080100000, 0x0000000080200000, 0x0000000080200000|100%| O|  |TAMS 0x0000000080200000, 0x0000000080200000| Untracked 
|   2|0x0000000080200000, 0x0000000080300000, 0x0000000080300000|100%| O|  |TAMS 0x0000000080300000, 0x0000000080300000| Untracked 
|   3|0x0000000080300000, 0x0000000080400000, 0x0000000080400000|100%|HS|  |TAMS 0x0000000080400000, 0x0000000080400000| Complete 
|   4|0x0000000080400000, 0x0000000080500000, 0x0000000080500000|100%|HC|  |TAMS 0x0000000080500000, 0x0000000080500000| Complete 
|   5|0x0000000080500000, 0x0000000080600000, 0x0000000080600000|100%|HC|  |TAMS 0x0000000080600000, 0x0000000080600000| Complete 
|   6|0x0000000080600000, 0x0000000080700000, 0x0000000080700000|100%| O|  |TAMS 0x0000000080700000, 0x0000000080700000| Untracked 
|   7|0x0000000080700000, 0x0000000080800000, 0x0000000080800000|100%| O|  |TAMS 0x0000000080800000, 0x0000000080800000| Untracked 
|   8|0x0000000080800000, 0x0000000080900000, 0x0000000080900000|100%| O|  |TAMS 0x0000000080900000, 0x0000000080900000| Untracked 
|   9|0x0000000080900000, 0x0000000080a00000, 0x0000000080a00000|100%| O|  |TAMS 0x0000000080a00000, 0x0000000080a00000| Untracked 
|  10|0x0000000080a00000, 0x0000000080b00000, 0x0000000080b00000|100%| O|  |TAMS 0x0000000080b00000, 0x0000000080b00000| Untracked 
|  11|0x0000000080b00000, 0x0000000080c00000, 0x0000000080c00000|100%| O|  |TAMS 0x0000000080c00000, 0x0000000080c00000| Untracked 
|  12|0x0000000080c00000, 0x0000000080d00000, 0x0000000080d00000|100%| O|  |TAMS 0x0000000080d00000, 0x0000000080d00000| Untracked 
|  13|0x0000000080d00000, 0x0000000080e00000, 0x0000000080e00000|100%| O|  |TAMS 0x0000000080e00000, 0x0000000080e00000| Untracked 
|  14|0x0000000080e00000, 0x0000000080f00000, 0x0000000080f00000|100%| O|  |TAMS 0x0000000080f00000, 0x0000000080f00000| Untracked 
|  15|0x0000000080f00000, 0x0000000081000000, 0x0000000081000000|100%| O|  |TAMS 0x0000000081000000, 0x0000000081000000| Untracked 
|  16|0x0000000081000000, 0x0000000081100000, 0x0000000081100000|100%|HS|  |TAMS 0x0000000081100000, 0x0000000081100000| Complete 
|  17|0x0000000081100000, 0x0000000081200000, 0x0000000081200000|100%| O|  |TAMS 0x0000000081200000, 0x0000000081200000| Untracked 
|  18|0x0000000081200000, 0x0000000081300000, 0x0000000081300000|100%| O|  |TAMS 0x0000000081300000, 0x0000000081300000| Untracked 
|  19|0x0000000081300000, 0x0000000081400000, 0x0000000081400000|100%| O|  |TAMS 0x0000000081400000, 0x0000000081400000| Untracked 
|  20|0x0000000081400000, 0x0000000081500000, 0x0000000081500000|100%| O|  |TAMS 0x0000000081500000, 0x0000000081500000| Untracked 
|  21|0x0000000081500000, 0x0000000081600000, 0x0000000081600000|100%| O|  |TAMS 0x0000000081600000, 0x0000000081600000| Untracked 
|  22|0x0000000081600000, 0x0000000081700000, 0x0000000081700000|100%| O|  |TAMS 0x0000000081700000, 0x0000000081700000| Untracked 
|  23|0x0000000081700000, 0x0000000081800000, 0x0000000081800000|100%| O|  |TAMS 0x0000000081800000, 0x0000000081800000| Untracked 
|  24|0x0000000081800000, 0x0000000081900000, 0x0000000081900000|100%| O|  |TAMS 0x0000000081900000, 0x0000000081900000| Untracked 
|  25|0x0000000081900000, 0x0000000081a00000, 0x0000000081a00000|100%| O|  |TAMS 0x0000000081a00000, 0x0000000081a00000| Untracked 
|  26|0x0000000081a00000, 0x0000000081b00000, 0x0000000081b00000|100%| O|  |TAMS 0x0000000081a00000, 0x0000000081b00000| Untracked 
|  27|0x0000000081b00000, 0x0000000081c00000, 0x0000000081c00000|100%|HS|  |TAMS 0x0000000081c00000, 0x0000000081c00000| Complete 
|  28|0x0000000081c00000, 0x0000000081d00000, 0x0000000081d00000|100%|HS|  |TAMS 0x0000000081d00000, 0x0000000081d00000| Complete 
|  29|0x0000000081d00000, 0x0000000081e00000, 0x0000000081e00000|100%|HC|  |TAMS 0x0000000081e00000, 0x0000000081e00000| Complete 
|  30|0x0000000081e00000, 0x0000000081f00000, 0x0000000081f00000|100%| O|  |TAMS 0x0000000081e00000, 0x0000000081f00000| Untracked 
|  31|0x0000000081f00000, 0x0000000082000000, 0x0000000082000000|100%| O|  |TAMS 0x0000000082000000, 0x0000000082000000| Untracked 
|  32|0x0000000082000000, 0x0000000082100000, 0x0000000082100000|100%| O|  |TAMS 0x0000000082100000, 0x0000000082100000| Untracked 
|  33|0x0000000082100000, 0x0000000082200000, 0x0000000082200000|100%| O|  |TAMS 0x0000000082200000, 0x0000000082200000| Untracked 
|  34|0x0000000082200000, 0x0000000082300000, 0x0000000082300000|100%| O|  |TAMS 0x0000000082300000, 0x0000000082300000| Untracked 
|  35|0x0000000082300000, 0x0000000082400000, 0x0000000082400000|100%| O|  |TAMS 0x0000000082400000, 0x0000000082400000| Untracked 
|  36|0x0000000082400000, 0x0000000082500000, 0x0000000082500000|100%| O|  |TAMS 0x0000000082500000, 0x0000000082500000| Untracked 
|  37|0x0000000082500000, 0x0000000082600000, 0x0000000082600000|100%| O|  |TAMS 0x0000000082600000, 0x0000000082600000| Untracked 
|  38|0x0000000082600000, 0x0000000082700000, 0x0000000082700000|100%| O|  |TAMS 0x0000000082700000, 0x0000000082700000| Untracked 
|  39|0x0000000082700000, 0x0000000082800000, 0x0000000082800000|100%| O|  |TAMS 0x0000000082800000, 0x0000000082800000| Untracked 
|  40|0x0000000082800000, 0x0000000082900000, 0x0000000082900000|100%| O|  |TAMS 0x0000000082900000, 0x0000000082900000| Untracked 
|  41|0x0000000082900000, 0x0000000082900000, 0x0000000082a00000|  0%| F|  |TAMS 0x0000000082900000, 0x0000000082900000| Untracked 
|  42|0x0000000082a00000, 0x0000000082b00000, 0x0000000082b00000|100%| O|  |TAMS 0x0000000082b00000, 0x0000000082b00000| Untracked 
|  43|0x0000000082b00000, 0x0000000082c00000, 0x0000000082c00000|100%| O|  |TAMS 0x0000000082c00000, 0x0000000082c00000| Untracked 
|  44|0x0000000082c00000, 0x0000000082d00000, 0x0000000082d00000|100%| O|  |TAMS 0x0000000082d00000, 0x0000000082d00000| Untracked 
|  45|0x0000000082d00000, 0x0000000082e00000, 0x0000000082e00000|100%| O|  |TAMS 0x0000000082d00000, 0x0000000082e00000| Untracked 
|  46|0x0000000082e00000, 0x0000000082f00000, 0x0000000082f00000|100%| O|  |TAMS 0x0000000082e00000, 0x0000000082f00000| Untracked 
|  47|0x0000000082f00000, 0x0000000083000000, 0x0000000083000000|100%|HS|  |TAMS 0x0000000082f00000, 0x0000000083000000| Complete 
|  48|0x0000000083000000, 0x0000000083100000, 0x0000000083100000|100%| O|  |TAMS 0x0000000083100000, 0x0000000083100000| Untracked 
|  49|0x0000000083100000, 0x0000000083200000, 0x0000000083200000|100%| O|  |TAMS 0x0000000083100000, 0x0000000083200000| Untracked 
|  50|0x0000000083200000, 0x0000000083300000, 0x0000000083300000|100%| O|  |TAMS 0x0000000083200000, 0x0000000083300000| Untracked 
|  51|0x0000000083300000, 0x0000000083400000, 0x0000000083400000|100%| O|  |TAMS 0x0000000083300000, 0x0000000083400000| Untracked 
|  52|0x0000000083400000, 0x0000000083500000, 0x0000000083500000|100%| O|  |TAMS 0x0000000083500000, 0x0000000083500000| Untracked 
|  53|0x0000000083500000, 0x0000000083600000, 0x0000000083600000|100%| O|  |TAMS 0x0000000083500000, 0x0000000083600000| Untracked 
|  54|0x0000000083600000, 0x0000000083700000, 0x0000000083700000|100%| O|  |TAMS 0x0000000083700000, 0x0000000083700000| Untracked 
|  55|0x0000000083700000, 0x0000000083800000, 0x0000000083800000|100%| O|  |TAMS 0x0000000083800000, 0x0000000083800000| Untracked 
|  56|0x0000000083800000, 0x000000008387aa00, 0x0000000083900000| 47%| O|  |TAMS 0x0000000083800000, 0x000000008387aa00| Untracked 
|  57|0x0000000083900000, 0x0000000083a00000, 0x0000000083a00000|100%| O|  |TAMS 0x0000000083900000, 0x0000000083a00000| Untracked 
|  58|0x0000000083a00000, 0x0000000083a00000, 0x0000000083b00000|  0%| F|  |TAMS 0x0000000083a00000, 0x0000000083a00000| Untracked 
|  59|0x0000000083b00000, 0x0000000083b00000, 0x0000000083c00000|  0%| F|  |TAMS 0x0000000083b00000, 0x0000000083b00000| Untracked 
|  60|0x0000000083c00000, 0x0000000083d00000, 0x0000000083d00000|100%| O|  |TAMS 0x0000000083d00000, 0x0000000083d00000| Untracked 
|  61|0x0000000083d00000, 0x0000000083e00000, 0x0000000083e00000|100%| O|  |TAMS 0x0000000083e00000, 0x0000000083e00000| Untracked 
|  62|0x0000000083e00000, 0x0000000083f00000, 0x0000000083f00000|100%| O|  |TAMS 0x0000000083f00000, 0x0000000083f00000| Untracked 
|  63|0x0000000083f00000, 0x0000000083f00000, 0x0000000084000000|  0%| F|  |TAMS 0x0000000083f00000, 0x0000000083f00000| Untracked 
|  64|0x0000000084000000, 0x0000000084100000, 0x0000000084100000|100%| O|  |TAMS 0x0000000084100000, 0x0000000084100000| Untracked 
|  65|0x0000000084100000, 0x0000000084200000, 0x0000000084200000|100%| O|  |TAMS 0x0000000084200000, 0x0000000084200000| Untracked 
|  66|0x0000000084200000, 0x0000000084200000, 0x0000000084300000|  0%| F|  |TAMS 0x0000000084200000, 0x0000000084200000| Untracked 
|  67|0x0000000084300000, 0x0000000084300000, 0x0000000084400000|  0%| F|  |TAMS 0x0000000084300000, 0x0000000084300000| Untracked 
|  68|0x0000000084400000, 0x0000000084500000, 0x0000000084500000|100%|HS|  |TAMS 0x0000000084400000, 0x0000000084500000| Complete 
|  69|0x0000000084500000, 0x0000000084600000, 0x0000000084600000|100%| O|  |TAMS 0x0000000084500000, 0x0000000084600000| Untracked 
|  70|0x0000000084600000, 0x0000000084700000, 0x0000000084700000|100%| O|  |TAMS 0x0000000084700000, 0x0000000084700000| Untracked 
|  71|0x0000000084700000, 0x0000000084800000, 0x0000000084800000|100%| O|  |TAMS 0x0000000084800000, 0x0000000084800000| Untracked 
|  72|0x0000000084800000, 0x0000000084900000, 0x0000000084900000|100%| O|  |TAMS 0x0000000084900000, 0x0000000084900000| Untracked 
|  73|0x0000000084900000, 0x0000000084a00000, 0x0000000084a00000|100%| O|  |TAMS 0x0000000084900000, 0x0000000084a00000| Untracked 
|  74|0x0000000084a00000, 0x0000000084b00000, 0x0000000084b00000|100%| O|  |TAMS 0x0000000084a00000, 0x0000000084b00000| Untracked 
|  75|0x0000000084b00000, 0x0000000084c00000, 0x0000000084c00000|100%| O|  |TAMS 0x0000000084b00000, 0x0000000084c00000| Untracked 
|  76|0x0000000084c00000, 0x0000000084c00000, 0x0000000084d00000|  0%| F|  |TAMS 0x0000000084c00000, 0x0000000084c00000| Untracked 
|  77|0x0000000084d00000, 0x0000000084d00000, 0x0000000084e00000|  0%| F|  |TAMS 0x0000000084d00000, 0x0000000084d00000| Untracked 
|  78|0x0000000084e00000, 0x0000000084f00000, 0x0000000084f00000|100%| O|  |TAMS 0x0000000084e00000, 0x0000000084f00000| Untracked 
|  79|0x0000000084f00000, 0x0000000085000000, 0x0000000085000000|100%| O|  |TAMS 0x0000000084f00000, 0x0000000085000000| Untracked 
|  80|0x0000000085000000, 0x0000000085100000, 0x0000000085100000|100%| O|  |TAMS 0x0000000085000000, 0x0000000085100000| Untracked 
|  81|0x0000000085100000, 0x0000000085200000, 0x0000000085200000|100%| O|  |TAMS 0x0000000085100000, 0x0000000085200000| Untracked 
|  82|0x0000000085200000, 0x0000000085300000, 0x0000000085300000|100%| O|  |TAMS 0x0000000085200000, 0x0000000085300000| Untracked 
|  83|0x0000000085300000, 0x0000000085400000, 0x0000000085400000|100%| O|  |TAMS 0x0000000085300000, 0x0000000085400000| Untracked 
|  84|0x0000000085400000, 0x0000000085500000, 0x0000000085500000|100%| O|  |TAMS 0x0000000085400000, 0x0000000085500000| Untracked 
|  85|0x0000000085500000, 0x0000000085600000, 0x0000000085600000|100%| O|  |TAMS 0x0000000085500000, 0x0000000085600000| Untracked 
|  86|0x0000000085600000, 0x0000000085600000, 0x0000000085700000|  0%| F|  |TAMS 0x0000000085600000, 0x0000000085600000| Untracked 
|  87|0x0000000085700000, 0x0000000085700000, 0x0000000085800000|  0%| F|  |TAMS 0x0000000085700000, 0x0000000085700000| Untracked 
|  88|0x0000000085800000, 0x0000000085900000, 0x0000000085900000|100%| O|  |TAMS 0x0000000085800000, 0x0000000085900000| Untracked 
|  89|0x0000000085900000, 0x0000000085a00000, 0x0000000085a00000|100%|HS|  |TAMS 0x0000000085900000, 0x0000000085a00000| Complete 
|  90|0x0000000085a00000, 0x0000000085b00000, 0x0000000085b00000|100%| O|  |TAMS 0x0000000085a00000, 0x0000000085b00000| Untracked 
|  91|0x0000000085b00000, 0x0000000085c00000, 0x0000000085c00000|100%| O|  |TAMS 0x0000000085b00000, 0x0000000085c00000| Untracked 
|  92|0x0000000085c00000, 0x0000000085d00000, 0x0000000085d00000|100%| O|  |TAMS 0x0000000085c00000, 0x0000000085d00000| Untracked 
|  93|0x0000000085d00000, 0x0000000085e00000, 0x0000000085e00000|100%| O|  |TAMS 0x0000000085d00000, 0x0000000085e00000| Untracked 
|  94|0x0000000085e00000, 0x0000000085f00000, 0x0000000085f00000|100%| O|  |TAMS 0x0000000085e00000, 0x0000000085f00000| Untracked 
|  95|0x0000000085f00000, 0x0000000086000000, 0x0000000086000000|100%| O|  |TAMS 0x0000000086000000, 0x0000000086000000| Untracked 
|  96|0x0000000086000000, 0x0000000086000000, 0x0000000086100000|  0%| F|  |TAMS 0x0000000086000000, 0x0000000086000000| Untracked 
|  97|0x0000000086100000, 0x0000000086200000, 0x0000000086200000|100%| O|  |TAMS 0x0000000086100000, 0x0000000086200000| Untracked 
|  98|0x0000000086200000, 0x0000000086300000, 0x0000000086300000|100%| O|  |TAMS 0x0000000086200000, 0x0000000086300000| Untracked 
|  99|0x0000000086300000, 0x0000000086400000, 0x0000000086400000|100%| O|  |TAMS 0x0000000086300000, 0x0000000086400000| Untracked 
| 100|0x0000000086400000, 0x0000000086500000, 0x0000000086500000|100%| O|  |TAMS 0x0000000086400000, 0x0000000086500000| Untracked 
| 101|0x0000000086500000, 0x0000000086600000, 0x0000000086600000|100%| O|  |TAMS 0x0000000086500000, 0x0000000086600000| Untracked 
| 102|0x0000000086600000, 0x0000000086700000, 0x0000000086700000|100%|HS|  |TAMS 0x0000000086600000, 0x0000000086700000| Complete 
| 103|0x0000000086700000, 0x0000000086800000, 0x0000000086800000|100%| O|  |TAMS 0x0000000086700000, 0x0000000086800000| Untracked 
| 104|0x0000000086800000, 0x0000000086800000, 0x0000000086900000|  0%| F|  |TAMS 0x0000000086800000, 0x0000000086800000| Untracked 
| 105|0x0000000086900000, 0x0000000086900000, 0x0000000086a00000|  0%| F|  |TAMS 0x0000000086900000, 0x0000000086900000| Untracked 
| 106|0x0000000086a00000, 0x0000000086a00000, 0x0000000086b00000|  0%| F|  |TAMS 0x0000000086a00000, 0x0000000086a00000| Untracked 
| 107|0x0000000086b00000, 0x0000000086b00000, 0x0000000086c00000|  0%| F|  |TAMS 0x0000000086b00000, 0x0000000086b00000| Untracked 
| 108|0x0000000086c00000, 0x0000000086c00000, 0x0000000086d00000|  0%| F|  |TAMS 0x0000000086c00000, 0x0000000086c00000| Untracked 
| 109|0x0000000086d00000, 0x0000000086d00000, 0x0000000086e00000|  0%| F|  |TAMS 0x0000000086d00000, 0x0000000086d00000| Untracked 
| 110|0x0000000086e00000, 0x0000000086e00000, 0x0000000086f00000|  0%| F|  |TAMS 0x0000000086e00000, 0x0000000086e00000| Untracked 
| 111|0x0000000086f00000, 0x0000000086f00000, 0x0000000087000000|  0%| F|  |TAMS 0x0000000086f00000, 0x0000000086f00000| Untracked 
| 112|0x0000000087000000, 0x0000000087000000, 0x0000000087100000|  0%| F|  |TAMS 0x0000000087000000, 0x0000000087000000| Untracked 
| 113|0x0000000087100000, 0x0000000087200000, 0x0000000087200000|100%|HS|  |TAMS 0x0000000087100000, 0x0000000087200000| Complete 
| 114|0x0000000087200000, 0x0000000087300000, 0x0000000087300000|100%|HS|  |TAMS 0x0000000087200000, 0x0000000087300000| Complete 
| 115|0x0000000087300000, 0x0000000087400000, 0x0000000087400000|100%| O|  |TAMS 0x0000000087300000, 0x0000000087400000| Untracked 
| 116|0x0000000087400000, 0x0000000087500000, 0x0000000087500000|100%| O|  |TAMS 0x0000000087400000, 0x0000000087500000| Untracked 
| 117|0x0000000087500000, 0x0000000087500000, 0x0000000087600000|  0%| F|  |TAMS 0x0000000087500000, 0x0000000087500000| Untracked 
| 118|0x0000000087600000, 0x0000000087600000, 0x0000000087700000|  0%| F|  |TAMS 0x0000000087600000, 0x0000000087600000| Untracked 
| 119|0x0000000087700000, 0x0000000087700000, 0x0000000087800000|  0%| F|  |TAMS 0x0000000087700000, 0x0000000087700000| Untracked 
| 120|0x0000000087800000, 0x0000000087800000, 0x0000000087900000|  0%| F|  |TAMS 0x0000000087800000, 0x0000000087800000| Untracked 
| 121|0x0000000087900000, 0x0000000087900000, 0x0000000087a00000|  0%| F|  |TAMS 0x0000000087900000, 0x0000000087900000| Untracked 
| 122|0x0000000087a00000, 0x0000000087a00000, 0x0000000087b00000|  0%| F|  |TAMS 0x0000000087a00000, 0x0000000087a00000| Untracked 
| 123|0x0000000087b00000, 0x0000000087c00000, 0x0000000087c00000|100%| O|  |TAMS 0x0000000087b00000, 0x0000000087c00000| Untracked 
| 124|0x0000000087c00000, 0x0000000087c00000, 0x0000000087d00000|  0%| F|  |TAMS 0x0000000087c00000, 0x0000000087c00000| Untracked 
| 125|0x0000000087d00000, 0x0000000087d00000, 0x0000000087e00000|  0%| F|  |TAMS 0x0000000087d00000, 0x0000000087d00000| Untracked 
| 126|0x0000000087e00000, 0x0000000087e00000, 0x0000000087f00000|  0%| F|  |TAMS 0x0000000087e00000, 0x0000000087e00000| Untracked 
| 127|0x0000000087f00000, 0x0000000087f00000, 0x0000000088000000|  0%| F|  |TAMS 0x0000000087f00000, 0x0000000087f00000| Untracked 
| 128|0x0000000088000000, 0x0000000088100000, 0x0000000088100000|100%| O|  |TAMS 0x0000000088000000, 0x0000000088100000| Untracked 
| 129|0x0000000088100000, 0x0000000088200000, 0x0000000088200000|100%| O|  |TAMS 0x0000000088100000, 0x0000000088200000| Untracked 
| 130|0x0000000088200000, 0x0000000088300000, 0x0000000088300000|100%| O|  |TAMS 0x0000000088200000, 0x0000000088300000| Untracked 
| 131|0x0000000088300000, 0x0000000088400000, 0x0000000088400000|100%| O|  |TAMS 0x0000000088300000, 0x0000000088400000| Untracked 
| 132|0x0000000088400000, 0x0000000088500000, 0x0000000088500000|100%| O|  |TAMS 0x0000000088400000, 0x0000000088500000| Untracked 
| 133|0x0000000088500000, 0x0000000088500000, 0x0000000088600000|  0%| F|  |TAMS 0x0000000088500000, 0x0000000088500000| Untracked 
| 134|0x0000000088600000, 0x0000000088600000, 0x0000000088700000|  0%| F|  |TAMS 0x0000000088600000, 0x0000000088600000| Untracked 
| 135|0x0000000088700000, 0x0000000088700000, 0x0000000088800000|  0%| F|  |TAMS 0x0000000088700000, 0x0000000088700000| Untracked 
| 136|0x0000000088800000, 0x0000000088800000, 0x0000000088900000|  0%| F|  |TAMS 0x0000000088800000, 0x0000000088800000| Untracked 
| 137|0x0000000088900000, 0x0000000088900000, 0x0000000088a00000|  0%| F|  |TAMS 0x0000000088900000, 0x0000000088900000| Untracked 
| 138|0x0000000088a00000, 0x0000000088a00000, 0x0000000088b00000|  0%| F|  |TAMS 0x0000000088a00000, 0x0000000088a00000| Untracked 
| 139|0x0000000088b00000, 0x0000000088b00000, 0x0000000088c00000|  0%| F|  |TAMS 0x0000000088b00000, 0x0000000088b00000| Untracked 
| 140|0x0000000088c00000, 0x0000000088c00000, 0x0000000088d00000|  0%| F|  |TAMS 0x0000000088c00000, 0x0000000088c00000| Untracked 
| 141|0x0000000088d00000, 0x0000000088d00000, 0x0000000088e00000|  0%| F|  |TAMS 0x0000000088d00000, 0x0000000088d00000| Untracked 
| 142|0x0000000088e00000, 0x0000000088e00000, 0x0000000088f00000|  0%| F|  |TAMS 0x0000000088e00000, 0x0000000088e00000| Untracked 
| 143|0x0000000088f00000, 0x0000000088f00000, 0x0000000089000000|  0%| F|  |TAMS 0x0000000088f00000, 0x0000000088f00000| Untracked 
| 144|0x0000000089000000, 0x0000000089000000, 0x0000000089100000|  0%| F|  |TAMS 0x0000000089000000, 0x0000000089000000| Untracked 
| 145|0x0000000089100000, 0x0000000089100000, 0x0000000089200000|  0%| F|  |TAMS 0x0000000089100000, 0x0000000089100000| Untracked 
| 146|0x0000000089200000, 0x0000000089200000, 0x0000000089300000|  0%| F|  |TAMS 0x0000000089200000, 0x0000000089200000| Untracked 
| 147|0x0000000089300000, 0x0000000089300000, 0x0000000089400000|  0%| F|  |TAMS 0x0000000089300000, 0x0000000089300000| Untracked 
| 148|0x0000000089400000, 0x0000000089400000, 0x0000000089500000|  0%| F|  |TAMS 0x0000000089400000, 0x0000000089400000| Untracked 
| 149|0x0000000089500000, 0x0000000089500000, 0x0000000089600000|  0%| F|  |TAMS 0x0000000089500000, 0x0000000089500000| Untracked 
| 150|0x0000000089600000, 0x0000000089600000, 0x0000000089700000|  0%| F|  |TAMS 0x0000000089600000, 0x0000000089600000| Untracked 
| 151|0x0000000089700000, 0x0000000089700000, 0x0000000089800000|  0%| F|  |TAMS 0x0000000089700000, 0x0000000089700000| Untracked 
| 152|0x0000000089800000, 0x0000000089800000, 0x0000000089900000|  0%| F|  |TAMS 0x0000000089800000, 0x0000000089800000| Untracked 
| 153|0x0000000089900000, 0x0000000089900000, 0x0000000089a00000|  0%| F|  |TAMS 0x0000000089900000, 0x0000000089900000| Untracked 
| 154|0x0000000089a00000, 0x0000000089a00000, 0x0000000089b00000|  0%| F|  |TAMS 0x0000000089a00000, 0x0000000089a00000| Untracked 
| 155|0x0000000089b00000, 0x0000000089b00000, 0x0000000089c00000|  0%| F|  |TAMS 0x0000000089b00000, 0x0000000089b00000| Untracked 
| 156|0x0000000089c00000, 0x0000000089c00000, 0x0000000089d00000|  0%| F|  |TAMS 0x0000000089c00000, 0x0000000089c00000| Untracked 
| 157|0x0000000089d00000, 0x0000000089d00000, 0x0000000089e00000|  0%| F|  |TAMS 0x0000000089d00000, 0x0000000089d00000| Untracked 
| 158|0x0000000089e00000, 0x0000000089e00000, 0x0000000089f00000|  0%| F|  |TAMS 0x0000000089e00000, 0x0000000089e00000| Untracked 
| 159|0x0000000089f00000, 0x0000000089f00000, 0x000000008a000000|  0%| F|  |TAMS 0x0000000089f00000, 0x0000000089f00000| Untracked 
| 160|0x000000008a000000, 0x000000008a000000, 0x000000008a100000|  0%| F|  |TAMS 0x000000008a000000, 0x000000008a000000| Untracked 
| 161|0x000000008a100000, 0x000000008a100000, 0x000000008a200000|  0%| F|  |TAMS 0x000000008a100000, 0x000000008a100000| Untracked 
| 162|0x000000008a200000, 0x000000008a200000, 0x000000008a300000|  0%| F|  |TAMS 0x000000008a200000, 0x000000008a200000| Untracked 
| 163|0x000000008a300000, 0x000000008a300000, 0x000000008a400000|  0%| F|  |TAMS 0x000000008a300000, 0x000000008a300000| Untracked 
| 164|0x000000008a400000, 0x000000008a400000, 0x000000008a500000|  0%| F|  |TAMS 0x000000008a400000, 0x000000008a400000| Untracked 
| 165|0x000000008a500000, 0x000000008a500000, 0x000000008a600000|  0%| F|  |TAMS 0x000000008a500000, 0x000000008a500000| Untracked 
| 166|0x000000008a600000, 0x000000008a600000, 0x000000008a700000|  0%| F|  |TAMS 0x000000008a600000, 0x000000008a600000| Untracked 
| 167|0x000000008a700000, 0x000000008a700000, 0x000000008a800000|  0%| F|  |TAMS 0x000000008a700000, 0x000000008a700000| Untracked 
| 168|0x000000008a800000, 0x000000008a800000, 0x000000008a900000|  0%| F|  |TAMS 0x000000008a800000, 0x000000008a800000| Untracked 
| 169|0x000000008a900000, 0x000000008a900000, 0x000000008aa00000|  0%| F|  |TAMS 0x000000008a900000, 0x000000008a900000| Untracked 
| 170|0x000000008aa00000, 0x000000008aa00000, 0x000000008ab00000|  0%| F|  |TAMS 0x000000008aa00000, 0x000000008aa00000| Untracked 
| 171|0x000000008ab00000, 0x000000008ab00000, 0x000000008ac00000|  0%| F|  |TAMS 0x000000008ab00000, 0x000000008ab00000| Untracked 
| 172|0x000000008ac00000, 0x000000008ac00000, 0x000000008ad00000|  0%| F|  |TAMS 0x000000008ac00000, 0x000000008ac00000| Untracked 
| 173|0x000000008ad00000, 0x000000008ad00000, 0x000000008ae00000|  0%| F|  |TAMS 0x000000008ad00000, 0x000000008ad00000| Untracked 
| 174|0x000000008ae00000, 0x000000008ae00000, 0x000000008af00000|  0%| F|  |TAMS 0x000000008ae00000, 0x000000008ae00000| Untracked 
| 175|0x000000008af00000, 0x000000008af00000, 0x000000008b000000|  0%| F|  |TAMS 0x000000008af00000, 0x000000008af00000| Untracked 
| 176|0x000000008b000000, 0x000000008b000000, 0x000000008b100000|  0%| F|  |TAMS 0x000000008b000000, 0x000000008b000000| Untracked 
| 177|0x000000008b100000, 0x000000008b1fb828, 0x000000008b200000| 98%| S|CS|TAMS 0x000000008b100000, 0x000000008b100000| Complete 
| 178|0x000000008b200000, 0x000000008b300000, 0x000000008b300000|100%| S|CS|TAMS 0x000000008b200000, 0x000000008b200000| Complete 
| 179|0x000000008b300000, 0x000000008b400000, 0x000000008b400000|100%| S|CS|TAMS 0x000000008b300000, 0x000000008b300000| Complete 
| 180|0x000000008b400000, 0x000000008b500000, 0x000000008b500000|100%| S|CS|TAMS 0x000000008b400000, 0x000000008b400000| Complete 
| 181|0x000000008b500000, 0x000000008b600000, 0x000000008b600000|100%| S|CS|TAMS 0x000000008b500000, 0x000000008b500000| Complete 
| 182|0x000000008b600000, 0x000000008b700000, 0x000000008b700000|100%| S|CS|TAMS 0x000000008b600000, 0x000000008b600000| Complete 
| 183|0x000000008b700000, 0x000000008b700000, 0x000000008b800000|  0%| F|  |TAMS 0x000000008b700000, 0x000000008b700000| Untracked 
| 184|0x000000008b800000, 0x000000008b800000, 0x000000008b900000|  0%| F|  |TAMS 0x000000008b800000, 0x000000008b800000| Untracked 
| 185|0x000000008b900000, 0x000000008b900000, 0x000000008ba00000|  0%| F|  |TAMS 0x000000008b900000, 0x000000008b900000| Untracked 
| 186|0x000000008ba00000, 0x000000008ba00000, 0x000000008bb00000|  0%| F|  |TAMS 0x000000008ba00000, 0x000000008ba00000| Untracked 
| 187|0x000000008bb00000, 0x000000008bb00000, 0x000000008bc00000|  0%| F|  |TAMS 0x000000008bb00000, 0x000000008bb00000| Untracked 
| 188|0x000000008bc00000, 0x000000008bc00000, 0x000000008bd00000|  0%| F|  |TAMS 0x000000008bc00000, 0x000000008bc00000| Untracked 
| 189|0x000000008bd00000, 0x000000008bd00000, 0x000000008be00000|  0%| F|  |TAMS 0x000000008bd00000, 0x000000008bd00000| Untracked 
| 190|0x000000008be00000, 0x000000008be00000, 0x000000008bf00000|  0%| F|  |TAMS 0x000000008be00000, 0x000000008be00000| Untracked 
| 191|0x000000008bf00000, 0x000000008bf00000, 0x000000008c000000|  0%| F|  |TAMS 0x000000008bf00000, 0x000000008bf00000| Untracked 
| 192|0x000000008c000000, 0x000000008c000000, 0x000000008c100000|  0%| F|  |TAMS 0x000000008c000000, 0x000000008c000000| Untracked 
| 193|0x000000008c100000, 0x000000008c100000, 0x000000008c200000|  0%| F|  |TAMS 0x000000008c100000, 0x000000008c100000| Untracked 
| 194|0x000000008c200000, 0x000000008c200000, 0x000000008c300000|  0%| F|  |TAMS 0x000000008c200000, 0x000000008c200000| Untracked 
| 195|0x000000008c300000, 0x000000008c300000, 0x000000008c400000|  0%| F|  |TAMS 0x000000008c300000, 0x000000008c300000| Untracked 
| 196|0x000000008c400000, 0x000000008c400000, 0x000000008c500000|  0%| F|  |TAMS 0x000000008c400000, 0x000000008c400000| Untracked 
| 197|0x000000008c500000, 0x000000008c500000, 0x000000008c600000|  0%| F|  |TAMS 0x000000008c500000, 0x000000008c500000| Untracked 
| 198|0x000000008c600000, 0x000000008c600000, 0x000000008c700000|  0%| F|  |TAMS 0x000000008c600000, 0x000000008c600000| Untracked 
| 199|0x000000008c700000, 0x000000008c700000, 0x000000008c800000|  0%| F|  |TAMS 0x000000008c700000, 0x000000008c700000| Untracked 
| 200|0x000000008c800000, 0x000000008c900000, 0x000000008c900000|100%|HS|  |TAMS 0x000000008c900000, 0x000000008c900000| Complete 
| 201|0x000000008c900000, 0x000000008ca00000, 0x000000008ca00000|100%|HC|  |TAMS 0x000000008ca00000, 0x000000008ca00000| Complete 
| 202|0x000000008ca00000, 0x000000008cb00000, 0x000000008cb00000|100%|HS|  |TAMS 0x000000008cb00000, 0x000000008cb00000| Complete 
| 203|0x000000008cb00000, 0x000000008cc00000, 0x000000008cc00000|100%|HS|  |TAMS 0x000000008cc00000, 0x000000008cc00000| Complete 
| 204|0x000000008cc00000, 0x000000008cd00000, 0x000000008cd00000|100%| O|  |TAMS 0x000000008cd00000, 0x000000008cd00000| Untracked 
| 205|0x000000008cd00000, 0x000000008ce00000, 0x000000008ce00000|100%| O|  |TAMS 0x000000008ce00000, 0x000000008ce00000| Untracked 
| 206|0x000000008ce00000, 0x000000008ce00000, 0x000000008cf00000|  0%| F|  |TAMS 0x000000008ce00000, 0x000000008ce00000| Untracked 
| 207|0x000000008cf00000, 0x000000008cf00000, 0x000000008d000000|  0%| F|  |TAMS 0x000000008cf00000, 0x000000008cf00000| Untracked 
| 208|0x000000008d000000, 0x000000008d100000, 0x000000008d100000|100%| O|  |TAMS 0x000000008d100000, 0x000000008d100000| Untracked 
| 209|0x000000008d100000, 0x000000008d100000, 0x000000008d200000|  0%| F|  |TAMS 0x000000008d100000, 0x000000008d100000| Untracked 
| 210|0x000000008d200000, 0x000000008d300000, 0x000000008d300000|100%| O|  |TAMS 0x000000008d300000, 0x000000008d300000| Untracked 
| 211|0x000000008d300000, 0x000000008d300000, 0x000000008d400000|  0%| F|  |TAMS 0x000000008d300000, 0x000000008d300000| Untracked 
| 212|0x000000008d400000, 0x000000008d500000, 0x000000008d500000|100%| O|  |TAMS 0x000000008d500000, 0x000000008d500000| Untracked 
| 213|0x000000008d500000, 0x000000008d600000, 0x000000008d600000|100%| O|  |TAMS 0x000000008d600000, 0x000000008d600000| Untracked 
| 214|0x000000008d600000, 0x000000008d700000, 0x000000008d700000|100%| O|  |TAMS 0x000000008d700000, 0x000000008d700000| Untracked 
| 215|0x000000008d700000, 0x000000008d800000, 0x000000008d800000|100%| O|  |TAMS 0x000000008d800000, 0x000000008d800000| Untracked 
| 216|0x000000008d800000, 0x000000008d900000, 0x000000008d900000|100%| O|  |TAMS 0x000000008d900000, 0x000000008d900000| Untracked 
| 217|0x000000008d900000, 0x000000008da00000, 0x000000008da00000|100%| O|  |TAMS 0x000000008da00000, 0x000000008da00000| Untracked 
| 218|0x000000008da00000, 0x000000008db00000, 0x000000008db00000|100%| O|  |TAMS 0x000000008db00000, 0x000000008db00000| Untracked 
| 219|0x000000008db00000, 0x000000008dc00000, 0x000000008dc00000|100%| O|  |TAMS 0x000000008dc00000, 0x000000008dc00000| Untracked 
| 220|0x000000008dc00000, 0x000000008dd00000, 0x000000008dd00000|100%| O|  |TAMS 0x000000008dd00000, 0x000000008dd00000| Untracked 
| 221|0x000000008dd00000, 0x000000008de00000, 0x000000008de00000|100%| O|  |TAMS 0x000000008de00000, 0x000000008de00000| Untracked 
| 222|0x000000008de00000, 0x000000008de00000, 0x000000008df00000|  0%| F|  |TAMS 0x000000008de00000, 0x000000008de00000| Untracked 
| 223|0x000000008df00000, 0x000000008e000000, 0x000000008e000000|100%| O|  |TAMS 0x000000008e000000, 0x000000008e000000| Untracked 
| 224|0x000000008e000000, 0x000000008e100000, 0x000000008e100000|100%| O|  |TAMS 0x000000008e100000, 0x000000008e100000| Untracked 
| 225|0x000000008e100000, 0x000000008e200000, 0x000000008e200000|100%| O|  |TAMS 0x000000008e200000, 0x000000008e200000| Untracked 
| 226|0x000000008e200000, 0x000000008e300000, 0x000000008e300000|100%| O|  |TAMS 0x000000008e300000, 0x000000008e300000| Untracked 
| 227|0x000000008e300000, 0x000000008e400000, 0x000000008e400000|100%| O|  |TAMS 0x000000008e400000, 0x000000008e400000| Untracked 
| 228|0x000000008e400000, 0x000000008e500000, 0x000000008e500000|100%| O|  |TAMS 0x000000008e500000, 0x000000008e500000| Untracked 
| 229|0x000000008e500000, 0x000000008e600000, 0x000000008e600000|100%| O|  |TAMS 0x000000008e600000, 0x000000008e600000| Untracked 
| 230|0x000000008e600000, 0x000000008e700000, 0x000000008e700000|100%| O|  |TAMS 0x000000008e700000, 0x000000008e700000| Untracked 
| 231|0x000000008e700000, 0x000000008e800000, 0x000000008e800000|100%| O|  |TAMS 0x000000008e800000, 0x000000008e800000| Untracked 
| 232|0x000000008e800000, 0x000000008e900000, 0x000000008e900000|100%| O|  |TAMS 0x000000008e900000, 0x000000008e900000| Untracked 
| 233|0x000000008e900000, 0x000000008ea00000, 0x000000008ea00000|100%| O|  |TAMS 0x000000008ea00000, 0x000000008ea00000| Untracked 
| 234|0x000000008ea00000, 0x000000008eb00000, 0x000000008eb00000|100%| O|  |TAMS 0x000000008eb00000, 0x000000008eb00000| Untracked 
| 235|0x000000008eb00000, 0x000000008ec00000, 0x000000008ec00000|100%| O|  |TAMS 0x000000008ec00000, 0x000000008ec00000| Untracked 
| 236|0x000000008ec00000, 0x000000008ed00000, 0x000000008ed00000|100%| O|  |TAMS 0x000000008ed00000, 0x000000008ed00000| Untracked 
| 237|0x000000008ed00000, 0x000000008ee00000, 0x000000008ee00000|100%| O|  |TAMS 0x000000008ee00000, 0x000000008ee00000| Untracked 
| 238|0x000000008ee00000, 0x000000008ef00000, 0x000000008ef00000|100%| O|  |TAMS 0x000000008ef00000, 0x000000008ef00000| Untracked 
| 239|0x000000008ef00000, 0x000000008f000000, 0x000000008f000000|100%| O|  |TAMS 0x000000008f000000, 0x000000008f000000| Untracked 
| 240|0x000000008f000000, 0x000000008f100000, 0x000000008f100000|100%| O|  |TAMS 0x000000008f100000, 0x000000008f100000| Untracked 
| 241|0x000000008f100000, 0x000000008f200000, 0x000000008f200000|100%| O|  |TAMS 0x000000008f200000, 0x000000008f200000| Untracked 
| 242|0x000000008f200000, 0x000000008f300000, 0x000000008f300000|100%| O|  |TAMS 0x000000008f300000, 0x000000008f300000| Untracked 
| 243|0x000000008f300000, 0x000000008f400000, 0x000000008f400000|100%| O|  |TAMS 0x000000008f400000, 0x000000008f400000| Untracked 
| 244|0x000000008f400000, 0x000000008f500000, 0x000000008f500000|100%| O|  |TAMS 0x000000008f500000, 0x000000008f500000| Untracked 
| 245|0x000000008f500000, 0x000000008f600000, 0x000000008f600000|100%| O|  |TAMS 0x000000008f600000, 0x000000008f600000| Untracked 
| 246|0x000000008f600000, 0x000000008f700000, 0x000000008f700000|100%| O|  |TAMS 0x000000008f700000, 0x000000008f700000| Untracked 
| 247|0x000000008f700000, 0x000000008f800000, 0x000000008f800000|100%| O|  |TAMS 0x000000008f800000, 0x000000008f800000| Untracked 
| 248|0x000000008f800000, 0x000000008f800000, 0x000000008f900000|  0%| F|  |TAMS 0x000000008f800000, 0x000000008f800000| Untracked 
| 249|0x000000008f900000, 0x000000008fa00000, 0x000000008fa00000|100%| O|  |TAMS 0x000000008fa00000, 0x000000008fa00000| Untracked 
| 250|0x000000008fa00000, 0x000000008fb00000, 0x000000008fb00000|100%| O|  |TAMS 0x000000008fb00000, 0x000000008fb00000| Untracked 
| 251|0x000000008fb00000, 0x000000008fc00000, 0x000000008fc00000|100%| O|  |TAMS 0x000000008fc00000, 0x000000008fc00000| Untracked 
| 252|0x000000008fc00000, 0x000000008fc00000, 0x000000008fd00000|  0%| F|  |TAMS 0x000000008fc00000, 0x000000008fc00000| Untracked 
| 253|0x000000008fd00000, 0x000000008fe00000, 0x000000008fe00000|100%| O|  |TAMS 0x000000008fe00000, 0x000000008fe00000| Untracked 
| 254|0x000000008fe00000, 0x000000008fe00000, 0x000000008ff00000|  0%| F|  |TAMS 0x000000008fe00000, 0x000000008fe00000| Untracked 
| 255|0x000000008ff00000, 0x0000000090000000, 0x0000000090000000|100%| O|  |TAMS 0x000000008ff00000, 0x0000000090000000| Untracked 
| 256|0x0000000090000000, 0x0000000090100000, 0x0000000090100000|100%| O|  |TAMS 0x0000000090000000, 0x0000000090100000| Untracked 
| 257|0x0000000090100000, 0x0000000090200000, 0x0000000090200000|100%| O|  |TAMS 0x0000000090100000, 0x0000000090200000| Untracked 
| 258|0x0000000090200000, 0x0000000090200000, 0x0000000090300000|  0%| F|  |TAMS 0x0000000090200000, 0x0000000090200000| Untracked 
| 259|0x0000000090300000, 0x0000000090300000, 0x0000000090400000|  0%| F|  |TAMS 0x0000000090300000, 0x0000000090300000| Untracked 
| 260|0x0000000090400000, 0x0000000090400000, 0x0000000090500000|  0%| F|  |TAMS 0x0000000090400000, 0x0000000090400000| Untracked 
| 261|0x0000000090500000, 0x0000000090500000, 0x0000000090600000|  0%| F|  |TAMS 0x0000000090500000, 0x0000000090500000| Untracked 
| 262|0x0000000090600000, 0x0000000090600000, 0x0000000090700000|  0%| F|  |TAMS 0x0000000090600000, 0x0000000090600000| Untracked 
| 263|0x0000000090700000, 0x0000000090700000, 0x0000000090800000|  0%| F|  |TAMS 0x0000000090700000, 0x0000000090700000| Untracked 
| 264|0x0000000090800000, 0x0000000090800000, 0x0000000090900000|  0%| F|  |TAMS 0x0000000090800000, 0x0000000090800000| Untracked 
| 265|0x0000000090900000, 0x0000000090900000, 0x0000000090a00000|  0%| F|  |TAMS 0x0000000090900000, 0x0000000090900000| Untracked 
| 266|0x0000000090a00000, 0x0000000090a00000, 0x0000000090b00000|  0%| F|  |TAMS 0x0000000090a00000, 0x0000000090a00000| Untracked 
| 267|0x0000000090b00000, 0x0000000090b00000, 0x0000000090c00000|  0%| F|  |TAMS 0x0000000090b00000, 0x0000000090b00000| Untracked 
| 268|0x0000000090c00000, 0x0000000090c00000, 0x0000000090d00000|  0%| F|  |TAMS 0x0000000090c00000, 0x0000000090c00000| Untracked 
| 269|0x0000000090d00000, 0x0000000090d00000, 0x0000000090e00000|  0%| F|  |TAMS 0x0000000090d00000, 0x0000000090d00000| Untracked 
| 270|0x0000000090e00000, 0x0000000090e00000, 0x0000000090f00000|  0%| F|  |TAMS 0x0000000090e00000, 0x0000000090e00000| Untracked 
| 271|0x0000000090f00000, 0x0000000090f00000, 0x0000000091000000|  0%| F|  |TAMS 0x0000000090f00000, 0x0000000090f00000| Untracked 
| 272|0x0000000091000000, 0x0000000091000000, 0x0000000091100000|  0%| F|  |TAMS 0x0000000091000000, 0x0000000091000000| Untracked 
| 273|0x0000000091100000, 0x0000000091100000, 0x0000000091200000|  0%| F|  |TAMS 0x0000000091100000, 0x0000000091100000| Untracked 
| 274|0x0000000091200000, 0x0000000091200000, 0x0000000091300000|  0%| F|  |TAMS 0x0000000091200000, 0x0000000091200000| Untracked 
| 275|0x0000000091300000, 0x0000000091300000, 0x0000000091400000|  0%| F|  |TAMS 0x0000000091300000, 0x0000000091300000| Untracked 
| 276|0x0000000091400000, 0x0000000091400000, 0x0000000091500000|  0%| F|  |TAMS 0x0000000091400000, 0x0000000091400000| Untracked 
| 277|0x0000000091500000, 0x0000000091500000, 0x0000000091600000|  0%| F|  |TAMS 0x0000000091500000, 0x0000000091500000| Untracked 
| 278|0x0000000091600000, 0x0000000091600000, 0x0000000091700000|  0%| F|  |TAMS 0x0000000091600000, 0x0000000091600000| Untracked 
| 279|0x0000000091700000, 0x0000000091700000, 0x0000000091800000|  0%| F|  |TAMS 0x0000000091700000, 0x0000000091700000| Untracked 
| 280|0x0000000091800000, 0x0000000091800000, 0x0000000091900000|  0%| F|  |TAMS 0x0000000091800000, 0x0000000091800000| Untracked 
| 281|0x0000000091900000, 0x0000000091900000, 0x0000000091a00000|  0%| F|  |TAMS 0x0000000091900000, 0x0000000091900000| Untracked 
| 282|0x0000000091a00000, 0x0000000091a00000, 0x0000000091b00000|  0%| F|  |TAMS 0x0000000091a00000, 0x0000000091a00000| Untracked 
| 283|0x0000000091b00000, 0x0000000091b00000, 0x0000000091c00000|  0%| F|  |TAMS 0x0000000091b00000, 0x0000000091b00000| Untracked 
| 284|0x0000000091c00000, 0x0000000091c00000, 0x0000000091d00000|  0%| F|  |TAMS 0x0000000091c00000, 0x0000000091c00000| Untracked 
| 285|0x0000000091d00000, 0x0000000091d00000, 0x0000000091e00000|  0%| F|  |TAMS 0x0000000091d00000, 0x0000000091d00000| Untracked 
| 286|0x0000000091e00000, 0x0000000091e00000, 0x0000000091f00000|  0%| F|  |TAMS 0x0000000091e00000, 0x0000000091e00000| Untracked 
| 287|0x0000000091f00000, 0x0000000091f00000, 0x0000000092000000|  0%| F|  |TAMS 0x0000000091f00000, 0x0000000091f00000| Untracked 
| 288|0x0000000092000000, 0x0000000092000000, 0x0000000092100000|  0%| F|  |TAMS 0x0000000092000000, 0x0000000092000000| Untracked 
| 289|0x0000000092100000, 0x0000000092100000, 0x0000000092200000|  0%| F|  |TAMS 0x0000000092100000, 0x0000000092100000| Untracked 
| 290|0x0000000092200000, 0x0000000092200000, 0x0000000092300000|  0%| F|  |TAMS 0x0000000092200000, 0x0000000092200000| Untracked 
| 291|0x0000000092300000, 0x0000000092300000, 0x0000000092400000|  0%| F|  |TAMS 0x0000000092300000, 0x0000000092300000| Untracked 
| 292|0x0000000092400000, 0x0000000092400000, 0x0000000092500000|  0%| F|  |TAMS 0x0000000092400000, 0x0000000092400000| Untracked 
| 293|0x0000000092500000, 0x0000000092500000, 0x0000000092600000|  0%| F|  |TAMS 0x0000000092500000, 0x0000000092500000| Untracked 
| 294|0x0000000092600000, 0x0000000092600000, 0x0000000092700000|  0%| F|  |TAMS 0x0000000092600000, 0x0000000092600000| Untracked 
| 295|0x0000000092700000, 0x0000000092700000, 0x0000000092800000|  0%| F|  |TAMS 0x0000000092700000, 0x0000000092700000| Untracked 
| 296|0x0000000092800000, 0x0000000092800000, 0x0000000092900000|  0%| F|  |TAMS 0x0000000092800000, 0x0000000092800000| Untracked 
| 297|0x0000000092900000, 0x0000000092900000, 0x0000000092a00000|  0%| F|  |TAMS 0x0000000092900000, 0x0000000092900000| Untracked 
| 298|0x0000000092a00000, 0x0000000092a00000, 0x0000000092b00000|  0%| F|  |TAMS 0x0000000092a00000, 0x0000000092a00000| Untracked 
| 299|0x0000000092b00000, 0x0000000092b00000, 0x0000000092c00000|  0%| F|  |TAMS 0x0000000092b00000, 0x0000000092b00000| Untracked 
| 300|0x0000000092c00000, 0x0000000092c00000, 0x0000000092d00000|  0%| F|  |TAMS 0x0000000092c00000, 0x0000000092c00000| Untracked 
| 301|0x0000000092d00000, 0x0000000092d00000, 0x0000000092e00000|  0%| F|  |TAMS 0x0000000092d00000, 0x0000000092d00000| Untracked 
| 302|0x0000000092e00000, 0x0000000092e00000, 0x0000000092f00000|  0%| F|  |TAMS 0x0000000092e00000, 0x0000000092e00000| Untracked 
| 303|0x0000000092f00000, 0x0000000092f00000, 0x0000000093000000|  0%| F|  |TAMS 0x0000000092f00000, 0x0000000092f00000| Untracked 
| 304|0x0000000093000000, 0x0000000093000000, 0x0000000093100000|  0%| F|  |TAMS 0x0000000093000000, 0x0000000093000000| Untracked 
| 305|0x0000000093100000, 0x0000000093100000, 0x0000000093200000|  0%| F|  |TAMS 0x0000000093100000, 0x0000000093100000| Untracked 
| 306|0x0000000093200000, 0x0000000093200000, 0x0000000093300000|  0%| F|  |TAMS 0x0000000093200000, 0x0000000093200000| Untracked 
| 307|0x0000000093300000, 0x0000000093300000, 0x0000000093400000|  0%| F|  |TAMS 0x0000000093300000, 0x0000000093300000| Untracked 
| 308|0x0000000093400000, 0x0000000093400000, 0x0000000093500000|  0%| F|  |TAMS 0x0000000093400000, 0x0000000093400000| Untracked 
| 309|0x0000000093500000, 0x0000000093500000, 0x0000000093600000|  0%| F|  |TAMS 0x0000000093500000, 0x0000000093500000| Untracked 
| 310|0x0000000093600000, 0x0000000093600000, 0x0000000093700000|  0%| F|  |TAMS 0x0000000093600000, 0x0000000093600000| Untracked 
| 311|0x0000000093700000, 0x0000000093700000, 0x0000000093800000|  0%| F|  |TAMS 0x0000000093700000, 0x0000000093700000| Untracked 

Card table byte_map: [0x000001a3a4180000,0x000001a3a4580000] _byte_map_base: 0x000001a3a3d80000

Marking Bits (Prev, Next): (CMBitMap*) 0x000001a3912d7848, (CMBitMap*) 0x000001a3912d7880
 Prev Bits: [0x000001a3a4980000, 0x000001a3a6980000)
 Next Bits: [0x000001a3a6980000, 0x000001a3a8980000)

Polling page: 0x000001a390a70000

Metaspace:

Usage:
  Non-class:    109.59 MB capacity,   106.75 MB ( 97%) used,     2.33 MB (  2%) free+waste,   519.19 KB ( <1%) overhead. 
      Class:     16.41 MB capacity,    14.90 MB ( 91%) used,     1.29 MB (  8%) free+waste,   223.38 KB (  1%) overhead. 
       Both:    126.00 MB capacity,   121.65 MB ( 97%) used,     3.63 MB (  3%) free+waste,   742.56 KB ( <1%) overhead. 

Virtual space:
  Non-class space:      110.00 MB reserved,     110.00 MB (100%) committed 
      Class space:        1.00 GB reserved,      16.57 MB (  2%) committed 
             Both:        1.11 GB reserved,     126.57 MB ( 11%) committed 

Chunk freelists:
   Non-Class:  228.00 KB
       Class:  138.00 KB
        Both:  366.00 KB

MaxMetaspaceSize: 17179869184.00 GB
CompressedClassSpaceSize: 1.00 GB

CodeHeap 'non-profiled nmethods': size=120064Kb used=22580Kb max_used=22580Kb free=97483Kb
 bounds [0x000001a39c840000, 0x000001a39de60000, 0x000001a3a3d80000]
CodeHeap 'profiled nmethods': size=120000Kb used=59833Kb max_used=59833Kb free=60166Kb
 bounds [0x000001a395310000, 0x000001a398e00000, 0x000001a39c840000]
CodeHeap 'non-nmethods': size=5696Kb used=2357Kb max_used=2432Kb free=3338Kb
 bounds [0x000001a394d80000, 0x000001a395000000, 0x000001a395310000]
 total_blobs=26531 nmethods=25557 adapters=883
 compilation: enabled
              stopped_count=0, restarted_count=0
 full_count=0

Compilation events (20 events):
Event: 5394.468 Thread 0x000001a3b7c7d000 nmethod 30008 0x000001a39de4f290 code [0x000001a39de4f440, 0x000001a39de4f658]
Event: 5394.473 Thread 0x000001a3aae8d800 30013       3       org.gradle.api.file.EmptyFileVisitor::<init> (5 bytes)
Event: 5394.473 Thread 0x000001a3aae8d800 nmethod 30013 0x000001a397747190 code [0x000001a397747340, 0x000001a397747498]
Event: 5394.474 Thread 0x000001a3aae8d800 30014       1       org.gradle.api.internal.classpath.DefaultModuleRegistry$DefaultModule::getImplementationClasspath (5 bytes)
Event: 5394.474 Thread 0x000001a3aae8d800 nmethod 30014 0x000001a39de4f810 code [0x000001a39de4f9c0, 0x000001a39de4fa78]
Event: 5394.480 Thread 0x000001a3aae8d800 30015       1       com.sun.tools.javac.util.AbstractDiagnosticFormatter$SimpleConfiguration::setCaretEnabled (6 bytes)
Event: 5394.480 Thread 0x000001a3aae8d800 nmethod 30015 0x000001a39de4fb10 code [0x000001a39de4fcc0, 0x000001a39de4fd78]
Event: 5394.480 Thread 0x000001a3b7c7d000 30016       4       com.sun.tools.javac.main.Option::matches (204 bytes)
Event: 5394.495 Thread 0x000001a3b7c7d000 nmethod 30016 0x000001a39de4fe10 code [0x000001a39de50020, 0x000001a39de50b88]
Event: 5394.514 Thread 0x000001a3b7c7d000 30017       4       jdk.internal.ref.PhantomCleanable::clean (16 bytes)
Event: 5394.519 Thread 0x000001a3b7c7d000 nmethod 30017 0x000001a39de51390 code [0x000001a39de51540, 0x000001a39de51bd8]
Event: 5394.527 Thread 0x000001a3b7c7d000 30018       4       com.sun.tools.javac.main.Option::matches (43 bytes)
Event: 5394.529 Thread 0x000001a3b7c7d000 nmethod 30018 0x000001a39de51d90 code [0x000001a39de51f40, 0x000001a39de52068]
Event: 5394.529 Thread 0x000001a3aae8d800 30019       3       com.sun.tools.javac.comp.Operators::setOperatorName (14 bytes)
Event: 5394.529 Thread 0x000001a3aae8d800 nmethod 30019 0x000001a397ad2990 code [0x000001a397ad2be0, 0x000001a397ad35e8]
Event: 5394.529 Thread 0x000001a3aae8d800 30020       3       com.sun.tools.javac.code.Types::instance (26 bytes)
Event: 5394.530 Thread 0x000001a3aae8d800 nmethod 30020 0x000001a397a97410 code [0x000001a397a975e0, 0x000001a397a978f8]
Event: 5394.530 Thread 0x000001a3aae8d800 30021       3       com.sun.tools.javac.jvm.ClassReader$AttributeReader::<init> (26 bytes)
Event: 5394.530 Thread 0x000001a3aae8d800 nmethod 30021 0x000001a397a56010 code [0x000001a397a561e0, 0x000001a397a564b8]
Event: 5394.531 Thread 0x000001a3b7c7d000 30022       4       com.sun.tools.javac.parser.JavacParser::blockStatement (604 bytes)

GC Heap History (20 events):
Event: 5178.109 GC heap after
{Heap after GC invocations=77 (full 0):
 garbage-first heap   total 319488K, used 263167K [0x0000000080000000, 0x0000000100000000)
  region size 1024K, 2 young (2048K), 2 survivors (2048K)
 Metaspace       used 124612K, capacity 129109K, committed 129356K, reserved 1161216K
  class space    used 15332K, capacity 16946K, committed 16972K, reserved 1048576K
}
Event: 5178.351 GC heap before
{Heap before GC invocations=77 (full 0):
 garbage-first heap   total 319488K, used 275455K [0x0000000080000000, 0x0000000100000000)
  region size 1024K, 15 young (15360K), 2 survivors (2048K)
 Metaspace       used 124613K, capacity 129109K, committed 129356K, reserved 1161216K
  class space    used 15332K, capacity 16946K, committed 16972K, reserved 1048576K
}
Event: 5178.361 GC heap after
{Heap after GC invocations=78 (full 0):
 garbage-first heap   total 319488K, used 265720K [0x0000000080000000, 0x0000000100000000)
  region size 1024K, 2 young (2048K), 2 survivors (2048K)
 Metaspace       used 124613K, capacity 129109K, committed 129356K, reserved 1161216K
  class space    used 15332K, capacity 16946K, committed 16972K, reserved 1048576K
}
Event: 5178.493 GC heap before
{Heap before GC invocations=78 (full 0):
 garbage-first heap   total 319488K, used 222712K [0x0000000080000000, 0x0000000100000000)
  region size 1024K, 15 young (15360K), 2 survivors (2048K)
 Metaspace       used 124312K, capacity 128633K, committed 129356K, reserved 1161216K
  class space    used 15242K, capacity 16775K, committed 16972K, reserved 1048576K
}
Event: 5178.502 GC heap after
{Heap after GC invocations=79 (full 0):
 garbage-first heap   total 319488K, used 210412K [0x0000000080000000, 0x0000000100000000)
  region size 1024K, 2 young (2048K), 2 survivors (2048K)
 Metaspace       used 124312K, capacity 128633K, committed 129356K, reserved 1161216K
  class space    used 15242K, capacity 16775K, committed 16972K, reserved 1048576K
}
Event: 5178.766 GC heap before
{Heap before GC invocations=80 (full 0):
 garbage-first heap   total 319488K, used 251372K [0x0000000080000000, 0x0000000100000000)
  region size 1024K, 40 young (40960K), 2 survivors (2048K)
 Metaspace       used 124312K, capacity 128633K, committed 129356K, reserved 1161216K
  class space    used 15242K, capacity 16775K, committed 16972K, reserved 1048576K
}
Event: 5178.780 GC heap after
{Heap after GC invocations=81 (full 0):
 garbage-first heap   total 319488K, used 219776K [0x0000000080000000, 0x0000000100000000)
  region size 1024K, 5 young (5120K), 5 survivors (5120K)
 Metaspace       used 124312K, capacity 128633K, committed 129356K, reserved 1161216K
  class space    used 15242K, capacity 16775K, committed 16972K, reserved 1048576K
}
Event: 5178.792 GC heap before
{Heap before GC invocations=81 (full 0):
 garbage-first heap   total 319488K, used 230016K [0x0000000080000000, 0x0000000100000000)
  region size 1024K, 15 young (15360K), 5 survivors (5120K)
 Metaspace       used 124312K, capacity 128633K, committed 129356K, reserved 1161216K
  class space    used 15242K, capacity 16775K, committed 16972K, reserved 1048576K
}
Event: 5178.806 GC heap after
{Heap after GC invocations=82 (full 0):
 garbage-first heap   total 319488K, used 189437K [0x0000000080000000, 0x0000000100000000)
  region size 1024K, 2 young (2048K), 2 survivors (2048K)
 Metaspace       used 124312K, capacity 128633K, committed 129356K, reserved 1161216K
  class space    used 15242K, capacity 16775K, committed 16972K, reserved 1048576K
}
Event: 5178.830 GC heap before
{Heap before GC invocations=82 (full 0):
 garbage-first heap   total 319488K, used 202749K [0x0000000080000000, 0x0000000100000000)
  region size 1024K, 15 young (15360K), 2 survivors (2048K)
 Metaspace       used 124312K, capacity 128633K, committed 129356K, reserved 1161216K
  class space    used 15242K, capacity 16775K, committed 16972K, reserved 1048576K
}
Event: 5178.853 GC heap after
{Heap after GC invocations=83 (full 0):
 garbage-first heap   total 319488K, used 157945K [0x0000000080000000, 0x0000000100000000)
  region size 1024K, 2 young (2048K), 2 survivors (2048K)
 Metaspace       used 124312K, capacity 128633K, committed 129356K, reserved 1161216K
  class space    used 15242K, capacity 16775K, committed 16972K, reserved 1048576K
}
Event: 5178.925 GC heap before
{Heap before GC invocations=83 (full 0):
 garbage-first heap   total 319488K, used 178425K [0x0000000080000000, 0x0000000100000000)
  region size 1024K, 15 young (15360K), 2 survivors (2048K)
 Metaspace       used 124312K, capacity 128633K, committed 129356K, reserved 1161216K
  class space    used 15242K, capacity 16775K, committed 16972K, reserved 1048576K
}
Event: 5179.128 GC heap after
{Heap after GC invocations=84 (full 0):
 garbage-first heap   total 319488K, used 154789K [0x0000000080000000, 0x0000000100000000)
  region size 1024K, 2 young (2048K), 2 survivors (2048K)
 Metaspace       used 124312K, capacity 128633K, committed 129356K, reserved 1161216K
  class space    used 15242K, capacity 16775K, committed 16972K, reserved 1048576K
}
Event: 5180.313 GC heap before
{Heap before GC invocations=84 (full 0):
 garbage-first heap   total 319488K, used 224421K [0x0000000080000000, 0x0000000100000000)
  region size 1024K, 67 young (68608K), 2 survivors (2048K)
 Metaspace       used 124358K, capacity 128703K, committed 129356K, reserved 1161216K
  class space    used 15252K, capacity 16793K, committed 16972K, reserved 1048576K
}
Event: 5180.326 GC heap after
{Heap after GC invocations=85 (full 0):
 garbage-first heap   total 319488K, used 152650K [0x0000000080000000, 0x0000000100000000)
  region size 1024K, 6 young (6144K), 6 survivors (6144K)
 Metaspace       used 124358K, capacity 128703K, committed 129356K, reserved 1161216K
  class space    used 15252K, capacity 16793K, committed 16972K, reserved 1048576K
}
Event: 5180.732 GC heap before
{Heap before GC invocations=85 (full 0):
 garbage-first heap   total 319488K, used 225354K [0x0000000080000000, 0x0000000100000000)
  region size 1024K, 78 young (79872K), 6 survivors (6144K)
 Metaspace       used 124376K, capacity 128704K, committed 129356K, reserved 1161216K
  class space    used 15252K, capacity 16793K, committed 16972K, reserved 1048576K
}
Event: 5180.746 GC heap after
{Heap after GC invocations=86 (full 0):
 garbage-first heap   total 319488K, used 159720K [0x0000000080000000, 0x0000000100000000)
  region size 1024K, 10 young (10240K), 10 survivors (10240K)
 Metaspace       used 124376K, capacity 128704K, committed 129356K, reserved 1161216K
  class space    used 15252K, capacity 16793K, committed 16972K, reserved 1048576K
}
Event: 5181.980 GC heap before
{Heap before GC invocations=86 (full 0):
 garbage-first heap   total 319488K, used 234472K [0x0000000080000000, 0x0000000100000000)
  region size 1024K, 83 young (84992K), 10 survivors (10240K)
 Metaspace       used 124438K, capacity 128776K, committed 129356K, reserved 1161216K
  class space    used 15252K, capacity 16793K, committed 16972K, reserved 1048576K
}
Event: 5181.989 GC heap after
{Heap after GC invocations=87 (full 0):
 garbage-first heap   total 319488K, used 158030K [0x0000000080000000, 0x0000000100000000)
  region size 1024K, 2 young (2048K), 2 survivors (2048K)
 Metaspace       used 124438K, capacity 128776K, committed 129356K, reserved 1161216K
  class space    used 15252K, capacity 16793K, committed 16972K, reserved 1048576K
}
Event: 5394.539 GC heap before
{Heap before GC invocations=87 (full 0):
 garbage-first heap   total 319488K, used 256334K [0x0000000080000000, 0x0000000100000000)
  region size 1024K, 79 young (80896K), 2 survivors (2048K)
 Metaspace       used 124571K, capacity 129028K, committed 129612K, reserved 1161216K
  class space    used 15261K, capacity 16808K, committed 16972K, reserved 1048576K
}

Deoptimization events (20 events):
Event: 5394.286 Thread 0x000001a3b5b55800 Uncommon trap: trap_request=0xffffffbe fr.pc=0x000001a39dcfcef4 relative=0x0000000000001634
Event: 5394.286 Thread 0x000001a3b5b55800 Uncommon trap: reason=profile_predicate action=maybe_recompile pc=0x000001a39dcfcef4 method=org.gradle.api.internal.artifacts.configurations.Configurations.getNames(Ljava/util/Collection;)Lcom/google/common/collect/ImmutableSet; @ 67 c2
Event: 5394.286 Thread 0x000001a3b5b55800 DEOPT PACKING pc=0x000001a39dcfcef4 sp=0x000000696b4fac20
Event: 5394.286 Thread 0x000001a3b5b55800 DEOPT UNPACKING pc=0x000001a394da78af sp=0x000000696b4fac00 mode 2
Event: 5394.286 Thread 0x000001a3b5b55800 Uncommon trap: trap_request=0xffffffbe fr.pc=0x000001a39dcfcef4 relative=0x0000000000001634
Event: 5394.286 Thread 0x000001a3b5b55800 Uncommon trap: reason=profile_predicate action=maybe_recompile pc=0x000001a39dcfcef4 method=org.gradle.api.internal.artifacts.configurations.Configurations.getNames(Ljava/util/Collection;)Lcom/google/common/collect/ImmutableSet; @ 67 c2
Event: 5394.286 Thread 0x000001a3b5b55800 DEOPT PACKING pc=0x000001a39dcfcef4 sp=0x000000696b4fac20
Event: 5394.286 Thread 0x000001a3b5b55800 DEOPT UNPACKING pc=0x000001a394da78af sp=0x000000696b4fac00 mode 2
Event: 5394.286 Thread 0x000001a3b5b55800 Uncommon trap: trap_request=0xffffffbe fr.pc=0x000001a39dcfcef4 relative=0x0000000000001634
Event: 5394.286 Thread 0x000001a3b5b55800 Uncommon trap: reason=profile_predicate action=maybe_recompile pc=0x000001a39dcfcef4 method=org.gradle.api.internal.artifacts.configurations.Configurations.getNames(Ljava/util/Collection;)Lcom/google/common/collect/ImmutableSet; @ 67 c2
Event: 5394.286 Thread 0x000001a3b5b55800 DEOPT PACKING pc=0x000001a39dcfcef4 sp=0x000000696b4fac20
Event: 5394.286 Thread 0x000001a3b5b55800 DEOPT UNPACKING pc=0x000001a394da78af sp=0x000000696b4fac00 mode 2
Event: 5394.286 Thread 0x000001a3b5b55800 Uncommon trap: trap_request=0xffffffbe fr.pc=0x000001a39dcfcef4 relative=0x0000000000001634
Event: 5394.286 Thread 0x000001a3b5b55800 Uncommon trap: reason=profile_predicate action=maybe_recompile pc=0x000001a39dcfcef4 method=org.gradle.api.internal.artifacts.configurations.Configurations.getNames(Ljava/util/Collection;)Lcom/google/common/collect/ImmutableSet; @ 67 c2
Event: 5394.286 Thread 0x000001a3b5b55800 DEOPT PACKING pc=0x000001a39dcfcef4 sp=0x000000696b4fac20
Event: 5394.286 Thread 0x000001a3b5b55800 DEOPT UNPACKING pc=0x000001a394da78af sp=0x000000696b4fac00 mode 2
Event: 5394.392 Thread 0x000001a3b1778800 Uncommon trap: trap_request=0xffffff4d fr.pc=0x000001a39c943fd4 relative=0x00000000000000b4
Event: 5394.392 Thread 0x000001a3b1778800 Uncommon trap: reason=unstable_if action=reinterpret pc=0x000001a39c943fd4 method=java.lang.ref.SoftReference.get()Ljava/lang/Object; @ 6 c2
Event: 5394.392 Thread 0x000001a3b1778800 DEOPT PACKING pc=0x000001a39c943fd4 sp=0x000000696d5f64e0
Event: 5394.392 Thread 0x000001a3b1778800 DEOPT UNPACKING pc=0x000001a394da78af sp=0x000000696d5f6498 mode 2

Classes redefined (0 events):
No events

Internal exceptions (20 events):
Event: 5182.066 Thread 0x000001a3b5b5b800 Exception <a 'sun/nio/fs/WindowsException'{0x000000009250c128}> (0x000000009250c128) thrown at [./src/hotspot/share/prims/jni.cpp, line 615]
Event: 5182.091 Thread 0x000001a3b5b5b800 Exception <a 'sun/nio/fs/WindowsException'{0x000000009252d658}> (0x000000009252d658) thrown at [./src/hotspot/share/prims/jni.cpp, line 615]
Event: 5182.097 Thread 0x000001a3b5b5b800 Exception <a 'sun/nio/fs/WindowsException'{0x00000000922ecfa8}> (0x00000000922ecfa8) thrown at [./src/hotspot/share/prims/jni.cpp, line 615]
Event: 5182.107 Thread 0x000001a3b5b53000 Exception <a 'sun/nio/fs/WindowsException'{0x000000009214d160}> (0x000000009214d160) thrown at [./src/hotspot/share/prims/jni.cpp, line 615]
Event: 5182.119 Thread 0x000001a3b5b59800 Exception <a 'sun/nio/fs/WindowsException'{0x00000000936424c8}> (0x00000000936424c8) thrown at [./src/hotspot/share/prims/jni.cpp, line 615]
Event: 5182.129 Thread 0x000001a3b5b59800 Exception <a 'sun/nio/fs/WindowsException'{0x0000000091ea50d8}> (0x0000000091ea50d8) thrown at [./src/hotspot/share/prims/jni.cpp, line 615]
Event: 5182.167 Thread 0x000001a3b5b57000 Exception <a 'sun/nio/fs/WindowsException'{0x0000000091d5a218}> (0x0000000091d5a218) thrown at [./src/hotspot/share/prims/jni.cpp, line 615]
Event: 5182.167 Thread 0x000001a3b5b57000 Exception <a 'sun/nio/fs/WindowsException'{0x0000000091d5b880}> (0x0000000091d5b880) thrown at [./src/hotspot/share/prims/jni.cpp, line 615]
Event: 5182.184 Thread 0x000001a3b5b53000 Exception <a 'sun/nio/fs/WindowsException'{0x0000000091dfeef0}> (0x0000000091dfeef0) thrown at [./src/hotspot/share/prims/jni.cpp, line 615]
Event: 5182.184 Thread 0x000001a3b5b53000 Exception <a 'sun/nio/fs/WindowsException'{0x0000000091dfef70}> (0x0000000091dfef70) thrown at [./src/hotspot/share/prims/jni.cpp, line 615]
Event: 5394.236 Thread 0x000001a3b5b55800 Exception <a 'sun/nio/fs/WindowsException'{0x00000000903a0af0}> (0x00000000903a0af0) thrown at [./src/hotspot/share/prims/jni.cpp, line 615]
Event: 5394.263 Thread 0x000001a3b5b55800 Exception <a 'java/lang/NoClassDefFoundError'{0x000000008fc49c30}: org/jetbrains/kotlin/gradle/plugin/KotlinBasePluginWrapper> (0x000000008fc49c30) thrown at [./src/hotspot/share/oops/constantPool.cpp, line 775]
Event: 5394.270 Thread 0x000001a3b5b55800 Exception <a 'sun/nio/fs/WindowsException'{0x000000008f807458}> (0x000000008f807458) thrown at [./src/hotspot/share/prims/jni.cpp, line 615]
Event: 5394.278 Thread 0x000001a3b5b55800 Exception <a 'sun/nio/fs/WindowsException'{0x000000008f8a7f50}> (0x000000008f8a7f50) thrown at [./src/hotspot/share/prims/jni.cpp, line 615]
Event: 5394.278 Thread 0x000001a3b5b55800 Exception <a 'sun/nio/fs/WindowsException'{0x000000008f8a8ee8}> (0x000000008f8a8ee8) thrown at [./src/hotspot/share/prims/jni.cpp, line 615]
Event: 5394.278 Thread 0x000001a3b5b55800 Exception <a 'sun/nio/fs/WindowsException'{0x000000008f8a9ed0}> (0x000000008f8a9ed0) thrown at [./src/hotspot/share/prims/jni.cpp, line 615]
Event: 5394.278 Thread 0x000001a3b5b55800 Exception <a 'sun/nio/fs/WindowsException'{0x000000008f8aaeb8}> (0x000000008f8aaeb8) thrown at [./src/hotspot/share/prims/jni.cpp, line 615]
Event: 5394.527 Thread 0x000001a3b1778800 Exception <a 'sun/nio/fs/WindowsException'{0x000000008b9eeb60}> (0x000000008b9eeb60) thrown at [./src/hotspot/share/prims/jni.cpp, line 615]
Event: 5394.536 Thread 0x000001a3b1778800 Exception <a 'sun/nio/fs/WindowsException'{0x000000008b735620}> (0x000000008b735620) thrown at [./src/hotspot/share/prims/jni.cpp, line 615]
Event: 5394.536 Thread 0x000001a3b1778800 Exception <a 'sun/nio/fs/WindowsException'{0x000000008b735728}> (0x000000008b735728) thrown at [./src/hotspot/share/prims/jni.cpp, line 615]

Events (20 events):
Event: 5394.394 Executing VM operation: RevokeBias
Event: 5394.394 Executing VM operation: RevokeBias done
Event: 5394.394 Executing VM operation: RevokeBias
Event: 5394.394 Executing VM operation: RevokeBias done
Event: 5394.394 Executing VM operation: RevokeBias
Event: 5394.394 Executing VM operation: RevokeBias done
Event: 5394.394 Executing VM operation: RevokeBias
Event: 5394.395 Executing VM operation: RevokeBias done
Event: 5394.395 Executing VM operation: RevokeBias
Event: 5394.395 Executing VM operation: RevokeBias done
Event: 5394.395 Executing VM operation: RevokeBias
Event: 5394.395 Executing VM operation: RevokeBias done
Event: 5394.395 Executing VM operation: RevokeBias
Event: 5394.395 Executing VM operation: RevokeBias done
Event: 5394.395 Executing VM operation: BulkRevokeBias
Event: 5394.396 Executing VM operation: BulkRevokeBias done
Event: 5394.409 Executing VM operation: RevokeBias
Event: 5394.410 Executing VM operation: RevokeBias done
Event: 5394.424 Thread 0x000001a3b1780800 Thread added: 0x000001a3b1780800
Event: 5394.539 Executing VM operation: G1CollectForAllocation


Dynamic libraries:
0x00007ff70cbf0000 - 0x00007ff70cbfa000 	C:\Program Files\Android\Android Studio1\jre\bin\java.exe
0x00007ffdca490000 - 0x00007ffdca685000 	C:\WINDOWS\SYSTEM32\ntdll.dll
0x00007ffd9e560000 - 0x00007ffd9e576000 	C:\Program Files\Avast Software\Avast\aswhook.dll
0x00007ffdc86a0000 - 0x00007ffdc875e000 	C:\WINDOWS\System32\KERNEL32.DLL
0x00007ffdc7e10000 - 0x00007ffdc80d8000 	C:\WINDOWS\System32\KERNELBASE.dll
0x00007ffdc7cc0000 - 0x00007ffdc7dc0000 	C:\WINDOWS\System32\ucrtbase.dll
0x00007ffdb60b0000 - 0x00007ffdb60c7000 	C:\Program Files\Android\Android Studio1\jre\bin\VCRUNTIME140.dll
0x00007ffdb6040000 - 0x00007ffdb6059000 	C:\Program Files\Android\Android Studio1\jre\bin\jli.dll
0x00007ffdc9480000 - 0x00007ffdc9621000 	C:\WINDOWS\System32\USER32.dll
0x00007ffdc8320000 - 0x00007ffdc8342000 	C:\WINDOWS\System32\win32u.dll
0x00007ffdb38c0000 - 0x00007ffdb3b5a000 	C:\WINDOWS\WinSxS\amd64_microsoft.windows.common-controls_6595b64144ccf1df_6.0.19041.1110_none_60b5254171f9507e\COMCTL32.dll
0x00007ffdc8670000 - 0x00007ffdc869b000 	C:\WINDOWS\System32\GDI32.dll
0x00007ffdc84e0000 - 0x00007ffdc857e000 	C:\WINDOWS\System32\msvcrt.dll
0x00007ffdc7bb0000 - 0x00007ffdc7cbb000 	C:\WINDOWS\System32\gdi32full.dll
0x00007ffdc8350000 - 0x00007ffdc83ed000 	C:\WINDOWS\System32\msvcp_win.dll
0x00007ffdca2e0000 - 0x00007ffdca310000 	C:\WINDOWS\System32\IMM32.DLL
0x00007ffd9cfa0000 - 0x00007ffd9d03d000 	C:\Program Files\Android\Android Studio1\jre\bin\msvcp140.dll
0x00007ffd69010000 - 0x00007ffd69adf000 	C:\Program Files\Android\Android Studio1\jre\bin\server\jvm.dll
0x00007ffdca3a0000 - 0x00007ffdca44c000 	C:\WINDOWS\System32\ADVAPI32.dll
0x00007ffdc8b40000 - 0x00007ffdc8bdb000 	C:\WINDOWS\System32\sechost.dll
0x00007ffdca0c0000 - 0x00007ffdca1ea000 	C:\WINDOWS\System32\RPCRT4.dll
0x00007ffdca270000 - 0x00007ffdca278000 	C:\WINDOWS\System32\PSAPI.DLL
0x00007ffdbf300000 - 0x00007ffdbf327000 	C:\WINDOWS\SYSTEM32\WINMM.dll
0x00007ffdb3220000 - 0x00007ffdb3229000 	C:\WINDOWS\SYSTEM32\WSOCK32.dll
0x00007ffdc0dd0000 - 0x00007ffdc0dda000 	C:\WINDOWS\SYSTEM32\VERSION.dll
0x00007ffdca200000 - 0x00007ffdca26b000 	C:\WINDOWS\System32\ws2_32.DLL
0x00007ffdc5a90000 - 0x00007ffdc5aa2000 	C:\WINDOWS\SYSTEM32\kernel.appcore.dll
0x00007ffdc3030000 - 0x00007ffdc3041000 	C:\Program Files\Android\Android Studio1\jre\bin\verify.dll
0x00007ffdbd5a0000 - 0x00007ffdbd784000 	C:\WINDOWS\SYSTEM32\DBGHELP.DLL
0x00007ffdbd570000 - 0x00007ffdbd59c000 	C:\WINDOWS\SYSTEM32\dbgcore.DLL
0x00007ffdc8450000 - 0x00007ffdc84d3000 	C:\WINDOWS\System32\bcryptPrimitives.dll
0x00007ffdc0f30000 - 0x00007ffdc0f59000 	C:\Program Files\Android\Android Studio1\jre\bin\java.dll
0x00007ffdc3870000 - 0x00007ffdc387b000 	C:\Program Files\Android\Android Studio1\jre\bin\jimage.dll
0x00007ffdb9630000 - 0x00007ffdb9648000 	C:\Program Files\Android\Android Studio1\jre\bin\zip.dll
0x00007ffdc9830000 - 0x00007ffdc9f6f000 	C:\WINDOWS\System32\SHELL32.dll
0x00007ffdc5c90000 - 0x00007ffdc6420000 	C:\WINDOWS\SYSTEM32\windows.storage.dll
0x00007ffdc9120000 - 0x00007ffdc9475000 	C:\WINDOWS\System32\combase.dll
0x00007ffdc7520000 - 0x00007ffdc754e000 	C:\WINDOWS\SYSTEM32\Wldp.dll
0x00007ffdca010000 - 0x00007ffdca0bd000 	C:\WINDOWS\System32\SHCORE.dll
0x00007ffdca280000 - 0x00007ffdca2d5000 	C:\WINDOWS\System32\shlwapi.dll
0x00007ffdc7af0000 - 0x00007ffdc7b0f000 	C:\WINDOWS\SYSTEM32\profapi.dll
0x00007ffdb9610000 - 0x00007ffdb962a000 	C:\Program Files\Android\Android Studio1\jre\bin\net.dll
0x00007ffdc0160000 - 0x00007ffdc026c000 	C:\WINDOWS\SYSTEM32\WINHTTP.dll
0x00007ffdc7300000 - 0x00007ffdc736a000 	C:\WINDOWS\system32\mswsock.dll
0x00007ffdb95f0000 - 0x00007ffdb9604000 	C:\Program Files\Android\Android Studio1\jre\bin\nio.dll
0x00007ffdb7210000 - 0x00007ffdb7237000 	C:\Users\Bane\.gradle\native\8bec1ad78214c89d9ad589b4d07fe93259594b29d510b10fafb7a158f7737e5d\windows-amd64\native-platform.dll
0x00007ffd6be30000 - 0x00007ffd6bf6d000 	C:\Users\Bane\.gradle\native\53dbd7edfb1c66fb8903c78663c9afc45aea4f116125fa6feffd364cf09443e8\windows-amd64\native-platform-file-events.dll
0x00007ffdc1d20000 - 0x00007ffdc1d2a000 	C:\Program Files\Android\Android Studio1\jre\bin\management.dll
0x00007ffdc0f20000 - 0x00007ffdc0f2c000 	C:\Program Files\Android\Android Studio1\jre\bin\management_ext.dll
0x00007ffdc7860000 - 0x00007ffdc7878000 	C:\WINDOWS\SYSTEM32\CRYPTSP.dll
0x00007ffdc6c30000 - 0x00007ffdc6c64000 	C:\WINDOWS\system32\rsaenh.dll
0x00007ffdc80e0000 - 0x00007ffdc8107000 	C:\WINDOWS\System32\bcrypt.dll
0x00007ffdc7a70000 - 0x00007ffdc7a9e000 	C:\WINDOWS\SYSTEM32\USERENV.dll
0x00007ffdc7490000 - 0x00007ffdc749c000 	C:\WINDOWS\SYSTEM32\CRYPTBASE.dll
0x00007ffdc6fc0000 - 0x00007ffdc6ffb000 	C:\WINDOWS\SYSTEM32\IPHLPAPI.DLL
0x00007ffdca1f0000 - 0x00007ffdca1f8000 	C:\WINDOWS\System32\NSI.dll
0x00007ffdc12f0000 - 0x00007ffdc1307000 	C:\WINDOWS\SYSTEM32\dhcpcsvc6.DLL
0x00007ffdc1280000 - 0x00007ffdc129d000 	C:\WINDOWS\SYSTEM32\dhcpcsvc.DLL
0x00007ffdc7010000 - 0x00007ffdc70db000 	C:\WINDOWS\SYSTEM32\DNSAPI.dll

dbghelp: loaded successfully - version: 4.0.5 - missing functions: none
symbol engine: initialized successfully - sym options: 0x614 - pdb path: .;C:\Program Files\Android\Android Studio1\jre\bin;C:\WINDOWS\SYSTEM32;C:\Program Files\Avast Software\Avast;C:\WINDOWS\WinSxS\amd64_microsoft.windows.common-controls_6595b64144ccf1df_6.0.19041.1110_none_60b5254171f9507e;C:\Program Files\Android\Android Studio1\jre\bin\server;C:\Users\Bane\.gradle\native\8bec1ad78214c89d9ad589b4d07fe93259594b29d510b10fafb7a158f7737e5d\windows-amd64;C:\Users\Bane\.gradle\native\53dbd7edfb1c66fb8903c78663c9afc45aea4f116125fa6feffd364cf09443e8\windows-amd64

VM Arguments:
jvm_args: --add-opens=java.base/java.util=ALL-UNNAMED --add-opens=java.base/java.lang=ALL-UNNAMED --add-opens=java.base/java.lang.invoke=ALL-UNNAMED --add-opens=java.base/java.util=ALL-UNNAMED --add-opens=java.prefs/java.util.prefs=ALL-UNNAMED --add-opens=java.prefs/java.util.prefs=ALL-UNNAMED --add-opens=java.base/java.nio.charset=ALL-UNNAMED --add-opens=java.base/java.net=ALL-UNNAMED --add-opens=java.base/java.util.concurrent.atomic=ALL-UNNAMED -Xmx2048m -Dfile.encoding=UTF-8 -Duser.country=US -Duser.language=en -Duser.variant 
java_command: org.gradle.launcher.daemon.bootstrap.GradleDaemon 7.0.2
java_class_path (initial): C:\Users\Bane\.gradle\wrapper\dists\gradle-7.0.2-bin\857tjihv64xamwrf0h14cai3r\gradle-7.0.2\lib\gradle-launcher-7.0.2.jar
Launcher Type: SUN_STANDARD

[Global flags]
     intx CICompilerCount                          = 3                                         {product} {ergonomic}
     uint ConcGCThreads                            = 1                                         {product} {ergonomic}
     uint G1ConcRefinementThreads                  = 4                                         {product} {ergonomic}
   size_t G1HeapRegionSize                         = 1048576                                   {product} {ergonomic}
    uintx GCDrainStackTargetSize                   = 64                                        {product} {ergonomic}
   size_t InitialHeapSize                          = 134217728                                 {product} {ergonomic}
   size_t MarkStackSize                            = 4194304                                   {product} {ergonomic}
   size_t MaxHeapSize                              = 2147483648                                {product} {command line}
   size_t MaxNewSize                               = 1287651328                                {product} {ergonomic}
   size_t MinHeapDeltaBytes                        = 1048576                                   {product} {ergonomic}
    uintx NonNMethodCodeHeapSize                   = 5830732                                {pd product} {ergonomic}
    uintx NonProfiledCodeHeapSize                  = 122913754                              {pd product} {ergonomic}
    uintx ProfiledCodeHeapSize                     = 122913754                              {pd product} {ergonomic}
    uintx ReservedCodeCacheSize                    = 251658240                              {pd product} {ergonomic}
     bool SegmentedCodeCache                       = true                                      {product} {ergonomic}
     bool UseCompressedClassPointers               = true                                 {lp64_product} {ergonomic}
     bool UseCompressedOops                        = true                                 {lp64_product} {ergonomic}
     bool UseG1GC                                  = true                                      {product} {ergonomic}
     bool UseLargePagesIndividualAllocation        = false                                  {pd product} {ergonomic}

Logging:
Log output configuration:
 #0: stdout all=warning uptime,level,tags
 #1: stderr all=off uptime,level,tags

Environment Variables:
JAVA_HOME=D:\Program Files\Java\jdk-17
PATH=D:\Program Files\Python37\Scripts\;D:\Program Files\Python37\;C:\Program Files (x86)\Common Files\Oracle\Java\javapath;C:\Windows\system32;C:\Windows;C:\Windows\System32\Wbem;C:\Windows\System32\WindowsPowerShell\v1.0\;C:\Windows\System32\OpenSSH\;C:\Program Files\NVIDIA Corporation\NVIDIA NvDLISR;C:\Program Files (x86)\NVIDIA Corporation\PhysX\Common;C:\Program Files (x86)\Windows Kits\10\Windows Performance Toolkit\;C:\WINDOWS\system32;C:\WINDOWS;C:\WINDOWS\System32\Wbem;C:\WINDOWS\System32\WindowsPowerShell\v1.0\;C:\WINDOWS\System32\OpenSSH\;D:\Program Files\Java\jdk-17\bin;D:\Program Files\Git\cmd;C:\Users\Bane\AppData\Local\Microsoft\WindowsApps;C:\Users\Bane\AppData\Local\GitHubDesktop\bin;;C:\Users\Bane\AppData\Local\Programs\Microsoft VS Code\bin
USERNAME=Bane
OS=Windows_NT
PROCESSOR_IDENTIFIER=AMD64 Family 23 Model 8 Stepping 2, AuthenticAMD



---------------  S Y S T E M  ---------------

OS: Windows 10 , 64 bit Build 19041 (10.0.19041.1348)
OS uptime: 8 days 1:20 hours
Hyper-V role detected

CPU:total 4 (initial active 4) (4 cores per cpu, 1 threads per core) family 23 model 8 stepping 2 microcode 0x0, cmov, cx8, fxsr, mmx, sse, sse2, sse3, ssse3, sse4.1, sse4.2, popcnt, avx, avx2, aes, clmul, mmxext, 3dnowpref, lzcnt, sse4a, tsc, tscinvbit, tscinv, bmi1, bmi2, adx, sha, f

Memory: 4k page, system-wide physical 8143M (822M free)
TotalPageFile size 12239M (AvailPageFile size 474M)
current process WorkingSet (physical memory assigned to process): 536M, peak: 665M
current process commit charge ("private bytes"): 736M, peak: 1358M

vm_info: OpenJDK 64-Bit Server VM (11.0.10+0-b96-7249189) for windows-amd64 JRE (11.0.10+0-b96-7249189), built on Mar 31 2021 21:44:00 by "builder" with MS VC++ 14.0 (VS2015)

END.
