#
# There is insufficient memory for the Java Runtime Environment to continue.
# Native memory allocation (malloc) failed to allocate 1487696 bytes for Chunk::new
# Possible reasons:
#   The system is out of physical RAM or swap space
#   The process is running with CompressedOops enabled, and the Java Heap may be blocking the growth of the native heap
# Possible solutions:
#   Reduce memory load on the system
#   Increase physical memory or swap space
#   Check if swap backing store is full
#   Decrease Java heap size (-Xmx/-Xms)
#   Decrease number of Java threads
#   Decrease Java thread stack sizes (-Xss)
#   Set larger code cache with -XX:ReservedCodeCacheSize=
#   JVM is running with Unscaled Compressed Oops mode in which the Java heap is
#     placed in the first 4GB address space. The Java Heap base address is the
#     maximum limit for the native heap growth. Please use -XX:HeapBaseMinAddress
#     to set the Java Heap base and to place the Java Heap above 4GB virtual address.
# This output file may be truncated or incomplete.
#
#  Out of Memory Error (./src/hotspot/share/memory/arena.cpp:197), pid=18836, tid=13352
#
# JRE version: OpenJDK Runtime Environment (11.0.10) (build 11.0.10+0-b96-7249189)
# Java VM: OpenJDK 64-Bit Server VM (11.0.10+0-b96-7249189, mixed mode, tiered, compressed oops, g1 gc, windows-amd64)
# No core dump will be written. Minidumps are not enabled by default on client versions of Windows
#

---------------  S U M M A R Y ------------

Command Line: --add-opens=java.base/java.util=ALL-UNNAMED --add-opens=java.base/java.lang=ALL-UNNAMED --add-opens=java.base/java.lang.invoke=ALL-UNNAMED --add-opens=java.base/java.util=ALL-UNNAMED --add-opens=java.prefs/java.util.prefs=ALL-UNNAMED --add-opens=java.prefs/java.util.prefs=ALL-UNNAMED --add-opens=java.base/java.nio.charset=ALL-UNNAMED --add-opens=java.base/java.net=ALL-UNNAMED --add-opens=java.base/java.util.concurrent.atomic=ALL-UNNAMED -Xmx2048m -Dfile.encoding=UTF-8 -Duser.country=US -Duser.language=en -Duser.variant org.gradle.launcher.daemon.bootstrap.GradleDaemon 7.0.2

Host: AMD Ryzen 3 2300X Quad-Core Processor          , 4 cores, 7G,  Windows 10 , 64 bit Build 19041 (10.0.19041.1348)
Time: Thu Dec 16 15:26:10 2021 Central Europe Standard Time elapsed time: 14.879207 seconds (0d 0h 0m 14s)

---------------  T H R E A D  ---------------

Current thread (0x000002647cfb8800):  JavaThread "C2 CompilerThread1" daemon [_thread_in_native, id=13352, stack(0x0000009c8e800000,0x0000009c8e900000)]


Current CompileTask:
C2:  14879 13517       4       com.android.tools.r8.internal.Me::a (1137 bytes)

Stack: [0x0000009c8e800000,0x0000009c8e900000]
Native frames: (J=compiled Java code, j=interpreted, Vv=VM code, C=native code)
V  [jvm.dll+0x5ecfaa]
V  [jvm.dll+0x722bd5]
V  [jvm.dll+0x72412d]
V  [jvm.dll+0x7247e3]
V  [jvm.dll+0x242928]
V  [jvm.dll+0xbc4fc]
V  [jvm.dll+0xbca0c]
V  [jvm.dll+0x352d7d]
V  [jvm.dll+0x320ad3]
V  [jvm.dll+0x31ffca]
V  [jvm.dll+0x1fb602]
V  [jvm.dll+0x1fa7f4]
V  [jvm.dll+0x18354c]
V  [jvm.dll+0x208ee7]
V  [jvm.dll+0x207731]
V  [jvm.dll+0x6eb1cf]
V  [jvm.dll+0x6e3d45]
V  [jvm.dll+0x5ebe96]
C  [ucrtbase.dll+0x21bb2]
C  [KERNEL32.DLL+0x17034]
C  [ntdll.dll+0x52651]


---------------  P R O C E S S  ---------------

Threads class SMR info:
_java_thread_list=0x00000264137e75c0, length=55, elements={
0x0000026471792800, 0x000002647c36a800, 0x000002647c36c000, 0x000002647c381000,
0x000002647c382800, 0x000002647c384000, 0x000002647c38a000, 0x000002647c397000,
0x000002647c3ae000, 0x000002647ce40800, 0x000002647cfb8800, 0x000002647e829800,
0x000002647d639800, 0x000002647e34d800, 0x000002647d7e2000, 0x000002647d7e2800,
0x000002647ec4b000, 0x000002647dda8000, 0x000002647edd3800, 0x000002647f147000,
0x000002647edcd000, 0x000002647edd0000, 0x000002647edcc000, 0x000002647edcd800,
0x000002647edcb800, 0x000002647edce800, 0x000002647edcf800, 0x000002647edd1000,
0x000002647edd2000, 0x000002641036d000, 0x000002641036a000, 0x000002641036e000,
0x000002641036b800, 0x0000026410369000, 0x0000026410374800, 0x000002641036f800,
0x000002641036f000, 0x0000026410375800, 0x0000026410376000, 0x0000026410373800,
0x0000026410371000, 0x0000026410370800, 0x0000026410373000, 0x00000264137f9800,
0x00000264137f5800, 0x00000264137f7000, 0x00000264137fa800, 0x00000264137fb000,
0x00000264137f8000, 0x00000264137fc000, 0x00000264137fd800, 0x0000026413801800,
0x00000264137fe800, 0x0000026413800000, 0x0000026413802800
}

Java Threads: ( => current thread )
  0x0000026471792800 JavaThread "main" [_thread_blocked, id=11012, stack(0x0000009c8d700000,0x0000009c8d800000)]
  0x000002647c36a800 JavaThread "Reference Handler" daemon [_thread_blocked, id=1840, stack(0x0000009c8de00000,0x0000009c8df00000)]
  0x000002647c36c000 JavaThread "Finalizer" daemon [_thread_blocked, id=4780, stack(0x0000009c8df00000,0x0000009c8e000000)]
  0x000002647c381000 JavaThread "Signal Dispatcher" daemon [_thread_blocked, id=19060, stack(0x0000009c8e000000,0x0000009c8e100000)]
  0x000002647c382800 JavaThread "Attach Listener" daemon [_thread_blocked, id=12700, stack(0x0000009c8e100000,0x0000009c8e200000)]
  0x000002647c384000 JavaThread "Service Thread" daemon [_thread_blocked, id=19944, stack(0x0000009c8e200000,0x0000009c8e300000)]
  0x000002647c38a000 JavaThread "C2 CompilerThread0" daemon [_thread_in_native, id=20024, stack(0x0000009c8e300000,0x0000009c8e400000)]
  0x000002647c397000 JavaThread "C1 CompilerThread0" daemon [_thread_in_native, id=9344, stack(0x0000009c8e400000,0x0000009c8e500000)]
  0x000002647c3ae000 JavaThread "Sweeper thread" daemon [_thread_blocked, id=15472, stack(0x0000009c8e500000,0x0000009c8e600000)]
  0x000002647ce40800 JavaThread "Common-Cleaner" daemon [_thread_blocked, id=16724, stack(0x0000009c8e600000,0x0000009c8e700000)]
=>0x000002647cfb8800 JavaThread "C2 CompilerThread1" daemon [_thread_in_native, id=13352, stack(0x0000009c8e800000,0x0000009c8e900000)]
  0x000002647e829800 JavaThread "Daemon health stats" [_thread_blocked, id=16312, stack(0x0000009c8eb00000,0x0000009c8ec00000)]
  0x000002647d639800 JavaThread "Incoming local TCP Connector on port 52803" [_thread_in_native, id=2400, stack(0x0000009c8ec00000,0x0000009c8ed00000)]
  0x000002647e34d800 JavaThread "Daemon periodic checks" [_thread_blocked, id=13116, stack(0x0000009c8ed00000,0x0000009c8ee00000)]
  0x000002647d7e2000 JavaThread "Daemon" [_thread_blocked, id=13724, stack(0x0000009c8ee00000,0x0000009c8ef00000)]
  0x000002647d7e2800 JavaThread "Handler for socket connection from /127.0.0.1:52803 to /127.0.0.1:52804" [_thread_in_native, id=18588, stack(0x0000009c8ef00000,0x0000009c8f000000)]
  0x000002647ec4b000 JavaThread "Cancel handler" [_thread_blocked, id=4760, stack(0x0000009c8f000000,0x0000009c8f100000)]
  0x000002647dda8000 JavaThread "Daemon worker" [_thread_blocked, id=14072, stack(0x0000009c8f100000,0x0000009c8f200000)]
  0x000002647edd3800 JavaThread "Asynchronous log dispatcher for DefaultDaemonConnection: socket connection from /127.0.0.1:52803 to /127.0.0.1:52804" [_thread_blocked, id=5404, stack(0x0000009c8f200000,0x0000009c8f300000)]
  0x000002647f147000 JavaThread "Stdin handler" [_thread_blocked, id=19584, stack(0x0000009c8f300000,0x0000009c8f400000)]
  0x000002647edcd000 JavaThread "Daemon client event forwarder" [_thread_blocked, id=20364, stack(0x0000009c8f400000,0x0000009c8f500000)]
  0x000002647edd0000 JavaThread "Cache worker for file hash cache (C:\Users\Bane\.gradle\caches\7.0.2\fileHashes)" [_thread_blocked, id=19424, stack(0x0000009c8f500000,0x0000009c8f600000)]
  0x000002647edcc000 JavaThread "File lock request listener" [_thread_in_native, id=15056, stack(0x0000009c8f600000,0x0000009c8f700000)]
  0x000002647edcd800 JavaThread "Cache worker for journal cache (C:\Users\Bane\.gradle\caches\journal-1)" [_thread_blocked, id=2008, stack(0x0000009c8f800000,0x0000009c8f900000)]
  0x000002647edcb800 JavaThread "Cache worker for file hash cache (C:\Users\Bane\Desktop\Faks\ANDROID_PROJEKAT\.gradle\7.0.2\fileHashes)" [_thread_blocked, id=17628, stack(0x0000009c8f900000,0x0000009c8fa00000)]
  0x000002647edce800 JavaThread "File watcher server" daemon [_thread_in_native, id=16336, stack(0x0000009c8fa00000,0x0000009c8fb00000)]
  0x000002647edcf800 JavaThread "File watcher consumer" daemon [_thread_blocked, id=1956, stack(0x0000009c8fb00000,0x0000009c8fc00000)]
  0x000002647edd1000 JavaThread "Cache worker for checksums cache (C:\Users\Bane\Desktop\Faks\ANDROID_PROJEKAT\.gradle\checksums)" [_thread_blocked, id=1056, stack(0x0000009c8fc00000,0x0000009c8fd00000)]
  0x000002647edd2000 JavaThread "Cache worker for cache directory md-supplier (C:\Users\Bane\.gradle\caches\7.0.2\md-supplier)" [_thread_blocked, id=5496, stack(0x0000009c8fd00000,0x0000009c8fe00000)]
  0x000002641036d000 JavaThread "Cache worker for cache directory md-rule (C:\Users\Bane\.gradle\caches\7.0.2\md-rule)" [_thread_blocked, id=19792, stack(0x0000009c8fe00000,0x0000009c8ff00000)]
  0x000002641036a000 JavaThread "Cache worker for execution history cache (C:\Users\Bane\.gradle\caches\7.0.2\executionHistory)" [_thread_blocked, id=11756, stack(0x0000009c8ff00000,0x0000009c90000000)]
  0x000002641036e000 JavaThread "jar transforms" [_thread_blocked, id=11008, stack(0x0000009c90000000,0x0000009c90100000)]
  0x000002641036b800 JavaThread "jar transforms Thread 2" [_thread_blocked, id=6024, stack(0x0000009c90100000,0x0000009c90200000)]
  0x0000026410369000 JavaThread "Cache worker for file content cache (C:\Users\Bane\.gradle\caches\7.0.2\fileContent)" [_thread_blocked, id=19712, stack(0x0000009c90200000,0x0000009c90300000)]
  0x0000026410374800 JavaThread "Cache worker for dependencies-accessors (C:\Users\Bane\Desktop\Faks\ANDROID_PROJEKAT\.gradle\7.0.2\dependencies-accessors)" [_thread_blocked, id=6864, stack(0x0000009c90300000,0x0000009c90400000)]
  0x000002641036f800 JavaThread "jar transforms Thread 3" [_thread_blocked, id=11776, stack(0x0000009c90400000,0x0000009c90500000)]
  0x000002641036f000 JavaThread "Cache worker for Build Output Cleanup Cache (C:\Users\Bane\Desktop\Faks\ANDROID_PROJEKAT\.gradle\buildOutputCleanup)" [_thread_blocked, id=16412, stack(0x0000009c90500000,0x0000009c90600000)]
  0x0000026410375800 JavaThread "Build operations" [_thread_blocked, id=8676, stack(0x0000009c90600000,0x0000009c90700000)]
  0x0000026410376000 JavaThread "Build operations Thread 2" [_thread_blocked, id=5808, stack(0x0000009c90700000,0x0000009c90800000)]
  0x0000026410373800 JavaThread "Build operations Thread 3" [_thread_blocked, id=12032, stack(0x0000009c90800000,0x0000009c90900000)]
  0x0000026410371000 JavaThread "Build operations Thread 4" [_thread_blocked, id=8208, stack(0x0000009c90900000,0x0000009c90a00000)]
  0x0000026410370800 JavaThread "jar transforms Thread 4" [_thread_blocked, id=240, stack(0x0000009c90a00000,0x0000009c90b00000)]
  0x0000026410373000 JavaThread "Memory manager" [_thread_blocked, id=19472, stack(0x0000009c90b00000,0x0000009c90c00000)]
  0x00000264137f9800 JavaThread "build event listener" [_thread_blocked, id=16052, stack(0x0000009c90c00000,0x0000009c90d00000)]
  0x00000264137f5800 JavaThread "Execution worker for ':'" [_thread_blocked, id=16772, stack(0x0000009c90d00000,0x0000009c90e00000)]
  0x00000264137f7000 JavaThread "Execution worker for ':' Thread 2" [_thread_blocked, id=19504, stack(0x0000009c90e00000,0x0000009c90f00000)]
  0x00000264137fa800 JavaThread "Execution worker for ':' Thread 3" [_thread_blocked, id=10872, stack(0x0000009c90f00000,0x0000009c91000000)]
  0x00000264137fb000 JavaThread "Cache worker for execution history cache (C:\Users\Bane\Desktop\Faks\ANDROID_PROJEKAT\.gradle\7.0.2\executionHistory)" [_thread_blocked, id=7884, stack(0x0000009c91000000,0x0000009c91100000)]
  0x00000264137f8000 JavaThread "Cache worker for Java compile cache (C:\Users\Bane\.gradle\caches\7.0.2\javaCompile)" [_thread_blocked, id=13364, stack(0x0000009c91100000,0x0000009c91200000)]
  0x00000264137fc000 JavaThread "Cache worker for Java compile cache (C:\Users\Bane\Desktop\Faks\ANDROID_PROJEKAT\.gradle\7.0.2\javaCompile)" [_thread_blocked, id=13372, stack(0x0000009c91200000,0x0000009c91300000)]
  0x00000264137fd800 JavaThread "WorkerExecutor Queue" [_thread_in_Java, id=17116, stack(0x0000009c91300000,0x0000009c91400000)]
  0x0000026413801800 JavaThread "WorkerExecutor Queue Thread 2" [_thread_in_Java, id=5672, stack(0x0000009c91400000,0x0000009c91500000)]
  0x00000264137fe800 JavaThread "WorkerExecutor Queue Thread 3" [_thread_in_Java, id=9080, stack(0x0000009c91500000,0x0000009c91600000)]
  0x0000026413800000 JavaThread "WorkerExecutor Queue Thread 4" [_thread_in_Java, id=5936, stack(0x0000009c91600000,0x0000009c91700000)]
  0x0000026413802800 JavaThread "WorkerExecutor Queue Thread 5" [_thread_blocked, id=11080, stack(0x0000009c91700000,0x0000009c91800000)]

Other Threads:
  0x000002647c366800 VMThread "VM Thread" [stack: 0x0000009c8dd00000,0x0000009c8de00000] [id=3148]
  0x000002647ce51000 WatcherThread [stack: 0x0000009c8e700000,0x0000009c8e800000] [id=1324]
  0x00000264717ab000 GCTaskThread "GC Thread#0" [stack: 0x0000009c8d800000,0x0000009c8d900000] [id=19308]
  0x000002647d6f8000 GCTaskThread "GC Thread#1" [stack: 0x0000009c8e900000,0x0000009c8ea00000] [id=6908]
  0x000002647d431800 GCTaskThread "GC Thread#2" [stack: 0x0000009c8ea00000,0x0000009c8eb00000] [id=7896]
  0x000002647d807000 GCTaskThread "GC Thread#3" [stack: 0x0000009c8f700000,0x0000009c8f800000] [id=6264]
  0x00000264717dc800 ConcurrentGCThread "G1 Main Marker" [stack: 0x0000009c8d900000,0x0000009c8da00000] [id=19892]
  0x00000264717de000 ConcurrentGCThread "G1 Conc#0" [stack: 0x0000009c8da00000,0x0000009c8db00000] [id=14936]
  0x000002647186d800 ConcurrentGCThread "G1 Refine#0" [stack: 0x0000009c8db00000,0x0000009c8dc00000] [id=3420]
  0x000002647c1b0800 ConcurrentGCThread "G1 Young RemSet Sampling" [stack: 0x0000009c8dc00000,0x0000009c8dd00000] [id=13984]

Threads with active compile tasks:
C2 CompilerThread0  14897 13594       4       com.android.tools.r8.internal.XC::b (682 bytes)
C1 CompilerThread0  14897 13690       2       com.android.tools.r8.ir.regalloc.a::a (3985 bytes)
C2 CompilerThread1  14897 13517       4       com.android.tools.r8.internal.Me::a (1137 bytes)

VM state:not at safepoint (normal execution)

VM Mutex/Monitor currently owned by a thread: None

Heap address: 0x0000000080000000, size: 2048 MB, Compressed Oops mode: 32-bit
Narrow klass base: 0x0000000000000000, Narrow klass shift: 3
Compressed class space size: 1073741824 Address: 0x0000000100000000

Heap:
 garbage-first heap   total 227328K, used 121603K [0x0000000080000000, 0x0000000100000000)
  region size 1024K, 35 young (35840K), 12 survivors (12288K)
 Metaspace       used 100896K, capacity 103886K, committed 104140K, reserved 1138688K
  class space    used 13100K, capacity 14224K, committed 14284K, reserved 1048576K
Heap Regions: E=young(eden), S=young(survivor), O=old, HS=humongous(starts), HC=humongous(continues), CS=collection set, F=free, A=archive, TAMS=top-at-mark-start (previous, next)
|   0|0x0000000080000000, 0x0000000080100000, 0x0000000080100000|100%| O|  |TAMS 0x0000000080100000, 0x0000000080000000| Untracked 
|   1|0x0000000080100000, 0x0000000080200000, 0x0000000080200000|100%| O|  |TAMS 0x0000000080200000, 0x0000000080100000| Untracked 
|   2|0x0000000080200000, 0x0000000080300000, 0x0000000080300000|100%| O|  |TAMS 0x0000000080300000, 0x0000000080200000| Untracked 
|   3|0x0000000080300000, 0x0000000080400000, 0x0000000080400000|100%|HS|  |TAMS 0x0000000080400000, 0x0000000080300000| Complete 
|   4|0x0000000080400000, 0x0000000080500000, 0x0000000080500000|100%|HC|  |TAMS 0x0000000080500000, 0x0000000080400000| Complete 
|   5|0x0000000080500000, 0x0000000080600000, 0x0000000080600000|100%|HC|  |TAMS 0x0000000080600000, 0x0000000080500000| Complete 
|   6|0x0000000080600000, 0x0000000080700000, 0x0000000080700000|100%| O|  |TAMS 0x0000000080700000, 0x0000000080600000| Untracked 
|   7|0x0000000080700000, 0x0000000080800000, 0x0000000080800000|100%| O|  |TAMS 0x0000000080800000, 0x0000000080700000| Untracked 
|   8|0x0000000080800000, 0x0000000080900000, 0x0000000080900000|100%| O|  |TAMS 0x0000000080900000, 0x0000000080800000| Untracked 
|   9|0x0000000080900000, 0x0000000080a00000, 0x0000000080a00000|100%| O|  |TAMS 0x0000000080a00000, 0x0000000080900000| Untracked 
|  10|0x0000000080a00000, 0x0000000080b00000, 0x0000000080b00000|100%| O|  |TAMS 0x0000000080b00000, 0x0000000080a00000| Untracked 
|  11|0x0000000080b00000, 0x0000000080c00000, 0x0000000080c00000|100%| O|  |TAMS 0x0000000080c00000, 0x0000000080b00000| Untracked 
|  12|0x0000000080c00000, 0x0000000080d00000, 0x0000000080d00000|100%| O|  |TAMS 0x0000000080d00000, 0x0000000080c00000| Untracked 
|  13|0x0000000080d00000, 0x0000000080e00000, 0x0000000080e00000|100%| O|  |TAMS 0x0000000080e00000, 0x0000000080d00000| Untracked 
|  14|0x0000000080e00000, 0x0000000080f00000, 0x0000000080f00000|100%|HS|  |TAMS 0x0000000080f00000, 0x0000000080e00000| Complete 
|  15|0x0000000080f00000, 0x0000000081000000, 0x0000000081000000|100%|HS|  |TAMS 0x0000000081000000, 0x0000000080f00000| Complete 
|  16|0x0000000081000000, 0x0000000081100000, 0x0000000081100000|100%| O|  |TAMS 0x0000000081100000, 0x0000000081000000| Untracked 
|  17|0x0000000081100000, 0x0000000081200000, 0x0000000081200000|100%| O|  |TAMS 0x0000000081200000, 0x0000000081100000| Untracked 
|  18|0x0000000081200000, 0x0000000081300000, 0x0000000081300000|100%| O|  |TAMS 0x0000000081300000, 0x0000000081200000| Untracked 
|  19|0x0000000081300000, 0x0000000081400000, 0x0000000081400000|100%| O|  |TAMS 0x0000000081400000, 0x0000000081300000| Untracked 
|  20|0x0000000081400000, 0x0000000081500000, 0x0000000081500000|100%| O|  |TAMS 0x0000000081500000, 0x0000000081400000| Untracked 
|  21|0x0000000081500000, 0x0000000081600000, 0x0000000081600000|100%| O|  |TAMS 0x0000000081600000, 0x0000000081500000| Untracked 
|  22|0x0000000081600000, 0x0000000081700000, 0x0000000081700000|100%| O|  |TAMS 0x0000000081700000, 0x0000000081600000| Untracked 
|  23|0x0000000081700000, 0x0000000081800000, 0x0000000081800000|100%| O|  |TAMS 0x0000000081800000, 0x0000000081700000| Untracked 
|  24|0x0000000081800000, 0x0000000081900000, 0x0000000081900000|100%| O|  |TAMS 0x0000000081900000, 0x0000000081800000| Untracked 
|  25|0x0000000081900000, 0x0000000081a00000, 0x0000000081a00000|100%|HS|  |TAMS 0x0000000081a00000, 0x0000000081900000| Complete 
|  26|0x0000000081a00000, 0x0000000081b00000, 0x0000000081b00000|100%|HC|  |TAMS 0x0000000081b00000, 0x0000000081a00000| Complete 
|  27|0x0000000081b00000, 0x0000000081c00000, 0x0000000081c00000|100%| O|  |TAMS 0x0000000081c00000, 0x0000000081b00000| Untracked 
|  28|0x0000000081c00000, 0x0000000081d00000, 0x0000000081d00000|100%| O|  |TAMS 0x0000000081d00000, 0x0000000081c00000| Untracked 
|  29|0x0000000081d00000, 0x0000000081e00000, 0x0000000081e00000|100%| O|  |TAMS 0x0000000081e00000, 0x0000000081d00000| Untracked 
|  30|0x0000000081e00000, 0x0000000081f00000, 0x0000000081f00000|100%| O|  |TAMS 0x0000000081f00000, 0x0000000081e00000| Untracked 
|  31|0x0000000081f00000, 0x0000000082000000, 0x0000000082000000|100%| O|  |TAMS 0x0000000082000000, 0x0000000081f00000| Untracked 
|  32|0x0000000082000000, 0x0000000082100000, 0x0000000082100000|100%| O|  |TAMS 0x0000000082100000, 0x0000000082000000| Untracked 
|  33|0x0000000082100000, 0x0000000082200000, 0x0000000082200000|100%| O|  |TAMS 0x0000000082200000, 0x0000000082100000| Untracked 
|  34|0x0000000082200000, 0x0000000082300000, 0x0000000082300000|100%| O|  |TAMS 0x0000000082300000, 0x0000000082200000| Untracked 
|  35|0x0000000082300000, 0x0000000082400000, 0x0000000082400000|100%| O|  |TAMS 0x0000000082400000, 0x0000000082300000| Untracked 
|  36|0x0000000082400000, 0x0000000082500000, 0x0000000082500000|100%| O|  |TAMS 0x0000000082500000, 0x0000000082400000| Untracked 
|  37|0x0000000082500000, 0x0000000082600000, 0x0000000082600000|100%| O|  |TAMS 0x0000000082600000, 0x0000000082500000| Untracked 
|  38|0x0000000082600000, 0x0000000082700000, 0x0000000082700000|100%| O|  |TAMS 0x0000000082600000, 0x0000000082600000| Untracked 
|  39|0x0000000082700000, 0x0000000082800000, 0x0000000082800000|100%| O|  |TAMS 0x0000000082800000, 0x0000000082700000| Untracked 
|  40|0x0000000082800000, 0x0000000082900000, 0x0000000082900000|100%| O|  |TAMS 0x0000000082900000, 0x0000000082800000| Untracked 
|  41|0x0000000082900000, 0x0000000082a00000, 0x0000000082a00000|100%| O|  |TAMS 0x0000000082a00000, 0x0000000082900000| Untracked 
|  42|0x0000000082a00000, 0x0000000082b00000, 0x0000000082b00000|100%| O|  |TAMS 0x0000000082b00000, 0x0000000082a00000| Untracked 
|  43|0x0000000082b00000, 0x0000000082c00000, 0x0000000082c00000|100%| O|  |TAMS 0x0000000082c00000, 0x0000000082b00000| Untracked 
|  44|0x0000000082c00000, 0x0000000082d00000, 0x0000000082d00000|100%| O|  |TAMS 0x0000000082d00000, 0x0000000082c00000| Untracked 
|  45|0x0000000082d00000, 0x0000000082e00000, 0x0000000082e00000|100%| O|  |TAMS 0x0000000082d00000, 0x0000000082d00000| Untracked 
|  46|0x0000000082e00000, 0x0000000082f00000, 0x0000000082f00000|100%| O|  |TAMS 0x0000000082e00000, 0x0000000082e00000| Untracked 
|  47|0x0000000082f00000, 0x0000000083000000, 0x0000000083000000|100%| O|  |TAMS 0x0000000082f00000, 0x0000000082f00000| Untracked 
|  48|0x0000000083000000, 0x0000000083100000, 0x0000000083100000|100%| O|  |TAMS 0x0000000083000000, 0x0000000083000000| Untracked 
|  49|0x0000000083100000, 0x0000000083200000, 0x0000000083200000|100%| O|  |TAMS 0x0000000083100000, 0x0000000083100000| Untracked 
|  50|0x0000000083200000, 0x0000000083300000, 0x0000000083300000|100%| O|  |TAMS 0x0000000083200000, 0x0000000083200000| Untracked 
|  51|0x0000000083300000, 0x0000000083400000, 0x0000000083400000|100%| O|  |TAMS 0x0000000083300000, 0x0000000083300000| Untracked 
|  52|0x0000000083400000, 0x0000000083500000, 0x0000000083500000|100%| O|  |TAMS 0x0000000083400000, 0x0000000083400000| Untracked 
|  53|0x0000000083500000, 0x0000000083600000, 0x0000000083600000|100%| O|  |TAMS 0x0000000083500000, 0x0000000083500000| Untracked 
|  54|0x0000000083600000, 0x0000000083700000, 0x0000000083700000|100%| O|  |TAMS 0x0000000083600000, 0x0000000083600000| Untracked 
|  55|0x0000000083700000, 0x0000000083800000, 0x0000000083800000|100%| O|  |TAMS 0x0000000083700000, 0x0000000083700000| Untracked 
|  56|0x0000000083800000, 0x0000000083900000, 0x0000000083900000|100%| O|  |TAMS 0x0000000083800000, 0x0000000083800000| Untracked 
|  57|0x0000000083900000, 0x0000000083a00000, 0x0000000083a00000|100%| O|  |TAMS 0x0000000083900000, 0x0000000083900000| Untracked 
|  58|0x0000000083a00000, 0x0000000083b00000, 0x0000000083b00000|100%| O|  |TAMS 0x0000000083a00000, 0x0000000083a00000| Untracked 
|  59|0x0000000083b00000, 0x0000000083c00000, 0x0000000083c00000|100%|HS|  |TAMS 0x0000000083b00000, 0x0000000083b00000| Complete 
|  60|0x0000000083c00000, 0x0000000083d00000, 0x0000000083d00000|100%|HC|  |TAMS 0x0000000083c00000, 0x0000000083c00000| Complete 
|  61|0x0000000083d00000, 0x0000000083e00000, 0x0000000083e00000|100%| O|  |TAMS 0x0000000083d00000, 0x0000000083d00000| Untracked 
|  62|0x0000000083e00000, 0x0000000083f00000, 0x0000000083f00000|100%| O|  |TAMS 0x0000000083e00000, 0x0000000083e00000| Untracked 
|  63|0x0000000083f00000, 0x0000000084000000, 0x0000000084000000|100%| O|  |TAMS 0x0000000083f00000, 0x0000000083f00000| Untracked 
|  64|0x0000000084000000, 0x0000000084100000, 0x0000000084100000|100%| O|  |TAMS 0x0000000084000000, 0x0000000084000000| Untracked 
|  65|0x0000000084100000, 0x0000000084200000, 0x0000000084200000|100%| O|  |TAMS 0x0000000084100000, 0x0000000084100000| Untracked 
|  66|0x0000000084200000, 0x0000000084300000, 0x0000000084300000|100%| O|  |TAMS 0x0000000084200000, 0x0000000084200000| Untracked 
|  67|0x0000000084300000, 0x0000000084400000, 0x0000000084400000|100%| O|  |TAMS 0x0000000084300000, 0x0000000084300000| Untracked 
|  68|0x0000000084400000, 0x0000000084500000, 0x0000000084500000|100%| O|  |TAMS 0x0000000084400000, 0x0000000084400000| Untracked 
|  69|0x0000000084500000, 0x0000000084600000, 0x0000000084600000|100%| O|  |TAMS 0x0000000084500000, 0x0000000084500000| Untracked 
|  70|0x0000000084600000, 0x0000000084700000, 0x0000000084700000|100%| O|  |TAMS 0x0000000084600000, 0x0000000084600000| Untracked 
|  71|0x0000000084700000, 0x0000000084800000, 0x0000000084800000|100%| O|  |TAMS 0x0000000084700000, 0x0000000084700000| Untracked 
|  72|0x0000000084800000, 0x0000000084900000, 0x0000000084900000|100%| O|  |TAMS 0x0000000084800000, 0x0000000084800000| Untracked 
|  73|0x0000000084900000, 0x0000000084a00000, 0x0000000084a00000|100%| O|  |TAMS 0x0000000084900000, 0x0000000084900000| Untracked 
|  74|0x0000000084a00000, 0x0000000084b00000, 0x0000000084b00000|100%| O|  |TAMS 0x0000000084a00000, 0x0000000084a00000| Untracked 
|  75|0x0000000084b00000, 0x0000000084c00000, 0x0000000084c00000|100%| O|  |TAMS 0x0000000084b00000, 0x0000000084b00000| Untracked 
|  76|0x0000000084c00000, 0x0000000084d00000, 0x0000000084d00000|100%| O|  |TAMS 0x0000000084c00000, 0x0000000084c00000| Untracked 
|  77|0x0000000084d00000, 0x0000000084e00000, 0x0000000084e00000|100%| O|  |TAMS 0x0000000084d00000, 0x0000000084d00000| Untracked 
|  78|0x0000000084e00000, 0x0000000084f00000, 0x0000000084f00000|100%| O|  |TAMS 0x0000000084e00000, 0x0000000084e00000| Untracked 
|  79|0x0000000084f00000, 0x0000000084f00000, 0x0000000085000000|  0%| F|  |TAMS 0x0000000084f00000, 0x0000000084f00000| Untracked 
|  80|0x0000000085000000, 0x0000000085000000, 0x0000000085100000|  0%| F|  |TAMS 0x0000000085000000, 0x0000000085000000| Untracked 
|  81|0x0000000085100000, 0x0000000085100000, 0x0000000085200000|  0%| F|  |TAMS 0x0000000085100000, 0x0000000085100000| Untracked 
|  82|0x0000000085200000, 0x0000000085200000, 0x0000000085300000|  0%| F|  |TAMS 0x0000000085200000, 0x0000000085200000| Untracked 
|  83|0x0000000085300000, 0x0000000085400000, 0x0000000085400000|100%| O|  |TAMS 0x0000000085300000, 0x0000000085300000| Untracked 
|  84|0x0000000085400000, 0x0000000085500000, 0x0000000085500000|100%| O|  |TAMS 0x0000000085400000, 0x0000000085400000| Untracked 
|  85|0x0000000085500000, 0x0000000085600000, 0x0000000085600000|100%| O|  |TAMS 0x0000000085500000, 0x0000000085500000| Untracked 
|  86|0x0000000085600000, 0x0000000085700000, 0x0000000085700000|100%| O|  |TAMS 0x0000000085600000, 0x0000000085600000| Untracked 
|  87|0x0000000085700000, 0x0000000085800000, 0x0000000085800000|100%| O|  |TAMS 0x0000000085700000, 0x0000000085700000| Untracked 
|  88|0x0000000085800000, 0x0000000085900000, 0x0000000085900000|100%| O|  |TAMS 0x0000000085800000, 0x0000000085800000| Untracked 
|  89|0x0000000085900000, 0x0000000085900000, 0x0000000085a00000|  0%| F|  |TAMS 0x0000000085900000, 0x0000000085900000| Untracked 
|  90|0x0000000085a00000, 0x0000000085a00000, 0x0000000085b00000|  0%| F|  |TAMS 0x0000000085a00000, 0x0000000085a00000| Untracked 
|  91|0x0000000085b00000, 0x0000000085b00000, 0x0000000085c00000|  0%| F|  |TAMS 0x0000000085b00000, 0x0000000085b00000| Untracked 
|  92|0x0000000085c00000, 0x0000000085c00000, 0x0000000085d00000|  0%| F|  |TAMS 0x0000000085c00000, 0x0000000085c00000| Untracked 
|  93|0x0000000085d00000, 0x0000000085d00000, 0x0000000085e00000|  0%| F|  |TAMS 0x0000000085d00000, 0x0000000085d00000| Untracked 
|  94|0x0000000085e00000, 0x0000000085e00000, 0x0000000085f00000|  0%| F|  |TAMS 0x0000000085e00000, 0x0000000085e00000| Untracked 
|  95|0x0000000085f00000, 0x0000000085f00000, 0x0000000086000000|  0%| F|  |TAMS 0x0000000085f00000, 0x0000000085f00000| Untracked 
|  96|0x0000000086000000, 0x0000000086000000, 0x0000000086100000|  0%| F|  |TAMS 0x0000000086000000, 0x0000000086000000| Untracked 
|  97|0x0000000086100000, 0x0000000086100000, 0x0000000086200000|  0%| F|  |TAMS 0x0000000086100000, 0x0000000086100000| Untracked 
|  98|0x0000000086200000, 0x0000000086200000, 0x0000000086300000|  0%| F|  |TAMS 0x0000000086200000, 0x0000000086200000| Untracked 
|  99|0x0000000086300000, 0x0000000086300000, 0x0000000086400000|  0%| F|  |TAMS 0x0000000086300000, 0x0000000086300000| Untracked 
| 100|0x0000000086400000, 0x0000000086400000, 0x0000000086500000|  0%| F|  |TAMS 0x0000000086400000, 0x0000000086400000| Untracked 
| 101|0x0000000086500000, 0x0000000086500000, 0x0000000086600000|  0%| F|  |TAMS 0x0000000086500000, 0x0000000086500000| Untracked 
| 102|0x0000000086600000, 0x0000000086600000, 0x0000000086700000|  0%| F|  |TAMS 0x0000000086600000, 0x0000000086600000| Untracked 
| 103|0x0000000086700000, 0x0000000086700000, 0x0000000086800000|  0%| F|  |TAMS 0x0000000086700000, 0x0000000086700000| Untracked 
| 104|0x0000000086800000, 0x0000000086800000, 0x0000000086900000|  0%| F|  |TAMS 0x0000000086800000, 0x0000000086800000| Untracked 
| 105|0x0000000086900000, 0x0000000086900000, 0x0000000086a00000|  0%| F|  |TAMS 0x0000000086900000, 0x0000000086900000| Untracked 
| 106|0x0000000086a00000, 0x0000000086a00000, 0x0000000086b00000|  0%| F|  |TAMS 0x0000000086a00000, 0x0000000086a00000| Untracked 
| 107|0x0000000086b00000, 0x0000000086b00000, 0x0000000086c00000|  0%| F|  |TAMS 0x0000000086b00000, 0x0000000086b00000| Untracked 
| 108|0x0000000086c00000, 0x0000000086c00000, 0x0000000086d00000|  0%| F|  |TAMS 0x0000000086c00000, 0x0000000086c00000| Untracked 
| 109|0x0000000086d00000, 0x0000000086d00000, 0x0000000086e00000|  0%| F|  |TAMS 0x0000000086d00000, 0x0000000086d00000| Untracked 
| 110|0x0000000086e00000, 0x0000000086e00000, 0x0000000086f00000|  0%| F|  |TAMS 0x0000000086e00000, 0x0000000086e00000| Untracked 
| 111|0x0000000086f00000, 0x0000000086f00000, 0x0000000087000000|  0%| F|  |TAMS 0x0000000086f00000, 0x0000000086f00000| Untracked 
| 112|0x0000000087000000, 0x0000000087000000, 0x0000000087100000|  0%| F|  |TAMS 0x0000000087000000, 0x0000000087000000| Untracked 
| 113|0x0000000087100000, 0x0000000087100000, 0x0000000087200000|  0%| F|  |TAMS 0x0000000087100000, 0x0000000087100000| Untracked 
| 114|0x0000000087200000, 0x0000000087200000, 0x0000000087300000|  0%| F|  |TAMS 0x0000000087200000, 0x0000000087200000| Untracked 
| 115|0x0000000087300000, 0x0000000087300000, 0x0000000087400000|  0%| F|  |TAMS 0x0000000087300000, 0x0000000087300000| Untracked 
| 116|0x0000000087400000, 0x0000000087400000, 0x0000000087500000|  0%| F|  |TAMS 0x0000000087400000, 0x0000000087400000| Untracked 
| 117|0x0000000087500000, 0x0000000087500000, 0x0000000087600000|  0%| F|  |TAMS 0x0000000087500000, 0x0000000087500000| Untracked 
| 118|0x0000000087600000, 0x0000000087600000, 0x0000000087700000|  0%| F|  |TAMS 0x0000000087600000, 0x0000000087600000| Untracked 
| 119|0x0000000087700000, 0x0000000087700000, 0x0000000087800000|  0%| F|  |TAMS 0x0000000087700000, 0x0000000087700000| Untracked 
| 120|0x0000000087800000, 0x0000000087800000, 0x0000000087900000|  0%| F|  |TAMS 0x0000000087800000, 0x0000000087800000| Untracked 
| 121|0x0000000087900000, 0x00000000879c0c10, 0x0000000087a00000| 75%| S|CS|TAMS 0x0000000087900000, 0x0000000087900000| Complete 
| 122|0x0000000087a00000, 0x0000000087b00000, 0x0000000087b00000|100%| S|CS|TAMS 0x0000000087a00000, 0x0000000087a00000| Complete 
| 123|0x0000000087b00000, 0x0000000087c00000, 0x0000000087c00000|100%| S|CS|TAMS 0x0000000087b00000, 0x0000000087b00000| Complete 
| 124|0x0000000087c00000, 0x0000000087d00000, 0x0000000087d00000|100%| S|CS|TAMS 0x0000000087c00000, 0x0000000087c00000| Complete 
| 125|0x0000000087d00000, 0x0000000087e00000, 0x0000000087e00000|100%| S|CS|TAMS 0x0000000087d00000, 0x0000000087d00000| Complete 
| 126|0x0000000087e00000, 0x0000000087f00000, 0x0000000087f00000|100%| S|CS|TAMS 0x0000000087e00000, 0x0000000087e00000| Complete 
| 127|0x0000000087f00000, 0x0000000088000000, 0x0000000088000000|100%| S|CS|TAMS 0x0000000087f00000, 0x0000000087f00000| Complete 
| 128|0x0000000088000000, 0x0000000088100000, 0x0000000088100000|100%| S|CS|TAMS 0x0000000088000000, 0x0000000088000000| Complete 
| 129|0x0000000088100000, 0x0000000088200000, 0x0000000088200000|100%| S|CS|TAMS 0x0000000088100000, 0x0000000088100000| Complete 
| 130|0x0000000088200000, 0x0000000088300000, 0x0000000088300000|100%| S|CS|TAMS 0x0000000088200000, 0x0000000088200000| Complete 
| 131|0x0000000088300000, 0x0000000088400000, 0x0000000088400000|100%| S|CS|TAMS 0x0000000088300000, 0x0000000088300000| Complete 
| 132|0x0000000088400000, 0x0000000088500000, 0x0000000088500000|100%| S|CS|TAMS 0x0000000088400000, 0x0000000088400000| Complete 
| 133|0x0000000088500000, 0x0000000088500000, 0x0000000088600000|  0%| F|  |TAMS 0x0000000088500000, 0x0000000088500000| Untracked 
| 134|0x0000000088600000, 0x0000000088600000, 0x0000000088700000|  0%| F|  |TAMS 0x0000000088600000, 0x0000000088600000| Untracked 
| 135|0x0000000088700000, 0x0000000088700000, 0x0000000088800000|  0%| F|  |TAMS 0x0000000088700000, 0x0000000088700000| Untracked 
| 136|0x0000000088800000, 0x0000000088800000, 0x0000000088900000|  0%| F|  |TAMS 0x0000000088800000, 0x0000000088800000| Untracked 
| 137|0x0000000088900000, 0x0000000088900000, 0x0000000088a00000|  0%| F|  |TAMS 0x0000000088900000, 0x0000000088900000| Untracked 
| 138|0x0000000088a00000, 0x0000000088a00000, 0x0000000088b00000|  0%| F|  |TAMS 0x0000000088a00000, 0x0000000088a00000| Untracked 
| 139|0x0000000088b00000, 0x0000000088b00000, 0x0000000088c00000|  0%| F|  |TAMS 0x0000000088b00000, 0x0000000088b00000| Untracked 
| 140|0x0000000088c00000, 0x0000000088c00000, 0x0000000088d00000|  0%| F|  |TAMS 0x0000000088c00000, 0x0000000088c00000| Untracked 
| 141|0x0000000088d00000, 0x0000000088d00000, 0x0000000088e00000|  0%| F|  |TAMS 0x0000000088d00000, 0x0000000088d00000| Untracked 
| 142|0x0000000088e00000, 0x0000000088e00000, 0x0000000088f00000|  0%| F|  |TAMS 0x0000000088e00000, 0x0000000088e00000| Untracked 
| 143|0x0000000088f00000, 0x0000000088f00000, 0x0000000089000000|  0%| F|  |TAMS 0x0000000088f00000, 0x0000000088f00000| Untracked 
| 144|0x0000000089000000, 0x0000000089000000, 0x0000000089100000|  0%| F|  |TAMS 0x0000000089000000, 0x0000000089000000| Untracked 
| 145|0x0000000089100000, 0x0000000089100000, 0x0000000089200000|  0%| F|  |TAMS 0x0000000089100000, 0x0000000089100000| Untracked 
| 146|0x0000000089200000, 0x0000000089200000, 0x0000000089300000|  0%| F|  |TAMS 0x0000000089200000, 0x0000000089200000| Untracked 
| 147|0x0000000089300000, 0x0000000089300000, 0x0000000089400000|  0%| F|  |TAMS 0x0000000089300000, 0x0000000089300000| Untracked 
| 148|0x0000000089400000, 0x0000000089400000, 0x0000000089500000|  0%| F|  |TAMS 0x0000000089400000, 0x0000000089400000| Untracked 
| 149|0x0000000089500000, 0x0000000089500000, 0x0000000089600000|  0%| F|  |TAMS 0x0000000089500000, 0x0000000089500000| Untracked 
| 150|0x0000000089600000, 0x0000000089600000, 0x0000000089700000|  0%| F|  |TAMS 0x0000000089600000, 0x0000000089600000| Untracked 
| 151|0x0000000089700000, 0x0000000089700000, 0x0000000089800000|  0%| F|  |TAMS 0x0000000089700000, 0x0000000089700000| Untracked 
| 152|0x0000000089800000, 0x0000000089800000, 0x0000000089900000|  0%| F|  |TAMS 0x0000000089800000, 0x0000000089800000| Untracked 
| 153|0x0000000089900000, 0x0000000089900000, 0x0000000089a00000|  0%| F|  |TAMS 0x0000000089900000, 0x0000000089900000| Untracked 
| 154|0x0000000089a00000, 0x0000000089a00000, 0x0000000089b00000|  0%| F|  |TAMS 0x0000000089a00000, 0x0000000089a00000| Untracked 
| 155|0x0000000089b00000, 0x0000000089b00000, 0x0000000089c00000|  0%| F|  |TAMS 0x0000000089b00000, 0x0000000089b00000| Untracked 
| 156|0x0000000089c00000, 0x0000000089c00000, 0x0000000089d00000|  0%| F|  |TAMS 0x0000000089c00000, 0x0000000089c00000| Untracked 
| 157|0x0000000089d00000, 0x0000000089d00000, 0x0000000089e00000|  0%| F|  |TAMS 0x0000000089d00000, 0x0000000089d00000| Untracked 
| 158|0x0000000089e00000, 0x0000000089e00000, 0x0000000089f00000|  0%| F|  |TAMS 0x0000000089e00000, 0x0000000089e00000| Untracked 
| 159|0x0000000089f00000, 0x0000000089f00000, 0x000000008a000000|  0%| F|  |TAMS 0x0000000089f00000, 0x0000000089f00000| Untracked 
| 160|0x000000008a000000, 0x000000008a000000, 0x000000008a100000|  0%| F|  |TAMS 0x000000008a000000, 0x000000008a000000| Untracked 
| 161|0x000000008a100000, 0x000000008a100000, 0x000000008a200000|  0%| F|  |TAMS 0x000000008a100000, 0x000000008a100000| Untracked 
| 162|0x000000008a200000, 0x000000008a200000, 0x000000008a300000|  0%| F|  |TAMS 0x000000008a200000, 0x000000008a200000| Untracked 
| 163|0x000000008a300000, 0x000000008a300000, 0x000000008a400000|  0%| F|  |TAMS 0x000000008a300000, 0x000000008a300000| Untracked 
| 164|0x000000008a400000, 0x000000008a400000, 0x000000008a500000|  0%| F|  |TAMS 0x000000008a400000, 0x000000008a400000| Untracked 
| 165|0x000000008a500000, 0x000000008a500000, 0x000000008a600000|  0%| F|  |TAMS 0x000000008a500000, 0x000000008a500000| Untracked 
| 166|0x000000008a600000, 0x000000008a600000, 0x000000008a700000|  0%| F|  |TAMS 0x000000008a600000, 0x000000008a600000| Untracked 
| 167|0x000000008a700000, 0x000000008a700000, 0x000000008a800000|  0%| F|  |TAMS 0x000000008a700000, 0x000000008a700000| Untracked 
| 168|0x000000008a800000, 0x000000008a800000, 0x000000008a900000|  0%| F|  |TAMS 0x000000008a800000, 0x000000008a800000| Untracked 
| 169|0x000000008a900000, 0x000000008a900000, 0x000000008aa00000|  0%| F|  |TAMS 0x000000008a900000, 0x000000008a900000| Untracked 
| 170|0x000000008aa00000, 0x000000008aa00000, 0x000000008ab00000|  0%| F|  |TAMS 0x000000008aa00000, 0x000000008aa00000| Untracked 
| 171|0x000000008ab00000, 0x000000008ab00000, 0x000000008ac00000|  0%| F|  |TAMS 0x000000008ab00000, 0x000000008ab00000| Untracked 
| 172|0x000000008ac00000, 0x000000008ac00000, 0x000000008ad00000|  0%| F|  |TAMS 0x000000008ac00000, 0x000000008ac00000| Untracked 
| 173|0x000000008ad00000, 0x000000008ad00000, 0x000000008ae00000|  0%| F|  |TAMS 0x000000008ad00000, 0x000000008ad00000| Untracked 
| 174|0x000000008ae00000, 0x000000008ae00000, 0x000000008af00000|  0%| F|  |TAMS 0x000000008ae00000, 0x000000008ae00000| Untracked 
| 175|0x000000008af00000, 0x000000008af00000, 0x000000008b000000|  0%| F|  |TAMS 0x000000008af00000, 0x000000008af00000| Untracked 
| 176|0x000000008b000000, 0x000000008b000000, 0x000000008b100000|  0%| F|  |TAMS 0x000000008b000000, 0x000000008b000000| Untracked 
| 177|0x000000008b100000, 0x000000008b100000, 0x000000008b200000|  0%| F|  |TAMS 0x000000008b100000, 0x000000008b100000| Untracked 
| 178|0x000000008b200000, 0x000000008b200000, 0x000000008b300000|  0%| F|  |TAMS 0x000000008b200000, 0x000000008b200000| Untracked 
| 179|0x000000008b300000, 0x000000008b300000, 0x000000008b400000|  0%| F|  |TAMS 0x000000008b300000, 0x000000008b300000| Untracked 
| 180|0x000000008b400000, 0x000000008b400000, 0x000000008b500000|  0%| F|  |TAMS 0x000000008b400000, 0x000000008b400000| Untracked 
| 181|0x000000008b500000, 0x000000008b500000, 0x000000008b600000|  0%| F|  |TAMS 0x000000008b500000, 0x000000008b500000| Untracked 
| 182|0x000000008b600000, 0x000000008b600000, 0x000000008b700000|  0%| F|  |TAMS 0x000000008b600000, 0x000000008b600000| Untracked 
| 183|0x000000008b700000, 0x000000008b700000, 0x000000008b800000|  0%| F|  |TAMS 0x000000008b700000, 0x000000008b700000| Untracked 
| 184|0x000000008b800000, 0x000000008b800000, 0x000000008b900000|  0%| F|  |TAMS 0x000000008b800000, 0x000000008b800000| Untracked 
| 185|0x000000008b900000, 0x000000008b900000, 0x000000008ba00000|  0%| F|  |TAMS 0x000000008b900000, 0x000000008b900000| Untracked 
| 186|0x000000008ba00000, 0x000000008ba00000, 0x000000008bb00000|  0%| F|  |TAMS 0x000000008ba00000, 0x000000008ba00000| Untracked 
| 187|0x000000008bb00000, 0x000000008bb00000, 0x000000008bc00000|  0%| F|  |TAMS 0x000000008bb00000, 0x000000008bb00000| Untracked 
| 188|0x000000008bc00000, 0x000000008bc00000, 0x000000008bd00000|  0%| F|  |TAMS 0x000000008bc00000, 0x000000008bc00000| Untracked 
| 189|0x000000008bd00000, 0x000000008bd00000, 0x000000008be00000|  0%| F|  |TAMS 0x000000008bd00000, 0x000000008bd00000| Untracked 
| 190|0x000000008be00000, 0x000000008be00000, 0x000000008bf00000|  0%| F|  |TAMS 0x000000008be00000, 0x000000008be00000| Untracked 
| 191|0x000000008bf00000, 0x000000008bf00000, 0x000000008c000000|  0%| F|  |TAMS 0x000000008bf00000, 0x000000008bf00000| Untracked 
| 192|0x000000008c000000, 0x000000008c000000, 0x000000008c100000|  0%| F|  |TAMS 0x000000008c000000, 0x000000008c000000| Untracked 
| 193|0x000000008c100000, 0x000000008c100000, 0x000000008c200000|  0%| F|  |TAMS 0x000000008c100000, 0x000000008c100000| Untracked 
| 194|0x000000008c200000, 0x000000008c200000, 0x000000008c300000|  0%| F|  |TAMS 0x000000008c200000, 0x000000008c200000| Untracked 
| 195|0x000000008c300000, 0x000000008c300000, 0x000000008c400000|  0%| F|  |TAMS 0x000000008c300000, 0x000000008c300000| Untracked 
| 196|0x000000008c400000, 0x000000008c400000, 0x000000008c500000|  0%| F|  |TAMS 0x000000008c400000, 0x000000008c400000| Untracked 
| 197|0x000000008c500000, 0x000000008c500000, 0x000000008c600000|  0%| F|  |TAMS 0x000000008c500000, 0x000000008c500000| Untracked 
| 198|0x000000008c600000, 0x000000008c600000, 0x000000008c700000|  0%| F|  |TAMS 0x000000008c600000, 0x000000008c600000| Untracked 
| 199|0x000000008c700000, 0x000000008c7d3820, 0x000000008c800000| 82%| E|  |TAMS 0x000000008c700000, 0x000000008c700000| Complete 
| 200|0x000000008c800000, 0x000000008c900000, 0x000000008c900000|100%| E|CS|TAMS 0x000000008c800000, 0x000000008c800000| Complete 
| 201|0x000000008c900000, 0x000000008ca00000, 0x000000008ca00000|100%| E|CS|TAMS 0x000000008c900000, 0x000000008c900000| Complete 
| 202|0x000000008ca00000, 0x000000008cb00000, 0x000000008cb00000|100%| E|CS|TAMS 0x000000008ca00000, 0x000000008ca00000| Complete 
| 203|0x000000008cb00000, 0x000000008cc00000, 0x000000008cc00000|100%| E|CS|TAMS 0x000000008cb00000, 0x000000008cb00000| Complete 
| 204|0x000000008cc00000, 0x000000008cd00000, 0x000000008cd00000|100%| E|CS|TAMS 0x000000008cc00000, 0x000000008cc00000| Complete 
| 205|0x000000008cd00000, 0x000000008ce00000, 0x000000008ce00000|100%| E|CS|TAMS 0x000000008cd00000, 0x000000008cd00000| Complete 
| 206|0x000000008ce00000, 0x000000008cf00000, 0x000000008cf00000|100%| E|CS|TAMS 0x000000008ce00000, 0x000000008ce00000| Complete 
| 207|0x000000008cf00000, 0x000000008d000000, 0x000000008d000000|100%| E|CS|TAMS 0x000000008cf00000, 0x000000008cf00000| Complete 
| 208|0x000000008d000000, 0x000000008d100000, 0x000000008d100000|100%| E|CS|TAMS 0x000000008d000000, 0x000000008d000000| Complete 
| 209|0x000000008d100000, 0x000000008d200000, 0x000000008d200000|100%| E|CS|TAMS 0x000000008d100000, 0x000000008d100000| Complete 
| 210|0x000000008d200000, 0x000000008d300000, 0x000000008d300000|100%| E|CS|TAMS 0x000000008d200000, 0x000000008d200000| Complete 
| 211|0x000000008d300000, 0x000000008d400000, 0x000000008d400000|100%| E|CS|TAMS 0x000000008d300000, 0x000000008d300000| Complete 
| 212|0x000000008d400000, 0x000000008d500000, 0x000000008d500000|100%| E|CS|TAMS 0x000000008d400000, 0x000000008d400000| Complete 
| 213|0x000000008d500000, 0x000000008d600000, 0x000000008d600000|100%| E|CS|TAMS 0x000000008d500000, 0x000000008d500000| Complete 
| 214|0x000000008d600000, 0x000000008d700000, 0x000000008d700000|100%| E|CS|TAMS 0x000000008d600000, 0x000000008d600000| Complete 
| 215|0x000000008d700000, 0x000000008d800000, 0x000000008d800000|100%| E|CS|TAMS 0x000000008d700000, 0x000000008d700000| Complete 
| 216|0x000000008d800000, 0x000000008d900000, 0x000000008d900000|100%| E|CS|TAMS 0x000000008d800000, 0x000000008d800000| Complete 
| 217|0x000000008d900000, 0x000000008da00000, 0x000000008da00000|100%| E|CS|TAMS 0x000000008d900000, 0x000000008d900000| Complete 
| 218|0x000000008da00000, 0x000000008db00000, 0x000000008db00000|100%| E|CS|TAMS 0x000000008da00000, 0x000000008da00000| Complete 
| 219|0x000000008db00000, 0x000000008dc00000, 0x000000008dc00000|100%| E|CS|TAMS 0x000000008db00000, 0x000000008db00000| Complete 
| 220|0x000000008dc00000, 0x000000008dd00000, 0x000000008dd00000|100%| E|CS|TAMS 0x000000008dc00000, 0x000000008dc00000| Complete 
| 221|0x000000008dd00000, 0x000000008de00000, 0x000000008de00000|100%| E|CS|TAMS 0x000000008dd00000, 0x000000008dd00000| Complete 

Card table byte_map: [0x0000026475680000,0x0000026475a80000] _byte_map_base: 0x0000026475280000

Marking Bits (Prev, Next): (CMBitMap*) 0x00000264717d3828, (CMBitMap*) 0x00000264717d3860
 Prev Bits: [0x0000026475e80000, 0x0000026477e80000)
 Next Bits: [0x0000026477e80000, 0x0000026479e80000)

Polling page: 0x000002646f760000

Metaspace:

Usage:
  Non-class:     87.56 MB capacity,    85.75 MB ( 98%) used,     1.49 MB (  2%) free+waste,   335.13 KB ( <1%) overhead. 
      Class:     13.89 MB capacity,    12.79 MB ( 92%) used,   968.84 KB (  7%) free+waste,   154.81 KB (  1%) overhead. 
       Both:    101.45 MB capacity,    98.54 MB ( 97%) used,     2.43 MB (  2%) free+waste,   489.94 KB ( <1%) overhead. 

Virtual space:
  Non-class space:       88.00 MB reserved,      87.75 MB (>99%) committed 
      Class space:        1.00 GB reserved,      13.95 MB (  1%) committed 
             Both:        1.09 GB reserved,     101.70 MB (  9%) committed 

Chunk freelists:
   Non-Class:  2.00 KB
       Class:  16.00 KB
        Both:  18.00 KB

MaxMetaspaceSize: 17179869184.00 GB
CompressedClassSpaceSize: 1.00 GB

CodeHeap 'non-profiled nmethods': size=120064Kb used=8109Kb max_used=8109Kb free=111954Kb
 bounds [0x0000026407ac0000, 0x00000264082b0000, 0x000002640f000000]
CodeHeap 'profiled nmethods': size=120000Kb used=30278Kb max_used=30278Kb free=89721Kb
 bounds [0x0000026400590000, 0x0000026402330000, 0x0000026407ac0000]
CodeHeap 'non-nmethods': size=5696Kb used=2307Kb max_used=2380Kb free=3388Kb
 bounds [0x0000026400000000, 0x0000026400270000, 0x0000026400590000]
 total_blobs=14569 nmethods=13650 adapters=830
 compilation: enabled
              stopped_count=0, restarted_count=0
 full_count=0

Compilation events (20 events):
Event: 14.871 Thread 0x000002647c397000 nmethod 13629 0x00000264022ef210 code [0x00000264022ef3c0, 0x00000264022ef548]
Event: 14.871 Thread 0x000002647c397000 13647       3       com.android.tools.r8.internal.YG::a (125 bytes)
Event: 14.871 Thread 0x000002647c397000 nmethod 13647 0x00000264022ef610 code [0x00000264022ef940, 0x00000264022f0da8]
Event: 14.871 Thread 0x000002647c397000 13633       3       com.android.tools.r8.internal.Ne$$Lambda$1540/0x0000000100d77040::iterator (11 bytes)
Event: 14.871 Thread 0x000002647c397000 nmethod 13633 0x00000264022f1210 code [0x00000264022f13e0, 0x00000264022f15e8]
Event: 14.871 Thread 0x000002647c397000 13634       3       com.android.tools.r8.internal.Oe::<init> (37 bytes)
Event: 14.872 Thread 0x000002647c397000 nmethod 13634 0x00000264022f1710 code [0x00000264022f19c0, 0x00000264022f2828]
Event: 14.872 Thread 0x000002647c397000 13648       3       com.android.tools.r8.internal.k2$$Lambda$1587/0x0000000100dae040::test (12 bytes)
Event: 14.872 Thread 0x000002647c397000 nmethod 13648 0x00000264022f2d10 code [0x00000264022f2ee0, 0x00000264022f3198]
Event: 14.872 Thread 0x000002647c397000 13649       3       com.android.tools.r8.internal.k2::a (11 bytes)
Event: 14.872 Thread 0x000002647c397000 nmethod 13649 0x00000264022f3290 code [0x00000264022f3440, 0x00000264022f3578]
Event: 14.872 Thread 0x000002647c397000 13631       3       com.android.tools.r8.internal.Ne::k (8 bytes)
Event: 14.872 Thread 0x000002647c397000 nmethod 13631 0x00000264022f3610 code [0x00000264022f37c0, 0x00000264022f38f8]
Event: 14.872 Thread 0x000002647c397000 13640       1       com.android.tools.r8.internal.Qs::V0 (2 bytes)
Event: 14.872 Thread 0x000002647c397000 nmethod 13640 0x00000264082a9a90 code [0x00000264082a9c40, 0x00000264082a9cf8]
Event: 14.872 Thread 0x000002647c397000 13630       3       java.util.IdentityHashMap$Values::size (8 bytes)
Event: 14.872 Thread 0x000002647c397000 nmethod 13630 0x00000264022f3990 code [0x00000264022f3b40, 0x00000264022f3c58]
Event: 14.873 Thread 0x000002647c397000 13650       3       com.android.tools.r8.internal.F7::j (627 bytes)
Event: 14.877 Thread 0x000002647c397000 nmethod 13650 0x00000264022f3d10 code [0x00000264022f4780, 0x00000264022fbf28]
Event: 14.877 Thread 0x000002647c397000 13652       3       com.android.tools.r8.internal.F7::t (281 bytes)

GC Heap History (20 events):
Event: 6.359 GC heap before
{Heap before GC invocations=10 (full 0):
 garbage-first heap   total 157696K, used 119846K [0x0000000080000000, 0x0000000100000000)
  region size 1024K, 92 young (94208K), 12 survivors (12288K)
 Metaspace       used 57659K, capacity 59180K, committed 59340K, reserved 1101824K
  class space    used 7324K, capacity 7861K, committed 7884K, reserved 1048576K
}
Event: 6.374 GC heap after
{Heap after GC invocations=11 (full 0):
 garbage-first heap   total 189440K, used 44249K [0x0000000080000000, 0x0000000100000000)
  region size 1024K, 12 young (12288K), 12 survivors (12288K)
 Metaspace       used 57659K, capacity 59180K, committed 59340K, reserved 1101824K
  class space    used 7324K, capacity 7861K, committed 7884K, reserved 1048576K
}
Event: 6.477 GC heap before
{Heap before GC invocations=11 (full 0):
 garbage-first heap   total 189440K, used 49369K [0x0000000080000000, 0x0000000100000000)
  region size 1024K, 18 young (18432K), 12 survivors (12288K)
 Metaspace       used 58640K, capacity 60156K, committed 60236K, reserved 1101824K
  class space    used 7438K, capacity 7973K, committed 8012K, reserved 1048576K
}
Event: 6.496 GC heap after
{Heap after GC invocations=12 (full 0):
 garbage-first heap   total 189440K, used 46103K [0x0000000080000000, 0x0000000100000000)
  region size 1024K, 8 young (8192K), 8 survivors (8192K)
 Metaspace       used 58640K, capacity 60156K, committed 60236K, reserved 1101824K
  class space    used 7438K, capacity 7973K, committed 8012K, reserved 1048576K
}
Event: 7.098 GC heap before
{Heap before GC invocations=13 (full 0):
 garbage-first heap   total 189440K, used 108567K [0x0000000080000000, 0x0000000100000000)
  region size 1024K, 69 young (70656K), 8 survivors (8192K)
 Metaspace       used 63296K, capacity 64995K, committed 65228K, reserved 1105920K
  class space    used 8052K, capacity 8612K, committed 8652K, reserved 1048576K
}
Event: 7.115 GC heap after
{Heap after GC invocations=14 (full 0):
 garbage-first heap   total 189440K, used 51573K [0x0000000080000000, 0x0000000100000000)
  region size 1024K, 7 young (7168K), 7 survivors (7168K)
 Metaspace       used 63296K, capacity 64995K, committed 65228K, reserved 1105920K
  class space    used 8052K, capacity 8612K, committed 8652K, reserved 1048576K
}
Event: 7.861 GC heap before
{Heap before GC invocations=15 (full 0):
 garbage-first heap   total 189440K, used 116085K [0x0000000080000000, 0x0000000100000000)
  region size 1024K, 70 young (71680K), 7 survivors (7168K)
 Metaspace       used 69407K, capacity 71103K, committed 71372K, reserved 1112064K
  class space    used 9006K, capacity 9590K, committed 9676K, reserved 1048576K
}
Event: 7.870 GC heap after
{Heap after GC invocations=16 (full 0):
 garbage-first heap   total 189440K, used 56177K [0x0000000080000000, 0x0000000100000000)
  region size 1024K, 5 young (5120K), 5 survivors (5120K)
 Metaspace       used 69407K, capacity 71103K, committed 71372K, reserved 1112064K
  class space    used 9006K, capacity 9590K, committed 9676K, reserved 1048576K
}
Event: 8.688 GC heap before
{Heap before GC invocations=16 (full 0):
 garbage-first heap   total 189440K, used 123761K [0x0000000080000000, 0x0000000100000000)
  region size 1024K, 71 young (72704K), 5 survivors (5120K)
 Metaspace       used 76512K, capacity 78395K, committed 78540K, reserved 1118208K
  class space    used 9990K, capacity 10674K, committed 10700K, reserved 1048576K
}
Event: 8.700 GC heap after
{Heap after GC invocations=17 (full 0):
 garbage-first heap   total 189440K, used 59861K [0x0000000080000000, 0x0000000100000000)
  region size 1024K, 9 young (9216K), 9 survivors (9216K)
 Metaspace       used 76512K, capacity 78395K, committed 78540K, reserved 1118208K
  class space    used 9990K, capacity 10674K, committed 10700K, reserved 1048576K
}
Event: 9.692 GC heap before
{Heap before GC invocations=17 (full 0):
 garbage-first heap   total 189440K, used 128469K [0x0000000080000000, 0x0000000100000000)
  region size 1024K, 77 young (78848K), 9 survivors (9216K)
 Metaspace       used 78974K, capacity 81118K, committed 81228K, reserved 1120256K
  class space    used 10334K, capacity 11082K, committed 11084K, reserved 1048576K
}
Event: 9.705 GC heap after
{Heap after GC invocations=18 (full 0):
 garbage-first heap   total 227328K, used 64725K [0x0000000080000000, 0x0000000100000000)
  region size 1024K, 9 young (9216K), 9 survivors (9216K)
 Metaspace       used 78974K, capacity 81118K, committed 81228K, reserved 1120256K
  class space    used 10334K, capacity 11082K, committed 11084K, reserved 1048576K
}
Event: 11.089 GC heap before
{Heap before GC invocations=18 (full 0):
 garbage-first heap   total 227328K, used 154837K [0x0000000080000000, 0x0000000100000000)
  region size 1024K, 98 young (100352K), 9 survivors (9216K)
 Metaspace       used 84523K, capacity 86759K, committed 86860K, reserved 1124352K
  class space    used 11005K, capacity 11797K, committed 11852K, reserved 1048576K
}
Event: 11.101 GC heap after
{Heap after GC invocations=19 (full 0):
 garbage-first heap   total 227328K, used 69519K [0x0000000080000000, 0x0000000100000000)
  region size 1024K, 10 young (10240K), 10 survivors (10240K)
 Metaspace       used 84523K, capacity 86759K, committed 86860K, reserved 1124352K
  class space    used 11005K, capacity 11797K, committed 11852K, reserved 1048576K
}
Event: 12.649 GC heap before
{Heap before GC invocations=19 (full 0):
 garbage-first heap   total 227328K, used 163727K [0x0000000080000000, 0x0000000100000000)
  region size 1024K, 100 young (102400K), 10 survivors (10240K)
 Metaspace       used 89735K, capacity 92085K, committed 92236K, reserved 1128448K
  class space    used 11490K, capacity 12304K, committed 12364K, reserved 1048576K
}
Event: 12.668 GC heap after
{Heap after GC invocations=20 (full 0):
 garbage-first heap   total 227328K, used 83524K [0x0000000080000000, 0x0000000100000000)
  region size 1024K, 13 young (13312K), 13 survivors (13312K)
 Metaspace       used 89735K, capacity 92085K, committed 92236K, reserved 1128448K
  class space    used 11490K, capacity 12304K, committed 12364K, reserved 1048576K
}
Event: 13.695 GC heap before
{Heap before GC invocations=20 (full 0):
 garbage-first heap   total 227328K, used 166468K [0x0000000080000000, 0x0000000100000000)
  region size 1024K, 95 young (97280K), 13 survivors (13312K)
 Metaspace       used 90449K, capacity 92867K, committed 93132K, reserved 1130496K
  class space    used 11558K, capacity 12407K, committed 12492K, reserved 1048576K
}
Event: 13.712 GC heap after
{Heap after GC invocations=21 (full 0):
 garbage-first heap   total 227328K, used 87698K [0x0000000080000000, 0x0000000100000000)
  region size 1024K, 7 young (7168K), 7 survivors (7168K)
 Metaspace       used 90449K, capacity 92867K, committed 93132K, reserved 1130496K
  class space    used 11558K, capacity 12407K, committed 12492K, reserved 1048576K
}
Event: 14.512 GC heap before
{Heap before GC invocations=21 (full 0):
 garbage-first heap   total 227328K, used 174738K [0x0000000080000000, 0x0000000100000000)
  region size 1024K, 89 young (91136K), 7 survivors (7168K)
 Metaspace       used 99941K, capacity 102892K, committed 102988K, reserved 1138688K
  class space    used 13021K, capacity 14136K, committed 14156K, reserved 1048576K
}
Event: 14.530 GC heap after
{Heap after GC invocations=22 (full 0):
 garbage-first heap   total 227328K, used 99075K [0x0000000080000000, 0x0000000100000000)
  region size 1024K, 12 young (12288K), 12 survivors (12288K)
 Metaspace       used 99941K, capacity 102892K, committed 102988K, reserved 1138688K
  class space    used 13021K, capacity 14136K, committed 14156K, reserved 1048576K
}

Deoptimization events (20 events):
Event: 14.650 Thread 0x0000026413801800 DEOPT PACKING pc=0x0000026408267d98 sp=0x0000009c914fc860
Event: 14.650 Thread 0x0000026413801800 DEOPT UNPACKING pc=0x00000264000278af sp=0x0000009c914fc738 mode 2
Event: 14.650 Thread 0x0000026413801800 Uncommon trap: trap_request=0xffffff4d fr.pc=0x0000026408266da8 relative=0x0000000000000088
Event: 14.650 Thread 0x0000026413801800 Uncommon trap: reason=unstable_if action=reinterpret pc=0x0000026408266da8 method=com.android.tools.r8.internal.E9.a(C)Z @ 45 c2
Event: 14.650 Thread 0x0000026413801800 DEOPT PACKING pc=0x0000026408266da8 sp=0x0000009c914fc7c0
Event: 14.650 Thread 0x0000026413801800 DEOPT UNPACKING pc=0x00000264000278af sp=0x0000009c914fc750 mode 2
Event: 14.786 Thread 0x0000026413801800 DEOPT PACKING pc=0x0000026401ff8bcb sp=0x0000009c914fc490
Event: 14.786 Thread 0x0000026413801800 DEOPT UNPACKING pc=0x00000264000276ce sp=0x0000009c914fb9c0 mode 0
Event: 14.796 Thread 0x0000026413801800 Uncommon trap: trap_request=0xffffff4d fr.pc=0x000002640826b49c relative=0x000000000000097c
Event: 14.796 Thread 0x0000026413801800 Uncommon trap: reason=unstable_if action=reinterpret pc=0x000002640826b49c method=com.android.tools.r8.internal.X4.a(Lcom/android/tools/r8/internal/t4;)Z @ 18 c2
Event: 14.796 Thread 0x0000026413801800 DEOPT PACKING pc=0x000002640826b49c sp=0x0000009c914fc7b0
Event: 14.796 Thread 0x0000026413801800 DEOPT UNPACKING pc=0x00000264000278af sp=0x0000009c914fc710 mode 2
Event: 14.796 Thread 0x0000026413801800 Uncommon trap: trap_request=0xffffff4d fr.pc=0x000002640826d7dc relative=0x000000000000009c
Event: 14.796 Thread 0x0000026413801800 Uncommon trap: reason=unstable_if action=reinterpret pc=0x000002640826d7dc method=com.android.tools.r8.internal.X4.a(Lcom/android/tools/r8/internal/t4;)Z @ 18 c2
Event: 14.796 Thread 0x0000026413801800 DEOPT PACKING pc=0x000002640826d7dc sp=0x0000009c914fc770
Event: 14.796 Thread 0x0000026413801800 DEOPT UNPACKING pc=0x00000264000278af sp=0x0000009c914fc700 mode 2
Event: 14.797 Thread 0x0000026413801800 Uncommon trap: trap_request=0xffffff4d fr.pc=0x000002640827f024 relative=0x0000000000000684
Event: 14.797 Thread 0x0000026413801800 Uncommon trap: reason=unstable_if action=reinterpret pc=0x000002640827f024 method=com.android.tools.r8.internal.X4.a(Lcom/android/tools/r8/internal/t4;)Z @ 18 c2
Event: 14.797 Thread 0x0000026413801800 DEOPT PACKING pc=0x000002640827f024 sp=0x0000009c914fc560
Event: 14.797 Thread 0x0000026413801800 DEOPT UNPACKING pc=0x00000264000278af sp=0x0000009c914fc4b8 mode 2

Classes redefined (0 events):
No events

Internal exceptions (20 events):
Event: 14.017 Thread 0x00000264137fd800 Exception <a 'java/lang/IncompatibleClassChangeError'{0x000000008bf0e090}: Found class java.lang.Object, but interface was expected> (0x000000008bf0e090) thrown at [./src/hotspot/share/interpreter/linkResolver.cpp, line 839]
Event: 14.042 Thread 0x0000026413800000 Exception <a 'java/lang/NoSuchMethodError'{0x000000008bdf21d0}: 'java.lang.Object java.lang.invoke.DirectMethodHandle$Holder.invokeStatic(java.lang.Object, long)'> (0x000000008bdf21d0) thrown at [./src/hotspot/share/interpreter/linkResolver.cpp, line 773]
Event: 14.042 Thread 0x00000264137fe800 Exception <a 'java/lang/NoSuchMethodError'{0x000000008bef9c10}: 'java.lang.Object java.lang.invoke.DirectMethodHandle$Holder.invokeStatic(java.lang.Object, long)'> (0x000000008bef9c10) thrown at [./src/hotspot/share/interpreter/linkResolver.cpp, line 773]
Event: 14.042 Thread 0x0000026413800000 Exception <a 'java/lang/NoSuchMethodError'{0x000000008bdf8550}: 'java.lang.Object java.lang.invoke.Invokers$Holder.linkToTargetMethod(long, java.lang.Object)'> (0x000000008bdf8550) thrown at [./src/hotspot/share/interpreter/linkResolver.cpp, line 773]
Event: 14.042 Thread 0x00000264137fe800 Exception <a 'java/lang/NoSuchMethodError'{0x000000008bc01978}: 'java.lang.Object java.lang.invoke.Invokers$Holder.linkToTargetMethod(long, java.lang.Object)'> (0x000000008bc01978) thrown at [./src/hotspot/share/interpreter/linkResolver.cpp, line 773]
Event: 14.173 Thread 0x00000264137fd800 Exception <a 'java/lang/NoSuchMethodError'{0x000000008a8a32b0}: 'void java.lang.invoke.DirectMethodHandle$Holder.invokeStatic(java.lang.Object, java.lang.Object, java.lang.Object, int)'> (0x000000008a8a32b0) thrown at [./src/hotspot/share/interpreter/linkResolver.cpp, line 773]
Event: 14.173 Thread 0x00000264137fe800 Exception <a 'java/lang/NoSuchMethodError'{0x000000008a8878a0}: 'void java.lang.invoke.DirectMethodHandle$Holder.invokeStatic(java.lang.Object, java.lang.Object, java.lang.Object, int)'> (0x000000008a8878a0) thrown at [./src/hotspot/share/interpreter/linkResolver.cpp, line 773]
Event: 14.173 Thread 0x0000026413800000 Exception <a 'java/lang/NoSuchMethodError'{0x000000008a8ee948}: 'void java.lang.invoke.DirectMethodHandle$Holder.invokeStatic(java.lang.Object, java.lang.Object, java.lang.Object, int)'> (0x000000008a8ee948) thrown at [./src/hotspot/share/interpreter/linkResolver.cpp, line 773]
Event: 14.173 Thread 0x00000264137fe800 Exception <a 'java/lang/IncompatibleClassChangeError'{0x000000008a88ceb8}: Found class java.lang.Object, but interface was expected> (0x000000008a88ceb8) thrown at [./src/hotspot/share/interpreter/linkResolver.cpp, line 839]
Event: 14.173 Thread 0x00000264137fd800 Exception <a 'java/lang/IncompatibleClassChangeError'{0x000000008a8ab040}: Found class java.lang.Object, but interface was expected> (0x000000008a8ab040) thrown at [./src/hotspot/share/interpreter/linkResolver.cpp, line 839]
Event: 14.290 Thread 0x00000264137fe800 Exception <a 'java/lang/NoSuchMethodError'{0x00000000899a7300}: 'java.lang.Object java.lang.invoke.Invokers$Holder.linkToTargetMethod(java.lang.Object, java.lang.Object, java.lang.Object, java.lang.Object, java.lang.Object, java.lang.Object, java.lang.Object)'> (0x00000000899a7300) thrown at [./src/hotspot/share/interpreter/linkResolver.cpp, line 773]
Event: 14.345 Thread 0x00000264137fe800 Exception <a 'java/lang/NoSuchMethodError'{0x0000000089552680}: 'java.lang.Object java.lang.invoke.DirectMethodHandle$Holder.invokeVirtual(java.lang.Object, java.lang.Object, int, java.lang.Object)'> (0x0000000089552680) thrown at [./src/hotspot/share/interpreter/linkResolver.cpp, line 773]
Event: 14.347 Thread 0x0000026413800000 Exception <a 'java/lang/NoSuchMethodError'{0x00000000897b4d58}: 'java.lang.Object java.lang.invoke.DirectMethodHandle$Holder.invokeVirtual(java.lang.Object, java.lang.Object, int, java.lang.Object)'> (0x00000000897b4d58) thrown at [./src/hotspot/share/interpreter/linkResolver.cpp, line 773]
Event: 14.360 Thread 0x0000026413801800 Exception <a 'java/lang/IncompatibleClassChangeError'{0x000000008940ca88}: Found class java.lang.Object, but interface was expected> (0x000000008940ca88) thrown at [./src/hotspot/share/interpreter/linkResolver.cpp, line 839]
Event: 14.361 Thread 0x0000026413801800 Exception <a 'java/lang/IncompatibleClassChangeError'{0x00000000894158b0}: Found class java.lang.Object, but interface was expected> (0x00000000894158b0) thrown at [./src/hotspot/share/interpreter/linkResolver.cpp, line 839]
Event: 14.377 Thread 0x00000264137fe800 Exception <a 'java/lang/NoSuchMethodError'{0x0000000089556520}: 'void java.lang.invoke.DirectMethodHandle$Holder.invokeVirtual(java.lang.Object, java.lang.Object, int, java.lang.Object)'> (0x0000000089556520) thrown at [./src/hotspot/share/interpreter/linkResolver.cpp, line 773]
Event: 14.424 Thread 0x0000026413800000 Exception <a 'java/lang/NoSuchMethodError'{0x00000000892462b0}: 'int java.lang.invoke.DirectMethodHandle$Holder.invokeSpecial(java.lang.Object, java.lang.Object, java.lang.Object, int, java.lang.Object)'> (0x00000000892462b0) thrown at [./src/hotspot/share/interpreter/linkResolver.cpp, line 773]
Event: 14.433 Thread 0x0000026413801800 Exception <a 'java/lang/NoSuchMethodError'{0x00000000891d5090}: 'java.lang.Object java.lang.invoke.DirectMethodHandle$Holder.newInvokeSpecial(java.lang.Object, int)'> (0x00000000891d5090) thrown at [./src/hotspot/share/interpreter/linkResolver.cpp, line 773]
Event: 14.496 Thread 0x00000264137fd800 Exception <a 'java/lang/NoSuchMethodError'{0x0000000088ddd9b8}: 'java.lang.Object java.lang.invoke.DirectMethodHandle$Holder.invokeInterface(java.lang.Object, java.lang.Object, int)'> (0x0000000088ddd9b8) thrown at [./src/hotspot/share/interpreter/linkResolver.cpp, line 773]
Event: 14.548 Thread 0x0000026413801800 Exception <a 'java/lang/NoSuchMethodError'{0x000000008dc6dfd8}: 'long java.lang.invoke.DirectMethodHandle$Holder.invokeStatic(java.lang.Object, java.lang.Object)'> (0x000000008dc6dfd8) thrown at [./src/hotspot/share/interpreter/linkResolver.cpp, line 773]

Events (20 events):
Event: 14.773 loading class com/android/tools/r8/graph/v0$i
Event: 14.773 loading class com/android/tools/r8/graph/v0$i done
Event: 14.783 loading class com/android/tools/r8/graph/v0$h
Event: 14.783 loading class com/android/tools/r8/graph/v0$h done
Event: 14.783 loading class com/android/tools/r8/internal/x2
Event: 14.783 loading class com/android/tools/r8/internal/x2 done
Event: 14.783 loading class com/android/tools/r8/internal/u2
Event: 14.783 loading class com/android/tools/r8/internal/u2 done
Event: 14.798 loading class com/android/tools/r8/code/R2
Event: 14.798 loading class com/android/tools/r8/code/R2 done
Event: 14.799 loading class com/android/tools/r8/code/B3
Event: 14.799 loading class com/android/tools/r8/code/B3 done
Event: 14.802 loading class com/android/tools/r8/code/S2
Event: 14.802 loading class com/android/tools/r8/code/S2 done
Event: 14.802 loading class com/android/tools/r8/code/S3
Event: 14.802 loading class com/android/tools/r8/code/S3 done
Event: 14.803 loading class com/android/tools/r8/code/C3
Event: 14.803 loading class com/android/tools/r8/code/C3 done
Event: 14.823 loading class com/android/tools/r8/internal/ia
Event: 14.823 loading class com/android/tools/r8/internal/ia done


Dynamic libraries:
0x00007ff75add0000 - 0x00007ff75adda000 	C:\Program Files\Android\Android Studio1\jre\bin\java.exe
0x00007ffdca490000 - 0x00007ffdca685000 	C:\WINDOWS\SYSTEM32\ntdll.dll
0x00007ffd9e560000 - 0x00007ffd9e576000 	C:\Program Files\Avast Software\Avast\aswhook.dll
0x00007ffdc86a0000 - 0x00007ffdc875e000 	C:\WINDOWS\System32\KERNEL32.DLL
0x00007ffdc7e10000 - 0x00007ffdc80d8000 	C:\WINDOWS\System32\KERNELBASE.dll
0x00007ffdc7cc0000 - 0x00007ffdc7dc0000 	C:\WINDOWS\System32\ucrtbase.dll
0x00007ffdb9100000 - 0x00007ffdb9119000 	C:\Program Files\Android\Android Studio1\jre\bin\jli.dll
0x00007ffdc9480000 - 0x00007ffdc9621000 	C:\WINDOWS\System32\USER32.dll
0x00007ffdc8320000 - 0x00007ffdc8342000 	C:\WINDOWS\System32\win32u.dll
0x00007ffdc8670000 - 0x00007ffdc869b000 	C:\WINDOWS\System32\GDI32.dll
0x00007ffdb38c0000 - 0x00007ffdb3b5a000 	C:\WINDOWS\WinSxS\amd64_microsoft.windows.common-controls_6595b64144ccf1df_6.0.19041.1110_none_60b5254171f9507e\COMCTL32.dll
0x00007ffdc7bb0000 - 0x00007ffdc7cbb000 	C:\WINDOWS\System32\gdi32full.dll
0x00007ffdc8350000 - 0x00007ffdc83ed000 	C:\WINDOWS\System32\msvcp_win.dll
0x00007ffdc84e0000 - 0x00007ffdc857e000 	C:\WINDOWS\System32\msvcrt.dll
0x00007ffdb3d50000 - 0x00007ffdb3d67000 	C:\Program Files\Android\Android Studio1\jre\bin\VCRUNTIME140.dll
0x00007ffdca2e0000 - 0x00007ffdca310000 	C:\WINDOWS\System32\IMM32.DLL
0x00007ffd9a170000 - 0x00007ffd9a20d000 	C:\Program Files\Android\Android Studio1\jre\bin\msvcp140.dll
0x00007ffd6a9b0000 - 0x00007ffd6b47f000 	C:\Program Files\Android\Android Studio1\jre\bin\server\jvm.dll
0x00007ffdca3a0000 - 0x00007ffdca44c000 	C:\WINDOWS\System32\ADVAPI32.dll
0x00007ffdc8b40000 - 0x00007ffdc8bdb000 	C:\WINDOWS\System32\sechost.dll
0x00007ffdca0c0000 - 0x00007ffdca1ea000 	C:\WINDOWS\System32\RPCRT4.dll
0x00007ffdca270000 - 0x00007ffdca278000 	C:\WINDOWS\System32\PSAPI.DLL
0x00007ffdb3220000 - 0x00007ffdb3229000 	C:\WINDOWS\SYSTEM32\WSOCK32.dll
0x00007ffdbf300000 - 0x00007ffdbf327000 	C:\WINDOWS\SYSTEM32\WINMM.dll
0x00007ffdca200000 - 0x00007ffdca26b000 	C:\WINDOWS\System32\WS2_32.dll
0x00007ffdc0dd0000 - 0x00007ffdc0dda000 	C:\WINDOWS\SYSTEM32\VERSION.dll
0x00007ffdc5a90000 - 0x00007ffdc5aa2000 	C:\WINDOWS\SYSTEM32\kernel.appcore.dll
0x00007ffdc1c80000 - 0x00007ffdc1c91000 	C:\Program Files\Android\Android Studio1\jre\bin\verify.dll
0x00007ffdbd5a0000 - 0x00007ffdbd784000 	C:\WINDOWS\SYSTEM32\DBGHELP.DLL
0x00007ffdbd570000 - 0x00007ffdbd59c000 	C:\WINDOWS\SYSTEM32\dbgcore.DLL
0x00007ffdc8450000 - 0x00007ffdc84d3000 	C:\WINDOWS\System32\bcryptPrimitives.dll
0x00007ffdb5420000 - 0x00007ffdb5449000 	C:\Program Files\Android\Android Studio1\jre\bin\java.dll
0x00007ffdc1c70000 - 0x00007ffdc1c7b000 	C:\Program Files\Android\Android Studio1\jre\bin\jimage.dll
0x00007ffdb2f50000 - 0x00007ffdb2f68000 	C:\Program Files\Android\Android Studio1\jre\bin\zip.dll
0x00007ffdc9830000 - 0x00007ffdc9f6f000 	C:\WINDOWS\System32\SHELL32.dll
0x00007ffdc5c90000 - 0x00007ffdc6420000 	C:\WINDOWS\SYSTEM32\windows.storage.dll
0x00007ffdc9120000 - 0x00007ffdc9475000 	C:\WINDOWS\System32\combase.dll
0x00007ffdc7520000 - 0x00007ffdc754e000 	C:\WINDOWS\SYSTEM32\Wldp.dll
0x00007ffdca010000 - 0x00007ffdca0bd000 	C:\WINDOWS\System32\SHCORE.dll
0x00007ffdca280000 - 0x00007ffdca2d5000 	C:\WINDOWS\System32\shlwapi.dll
0x00007ffdc7af0000 - 0x00007ffdc7b0f000 	C:\WINDOWS\SYSTEM32\profapi.dll
0x00007ffdb2f30000 - 0x00007ffdb2f4a000 	C:\Program Files\Android\Android Studio1\jre\bin\net.dll
0x00007ffdc0160000 - 0x00007ffdc026c000 	C:\WINDOWS\SYSTEM32\WINHTTP.dll
0x00007ffdc7300000 - 0x00007ffdc736a000 	C:\WINDOWS\system32\mswsock.dll
0x00007ffdb2f10000 - 0x00007ffdb2f24000 	C:\Program Files\Android\Android Studio1\jre\bin\nio.dll
0x00007ffdc35f0000 - 0x00007ffdc3617000 	C:\Users\Bane\.gradle\native\8bec1ad78214c89d9ad589b4d07fe93259594b29d510b10fafb7a158f7737e5d\windows-amd64\native-platform.dll
0x00007ffdb9970000 - 0x00007ffdb9aad000 	C:\Users\Bane\.gradle\native\53dbd7edfb1c66fb8903c78663c9afc45aea4f116125fa6feffd364cf09443e8\windows-amd64\native-platform-file-events.dll
0x00007ffdc1c60000 - 0x00007ffdc1c6a000 	C:\Program Files\Android\Android Studio1\jre\bin\management.dll
0x00007ffdc0e10000 - 0x00007ffdc0e1c000 	C:\Program Files\Android\Android Studio1\jre\bin\management_ext.dll
0x00007ffdc7860000 - 0x00007ffdc7878000 	C:\WINDOWS\SYSTEM32\CRYPTSP.dll
0x00007ffdc6c30000 - 0x00007ffdc6c64000 	C:\WINDOWS\system32\rsaenh.dll
0x00007ffdc80e0000 - 0x00007ffdc8107000 	C:\WINDOWS\System32\bcrypt.dll
0x00007ffdc7a70000 - 0x00007ffdc7a9e000 	C:\WINDOWS\SYSTEM32\USERENV.dll
0x00007ffdc7490000 - 0x00007ffdc749c000 	C:\WINDOWS\SYSTEM32\CRYPTBASE.dll
0x00007ffdc6fc0000 - 0x00007ffdc6ffb000 	C:\WINDOWS\SYSTEM32\IPHLPAPI.DLL
0x00007ffdca1f0000 - 0x00007ffdca1f8000 	C:\WINDOWS\System32\NSI.dll
0x00007ffdc12f0000 - 0x00007ffdc1307000 	C:\WINDOWS\SYSTEM32\dhcpcsvc6.DLL
0x00007ffdc1280000 - 0x00007ffdc129d000 	C:\WINDOWS\SYSTEM32\dhcpcsvc.DLL
0x00007ffdc7010000 - 0x00007ffdc70db000 	C:\WINDOWS\SYSTEM32\DNSAPI.dll

dbghelp: loaded successfully - version: 4.0.5 - missing functions: none
symbol engine: initialized successfully - sym options: 0x614 - pdb path: .;C:\Program Files\Android\Android Studio1\jre\bin;C:\WINDOWS\SYSTEM32;C:\Program Files\Avast Software\Avast;C:\WINDOWS\WinSxS\amd64_microsoft.windows.common-controls_6595b64144ccf1df_6.0.19041.1110_none_60b5254171f9507e;C:\Program Files\Android\Android Studio1\jre\bin\server;C:\Users\Bane\.gradle\native\8bec1ad78214c89d9ad589b4d07fe93259594b29d510b10fafb7a158f7737e5d\windows-amd64;C:\Users\Bane\.gradle\native\53dbd7edfb1c66fb8903c78663c9afc45aea4f116125fa6feffd364cf09443e8\windows-amd64

VM Arguments:
jvm_args: --add-opens=java.base/java.util=ALL-UNNAMED --add-opens=java.base/java.lang=ALL-UNNAMED --add-opens=java.base/java.lang.invoke=ALL-UNNAMED --add-opens=java.base/java.util=ALL-UNNAMED --add-opens=java.prefs/java.util.prefs=ALL-UNNAMED --add-opens=java.prefs/java.util.prefs=ALL-UNNAMED --add-opens=java.base/java.nio.charset=ALL-UNNAMED --add-opens=java.base/java.net=ALL-UNNAMED --add-opens=java.base/java.util.concurrent.atomic=ALL-UNNAMED -Xmx2048m -Dfile.encoding=UTF-8 -Duser.country=US -Duser.language=en -Duser.variant 
java_command: org.gradle.launcher.daemon.bootstrap.GradleDaemon 7.0.2
java_class_path (initial): C:\Users\Bane\.gradle\wrapper\dists\gradle-7.0.2-bin\857tjihv64xamwrf0h14cai3r\gradle-7.0.2\lib\gradle-launcher-7.0.2.jar
Launcher Type: SUN_STANDARD

[Global flags]
     intx CICompilerCount                          = 3                                         {product} {ergonomic}
     uint ConcGCThreads                            = 1                                         {product} {ergonomic}
     uint G1ConcRefinementThreads                  = 4                                         {product} {ergonomic}
   size_t G1HeapRegionSize                         = 1048576                                   {product} {ergonomic}
    uintx GCDrainStackTargetSize                   = 64                                        {product} {ergonomic}
   size_t InitialHeapSize                          = 134217728                                 {product} {ergonomic}
   size_t MarkStackSize                            = 4194304                                   {product} {ergonomic}
   size_t MaxHeapSize                              = 2147483648                                {product} {command line}
   size_t MaxNewSize                               = 1287651328                                {product} {ergonomic}
   size_t MinHeapDeltaBytes                        = 1048576                                   {product} {ergonomic}
    uintx NonNMethodCodeHeapSize                   = 5830732                                {pd product} {ergonomic}
    uintx NonProfiledCodeHeapSize                  = 122913754                              {pd product} {ergonomic}
    uintx ProfiledCodeHeapSize                     = 122913754                              {pd product} {ergonomic}
    uintx ReservedCodeCacheSize                    = 251658240                              {pd product} {ergonomic}
     bool SegmentedCodeCache                       = true                                      {product} {ergonomic}
     bool UseCompressedClassPointers               = true                                 {lp64_product} {ergonomic}
     bool UseCompressedOops                        = true                                 {lp64_product} {ergonomic}
     bool UseG1GC                                  = true                                      {product} {ergonomic}
     bool UseLargePagesIndividualAllocation        = false                                  {pd product} {ergonomic}

Logging:
Log output configuration:
 #0: stdout all=warning uptime,level,tags
 #1: stderr all=off uptime,level,tags

Environment Variables:
JAVA_HOME=D:\Program Files\Java\jdk-17
PATH=D:\Program Files\Python37\Scripts\;D:\Program Files\Python37\;C:\Program Files (x86)\Common Files\Oracle\Java\javapath;C:\Windows\system32;C:\Windows;C:\Windows\System32\Wbem;C:\Windows\System32\WindowsPowerShell\v1.0\;C:\Windows\System32\OpenSSH\;C:\Program Files\NVIDIA Corporation\NVIDIA NvDLISR;C:\Program Files (x86)\NVIDIA Corporation\PhysX\Common;C:\Program Files (x86)\Windows Kits\10\Windows Performance Toolkit\;C:\WINDOWS\system32;C:\WINDOWS;C:\WINDOWS\System32\Wbem;C:\WINDOWS\System32\WindowsPowerShell\v1.0\;C:\WINDOWS\System32\OpenSSH\;D:\Program Files\Java\jdk-17\bin;D:\Program Files\Git\cmd;C:\Users\Bane\AppData\Local\Microsoft\WindowsApps;C:\Users\Bane\AppData\Local\GitHubDesktop\bin;;C:\Users\Bane\AppData\Local\Programs\Microsoft VS Code\bin
USERNAME=Bane
OS=Windows_NT
PROCESSOR_IDENTIFIER=AMD64 Family 23 Model 8 Stepping 2, AuthenticAMD



---------------  S Y S T E M  ---------------

OS: Windows 10 , 64 bit Build 19041 (10.0.19041.1348)
OS uptime: 21 days 18:10 hours
Hyper-V role detected

CPU:total 4 (initial active 4) (4 cores per cpu, 1 threads per core) family 23 model 8 stepping 2 microcode 0x0, cmov, cx8, fxsr, mmx, sse, sse2, sse3, ssse3, sse4.1, sse4.2, popcnt, avx, avx2, aes, clmul, mmxext, 3dnowpref, lzcnt, sse4a, tsc, tscinvbit, tscinv, bmi1, bmi2, adx, sha, f

Memory: 4k page, system-wide physical 8143M (433M free)
TotalPageFile size 12239M (AvailPageFile size 7M)
current process WorkingSet (physical memory assigned to process): 504M, peak: 508M
current process commit charge ("private bytes"): 532M, peak: 536M

vm_info: OpenJDK 64-Bit Server VM (11.0.10+0-b96-7249189) for windows-amd64 JRE (11.0.10+0-b96-7249189), built on Mar 31 2021 21:44:00 by "builder" with MS VC++ 14.0 (VS2015)

END.
